running egg_info
writing ../../build/master/master.egg-info/PKG-INFO
writing dependency_links to ../../build/master/master.egg-info/dependency_links.txt
writing entry points to ../../build/master/master.egg-info/entry_points.txt
writing requirements to ../../build/master/master.egg-info/requires.txt
writing top-level names to ../../build/master/master.egg-info/top_level.txt
reading manifest file '../../build/master/master.egg-info/SOURCES.txt'
writing manifest file '../../build/master/master.egg-info/SOURCES.txt'
running build
running build_py
copying master/master_code.py -> /home/pimpmobile/ros2_ws/build/master/build/lib/master
running install
running install_lib
copying /home/pimpmobile/ros2_ws/build/master/build/lib/master/master_code.py -> /home/pimpmobile/ros2_ws/install/master/lib/python3.10/site-packages/master
byte-compiling /home/pimpmobile/ros2_ws/install/master/lib/python3.10/site-packages/master/master_code.py to master_code.cpython-310.pyc
running install_data
running install_egg_info
removing '/home/pimpmobile/ros2_ws/install/master/lib/python3.10/site-packages/master-0.0.0-py3.10.egg-info' (and everything under it)
Copying ../../build/master/master.egg-info to /home/pimpmobile/ros2_ws/install/master/lib/python3.10/site-packages/master-0.0.0-py3.10.egg-info
running install_scripts
Installing master script to /home/pimpmobile/ros2_ws/install/master/lib/master
Installing ros_stream script to /home/pimpmobile/ros2_ws/install/master/lib/master
writing list of installed files to '/home/pimpmobile/ros2_ws/build/master/install.log'
