[1.459s] Invoking command in '/home/pimpmobile/ros2_ws/src/master': PYTHONPATH=/home/pimpmobile/ros2_ws/build/master/prefix_override:/usr/lib/python3/dist-packages/colcon_core/task/python/colcon_distutils_commands:/home/pimpmobile/ros2_ws/install/master/lib/python3.10/site-packages:${PYTHONPATH} /usr/bin/python3 -W ignore:setup.py install is deprecated setup.py egg_info --egg-base ../../build/master build --build-base /home/pimpmobile/ros2_ws/build/master/build install --record /home/pimpmobile/ros2_ws/build/master/install.log --install-scripts $base/lib/master --single-version-externally-managed install_data
[1.939s] /usr/lib/python3/dist-packages/setuptools/dist.py:723: UserWarning: Usage of dash-separated 'script-dir' will not be supported in future versions. Please use the underscore name 'script_dir' instead
[1.939s]   warnings.warn(
[1.957s] running egg_info
[1.958s] writing ../../build/master/master.egg-info/PKG-INFO
[1.958s] writing dependency_links to ../../build/master/master.egg-info/dependency_links.txt
[1.959s] writing entry points to ../../build/master/master.egg-info/entry_points.txt
[1.959s] writing requirements to ../../build/master/master.egg-info/requires.txt
[1.959s] writing top-level names to ../../build/master/master.egg-info/top_level.txt
[1.964s] reading manifest file '../../build/master/master.egg-info/SOURCES.txt'
[1.966s] writing manifest file '../../build/master/master.egg-info/SOURCES.txt'
[1.966s] running build
[1.966s] running build_py
[1.967s] copying master/stream_host.py -> /home/pimpmobile/ros2_ws/build/master/build/lib/master
[1.967s] copying master/master_code.py -> /home/pimpmobile/ros2_ws/build/master/build/lib/master
[1.968s] copying master/cairo_gui_updater.py -> /home/pimpmobile/ros2_ws/build/master/build/lib/master
[1.968s] copying master/cairo_overlay.py -> /home/pimpmobile/ros2_ws/build/master/build/lib/master
[1.969s] running install
[1.969s] running install_lib
[1.971s] copying /home/pimpmobile/ros2_ws/build/master/build/lib/master/stream_host.py -> /home/pimpmobile/ros2_ws/install/master/lib/python3.10/site-packages/master
[1.971s] copying /home/pimpmobile/ros2_ws/build/master/build/lib/master/master_code.py -> /home/pimpmobile/ros2_ws/install/master/lib/python3.10/site-packages/master
[1.972s] copying /home/pimpmobile/ros2_ws/build/master/build/lib/master/cairo_gui_updater.py -> /home/pimpmobile/ros2_ws/install/master/lib/python3.10/site-packages/master
[1.972s] copying /home/pimpmobile/ros2_ws/build/master/build/lib/master/cairo_overlay.py -> /home/pimpmobile/ros2_ws/install/master/lib/python3.10/site-packages/master
[1.973s] byte-compiling /home/pimpmobile/ros2_ws/install/master/lib/python3.10/site-packages/master/stream_host.py to stream_host.cpython-310.pyc
[1.976s] byte-compiling /home/pimpmobile/ros2_ws/install/master/lib/python3.10/site-packages/master/master_code.py to master_code.cpython-310.pyc
[1.979s] byte-compiling /home/pimpmobile/ros2_ws/install/master/lib/python3.10/site-packages/master/cairo_gui_updater.py to cairo_gui_updater.cpython-310.pyc
[1.981s] byte-compiling /home/pimpmobile/ros2_ws/install/master/lib/python3.10/site-packages/master/cairo_overlay.py to cairo_overlay.cpython-310.pyc
[1.982s] running install_data
[1.982s] running install_egg_info
[1.986s] removing '/home/pimpmobile/ros2_ws/install/master/lib/python3.10/site-packages/master-0.0.0-py3.10.egg-info' (and everything under it)
[1.987s] Copying ../../build/master/master.egg-info to /home/pimpmobile/ros2_ws/install/master/lib/python3.10/site-packages/master-0.0.0-py3.10.egg-info
[1.989s] running install_scripts
[2.035s] Installing master script to /home/pimpmobile/ros2_ws/install/master/lib/master
[2.036s] writing list of installed files to '/home/pimpmobile/ros2_ws/build/master/install.log'
[2.105s] Invoked command in '/home/pimpmobile/ros2_ws/src/master' returned '0': PYTHONPATH=/home/pimpmobile/ros2_ws/build/master/prefix_override:/usr/lib/python3/dist-packages/colcon_core/task/python/colcon_distutils_commands:/home/pimpmobile/ros2_ws/install/master/lib/python3.10/site-packages:${PYTHONPATH} /usr/bin/python3 -W ignore:setup.py install is deprecated setup.py egg_info --egg-base ../../build/master build --build-base /home/pimpmobile/ros2_ws/build/master/build install --record /home/pimpmobile/ros2_ws/build/master/install.log --install-scripts $base/lib/master --single-version-externally-managed install_data
