[12.796s] Invoking command in '/home/pimpmobile/ros2_ws/src/master': PYTHONPATH=/home/pimpmobile/ros2_ws/build/master/prefix_override:/home/pimpmobile/ros2_ws/install/master/lib/python3.8/site-packages:${PYTHONPATH} /usr/bin/python3 setup.py egg_info --egg-base ../../build/master build --build-base /home/pimpmobile/ros2_ws/build/master/build install --record /home/pimpmobile/ros2_ws/build/master/install.log --install-scripts $base/lib/master --single-version-externally-managed
[13.107s] /home/pimpmobile/.local/lib/python3.8/site-packages/setuptools/dist.py:472: SetuptoolsDeprecationWarning: Invalid dash-separated options
[13.107s] !!
[13.107s] 
[13.107s]         ********************************************************************************
[13.107s]         Usage of dash-separated 'script-dir' will not be supported in future
[13.108s]         versions. Please use the underscore name 'script_dir' instead.
[13.108s] 
[13.108s]         By 2024-Sep-26, you need to update your project and remove deprecated calls
[13.108s]         or your builds will no longer be supported.
[13.108s] 
[13.108s]         See https://setuptools.pypa.io/en/latest/userguide/declarative_config.html for details.
[13.108s]         ********************************************************************************
[13.108s] 
[13.109s] !!
[13.109s]   opt = self.warn_dash_deprecation(opt, section)
[13.337s] running egg_info
[13.375s] writing ../../build/master/master.egg-info/PKG-INFO
[13.376s] writing dependency_links to ../../build/master/master.egg-info/dependency_links.txt
[13.377s] writing entry points to ../../build/master/master.egg-info/entry_points.txt
[13.378s] writing requirements to ../../build/master/master.egg-info/requires.txt
[13.378s] writing top-level names to ../../build/master/master.egg-info/top_level.txt
[13.680s] reading manifest file '../../build/master/master.egg-info/SOURCES.txt'
[13.680s] writing manifest file '../../build/master/master.egg-info/SOURCES.txt'
[13.680s] running build
[13.681s] running build_py
[13.681s] copying master/__init__.py -> /home/pimpmobile/ros2_ws/build/master/build/lib/master
[13.686s] copying master/master_code.py -> /home/pimpmobile/ros2_ws/build/master/build/lib/master
[13.688s] copying master/odometry.py -> /home/pimpmobile/ros2_ws/build/master/build/lib/master
[13.689s] running install
[13.691s] /home/pimpmobile/.local/lib/python3.8/site-packages/setuptools/_distutils/cmd.py:66: SetuptoolsDeprecationWarning: setup.py install is deprecated.
[13.694s] !!
[13.694s] 
[13.695s]         ********************************************************************************
[13.695s]         Please avoid running ``setup.py`` directly.
[13.695s]         Instead, use pypa/build, pypa/installer or other
[13.695s]         standards-based tools.
[13.695s] 
[13.695s]         See https://blog.ganssle.io/articles/2021/10/setup-py-deprecated.html for details.
[13.695s]         ********************************************************************************
[13.695s] 
[13.696s] !!
[13.696s]   self.initialize_options()
[13.696s] running install_lib
[13.733s] running install_data
[13.772s] copying resource/master -> /home/pimpmobile/ros2_ws/install/master/share/ament_index/resource_index/packages
[13.772s] copying package.xml -> /home/pimpmobile/ros2_ws/install/master/share/master
[13.772s] running install_egg_info
[13.812s] removing '/home/pimpmobile/ros2_ws/install/master/lib/python3.8/site-packages/master-0.0.0-py3.8.egg-info' (and everything under it)
[13.813s] Copying ../../build/master/master.egg-info to /home/pimpmobile/ros2_ws/install/master/lib/python3.8/site-packages/master-0.0.0-py3.8.egg-info
[13.815s] running install_scripts
[13.934s] Installing master script to /home/pimpmobile/ros2_ws/install/master/lib/master
[13.935s] writing list of installed files to '/home/pimpmobile/ros2_ws/build/master/install.log'
[18.045s] Invoked command in '/home/pimpmobile/ros2_ws/src/master' returned '0': PYTHONPATH=/home/pimpmobile/ros2_ws/build/master/prefix_override:/home/pimpmobile/ros2_ws/install/master/lib/python3.8/site-packages:${PYTHONPATH} /usr/bin/python3 setup.py egg_info --egg-base ../../build/master build --build-base /home/pimpmobile/ros2_ws/build/master/build install --record /home/pimpmobile/ros2_ws/build/master/install.log --install-scripts $base/lib/master --single-version-externally-managed
