[13.867s] DEBUG:colcon:Command line arguments: ['/usr/bin/colcon', 'build', '--packages-select', 'master']
[13.867s] DEBUG:colcon:Parsed command line arguments: Namespace(allow_overriding=[], ament_cmake_args=None, base_paths=['.'], build_base='build', catkin_cmake_args=None, catkin_skip_building_tests=False, cmake_args=None, cmake_clean_cache=False, cmake_clean_first=False, cmake_force_configure=False, cmake_target=None, cmake_target_skip_unavailable=False, continue_on_error=False, event_handlers=None, executor='parallel', ignore_user_meta=False, install_base='install', log_base=None, log_level=None, main=<bound method BuildVerb.main of <colcon_core.verb.build.BuildVerb object at 0xffff81a5ffa0>>, merge_install=False, metas=['./colcon.meta'], packages_above=None, packages_above_and_dependencies=None, packages_above_depth=None, packages_end=None, packages_ignore=None, packages_ignore_regex=None, packages_select=['master'], packages_select_build_failed=False, packages_select_by_dep=None, packages_select_regex=None, packages_select_test_failures=False, packages_skip=None, packages_skip_build_finished=False, packages_skip_by_dep=None, packages_skip_regex=None, packages_skip_test_passed=False, packages_skip_up_to=None, packages_start=None, packages_up_to=None, packages_up_to_regex=None, parallel_workers=6, paths=None, symlink_install=False, test_result_base=None, verb_extension=<colcon_core.verb.build.BuildVerb object at 0xffff81a5ffa0>, verb_name='build', verb_parser=<colcon_defaults.argument_parser.defaults.DefaultArgumentsDecorator object at 0xffff81a10520>)
[14.440s] Level 1:colcon.colcon_core.package_discovery:discover_packages(colcon_meta) check parameters
[14.440s] Level 1:colcon.colcon_core.package_discovery:discover_packages(recursive) check parameters
[14.440s] Level 1:colcon.colcon_core.package_discovery:discover_packages(ignore) check parameters
[14.441s] Level 1:colcon.colcon_core.package_discovery:discover_packages(path) check parameters
[14.441s] Level 1:colcon.colcon_core.package_discovery:discover_packages(colcon_meta) discover
[14.441s] Level 1:colcon.colcon_core.package_discovery:discover_packages(recursive) discover
[14.441s] INFO:colcon.colcon_core.package_discovery:Crawling recursively for packages in '/home/pimpmobile/ros2_ws/src/master/master'
[14.441s] Level 1:colcon.colcon_core.package_identification:_identify(.) by extensions ['ignore', 'ignore_ament_install']
[14.441s] Level 1:colcon.colcon_core.package_identification:_identify(.) by extension 'ignore'
[14.442s] Level 1:colcon.colcon_core.package_identification:_identify(.) by extension 'ignore_ament_install'
[14.442s] Level 1:colcon.colcon_core.package_identification:_identify(.) by extensions ['colcon_pkg']
[14.442s] Level 1:colcon.colcon_core.package_identification:_identify(.) by extension 'colcon_pkg'
[14.442s] Level 1:colcon.colcon_core.package_identification:_identify(.) by extensions ['colcon_meta']
[14.442s] Level 1:colcon.colcon_core.package_identification:_identify(.) by extension 'colcon_meta'
[14.442s] Level 1:colcon.colcon_core.package_identification:_identify(.) by extensions ['ros']
[14.442s] Level 1:colcon.colcon_core.package_identification:_identify(.) by extension 'ros'
[14.470s] Level 1:colcon.colcon_core.package_identification:_identify(.) by extensions ['cmake', 'python']
[14.470s] Level 1:colcon.colcon_core.package_identification:_identify(.) by extension 'cmake'
[14.470s] Level 1:colcon.colcon_core.package_identification:_identify(.) by extension 'python'
[14.470s] Level 1:colcon.colcon_core.package_identification:_identify(.) by extensions ['python_setup_py']
[14.470s] Level 1:colcon.colcon_core.package_identification:_identify(.) by extension 'python_setup_py'
[14.471s] Level 1:colcon.colcon_core.package_identification:_identify(build) by extensions ['ignore', 'ignore_ament_install']
[14.471s] Level 1:colcon.colcon_core.package_identification:_identify(build) by extension 'ignore'
[14.471s] Level 1:colcon.colcon_core.package_identification:_identify(build) ignored
[14.471s] Level 1:colcon.colcon_core.package_identification:_identify(install) by extensions ['ignore', 'ignore_ament_install']
[14.472s] Level 1:colcon.colcon_core.package_identification:_identify(install) by extension 'ignore'
[14.472s] Level 1:colcon.colcon_core.package_identification:_identify(install) ignored
[14.472s] Level 1:colcon.colcon_core.package_identification:_identify(log) by extensions ['ignore', 'ignore_ament_install']
[14.472s] Level 1:colcon.colcon_core.package_identification:_identify(log) by extension 'ignore'
[14.472s] Level 1:colcon.colcon_core.package_identification:_identify(log) ignored
[14.472s] Level 1:colcon.colcon_core.package_discovery:discover_packages(recursive) using defaults
[14.472s] Level 1:colcon.colcon_core.package_discovery:discover_packages(ignore) discover
[14.472s] Level 1:colcon.colcon_core.package_discovery:discover_packages(ignore) using defaults
[14.472s] Level 1:colcon.colcon_core.package_discovery:discover_packages(path) discover
[14.472s] Level 1:colcon.colcon_core.package_discovery:discover_packages(path) using defaults
[14.708s] WARNING:colcon.colcon_core.package_selection:ignoring unknown package 'master' in --packages-select
[15.688s] Level 1:colcon.colcon_core.package_discovery:discover_packages(prefix_path) check parameters
[15.688s] Level 1:colcon.colcon_core.package_discovery:discover_packages(prefix_path) discover
[16.159s] DEBUG:colcon.colcon_installed_package_information.package_discovery:Found 1 installed packages in /home/pimpmobile/ldlidar_ros2_ws/install
[16.395s] DEBUG:colcon.colcon_installed_package_information.package_discovery:Found 6 installed packages in /home/pimpmobile/ros2_ws/install
[16.632s] DEBUG:colcon.colcon_installed_package_information.package_discovery:Found 276 installed packages in /opt/ros/foxy
[16.635s] Level 1:colcon.colcon_core.package_discovery:discover_packages(prefix_path) using defaults
[17.204s] INFO:colcon.colcon_core.executor:Executing jobs using 'parallel' executor
[17.440s] DEBUG:colcon.colcon_parallel_executor.executor.parallel:run_until_complete
[17.441s] DEBUG:colcon.colcon_parallel_executor.executor.parallel:closing loop
[17.441s] DEBUG:colcon.colcon_parallel_executor.executor.parallel:loop closed
[17.441s] DEBUG:colcon.colcon_parallel_executor.executor.parallel:run_until_complete finished with '0'
[17.441s] DEBUG:colcon.colcon_core.event_reactor:joining thread
[17.687s] INFO:colcon.colcon_core.plugin_system:Skipping extension 'colcon_notification.desktop_notification.terminal_notifier': Not used on non-Darwin systems
[17.688s] INFO:colcon.colcon_core.plugin_system:Skipping extension 'colcon_notification.desktop_notification.win32': Not used on non-Windows systems
[17.688s] INFO:colcon.colcon_notification.desktop_notification:Sending desktop notification using 'notify2'
[17.737s] DEBUG:colcon.colcon_core.event_reactor:joined thread
[17.991s] INFO:colcon.colcon_core.plugin_system:Skipping extension 'colcon_core.shell.bat': Not used on non-Windows systems
[17.992s] INFO:colcon.colcon_core.shell:Creating prefix script '/home/pimpmobile/ros2_ws/src/master/master/install/local_setup.ps1'
[17.994s] INFO:colcon.colcon_core.shell:Creating prefix util module '/home/pimpmobile/ros2_ws/src/master/master/install/_local_setup_util_ps1.py'
[17.996s] INFO:colcon.colcon_core.shell:Creating prefix chain script '/home/pimpmobile/ros2_ws/src/master/master/install/setup.ps1'
[18.234s] INFO:colcon.colcon_core.shell:Creating prefix script '/home/pimpmobile/ros2_ws/src/master/master/install/local_setup.sh'
[18.235s] INFO:colcon.colcon_core.shell:Creating prefix util module '/home/pimpmobile/ros2_ws/src/master/master/install/_local_setup_util_sh.py'
[18.236s] INFO:colcon.colcon_core.shell:Creating prefix chain script '/home/pimpmobile/ros2_ws/src/master/master/install/setup.sh'
[18.475s] INFO:colcon.colcon_core.shell:Creating prefix script '/home/pimpmobile/ros2_ws/src/master/master/install/local_setup.bash'
[18.476s] INFO:colcon.colcon_core.shell:Creating prefix chain script '/home/pimpmobile/ros2_ws/src/master/master/install/setup.bash'
[18.713s] INFO:colcon.colcon_core.shell:Creating prefix script '/home/pimpmobile/ros2_ws/src/master/master/install/local_setup.zsh'
[18.714s] INFO:colcon.colcon_core.shell:Creating prefix chain script '/home/pimpmobile/ros2_ws/src/master/master/install/setup.zsh'
