running egg_info
writing ../../build/gps_publisher/gps_publisher.egg-info/PKG-INFO
writing dependency_links to ../../build/gps_publisher/gps_publisher.egg-info/dependency_links.txt
writing entry points to ../../build/gps_publisher/gps_publisher.egg-info/entry_points.txt
writing requirements to ../../build/gps_publisher/gps_publisher.egg-info/requires.txt
writing top-level names to ../../build/gps_publisher/gps_publisher.egg-info/top_level.txt
reading manifest file '../../build/gps_publisher/gps_publisher.egg-info/SOURCES.txt'
writing manifest file '../../build/gps_publisher/gps_publisher.egg-info/SOURCES.txt'
running build
running build_py
copying gps_publisher/__init__.py -> /home/pimpmobile/ros2_ws/build/gps_publisher/build/lib/gps_publisher
copying gps_publisher/gps.py -> /home/pimpmobile/ros2_ws/build/gps_publisher/build/lib/gps_publisher
copying gps_publisher/GPS_log.py -> /home/pimpmobile/ros2_ws/build/gps_publisher/build/lib/gps_publisher
running install
running install_lib
byte-compiling /home/pimpmobile/ros2_ws/install/gps_publisher/lib/python3.8/site-packages/gps_publisher/GPS_log.py to GPS_log.cpython-38.pyc
running install_data
copying resource/gps_publisher -> /home/pimpmobile/ros2_ws/install/gps_publisher/share/ament_index/resource_index/packages
copying package.xml -> /home/pimpmobile/ros2_ws/install/gps_publisher/share/gps_publisher
running install_egg_info
removing '/home/pimpmobile/ros2_ws/install/gps_publisher/lib/python3.8/site-packages/gps_publisher-0.0.0-py3.8.egg-info' (and everything under it)
Copying ../../build/gps_publisher/gps_publisher.egg-info to /home/pimpmobile/ros2_ws/install/gps_publisher/lib/python3.8/site-packages/gps_publisher-0.0.0-py3.8.egg-info
running install_scripts
Installing gps script to /home/pimpmobile/ros2_ws/install/gps_publisher/lib/gps_publisher
Installing gps_log script to /home/pimpmobile/ros2_ws/install/gps_publisher/lib/gps_publisher
writing list of installed files to '/home/pimpmobile/ros2_ws/build/gps_publisher/install.log'
