[4.416s] Invoking command in '/home/pimpmobile/ros2_ws/src/master': PYTHONPATH=/home/pimpmobile/ros2_ws/build/master/prefix_override:/home/pimpmobile/ros2_ws/install/master/lib/python3.8/site-packages:${PYTHONPATH} /usr/bin/python3 setup.py egg_info --egg-base ../../build/master build --build-base /home/pimpmobile/ros2_ws/build/master/build install --record /home/pimpmobile/ros2_ws/build/master/install.log --install-scripts $base/lib/master --single-version-externally-managed
[4.688s] /home/pimpmobile/.local/lib/python3.8/site-packages/setuptools/dist.py:472: SetuptoolsDeprecationWarning: Invalid dash-separated options
[4.688s] !!
[4.688s] 
[4.689s]         ********************************************************************************
[4.689s]         Usage of dash-separated 'script-dir' will not be supported in future
[4.689s]         versions. Please use the underscore name 'script_dir' instead.
[4.689s] 
[4.689s]         By 2024-Sep-26, you need to update your project and remove deprecated calls
[4.689s]         or your builds will no longer be supported.
[4.689s] 
[4.689s]         See https://setuptools.pypa.io/en/latest/userguide/declarative_config.html for details.
[4.690s]         ********************************************************************************
[4.690s] 
[4.690s] !!
[4.690s]   opt = self.warn_dash_deprecation(opt, section)
[4.908s] running egg_info
[4.943s] writing ../../build/master/master.egg-info/PKG-INFO
[4.944s] writing dependency_links to ../../build/master/master.egg-info/dependency_links.txt
[4.944s] writing entry points to ../../build/master/master.egg-info/entry_points.txt
[4.945s] writing requirements to ../../build/master/master.egg-info/requires.txt
[4.945s] writing top-level names to ../../build/master/master.egg-info/top_level.txt
[5.228s] reading manifest file '../../build/master/master.egg-info/SOURCES.txt'
[5.230s] writing manifest file '../../build/master/master.egg-info/SOURCES.txt'
[5.230s] running build
[5.230s] running build_py
[5.231s] copying master/__init__.py -> /home/pimpmobile/ros2_ws/build/master/build/lib/master
[5.231s] copying master/master_code.py -> /home/pimpmobile/ros2_ws/build/master/build/lib/master
[5.232s] copying master/odometry.py -> /home/pimpmobile/ros2_ws/build/master/build/lib/master
[5.232s] running install
[5.233s] /home/pimpmobile/.local/lib/python3.8/site-packages/setuptools/_distutils/cmd.py:66: SetuptoolsDeprecationWarning: setup.py install is deprecated.
[5.233s] !!
[5.233s] 
[5.234s]         ********************************************************************************
[5.234s]         Please avoid running ``setup.py`` directly.
[5.234s]         Instead, use pypa/build, pypa/installer or other
[5.234s]         standards-based tools.
[5.234s] 
[5.234s]         See https://blog.ganssle.io/articles/2021/10/setup-py-deprecated.html for details.
[5.234s]         ********************************************************************************
[5.234s] 
[5.234s] !!
[5.235s]   self.initialize_options()
[5.244s] running install_lib
[5.280s] copying /home/pimpmobile/ros2_ws/build/master/build/lib/master/master_code.py -> /home/pimpmobile/ros2_ws/install/master/lib/python3.8/site-packages/master
[5.281s] copying /home/pimpmobile/ros2_ws/build/master/build/lib/master/odometry.py -> /home/pimpmobile/ros2_ws/install/master/lib/python3.8/site-packages/master
[5.282s] byte-compiling /home/pimpmobile/ros2_ws/install/master/lib/python3.8/site-packages/master/master_code.py to master_code.cpython-38.pyc
[5.284s] byte-compiling /home/pimpmobile/ros2_ws/install/master/lib/python3.8/site-packages/master/odometry.py to odometry.cpython-38.pyc
[5.285s] running install_data
[5.320s] copying resource/master -> /home/pimpmobile/ros2_ws/install/master/share/ament_index/resource_index/packages
[5.320s] copying package.xml -> /home/pimpmobile/ros2_ws/install/master/share/master
[5.320s] running install_egg_info
[5.357s] removing '/home/pimpmobile/ros2_ws/install/master/lib/python3.8/site-packages/master-0.0.0-py3.8.egg-info' (and everything under it)
[5.358s] Copying ../../build/master/master.egg-info to /home/pimpmobile/ros2_ws/install/master/lib/python3.8/site-packages/master-0.0.0-py3.8.egg-info
[5.360s] running install_scripts
[5.466s] Installing master script to /home/pimpmobile/ros2_ws/install/master/lib/master
[5.467s] writing list of installed files to '/home/pimpmobile/ros2_ws/build/master/install.log'
[5.539s] Invoked command in '/home/pimpmobile/ros2_ws/src/master' returned '0': PYTHONPATH=/home/pimpmobile/ros2_ws/build/master/prefix_override:/home/pimpmobile/ros2_ws/install/master/lib/python3.8/site-packages:${PYTHONPATH} /usr/bin/python3 setup.py egg_info --egg-base ../../build/master build --build-base /home/pimpmobile/ros2_ws/build/master/build install --record /home/pimpmobile/ros2_ws/build/master/install.log --install-scripts $base/lib/master --single-version-externally-managed
