[1.474s] Invoking command in '/home/pimpmobile/ros2_ws/src/master': PYTHONPATH=/home/pimpmobile/ros2_ws/build/master/prefix_override:/usr/lib/python3/dist-packages/colcon_core/task/python/colcon_distutils_commands:/home/pimpmobile/ros2_ws/install/master/lib/python3.10/site-packages:${PYTHONPATH} /usr/bin/python3 -W ignore:setup.py install is deprecated setup.py egg_info --egg-base ../../build/master build --build-base /home/pimpmobile/ros2_ws/build/master/build install --record /home/pimpmobile/ros2_ws/build/master/install.log --install-scripts $base/lib/master --single-version-externally-managed install_data
[1.953s] /usr/lib/python3/dist-packages/setuptools/dist.py:723: UserWarning: Usage of dash-separated 'script-dir' will not be supported in future versions. Please use the underscore name 'script_dir' instead
[1.954s]   warnings.warn(
[1.971s] running egg_info
[1.972s] writing ../../build/master/master.egg-info/PKG-INFO
[1.972s] writing dependency_links to ../../build/master/master.egg-info/dependency_links.txt
[1.973s] writing entry points to ../../build/master/master.egg-info/entry_points.txt
[1.973s] writing requirements to ../../build/master/master.egg-info/requires.txt
[1.973s] writing top-level names to ../../build/master/master.egg-info/top_level.txt
[1.978s] reading manifest file '../../build/master/master.egg-info/SOURCES.txt'
[1.980s] writing manifest file '../../build/master/master.egg-info/SOURCES.txt'
[1.980s] running build
[1.980s] running build_py
[1.981s] copying master/yolovision.py -> /home/pimpmobile/ros2_ws/build/master/build/lib/master
[1.982s] running install
[1.983s] running install_lib
[1.984s] copying /home/pimpmobile/ros2_ws/build/master/build/lib/master/yolovision.py -> /home/pimpmobile/ros2_ws/install/master/lib/python3.10/site-packages/master
[1.986s] byte-compiling /home/pimpmobile/ros2_ws/install/master/lib/python3.10/site-packages/master/yolovision.py to yolovision.cpython-310.pyc
[1.987s] running install_data
[1.987s] running install_egg_info
[1.991s] removing '/home/pimpmobile/ros2_ws/install/master/lib/python3.10/site-packages/master-0.0.0-py3.10.egg-info' (and everything under it)
[1.992s] Copying ../../build/master/master.egg-info to /home/pimpmobile/ros2_ws/install/master/lib/python3.10/site-packages/master-0.0.0-py3.10.egg-info
[1.994s] running install_scripts
[2.041s] Installing master script to /home/pimpmobile/ros2_ws/install/master/lib/master
[2.042s] writing list of installed files to '/home/pimpmobile/ros2_ws/build/master/install.log'
[2.112s] Invoked command in '/home/pimpmobile/ros2_ws/src/master' returned '0': PYTHONPATH=/home/pimpmobile/ros2_ws/build/master/prefix_override:/usr/lib/python3/dist-packages/colcon_core/task/python/colcon_distutils_commands:/home/pimpmobile/ros2_ws/install/master/lib/python3.10/site-packages:${PYTHONPATH} /usr/bin/python3 -W ignore:setup.py install is deprecated setup.py egg_info --egg-base ../../build/master build --build-base /home/pimpmobile/ros2_ws/build/master/build install --record /home/pimpmobile/ros2_ws/build/master/install.log --install-scripts $base/lib/master --single-version-externally-managed install_data
