[2.109s] Invoking command in '/home/pimpmobile/ros2_ws/src/lidar': PYTHONPATH=/home/pimpmobile/ros2_ws/build/lidar/prefix_override:/home/pimpmobile/ros2_ws/install/lidar/lib/python3.8/site-packages:${PYTHONPATH} /usr/bin/python3 setup.py egg_info --egg-base ../../build/lidar build --build-base /home/pimpmobile/ros2_ws/build/lidar/build install --record /home/pimpmobile/ros2_ws/build/lidar/install.log --install-scripts $base/lib/lidar --single-version-externally-managed
[2.385s] /home/pimpmobile/.local/lib/python3.8/site-packages/setuptools/dist.py:472: SetuptoolsDeprecationWarning: Invalid dash-separated options
[2.385s] !!
[2.385s] 
[2.385s]         ********************************************************************************
[2.386s]         Usage of dash-separated 'script-dir' will not be supported in future
[2.386s]         versions. Please use the underscore name 'script_dir' instead.
[2.386s] 
[2.386s]         By 2024-Sep-26, you need to update your project and remove deprecated calls
[2.386s]         or your builds will no longer be supported.
[2.386s] 
[2.386s]         See https://setuptools.pypa.io/en/latest/userguide/declarative_config.html for details.
[2.386s]         ********************************************************************************
[2.387s] 
[2.387s] !!
[2.387s]   opt = self.warn_dash_deprecation(opt, section)
[2.599s] running egg_info
[2.632s] writing ../../build/lidar/lidar.egg-info/PKG-INFO
[2.633s] writing dependency_links to ../../build/lidar/lidar.egg-info/dependency_links.txt
[2.633s] writing entry points to ../../build/lidar/lidar.egg-info/entry_points.txt
[2.634s] writing requirements to ../../build/lidar/lidar.egg-info/requires.txt
[2.634s] writing top-level names to ../../build/lidar/lidar.egg-info/top_level.txt
[2.912s] reading manifest file '../../build/lidar/lidar.egg-info/SOURCES.txt'
[2.913s] writing manifest file '../../build/lidar/lidar.egg-info/SOURCES.txt'
[2.913s] running build
[2.914s] running build_py
[2.914s] copying lidar/__init__.py -> /home/pimpmobile/ros2_ws/build/lidar/build/lib/lidar
[2.915s] copying lidar/lidarsubscriber.py -> /home/pimpmobile/ros2_ws/build/lidar/build/lib/lidar
[2.915s] copying lidar/publisher_member_function.py -> /home/pimpmobile/ros2_ws/build/lidar/build/lib/lidar
[2.916s] running install
[2.916s] /home/pimpmobile/.local/lib/python3.8/site-packages/setuptools/_distutils/cmd.py:66: SetuptoolsDeprecationWarning: setup.py install is deprecated.
[2.916s] !!
[2.917s] 
[2.917s]         ********************************************************************************
[2.917s]         Please avoid running ``setup.py`` directly.
[2.917s]         Instead, use pypa/build, pypa/installer or other
[2.918s]         standards-based tools.
[2.918s] 
[2.918s]         See https://blog.ganssle.io/articles/2021/10/setup-py-deprecated.html for details.
[2.918s]         ********************************************************************************
[2.918s] 
[2.919s] !!
[2.919s]   self.initialize_options()
[2.928s] running install_lib
[2.965s] copying /home/pimpmobile/ros2_ws/build/lidar/build/lib/lidar/lidarsubscriber.py -> /home/pimpmobile/ros2_ws/install/lidar/lib/python3.8/site-packages/lidar
[2.966s] byte-compiling /home/pimpmobile/ros2_ws/install/lidar/lib/python3.8/site-packages/lidar/lidarsubscriber.py to lidarsubscriber.cpython-38.pyc
[2.968s] running install_data
[3.000s] copying resource/lidar -> /home/pimpmobile/ros2_ws/install/lidar/share/ament_index/resource_index/packages
[3.001s] copying package.xml -> /home/pimpmobile/ros2_ws/install/lidar/share/lidar
[3.001s] running install_egg_info
[3.036s] removing '/home/pimpmobile/ros2_ws/install/lidar/lib/python3.8/site-packages/lidar-0.0.0-py3.8.egg-info' (and everything under it)
[3.037s] Copying ../../build/lidar/lidar.egg-info to /home/pimpmobile/ros2_ws/install/lidar/lib/python3.8/site-packages/lidar-0.0.0-py3.8.egg-info
[3.039s] running install_scripts
[3.145s] Installing lidar_listener script to /home/pimpmobile/ros2_ws/install/lidar/lib/lidar
[3.145s] Installing lidar_talker script to /home/pimpmobile/ros2_ws/install/lidar/lib/lidar
[3.146s] writing list of installed files to '/home/pimpmobile/ros2_ws/build/lidar/install.log'
[3.220s] Invoked command in '/home/pimpmobile/ros2_ws/src/lidar' returned '0': PYTHONPATH=/home/pimpmobile/ros2_ws/build/lidar/prefix_override:/home/pimpmobile/ros2_ws/install/lidar/lib/python3.8/site-packages:${PYTHONPATH} /usr/bin/python3 setup.py egg_info --egg-base ../../build/lidar build --build-base /home/pimpmobile/ros2_ws/build/lidar/build install --record /home/pimpmobile/ros2_ws/build/lidar/install.log --install-scripts $base/lib/lidar --single-version-externally-managed
