[4.348s] Invoking command in '/home/pimpmobile/ros2_ws/src/teleop_pm': AMENT_PREFIX_PATH=/home/pimpmobile/ros2_ws/install/lidar:/home/pimpmobile/ldlidar_ros2_ws/install/ldlidar_stl_ros2:/home/pimpmobile/ros2_ws/install/turtlesim:/home/pimpmobile/ros2_ws/install/teleop_pm:/home/pimpmobile/ros2_ws/install/gps_publisher:/opt/ros/foxy PYTHONPATH=/home/pimpmobile/ros2_ws/build/teleop_pm/prefix_override:/home/pimpmobile/ros2_ws/install/teleop_pm/lib/python3.8/site-packages:/home/pimpmobile/ros2_ws/install/lidar/lib/python3.8/site-packages:/home/pimpmobile/ros2_ws/install/turtlesim/lib/python3.8/site-packages:/home/pimpmobile/ros2_ws/install/teleop_pm/lib/python3.8/site-packages:/home/pimpmobile/ros2_ws/install/gps_publisher/lib/python3.8/site-packages:/opt/ros/foxy/lib/python3.8/site-packages /usr/bin/python3 setup.py egg_info --egg-base ../../build/teleop_pm build --build-base /home/pimpmobile/ros2_ws/build/teleop_pm/build install --record /home/pimpmobile/ros2_ws/build/teleop_pm/install.log --install-scripts $base/lib/teleop_pm --single-version-externally-managed
[4.616s] /home/pimpmobile/.local/lib/python3.8/site-packages/setuptools/dist.py:472: SetuptoolsDeprecationWarning: Invalid dash-separated options
[4.616s] !!
[4.616s] 
[4.616s]         ********************************************************************************
[4.617s]         Usage of dash-separated 'script-dir' will not be supported in future
[4.617s]         versions. Please use the underscore name 'script_dir' instead.
[4.617s] 
[4.617s]         By 2024-Sep-26, you need to update your project and remove deprecated calls
[4.617s]         or your builds will no longer be supported.
[4.617s] 
[4.617s]         See https://setuptools.pypa.io/en/latest/userguide/declarative_config.html for details.
[4.617s]         ********************************************************************************
[4.617s] 
[4.618s] !!
[4.618s]   opt = self.warn_dash_deprecation(opt, section)
[4.831s] running egg_info
[4.865s] writing ../../build/teleop_pm/teleop_pm.egg-info/PKG-INFO
[4.866s] writing dependency_links to ../../build/teleop_pm/teleop_pm.egg-info/dependency_links.txt
[4.866s] writing entry points to ../../build/teleop_pm/teleop_pm.egg-info/entry_points.txt
[4.867s] writing requirements to ../../build/teleop_pm/teleop_pm.egg-info/requires.txt
[4.867s] writing top-level names to ../../build/teleop_pm/teleop_pm.egg-info/top_level.txt
[5.141s] reading manifest file '../../build/teleop_pm/teleop_pm.egg-info/SOURCES.txt'
[5.142s] writing manifest file '../../build/teleop_pm/teleop_pm.egg-info/SOURCES.txt'
[5.143s] running build
[5.143s] running build_py
[5.143s] copying teleop_pm/__init__.py -> /home/pimpmobile/ros2_ws/build/teleop_pm/build/lib/teleop_pm
[5.144s] copying teleop_pm/teleopserial.py -> /home/pimpmobile/ros2_ws/build/teleop_pm/build/lib/teleop_pm
[5.145s] running install
[5.145s] /home/pimpmobile/.local/lib/python3.8/site-packages/setuptools/_distutils/cmd.py:66: SetuptoolsDeprecationWarning: setup.py install is deprecated.
[5.145s] !!
[5.145s] 
[5.145s]         ********************************************************************************
[5.145s]         Please avoid running ``setup.py`` directly.
[5.145s]         Instead, use pypa/build, pypa/installer or other
[5.145s]         standards-based tools.
[5.146s] 
[5.146s]         See https://blog.ganssle.io/articles/2021/10/setup-py-deprecated.html for details.
[5.146s]         ********************************************************************************
[5.146s] 
[5.146s] !!
[5.146s]   self.initialize_options()
[5.156s] running install_lib
[5.191s] copying /home/pimpmobile/ros2_ws/build/teleop_pm/build/lib/teleop_pm/teleopserial.py -> /home/pimpmobile/ros2_ws/install/teleop_pm/lib/python3.8/site-packages/teleop_pm
[5.192s] byte-compiling /home/pimpmobile/ros2_ws/install/teleop_pm/lib/python3.8/site-packages/teleop_pm/teleopserial.py to teleopserial.cpython-38.pyc
[5.194s] running install_data
[5.228s] copying resource/teleop_pm -> /home/pimpmobile/ros2_ws/install/teleop_pm/share/ament_index/resource_index/packages
[5.228s] copying package.xml -> /home/pimpmobile/ros2_ws/install/teleop_pm/share/teleop_pm
[5.228s] running install_egg_info
[5.264s] removing '/home/pimpmobile/ros2_ws/install/teleop_pm/lib/python3.8/site-packages/teleop_pm-0.0.0-py3.8.egg-info' (and everything under it)
[5.265s] Copying ../../build/teleop_pm/teleop_pm.egg-info to /home/pimpmobile/ros2_ws/install/teleop_pm/lib/python3.8/site-packages/teleop_pm-0.0.0-py3.8.egg-info
[5.267s] running install_scripts
[5.371s] Installing tops script to /home/pimpmobile/ros2_ws/install/teleop_pm/lib/teleop_pm
[5.372s] writing list of installed files to '/home/pimpmobile/ros2_ws/build/teleop_pm/install.log'
[5.442s] Invoked command in '/home/pimpmobile/ros2_ws/src/teleop_pm' returned '0': AMENT_PREFIX_PATH=/home/pimpmobile/ros2_ws/install/lidar:/home/pimpmobile/ldlidar_ros2_ws/install/ldlidar_stl_ros2:/home/pimpmobile/ros2_ws/install/turtlesim:/home/pimpmobile/ros2_ws/install/teleop_pm:/home/pimpmobile/ros2_ws/install/gps_publisher:/opt/ros/foxy PYTHONPATH=/home/pimpmobile/ros2_ws/build/teleop_pm/prefix_override:/home/pimpmobile/ros2_ws/install/teleop_pm/lib/python3.8/site-packages:/home/pimpmobile/ros2_ws/install/lidar/lib/python3.8/site-packages:/home/pimpmobile/ros2_ws/install/turtlesim/lib/python3.8/site-packages:/home/pimpmobile/ros2_ws/install/teleop_pm/lib/python3.8/site-packages:/home/pimpmobile/ros2_ws/install/gps_publisher/lib/python3.8/site-packages:/opt/ros/foxy/lib/python3.8/site-packages /usr/bin/python3 setup.py egg_info --egg-base ../../build/teleop_pm build --build-base /home/pimpmobile/ros2_ws/build/teleop_pm/build install --record /home/pimpmobile/ros2_ws/build/teleop_pm/install.log --install-scripts $base/lib/teleop_pm --single-version-externally-managed
