[4.659s] Invoking command in '/home/pimpmobile/ros2_ws/src/master': PYTHONPATH=/home/pimpmobile/ros2_ws/build/master/prefix_override:/home/pimpmobile/ros2_ws/install/master/lib/python3.8/site-packages:${PYTHONPATH} /usr/bin/python3 setup.py egg_info --egg-base ../../build/master build --build-base /home/pimpmobile/ros2_ws/build/master/build install --record /home/pimpmobile/ros2_ws/build/master/install.log --install-scripts $base/lib/master --single-version-externally-managed
[4.933s] /home/pimpmobile/.local/lib/python3.8/site-packages/setuptools/dist.py:472: SetuptoolsDeprecationWarning: Invalid dash-separated options
[4.933s] !!
[4.933s] 
[4.933s]         ********************************************************************************
[4.934s]         Usage of dash-separated 'script-dir' will not be supported in future
[4.934s]         versions. Please use the underscore name 'script_dir' instead.
[4.934s] 
[4.934s]         By 2024-Sep-26, you need to update your project and remove deprecated calls
[4.934s]         or your builds will no longer be supported.
[4.934s] 
[4.934s]         See https://setuptools.pypa.io/en/latest/userguide/declarative_config.html for details.
[4.934s]         ********************************************************************************
[4.935s] 
[4.935s] !!
[4.935s]   opt = self.warn_dash_deprecation(opt, section)
[5.178s] running egg_info
[5.213s] writing ../../build/master/master.egg-info/PKG-INFO
[5.214s] writing dependency_links to ../../build/master/master.egg-info/dependency_links.txt
[5.214s] writing entry points to ../../build/master/master.egg-info/entry_points.txt
[5.215s] writing requirements to ../../build/master/master.egg-info/requires.txt
[5.215s] writing top-level names to ../../build/master/master.egg-info/top_level.txt
[6.555s] writing manifest file '../../build/master/master.egg-info/SOURCES.txt'
[6.555s] running build
[6.555s] running build_py
[6.556s] copying master/stanley_controller.py -> /home/pimpmobile/ros2_ws/build/master/build/lib/master
[6.556s] copying master/__init__.py -> /home/pimpmobile/ros2_ws/build/master/build/lib/master
[6.557s] copying master/master_code.py -> /home/pimpmobile/ros2_ws/build/master/build/lib/master
[6.557s] copying master/odometry.py -> /home/pimpmobile/ros2_ws/build/master/build/lib/master
[6.558s] running install
[6.559s] /home/pimpmobile/.local/lib/python3.8/site-packages/setuptools/_distutils/cmd.py:66: SetuptoolsDeprecationWarning: setup.py install is deprecated.
[6.559s] !!
[6.559s] 
[6.559s]         ********************************************************************************
[6.559s]         Please avoid running ``setup.py`` directly.
[6.560s]         Instead, use pypa/build, pypa/installer or other
[6.560s]         standards-based tools.
[6.560s] 
[6.560s]         See https://blog.ganssle.io/articles/2021/10/setup-py-deprecated.html for details.
[6.560s]         ********************************************************************************
[6.560s] 
[6.560s] !!
[6.560s]   self.initialize_options()
[6.570s] running install_lib
[6.609s] copying /home/pimpmobile/ros2_ws/build/master/build/lib/master/master_code.py -> /home/pimpmobile/ros2_ws/install/master/lib/python3.8/site-packages/master
[6.610s] byte-compiling /home/pimpmobile/ros2_ws/install/master/lib/python3.8/site-packages/master/master_code.py to master_code.cpython-38.pyc
[6.613s] running install_data
[6.649s] copying resource/master -> /home/pimpmobile/ros2_ws/install/master/share/ament_index/resource_index/packages
[6.650s] copying package.xml -> /home/pimpmobile/ros2_ws/install/master/share/master
[6.650s] running install_egg_info
[6.686s] removing '/home/pimpmobile/ros2_ws/install/master/lib/python3.8/site-packages/master-0.0.0-py3.8.egg-info' (and everything under it)
[6.687s] Copying ../../build/master/master.egg-info to /home/pimpmobile/ros2_ws/install/master/lib/python3.8/site-packages/master-0.0.0-py3.8.egg-info
[6.689s] running install_scripts
[6.794s] Installing master script to /home/pimpmobile/ros2_ws/install/master/lib/master
[6.795s] writing list of installed files to '/home/pimpmobile/ros2_ws/build/master/install.log'
[6.874s] Invoked command in '/home/pimpmobile/ros2_ws/src/master' returned '0': PYTHONPATH=/home/pimpmobile/ros2_ws/build/master/prefix_override:/home/pimpmobile/ros2_ws/install/master/lib/python3.8/site-packages:${PYTHONPATH} /usr/bin/python3 setup.py egg_info --egg-base ../../build/master build --build-base /home/pimpmobile/ros2_ws/build/master/build install --record /home/pimpmobile/ros2_ws/build/master/install.log --install-scripts $base/lib/master --single-version-externally-managed
