[5.278s] DEBUG:colcon:Command line arguments: ['/usr/bin/colcon', 'build', '--packages-select', 'lidar']
[5.279s] DEBUG:colcon:Parsed command line arguments: Namespace(allow_overriding=[], ament_cmake_args=None, base_paths=['.'], build_base='build', catkin_cmake_args=None, catkin_skip_building_tests=False, cmake_args=None, cmake_clean_cache=False, cmake_clean_first=False, cmake_force_configure=False, cmake_target=None, cmake_target_skip_unavailable=False, continue_on_error=False, event_handlers=None, executor='parallel', ignore_user_meta=False, install_base='install', log_base=None, log_level=None, main=<bound method BuildVerb.main of <colcon_core.verb.build.BuildVerb object at 0xffff80985f10>>, merge_install=False, metas=['./colcon.meta'], packages_above=None, packages_above_and_dependencies=None, packages_above_depth=None, packages_end=None, packages_ignore=None, packages_ignore_regex=None, packages_select=['lidar'], packages_select_build_failed=False, packages_select_by_dep=None, packages_select_regex=None, packages_select_test_failures=False, packages_skip=None, packages_skip_build_finished=False, packages_skip_by_dep=None, packages_skip_regex=None, packages_skip_test_passed=False, packages_skip_up_to=None, packages_start=None, packages_up_to=None, packages_up_to_regex=None, parallel_workers=6, paths=None, symlink_install=False, test_result_base=None, verb_extension=<colcon_core.verb.build.BuildVerb object at 0xffff80985f10>, verb_name='build', verb_parser=<colcon_defaults.argument_parser.defaults.DefaultArgumentsDecorator object at 0xffff809d6820>)
[5.505s] Level 1:colcon.colcon_core.package_discovery:discover_packages(colcon_meta) check parameters
[5.505s] Level 1:colcon.colcon_core.package_discovery:discover_packages(recursive) check parameters
[5.505s] Level 1:colcon.colcon_core.package_discovery:discover_packages(ignore) check parameters
[5.505s] Level 1:colcon.colcon_core.package_discovery:discover_packages(path) check parameters
[5.505s] Level 1:colcon.colcon_core.package_discovery:discover_packages(colcon_meta) discover
[5.505s] Level 1:colcon.colcon_core.package_discovery:discover_packages(recursive) discover
[5.506s] INFO:colcon.colcon_core.package_discovery:Crawling recursively for packages in '/home/pimpmobile/ros2_ws'
[5.506s] Level 1:colcon.colcon_core.package_identification:_identify(.) by extensions ['ignore', 'ignore_ament_install']
[5.506s] Level 1:colcon.colcon_core.package_identification:_identify(.) by extension 'ignore'
[5.506s] Level 1:colcon.colcon_core.package_identification:_identify(.) by extension 'ignore_ament_install'
[5.506s] Level 1:colcon.colcon_core.package_identification:_identify(.) by extensions ['colcon_pkg']
[5.506s] Level 1:colcon.colcon_core.package_identification:_identify(.) by extension 'colcon_pkg'
[5.506s] Level 1:colcon.colcon_core.package_identification:_identify(.) by extensions ['colcon_meta']
[5.507s] Level 1:colcon.colcon_core.package_identification:_identify(.) by extension 'colcon_meta'
[5.507s] Level 1:colcon.colcon_core.package_identification:_identify(.) by extensions ['ros']
[5.507s] Level 1:colcon.colcon_core.package_identification:_identify(.) by extension 'ros'
[5.529s] Level 1:colcon.colcon_core.package_identification:_identify(.) by extensions ['cmake', 'python']
[5.529s] Level 1:colcon.colcon_core.package_identification:_identify(.) by extension 'cmake'
[5.529s] Level 1:colcon.colcon_core.package_identification:_identify(.) by extension 'python'
[5.529s] Level 1:colcon.colcon_core.package_identification:_identify(.) by extensions ['python_setup_py']
[5.529s] Level 1:colcon.colcon_core.package_identification:_identify(.) by extension 'python_setup_py'
[5.530s] Level 1:colcon.colcon_core.package_identification:_identify(build) by extensions ['ignore', 'ignore_ament_install']
[5.530s] Level 1:colcon.colcon_core.package_identification:_identify(build) by extension 'ignore'
[5.530s] Level 1:colcon.colcon_core.package_identification:_identify(build) ignored
[5.530s] Level 1:colcon.colcon_core.package_identification:_identify(install) by extensions ['ignore', 'ignore_ament_install']
[5.530s] Level 1:colcon.colcon_core.package_identification:_identify(install) by extension 'ignore'
[5.530s] Level 1:colcon.colcon_core.package_identification:_identify(install) ignored
[5.531s] Level 1:colcon.colcon_core.package_identification:_identify(log) by extensions ['ignore', 'ignore_ament_install']
[5.531s] Level 1:colcon.colcon_core.package_identification:_identify(log) by extension 'ignore'
[5.531s] Level 1:colcon.colcon_core.package_identification:_identify(log) ignored
[5.531s] Level 1:colcon.colcon_core.package_identification:_identify(src) by extensions ['ignore', 'ignore_ament_install']
[5.532s] Level 1:colcon.colcon_core.package_identification:_identify(src) by extension 'ignore'
[5.532s] Level 1:colcon.colcon_core.package_identification:_identify(src) by extension 'ignore_ament_install'
[5.532s] Level 1:colcon.colcon_core.package_identification:_identify(src) by extensions ['colcon_pkg']
[5.532s] Level 1:colcon.colcon_core.package_identification:_identify(src) by extension 'colcon_pkg'
[5.532s] Level 1:colcon.colcon_core.package_identification:_identify(src) by extensions ['colcon_meta']
[5.532s] Level 1:colcon.colcon_core.package_identification:_identify(src) by extension 'colcon_meta'
[5.532s] Level 1:colcon.colcon_core.package_identification:_identify(src) by extensions ['ros']
[5.532s] Level 1:colcon.colcon_core.package_identification:_identify(src) by extension 'ros'
[5.532s] Level 1:colcon.colcon_core.package_identification:_identify(src) by extensions ['cmake', 'python']
[5.533s] Level 1:colcon.colcon_core.package_identification:_identify(src) by extension 'cmake'
[5.533s] Level 1:colcon.colcon_core.package_identification:_identify(src) by extension 'python'
[5.533s] Level 1:colcon.colcon_core.package_identification:_identify(src) by extensions ['python_setup_py']
[5.533s] Level 1:colcon.colcon_core.package_identification:_identify(src) by extension 'python_setup_py'
[5.533s] Level 1:colcon.colcon_core.package_identification:_identify(src/lidar) by extensions ['ignore', 'ignore_ament_install']
[5.533s] Level 1:colcon.colcon_core.package_identification:_identify(src/lidar) by extension 'ignore'
[5.533s] Level 1:colcon.colcon_core.package_identification:_identify(src/lidar) by extension 'ignore_ament_install'
[5.533s] Level 1:colcon.colcon_core.package_identification:_identify(src/lidar) by extensions ['colcon_pkg']
[5.534s] Level 1:colcon.colcon_core.package_identification:_identify(src/lidar) by extension 'colcon_pkg'
[5.534s] Level 1:colcon.colcon_core.package_identification:_identify(src/lidar) by extensions ['colcon_meta']
[5.534s] Level 1:colcon.colcon_core.package_identification:_identify(src/lidar) by extension 'colcon_meta'
[5.534s] Level 1:colcon.colcon_core.package_identification:_identify(src/lidar) by extensions ['ros']
[5.534s] Level 1:colcon.colcon_core.package_identification:_identify(src/lidar) by extension 'ros'
[5.539s] DEBUG:colcon.colcon_core.package_identification:Package 'src/lidar' with type 'ros.ament_python' and name 'lidar'
[5.539s] Level 1:colcon.colcon_core.package_identification:_identify(src/ros_tutorials) by extensions ['ignore', 'ignore_ament_install']
[5.539s] Level 1:colcon.colcon_core.package_identification:_identify(src/ros_tutorials) by extension 'ignore'
[5.539s] Level 1:colcon.colcon_core.package_identification:_identify(src/ros_tutorials) by extension 'ignore_ament_install'
[5.540s] Level 1:colcon.colcon_core.package_identification:_identify(src/ros_tutorials) by extensions ['colcon_pkg']
[5.540s] Level 1:colcon.colcon_core.package_identification:_identify(src/ros_tutorials) by extension 'colcon_pkg'
[5.540s] Level 1:colcon.colcon_core.package_identification:_identify(src/ros_tutorials) by extensions ['colcon_meta']
[5.540s] Level 1:colcon.colcon_core.package_identification:_identify(src/ros_tutorials) by extension 'colcon_meta'
[5.540s] Level 1:colcon.colcon_core.package_identification:_identify(src/ros_tutorials) by extensions ['ros']
[5.540s] Level 1:colcon.colcon_core.package_identification:_identify(src/ros_tutorials) by extension 'ros'
[5.540s] Level 1:colcon.colcon_core.package_identification:_identify(src/ros_tutorials) by extensions ['cmake', 'python']
[5.540s] Level 1:colcon.colcon_core.package_identification:_identify(src/ros_tutorials) by extension 'cmake'
[5.540s] Level 1:colcon.colcon_core.package_identification:_identify(src/ros_tutorials) by extension 'python'
[5.541s] Level 1:colcon.colcon_core.package_identification:_identify(src/ros_tutorials) by extensions ['python_setup_py']
[5.541s] Level 1:colcon.colcon_core.package_identification:_identify(src/ros_tutorials) by extension 'python_setup_py'
[5.541s] Level 1:colcon.colcon_core.package_identification:_identify(src/ros_tutorials/ros_tutorials) by extensions ['ignore', 'ignore_ament_install']
[5.541s] Level 1:colcon.colcon_core.package_identification:_identify(src/ros_tutorials/ros_tutorials) by extension 'ignore'
[5.541s] Level 1:colcon.colcon_core.package_identification:_identify(src/ros_tutorials/ros_tutorials) ignored
[5.541s] Level 1:colcon.colcon_core.package_identification:_identify(src/ros_tutorials/roscpp_tutorials) by extensions ['ignore', 'ignore_ament_install']
[5.542s] Level 1:colcon.colcon_core.package_identification:_identify(src/ros_tutorials/roscpp_tutorials) by extension 'ignore'
[5.542s] Level 1:colcon.colcon_core.package_identification:_identify(src/ros_tutorials/roscpp_tutorials) ignored
[5.542s] Level 1:colcon.colcon_core.package_identification:_identify(src/ros_tutorials/rospy_tutorials) by extensions ['ignore', 'ignore_ament_install']
[5.542s] Level 1:colcon.colcon_core.package_identification:_identify(src/ros_tutorials/rospy_tutorials) by extension 'ignore'
[5.542s] Level 1:colcon.colcon_core.package_identification:_identify(src/ros_tutorials/rospy_tutorials) ignored
[5.542s] Level 1:colcon.colcon_core.package_identification:_identify(src/ros_tutorials/turtlesim) by extensions ['ignore', 'ignore_ament_install']
[5.543s] Level 1:colcon.colcon_core.package_identification:_identify(src/ros_tutorials/turtlesim) by extension 'ignore'
[5.543s] Level 1:colcon.colcon_core.package_identification:_identify(src/ros_tutorials/turtlesim) by extension 'ignore_ament_install'
[5.543s] Level 1:colcon.colcon_core.package_identification:_identify(src/ros_tutorials/turtlesim) by extensions ['colcon_pkg']
[5.543s] Level 1:colcon.colcon_core.package_identification:_identify(src/ros_tutorials/turtlesim) by extension 'colcon_pkg'
[5.543s] Level 1:colcon.colcon_core.package_identification:_identify(src/ros_tutorials/turtlesim) by extensions ['colcon_meta']
[5.543s] Level 1:colcon.colcon_core.package_identification:_identify(src/ros_tutorials/turtlesim) by extension 'colcon_meta'
[5.543s] Level 1:colcon.colcon_core.package_identification:_identify(src/ros_tutorials/turtlesim) by extensions ['ros']
[5.543s] Level 1:colcon.colcon_core.package_identification:_identify(src/ros_tutorials/turtlesim) by extension 'ros'
[5.545s] DEBUG:colcon.colcon_core.package_identification:Package 'src/ros_tutorials/turtlesim' with type 'ros.ament_cmake' and name 'turtlesim'
[5.546s] Level 1:colcon.colcon_core.package_identification:_identify(src/teleop_pm) by extensions ['ignore', 'ignore_ament_install']
[5.546s] Level 1:colcon.colcon_core.package_identification:_identify(src/teleop_pm) by extension 'ignore'
[5.546s] Level 1:colcon.colcon_core.package_identification:_identify(src/teleop_pm) by extension 'ignore_ament_install'
[5.546s] Level 1:colcon.colcon_core.package_identification:_identify(src/teleop_pm) by extensions ['colcon_pkg']
[5.546s] Level 1:colcon.colcon_core.package_identification:_identify(src/teleop_pm) by extension 'colcon_pkg'
[5.546s] Level 1:colcon.colcon_core.package_identification:_identify(src/teleop_pm) by extensions ['colcon_meta']
[5.546s] Level 1:colcon.colcon_core.package_identification:_identify(src/teleop_pm) by extension 'colcon_meta'
[5.546s] Level 1:colcon.colcon_core.package_identification:_identify(src/teleop_pm) by extensions ['ros']
[5.546s] Level 1:colcon.colcon_core.package_identification:_identify(src/teleop_pm) by extension 'ros'
[5.547s] DEBUG:colcon.colcon_core.package_identification:Package 'src/teleop_pm' with type 'ros.ament_python' and name 'teleop_pm'
[5.548s] Level 1:colcon.colcon_core.package_discovery:discover_packages(recursive) using defaults
[5.548s] Level 1:colcon.colcon_core.package_discovery:discover_packages(ignore) discover
[5.548s] Level 1:colcon.colcon_core.package_discovery:discover_packages(ignore) using defaults
[5.548s] Level 1:colcon.colcon_core.package_discovery:discover_packages(path) discover
[5.548s] Level 1:colcon.colcon_core.package_discovery:discover_packages(path) using defaults
[5.851s] INFO:colcon.colcon_core.package_selection:Skipping not selected package 'teleop_pm' in 'src/teleop_pm'
[5.852s] INFO:colcon.colcon_core.package_selection:Skipping not selected package 'turtlesim' in 'src/ros_tutorials/turtlesim'
[6.060s] Level 1:colcon.colcon_core.package_discovery:discover_packages(prefix_path) check parameters
[6.060s] Level 1:colcon.colcon_core.package_discovery:discover_packages(prefix_path) discover
[6.244s] DEBUG:colcon.colcon_installed_package_information.package_discovery:Found 1 installed packages in /home/pimpmobile/ldlidar_ros2_ws/install
[6.334s] DEBUG:colcon.colcon_installed_package_information.package_discovery:Found 3 installed packages in /home/pimpmobile/ros2_ws/install
[6.425s] DEBUG:colcon.colcon_installed_package_information.package_discovery:Found 256 installed packages in /opt/ros/foxy
[6.427s] Level 1:colcon.colcon_core.package_discovery:discover_packages(prefix_path) using defaults
[6.747s] Level 5:colcon.colcon_core.verb:set package 'lidar' build argument 'cmake_args' from command line to 'None'
[6.747s] Level 5:colcon.colcon_core.verb:set package 'lidar' build argument 'cmake_target' from command line to 'None'
[6.747s] Level 5:colcon.colcon_core.verb:set package 'lidar' build argument 'cmake_target_skip_unavailable' from command line to 'False'
[6.747s] Level 5:colcon.colcon_core.verb:set package 'lidar' build argument 'cmake_clean_cache' from command line to 'False'
[6.747s] Level 5:colcon.colcon_core.verb:set package 'lidar' build argument 'cmake_clean_first' from command line to 'False'
[6.747s] Level 5:colcon.colcon_core.verb:set package 'lidar' build argument 'cmake_force_configure' from command line to 'False'
[6.748s] Level 5:colcon.colcon_core.verb:set package 'lidar' build argument 'ament_cmake_args' from command line to 'None'
[6.748s] Level 5:colcon.colcon_core.verb:set package 'lidar' build argument 'catkin_cmake_args' from command line to 'None'
[6.748s] Level 5:colcon.colcon_core.verb:set package 'lidar' build argument 'catkin_skip_building_tests' from command line to 'False'
[6.748s] DEBUG:colcon.colcon_core.verb:Building package 'lidar' with the following arguments: {'ament_cmake_args': None, 'build_base': '/home/pimpmobile/ros2_ws/build/lidar', 'catkin_cmake_args': None, 'catkin_skip_building_tests': False, 'cmake_args': None, 'cmake_clean_cache': False, 'cmake_clean_first': False, 'cmake_force_configure': False, 'cmake_target': None, 'cmake_target_skip_unavailable': False, 'install_base': '/home/pimpmobile/ros2_ws/install/lidar', 'merge_install': False, 'path': '/home/pimpmobile/ros2_ws/src/lidar', 'symlink_install': False, 'test_result_base': None}
[6.835s] INFO:colcon.colcon_core.executor:Executing jobs using 'parallel' executor
[6.926s] DEBUG:colcon.colcon_parallel_executor.executor.parallel:run_until_complete
[6.927s] INFO:colcon.colcon_ros.task.ament_python.build:Building ROS package in '/home/pimpmobile/ros2_ws/src/lidar' with build type 'ament_python'
[6.927s] Level 1:colcon.colcon_core.shell:create_environment_hook('lidar', 'ament_prefix_path')
[7.029s] INFO:colcon.colcon_core.plugin_system:Skipping extension 'colcon_core.shell.bat': Not used on non-Windows systems
[7.029s] INFO:colcon.colcon_core.shell:Creating environment hook '/home/pimpmobile/ros2_ws/install/lidar/share/lidar/hook/ament_prefix_path.ps1'
[7.031s] INFO:colcon.colcon_core.shell:Creating environment descriptor '/home/pimpmobile/ros2_ws/install/lidar/share/lidar/hook/ament_prefix_path.dsv'
[7.031s] INFO:colcon.colcon_core.shell:Creating environment hook '/home/pimpmobile/ros2_ws/install/lidar/share/lidar/hook/ament_prefix_path.sh'
[7.165s] INFO:colcon.colcon_core.shell:Skip shell extension 'powershell' for command environment: Not usable outside of PowerShell
[7.165s] DEBUG:colcon.colcon_core.shell:Skip shell extension 'dsv' for command environment
[8.052s] INFO:colcon.colcon_core.task.python.build:Building Python package in '/home/pimpmobile/ros2_ws/src/lidar'
[8.144s] INFO:colcon.colcon_core.shell:Skip shell extension 'powershell' for command environment: Not usable outside of PowerShell
[8.144s] DEBUG:colcon.colcon_core.shell:Skip shell extension 'dsv' for command environment
[9.429s] DEBUG:colcon.colcon_core.event_handler.log_command:Invoking command in '/home/pimpmobile/ros2_ws/src/lidar': PYTHONPATH=/home/pimpmobile/ros2_ws/build/lidar/prefix_override:/home/pimpmobile/ros2_ws/install/lidar/lib/python3.8/site-packages:${PYTHONPATH} /usr/bin/python3 setup.py egg_info --egg-base ../../build/lidar build --build-base /home/pimpmobile/ros2_ws/build/lidar/build install --record /home/pimpmobile/ros2_ws/build/lidar/install.log --install-scripts $base/lib/lidar --single-version-externally-managed
[10.045s] DEBUG:colcon.colcon_core.event_handler.log_command:Invoked command in '/home/pimpmobile/ros2_ws/src/lidar' returned '0': PYTHONPATH=/home/pimpmobile/ros2_ws/build/lidar/prefix_override:/home/pimpmobile/ros2_ws/install/lidar/lib/python3.8/site-packages:${PYTHONPATH} /usr/bin/python3 setup.py egg_info --egg-base ../../build/lidar build --build-base /home/pimpmobile/ros2_ws/build/lidar/build install --record /home/pimpmobile/ros2_ws/build/lidar/install.log --install-scripts $base/lib/lidar --single-version-externally-managed
[10.161s] Level 1:colcon.colcon_core.environment:checking '/home/pimpmobile/ros2_ws/install/lidar' for CMake module files
[10.162s] Level 1:colcon.colcon_core.environment:checking '/home/pimpmobile/ros2_ws/install/lidar' for CMake config files
[10.164s] Level 1:colcon.colcon_core.environment:checking '/home/pimpmobile/ros2_ws/install/lidar/lib'
[10.164s] Level 1:colcon.colcon_core.environment:checking '/home/pimpmobile/ros2_ws/install/lidar/bin'
[10.164s] Level 1:colcon.colcon_core.environment:checking '/home/pimpmobile/ros2_ws/install/lidar/lib/pkgconfig/lidar.pc'
[10.164s] Level 1:colcon.colcon_core.environment:checking '/home/pimpmobile/ros2_ws/install/lidar/lib/python3.8/site-packages'
[10.165s] Level 1:colcon.colcon_core.shell:create_environment_hook('lidar', 'pythonpath')
[10.255s] INFO:colcon.colcon_core.shell:Creating environment hook '/home/pimpmobile/ros2_ws/install/lidar/share/lidar/hook/pythonpath.ps1'
[10.256s] INFO:colcon.colcon_core.shell:Creating environment descriptor '/home/pimpmobile/ros2_ws/install/lidar/share/lidar/hook/pythonpath.dsv'
[10.257s] INFO:colcon.colcon_core.shell:Creating environment hook '/home/pimpmobile/ros2_ws/install/lidar/share/lidar/hook/pythonpath.sh'
[10.258s] Level 1:colcon.colcon_core.environment:checking '/home/pimpmobile/ros2_ws/install/lidar/bin'
[10.258s] Level 1:colcon.colcon_core.environment:create_environment_scripts_only(lidar)
[10.347s] INFO:colcon.colcon_core.shell:Creating package script '/home/pimpmobile/ros2_ws/install/lidar/share/lidar/package.ps1'
[10.349s] INFO:colcon.colcon_core.shell:Creating package descriptor '/home/pimpmobile/ros2_ws/install/lidar/share/lidar/package.dsv'
[10.350s] INFO:colcon.colcon_core.shell:Creating package script '/home/pimpmobile/ros2_ws/install/lidar/share/lidar/package.sh'
[10.352s] INFO:colcon.colcon_core.shell:Creating package script '/home/pimpmobile/ros2_ws/install/lidar/share/lidar/package.bash'
[10.353s] INFO:colcon.colcon_core.shell:Creating package script '/home/pimpmobile/ros2_ws/install/lidar/share/lidar/package.zsh'
[10.354s] Level 1:colcon.colcon_core.environment:create_file_with_runtime_dependencies(/home/pimpmobile/ros2_ws/install/lidar/share/colcon-core/packages/lidar)
[10.355s] DEBUG:colcon.colcon_parallel_executor.executor.parallel:closing loop
[10.356s] DEBUG:colcon.colcon_parallel_executor.executor.parallel:loop closed
[10.356s] DEBUG:colcon.colcon_parallel_executor.executor.parallel:run_until_complete finished with '0'
[10.356s] DEBUG:colcon.colcon_core.event_reactor:joining thread
[10.456s] INFO:colcon.colcon_core.plugin_system:Skipping extension 'colcon_notification.desktop_notification.terminal_notifier': Not used on non-Darwin systems
[10.456s] INFO:colcon.colcon_core.plugin_system:Skipping extension 'colcon_notification.desktop_notification.win32': Not used on non-Windows systems
[10.457s] INFO:colcon.colcon_notification.desktop_notification:Sending desktop notification using 'notify2'
[10.508s] DEBUG:colcon.colcon_core.event_reactor:joined thread
[10.601s] INFO:colcon.colcon_core.shell:Creating prefix script '/home/pimpmobile/ros2_ws/install/local_setup.ps1'
[10.603s] INFO:colcon.colcon_core.shell:Creating prefix util module '/home/pimpmobile/ros2_ws/install/_local_setup_util_ps1.py'
[10.605s] INFO:colcon.colcon_core.shell:Creating prefix chain script '/home/pimpmobile/ros2_ws/install/setup.ps1'
[10.697s] INFO:colcon.colcon_core.shell:Creating prefix script '/home/pimpmobile/ros2_ws/install/local_setup.sh'
[10.698s] INFO:colcon.colcon_core.shell:Creating prefix util module '/home/pimpmobile/ros2_ws/install/_local_setup_util_sh.py'
[10.699s] INFO:colcon.colcon_core.shell:Creating prefix chain script '/home/pimpmobile/ros2_ws/install/setup.sh'
[10.790s] INFO:colcon.colcon_core.shell:Creating prefix script '/home/pimpmobile/ros2_ws/install/local_setup.bash'
[10.791s] INFO:colcon.colcon_core.shell:Creating prefix chain script '/home/pimpmobile/ros2_ws/install/setup.bash'
[10.881s] INFO:colcon.colcon_core.shell:Creating prefix script '/home/pimpmobile/ros2_ws/install/local_setup.zsh'
[10.882s] INFO:colcon.colcon_core.shell:Creating prefix chain script '/home/pimpmobile/ros2_ws/install/setup.zsh'
