[2.794s] Invoking command in '/home/pimpmobile/ros2_ws/src/teleop_pm': AMENT_PREFIX_PATH=/home/pimpmobile/ros2_ws/install/lidar:/home/pimpmobile/ldlidar_ros2_ws/install/ldlidar_stl_ros2:/home/pimpmobile/ros2_ws/install/turtlesim:/home/pimpmobile/ros2_ws/install/teleop_pm:/home/pimpmobile/ros2_ws/install/gps_publisher:/opt/ros/foxy PYTHONPATH=/home/pimpmobile/ros2_ws/build/teleop_pm/prefix_override:/home/pimpmobile/ros2_ws/install/teleop_pm/lib/python3.8/site-packages:/home/pimpmobile/ros2_ws/install/lidar/lib/python3.8/site-packages:/home/pimpmobile/ros2_ws/install/turtlesim/lib/python3.8/site-packages:/home/pimpmobile/ros2_ws/install/teleop_pm/lib/python3.8/site-packages:/home/pimpmobile/ros2_ws/install/gps_publisher/lib/python3.8/site-packages:/opt/ros/foxy/lib/python3.8/site-packages /usr/bin/python3 setup.py egg_info --egg-base ../../build/teleop_pm build --build-base /home/pimpmobile/ros2_ws/build/teleop_pm/build install --record /home/pimpmobile/ros2_ws/build/teleop_pm/install.log --install-scripts $base/lib/teleop_pm --single-version-externally-managed
[3.247s] running egg_info
[3.248s] writing ../../build/teleop_pm/teleop_pm.egg-info/PKG-INFO
[3.248s] writing dependency_links to ../../build/teleop_pm/teleop_pm.egg-info/dependency_links.txt
[3.249s] writing entry points to ../../build/teleop_pm/teleop_pm.egg-info/entry_points.txt
[3.249s] writing requirements to ../../build/teleop_pm/teleop_pm.egg-info/requires.txt
[3.249s] writing top-level names to ../../build/teleop_pm/teleop_pm.egg-info/top_level.txt
[3.312s] reading manifest file '../../build/teleop_pm/teleop_pm.egg-info/SOURCES.txt'
[3.313s] writing manifest file '../../build/teleop_pm/teleop_pm.egg-info/SOURCES.txt'
[3.314s] running build
[3.314s] running build_py
[3.314s] copying teleop_pm/teleopserial.py -> /home/pimpmobile/ros2_ws/build/teleop_pm/build/lib/teleop_pm
[3.315s] running install
[3.316s] running install_lib
[3.318s] copying /home/pimpmobile/ros2_ws/build/teleop_pm/build/lib/teleop_pm/teleopserial.py -> /home/pimpmobile/ros2_ws/install/teleop_pm/lib/python3.8/site-packages/teleop_pm
[3.319s] byte-compiling /home/pimpmobile/ros2_ws/install/teleop_pm/lib/python3.8/site-packages/teleop_pm/teleopserial.py to teleopserial.cpython-38.pyc
[3.322s] running install_data
[3.323s] running install_egg_info
[3.326s] removing '/home/pimpmobile/ros2_ws/install/teleop_pm/lib/python3.8/site-packages/teleop_pm-0.0.0-py3.8.egg-info' (and everything under it)
[3.326s] Copying ../../build/teleop_pm/teleop_pm.egg-info to /home/pimpmobile/ros2_ws/install/teleop_pm/lib/python3.8/site-packages/teleop_pm-0.0.0-py3.8.egg-info
[3.328s] running install_scripts
[3.365s] Installing tops script to /home/pimpmobile/ros2_ws/install/teleop_pm/lib/teleop_pm
[3.366s] writing list of installed files to '/home/pimpmobile/ros2_ws/build/teleop_pm/install.log'
[3.421s] Invoked command in '/home/pimpmobile/ros2_ws/src/teleop_pm' returned '0': AMENT_PREFIX_PATH=/home/pimpmobile/ros2_ws/install/lidar:/home/pimpmobile/ldlidar_ros2_ws/install/ldlidar_stl_ros2:/home/pimpmobile/ros2_ws/install/turtlesim:/home/pimpmobile/ros2_ws/install/teleop_pm:/home/pimpmobile/ros2_ws/install/gps_publisher:/opt/ros/foxy PYTHONPATH=/home/pimpmobile/ros2_ws/build/teleop_pm/prefix_override:/home/pimpmobile/ros2_ws/install/teleop_pm/lib/python3.8/site-packages:/home/pimpmobile/ros2_ws/install/lidar/lib/python3.8/site-packages:/home/pimpmobile/ros2_ws/install/turtlesim/lib/python3.8/site-packages:/home/pimpmobile/ros2_ws/install/teleop_pm/lib/python3.8/site-packages:/home/pimpmobile/ros2_ws/install/gps_publisher/lib/python3.8/site-packages:/opt/ros/foxy/lib/python3.8/site-packages /usr/bin/python3 setup.py egg_info --egg-base ../../build/teleop_pm build --build-base /home/pimpmobile/ros2_ws/build/teleop_pm/build install --record /home/pimpmobile/ros2_ws/build/teleop_pm/install.log --install-scripts $base/lib/teleop_pm --single-version-externally-managed
