[4.602s] Invoking command in '/home/pimpmobile/ros2_ws/src/teleop_pm': AMENT_PREFIX_PATH=/home/pimpmobile/ros2_ws/install/lidar:/home/pimpmobile/ldlidar_ros2_ws/install/ldlidar_stl_ros2:/home/pimpmobile/ros2_ws/install/turtlesim:/home/pimpmobile/ros2_ws/install/teleop_pm:/home/pimpmobile/ros2_ws/install/slam:/home/pimpmobile/ros2_ws/install/master:/home/pimpmobile/ros2_ws/install/gps_publisher:/opt/ros/foxy PYTHONPATH=/home/pimpmobile/ros2_ws/build/teleop_pm/prefix_override:/home/pimpmobile/ros2_ws/install/teleop_pm/lib/python3.8/site-packages:/home/pimpmobile/ros2_ws/install/lidar/lib/python3.8/site-packages:/home/pimpmobile/ros2_ws/install/turtlesim/lib/python3.8/site-packages:/home/pimpmobile/ros2_ws/install/teleop_pm/lib/python3.8/site-packages:/home/pimpmobile/ros2_ws/install/slam/lib/python3.8/site-packages:/home/pimpmobile/ros2_ws/install/master/lib/python3.8/site-packages:/home/pimpmobile/ros2_ws/install/gps_publisher/lib/python3.8/site-packages:/opt/ros/foxy/lib/python3.8/site-packages /usr/bin/python3 setup.py egg_info --egg-base ../../build/teleop_pm build --build-base /home/pimpmobile/ros2_ws/build/teleop_pm/build install --record /home/pimpmobile/ros2_ws/build/teleop_pm/install.log --install-scripts $base/lib/teleop_pm --single-version-externally-managed
[4.874s] /home/pimpmobile/.local/lib/python3.8/site-packages/setuptools/dist.py:472: SetuptoolsDeprecationWarning: Invalid dash-separated options
[4.874s] !!
[4.874s] 
[4.874s]         ********************************************************************************
[4.874s]         Usage of dash-separated 'script-dir' will not be supported in future
[4.875s]         versions. Please use the underscore name 'script_dir' instead.
[4.875s] 
[4.875s]         By 2024-Sep-26, you need to update your project and remove deprecated calls
[4.875s]         or your builds will no longer be supported.
[4.875s] 
[4.875s]         See https://setuptools.pypa.io/en/latest/userguide/declarative_config.html for details.
[4.875s]         ********************************************************************************
[4.875s] 
[4.876s] !!
[4.876s]   opt = self.warn_dash_deprecation(opt, section)
[5.126s] running egg_info
[5.163s] writing ../../build/teleop_pm/teleop_pm.egg-info/PKG-INFO
[5.164s] writing dependency_links to ../../build/teleop_pm/teleop_pm.egg-info/dependency_links.txt
[5.164s] writing entry points to ../../build/teleop_pm/teleop_pm.egg-info/entry_points.txt
[5.165s] writing requirements to ../../build/teleop_pm/teleop_pm.egg-info/requires.txt
[5.165s] writing top-level names to ../../build/teleop_pm/teleop_pm.egg-info/top_level.txt
[6.398s] writing manifest file '../../build/teleop_pm/teleop_pm.egg-info/SOURCES.txt'
[6.398s] running build
[6.398s] running build_py
[6.399s] copying teleop_pm/__init__.py -> /home/pimpmobile/ros2_ws/build/teleop_pm/build/lib/teleop_pm
[6.399s] copying teleop_pm/teleopserial.py -> /home/pimpmobile/ros2_ws/build/teleop_pm/build/lib/teleop_pm
[6.400s] running install
[6.401s] /home/pimpmobile/.local/lib/python3.8/site-packages/setuptools/_distutils/cmd.py:66: SetuptoolsDeprecationWarning: setup.py install is deprecated.
[6.401s] !!
[6.401s] 
[6.401s]         ********************************************************************************
[6.402s]         Please avoid running ``setup.py`` directly.
[6.402s]         Instead, use pypa/build, pypa/installer or other
[6.402s]         standards-based tools.
[6.402s] 
[6.402s]         See https://blog.ganssle.io/articles/2021/10/setup-py-deprecated.html for details.
[6.402s]         ********************************************************************************
[6.402s] 
[6.402s] !!
[6.403s]   self.initialize_options()
[6.412s] running install_lib
[6.454s] running install_data
[6.490s] copying resource/teleop_pm -> /home/pimpmobile/ros2_ws/install/teleop_pm/share/ament_index/resource_index/packages
[6.490s] copying package.xml -> /home/pimpmobile/ros2_ws/install/teleop_pm/share/teleop_pm
[6.491s] running install_egg_info
[6.527s] removing '/home/pimpmobile/ros2_ws/install/teleop_pm/lib/python3.8/site-packages/teleop_pm-0.0.0-py3.8.egg-info' (and everything under it)
[6.528s] Copying ../../build/teleop_pm/teleop_pm.egg-info to /home/pimpmobile/ros2_ws/install/teleop_pm/lib/python3.8/site-packages/teleop_pm-0.0.0-py3.8.egg-info
[6.530s] running install_scripts
[6.661s] Installing tops script to /home/pimpmobile/ros2_ws/install/teleop_pm/lib/teleop_pm
[6.662s] writing list of installed files to '/home/pimpmobile/ros2_ws/build/teleop_pm/install.log'
[6.737s] Invoked command in '/home/pimpmobile/ros2_ws/src/teleop_pm' returned '0': AMENT_PREFIX_PATH=/home/pimpmobile/ros2_ws/install/lidar:/home/pimpmobile/ldlidar_ros2_ws/install/ldlidar_stl_ros2:/home/pimpmobile/ros2_ws/install/turtlesim:/home/pimpmobile/ros2_ws/install/teleop_pm:/home/pimpmobile/ros2_ws/install/slam:/home/pimpmobile/ros2_ws/install/master:/home/pimpmobile/ros2_ws/install/gps_publisher:/opt/ros/foxy PYTHONPATH=/home/pimpmobile/ros2_ws/build/teleop_pm/prefix_override:/home/pimpmobile/ros2_ws/install/teleop_pm/lib/python3.8/site-packages:/home/pimpmobile/ros2_ws/install/lidar/lib/python3.8/site-packages:/home/pimpmobile/ros2_ws/install/turtlesim/lib/python3.8/site-packages:/home/pimpmobile/ros2_ws/install/teleop_pm/lib/python3.8/site-packages:/home/pimpmobile/ros2_ws/install/slam/lib/python3.8/site-packages:/home/pimpmobile/ros2_ws/install/master/lib/python3.8/site-packages:/home/pimpmobile/ros2_ws/install/gps_publisher/lib/python3.8/site-packages:/opt/ros/foxy/lib/python3.8/site-packages /usr/bin/python3 setup.py egg_info --egg-base ../../build/teleop_pm build --build-base /home/pimpmobile/ros2_ws/build/teleop_pm/build install --record /home/pimpmobile/ros2_ws/build/teleop_pm/install.log --install-scripts $base/lib/teleop_pm --single-version-externally-managed
