[4.485s] Invoking command in '/home/pimpmobile/ros2_ws/src/gps_publisher': PYTHONPATH=/home/pimpmobile/ros2_ws/build/gps_publisher/prefix_override:/home/pimpmobile/ros2_ws/install/gps_publisher/lib/python3.8/site-packages:${PYTHONPATH} /usr/bin/python3 setup.py egg_info --egg-base ../../build/gps_publisher build --build-base /home/pimpmobile/ros2_ws/build/gps_publisher/build install --record /home/pimpmobile/ros2_ws/build/gps_publisher/install.log --install-scripts $base/lib/gps_publisher --single-version-externally-managed
[4.755s] /home/pimpmobile/.local/lib/python3.8/site-packages/setuptools/dist.py:472: SetuptoolsDeprecationWarning: Invalid dash-separated options
[4.756s] !!
[4.756s] 
[4.756s]         ********************************************************************************
[4.756s]         Usage of dash-separated 'script-dir' will not be supported in future
[4.756s]         versions. Please use the underscore name 'script_dir' instead.
[4.756s] 
[4.756s]         By 2024-Sep-26, you need to update your project and remove deprecated calls
[4.757s]         or your builds will no longer be supported.
[4.757s] 
[4.757s]         See https://setuptools.pypa.io/en/latest/userguide/declarative_config.html for details.
[4.757s]         ********************************************************************************
[4.757s] 
[4.757s] !!
[4.757s]   opt = self.warn_dash_deprecation(opt, section)
[4.999s] running egg_info
[5.034s] writing ../../build/gps_publisher/gps_publisher.egg-info/PKG-INFO
[5.035s] writing dependency_links to ../../build/gps_publisher/gps_publisher.egg-info/dependency_links.txt
[5.035s] writing entry points to ../../build/gps_publisher/gps_publisher.egg-info/entry_points.txt
[5.036s] writing requirements to ../../build/gps_publisher/gps_publisher.egg-info/requires.txt
[5.036s] writing top-level names to ../../build/gps_publisher/gps_publisher.egg-info/top_level.txt
[6.158s] writing manifest file '../../build/gps_publisher/gps_publisher.egg-info/SOURCES.txt'
[6.158s] running build
[6.158s] running build_py
[6.159s] copying gps_publisher/__init__.py -> /home/pimpmobile/ros2_ws/build/gps_publisher/build/lib/gps_publisher
[6.159s] copying gps_publisher/gps.py -> /home/pimpmobile/ros2_ws/build/gps_publisher/build/lib/gps_publisher
[6.159s] copying gps_publisher/GPS_log.py -> /home/pimpmobile/ros2_ws/build/gps_publisher/build/lib/gps_publisher
[6.160s] running install
[6.161s] /home/pimpmobile/.local/lib/python3.8/site-packages/setuptools/_distutils/cmd.py:66: SetuptoolsDeprecationWarning: setup.py install is deprecated.
[6.161s] !!
[6.161s] 
[6.162s]         ********************************************************************************
[6.162s]         Please avoid running ``setup.py`` directly.
[6.162s]         Instead, use pypa/build, pypa/installer or other
[6.162s]         standards-based tools.
[6.162s] 
[6.162s]         See https://blog.ganssle.io/articles/2021/10/setup-py-deprecated.html for details.
[6.162s]         ********************************************************************************
[6.162s] 
[6.162s] !!
[6.163s]   self.initialize_options()
[6.172s] running install_lib
[6.210s] copying /home/pimpmobile/ros2_ws/build/gps_publisher/build/lib/gps_publisher/gps.py -> /home/pimpmobile/ros2_ws/install/gps_publisher/lib/python3.8/site-packages/gps_publisher
[6.212s] byte-compiling /home/pimpmobile/ros2_ws/install/gps_publisher/lib/python3.8/site-packages/gps_publisher/gps.py to gps.cpython-38.pyc
[6.214s] running install_data
[6.250s] copying resource/gps_publisher -> /home/pimpmobile/ros2_ws/install/gps_publisher/share/ament_index/resource_index/packages
[6.250s] copying package.xml -> /home/pimpmobile/ros2_ws/install/gps_publisher/share/gps_publisher
[6.251s] running install_egg_info
[6.287s] removing '/home/pimpmobile/ros2_ws/install/gps_publisher/lib/python3.8/site-packages/gps_publisher-0.0.0-py3.8.egg-info' (and everything under it)
[6.287s] Copying ../../build/gps_publisher/gps_publisher.egg-info to /home/pimpmobile/ros2_ws/install/gps_publisher/lib/python3.8/site-packages/gps_publisher-0.0.0-py3.8.egg-info
[6.289s] running install_scripts
[6.416s] Installing gps script to /home/pimpmobile/ros2_ws/install/gps_publisher/lib/gps_publisher
[6.416s] Installing gps_log script to /home/pimpmobile/ros2_ws/install/gps_publisher/lib/gps_publisher
[6.417s] writing list of installed files to '/home/pimpmobile/ros2_ws/build/gps_publisher/install.log'
[6.490s] Invoked command in '/home/pimpmobile/ros2_ws/src/gps_publisher' returned '0': PYTHONPATH=/home/pimpmobile/ros2_ws/build/gps_publisher/prefix_override:/home/pimpmobile/ros2_ws/install/gps_publisher/lib/python3.8/site-packages:${PYTHONPATH} /usr/bin/python3 setup.py egg_info --egg-base ../../build/gps_publisher build --build-base /home/pimpmobile/ros2_ws/build/gps_publisher/build install --record /home/pimpmobile/ros2_ws/build/gps_publisher/install.log --install-scripts $base/lib/gps_publisher --single-version-externally-managed
