[2.490s] Invoking command in '/home/pimpmobile/ros2_ws/src/gps_publisher': PYTHONPATH=/home/pimpmobile/ros2_ws/build/gps_publisher/prefix_override:/home/pimpmobile/ros2_ws/install/gps_publisher/lib/python3.8/site-packages:${PYTHONPATH} /usr/bin/python3 setup.py egg_info --egg-base ../../build/gps_publisher build --build-base /home/pimpmobile/ros2_ws/build/gps_publisher/build install --record /home/pimpmobile/ros2_ws/build/gps_publisher/install.log --install-scripts $base/lib/gps_publisher --single-version-externally-managed
[2.947s] running egg_info
[2.948s] creating ../../build/gps_publisher/gps_publisher.egg-info
[2.948s] writing ../../build/gps_publisher/gps_publisher.egg-info/PKG-INFO
[2.949s] writing dependency_links to ../../build/gps_publisher/gps_publisher.egg-info/dependency_links.txt
[2.949s] writing entry points to ../../build/gps_publisher/gps_publisher.egg-info/entry_points.txt
[2.949s] writing requirements to ../../build/gps_publisher/gps_publisher.egg-info/requires.txt
[2.950s] writing top-level names to ../../build/gps_publisher/gps_publisher.egg-info/top_level.txt
[2.952s] writing manifest file '../../build/gps_publisher/gps_publisher.egg-info/SOURCES.txt'
[3.012s] reading manifest file '../../build/gps_publisher/gps_publisher.egg-info/SOURCES.txt'
[3.013s] writing manifest file '../../build/gps_publisher/gps_publisher.egg-info/SOURCES.txt'
[3.013s] running build
[3.013s] running build_py
[3.014s] creating /home/pimpmobile/ros2_ws/build/gps_publisher/build
[3.014s] creating /home/pimpmobile/ros2_ws/build/gps_publisher/build/lib
[3.014s] creating /home/pimpmobile/ros2_ws/build/gps_publisher/build/lib/gps_publisher
[3.014s] copying gps_publisher/__init__.py -> /home/pimpmobile/ros2_ws/build/gps_publisher/build/lib/gps_publisher
[3.014s] copying gps_publisher/gps.py -> /home/pimpmobile/ros2_ws/build/gps_publisher/build/lib/gps_publisher
[3.015s] running install
[3.016s] running install_lib
[3.018s] creating /home/pimpmobile/ros2_ws/install/gps_publisher/lib/python3.8/site-packages/gps_publisher
[3.018s] copying /home/pimpmobile/ros2_ws/build/gps_publisher/build/lib/gps_publisher/__init__.py -> /home/pimpmobile/ros2_ws/install/gps_publisher/lib/python3.8/site-packages/gps_publisher
[3.018s] copying /home/pimpmobile/ros2_ws/build/gps_publisher/build/lib/gps_publisher/gps.py -> /home/pimpmobile/ros2_ws/install/gps_publisher/lib/python3.8/site-packages/gps_publisher
[3.019s] byte-compiling /home/pimpmobile/ros2_ws/install/gps_publisher/lib/python3.8/site-packages/gps_publisher/__init__.py to __init__.cpython-38.pyc
[3.022s] byte-compiling /home/pimpmobile/ros2_ws/install/gps_publisher/lib/python3.8/site-packages/gps_publisher/gps.py to gps.cpython-38.pyc
[3.023s] running install_data
[3.024s] creating /home/pimpmobile/ros2_ws/install/gps_publisher/share/ament_index
[3.024s] creating /home/pimpmobile/ros2_ws/install/gps_publisher/share/ament_index/resource_index
[3.025s] creating /home/pimpmobile/ros2_ws/install/gps_publisher/share/ament_index/resource_index/packages
[3.025s] copying resource/gps_publisher -> /home/pimpmobile/ros2_ws/install/gps_publisher/share/ament_index/resource_index/packages
[3.025s] copying package.xml -> /home/pimpmobile/ros2_ws/install/gps_publisher/share/gps_publisher
[3.025s] running install_egg_info
[3.028s] Copying ../../build/gps_publisher/gps_publisher.egg-info to /home/pimpmobile/ros2_ws/install/gps_publisher/lib/python3.8/site-packages/gps_publisher-0.0.0-py3.8.egg-info
[3.030s] running install_scripts
[3.064s] Installing gps script to /home/pimpmobile/ros2_ws/install/gps_publisher/lib/gps_publisher
[3.065s] writing list of installed files to '/home/pimpmobile/ros2_ws/build/gps_publisher/install.log'
[3.119s] Invoked command in '/home/pimpmobile/ros2_ws/src/gps_publisher' returned '0': PYTHONPATH=/home/pimpmobile/ros2_ws/build/gps_publisher/prefix_override:/home/pimpmobile/ros2_ws/install/gps_publisher/lib/python3.8/site-packages:${PYTHONPATH} /usr/bin/python3 setup.py egg_info --egg-base ../../build/gps_publisher build --build-base /home/pimpmobile/ros2_ws/build/gps_publisher/build install --record /home/pimpmobile/ros2_ws/build/gps_publisher/install.log --install-scripts $base/lib/gps_publisher --single-version-externally-managed
