[13.298s] DEBUG:colcon:Command line arguments: ['/usr/bin/colcon', 'build', '--packages-select', 'master']
[13.299s] DEBUG:colcon:Parsed command line arguments: Namespace(allow_overriding=[], ament_cmake_args=None, base_paths=['.'], build_base='build', catkin_cmake_args=None, catkin_skip_building_tests=False, cmake_args=None, cmake_clean_cache=False, cmake_clean_first=False, cmake_force_configure=False, cmake_target=None, cmake_target_skip_unavailable=False, continue_on_error=False, event_handlers=None, executor='parallel', ignore_user_meta=False, install_base='install', log_base=None, log_level=None, main=<bound method BuildVerb.main of <colcon_core.verb.build.BuildVerb object at 0xffff998a6f10>>, merge_install=False, metas=['./colcon.meta'], packages_above=None, packages_above_and_dependencies=None, packages_above_depth=None, packages_end=None, packages_ignore=None, packages_ignore_regex=None, packages_select=['master'], packages_select_build_failed=False, packages_select_by_dep=None, packages_select_regex=None, packages_select_test_failures=False, packages_skip=None, packages_skip_build_finished=False, packages_skip_by_dep=None, packages_skip_regex=None, packages_skip_test_passed=False, packages_skip_up_to=None, packages_start=None, packages_up_to=None, packages_up_to_regex=None, parallel_workers=6, paths=None, symlink_install=False, test_result_base=None, verb_extension=<colcon_core.verb.build.BuildVerb object at 0xffff998a6f10>, verb_name='build', verb_parser=<colcon_defaults.argument_parser.defaults.DefaultArgumentsDecorator object at 0xffff998b6460>)
[13.869s] Level 1:colcon.colcon_core.package_discovery:discover_packages(colcon_meta) check parameters
[13.870s] Level 1:colcon.colcon_core.package_discovery:discover_packages(recursive) check parameters
[13.870s] Level 1:colcon.colcon_core.package_discovery:discover_packages(ignore) check parameters
[13.870s] Level 1:colcon.colcon_core.package_discovery:discover_packages(path) check parameters
[13.870s] Level 1:colcon.colcon_core.package_discovery:discover_packages(colcon_meta) discover
[13.870s] Level 1:colcon.colcon_core.package_discovery:discover_packages(recursive) discover
[13.870s] INFO:colcon.colcon_core.package_discovery:Crawling recursively for packages in '/home/pimpmobile/ros2_ws'
[13.870s] Level 1:colcon.colcon_core.package_identification:_identify(.) by extensions ['ignore', 'ignore_ament_install']
[13.871s] Level 1:colcon.colcon_core.package_identification:_identify(.) by extension 'ignore'
[13.871s] Level 1:colcon.colcon_core.package_identification:_identify(.) by extension 'ignore_ament_install'
[13.871s] Level 1:colcon.colcon_core.package_identification:_identify(.) by extensions ['colcon_pkg']
[13.871s] Level 1:colcon.colcon_core.package_identification:_identify(.) by extension 'colcon_pkg'
[13.871s] Level 1:colcon.colcon_core.package_identification:_identify(.) by extensions ['colcon_meta']
[13.871s] Level 1:colcon.colcon_core.package_identification:_identify(.) by extension 'colcon_meta'
[13.871s] Level 1:colcon.colcon_core.package_identification:_identify(.) by extensions ['ros']
[13.871s] Level 1:colcon.colcon_core.package_identification:_identify(.) by extension 'ros'
[13.899s] Level 1:colcon.colcon_core.package_identification:_identify(.) by extensions ['cmake', 'python']
[13.899s] Level 1:colcon.colcon_core.package_identification:_identify(.) by extension 'cmake'
[13.899s] Level 1:colcon.colcon_core.package_identification:_identify(.) by extension 'python'
[13.899s] Level 1:colcon.colcon_core.package_identification:_identify(.) by extensions ['python_setup_py']
[13.899s] Level 1:colcon.colcon_core.package_identification:_identify(.) by extension 'python_setup_py'
[13.900s] Level 1:colcon.colcon_core.package_identification:_identify(build) by extensions ['ignore', 'ignore_ament_install']
[13.900s] Level 1:colcon.colcon_core.package_identification:_identify(build) by extension 'ignore'
[13.900s] Level 1:colcon.colcon_core.package_identification:_identify(build) ignored
[13.900s] Level 1:colcon.colcon_core.package_identification:_identify(install) by extensions ['ignore', 'ignore_ament_install']
[13.901s] Level 1:colcon.colcon_core.package_identification:_identify(install) by extension 'ignore'
[13.901s] Level 1:colcon.colcon_core.package_identification:_identify(install) ignored
[13.901s] Level 1:colcon.colcon_core.package_identification:_identify(log) by extensions ['ignore', 'ignore_ament_install']
[13.901s] Level 1:colcon.colcon_core.package_identification:_identify(log) by extension 'ignore'
[13.902s] Level 1:colcon.colcon_core.package_identification:_identify(log) ignored
[13.902s] Level 1:colcon.colcon_core.package_identification:_identify(src) by extensions ['ignore', 'ignore_ament_install']
[13.902s] Level 1:colcon.colcon_core.package_identification:_identify(src) by extension 'ignore'
[13.902s] Level 1:colcon.colcon_core.package_identification:_identify(src) by extension 'ignore_ament_install'
[13.902s] Level 1:colcon.colcon_core.package_identification:_identify(src) by extensions ['colcon_pkg']
[13.902s] Level 1:colcon.colcon_core.package_identification:_identify(src) by extension 'colcon_pkg'
[13.902s] Level 1:colcon.colcon_core.package_identification:_identify(src) by extensions ['colcon_meta']
[13.902s] Level 1:colcon.colcon_core.package_identification:_identify(src) by extension 'colcon_meta'
[13.902s] Level 1:colcon.colcon_core.package_identification:_identify(src) by extensions ['ros']
[13.903s] Level 1:colcon.colcon_core.package_identification:_identify(src) by extension 'ros'
[13.903s] Level 1:colcon.colcon_core.package_identification:_identify(src) by extensions ['cmake', 'python']
[13.903s] Level 1:colcon.colcon_core.package_identification:_identify(src) by extension 'cmake'
[13.903s] Level 1:colcon.colcon_core.package_identification:_identify(src) by extension 'python'
[13.903s] Level 1:colcon.colcon_core.package_identification:_identify(src) by extensions ['python_setup_py']
[13.903s] Level 1:colcon.colcon_core.package_identification:_identify(src) by extension 'python_setup_py'
[13.903s] Level 1:colcon.colcon_core.package_identification:_identify(src/build) by extensions ['ignore', 'ignore_ament_install']
[13.903s] Level 1:colcon.colcon_core.package_identification:_identify(src/build) by extension 'ignore'
[13.903s] Level 1:colcon.colcon_core.package_identification:_identify(src/build) ignored
[13.904s] Level 1:colcon.colcon_core.package_identification:_identify(src/gps_publisher) by extensions ['ignore', 'ignore_ament_install']
[13.904s] Level 1:colcon.colcon_core.package_identification:_identify(src/gps_publisher) by extension 'ignore'
[13.904s] Level 1:colcon.colcon_core.package_identification:_identify(src/gps_publisher) by extension 'ignore_ament_install'
[13.904s] Level 1:colcon.colcon_core.package_identification:_identify(src/gps_publisher) by extensions ['colcon_pkg']
[13.904s] Level 1:colcon.colcon_core.package_identification:_identify(src/gps_publisher) by extension 'colcon_pkg'
[13.904s] Level 1:colcon.colcon_core.package_identification:_identify(src/gps_publisher) by extensions ['colcon_meta']
[13.904s] Level 1:colcon.colcon_core.package_identification:_identify(src/gps_publisher) by extension 'colcon_meta'
[13.904s] Level 1:colcon.colcon_core.package_identification:_identify(src/gps_publisher) by extensions ['ros']
[13.904s] Level 1:colcon.colcon_core.package_identification:_identify(src/gps_publisher) by extension 'ros'
[13.909s] DEBUG:colcon.colcon_core.package_identification:Package 'src/gps_publisher' with type 'ros.ament_python' and name 'gps_publisher'
[13.910s] Level 1:colcon.colcon_core.package_identification:_identify(src/install) by extensions ['ignore', 'ignore_ament_install']
[13.910s] Level 1:colcon.colcon_core.package_identification:_identify(src/install) by extension 'ignore'
[13.910s] Level 1:colcon.colcon_core.package_identification:_identify(src/install) ignored
[13.910s] Level 1:colcon.colcon_core.package_identification:_identify(src/lidar) by extensions ['ignore', 'ignore_ament_install']
[13.910s] Level 1:colcon.colcon_core.package_identification:_identify(src/lidar) by extension 'ignore'
[13.911s] Level 1:colcon.colcon_core.package_identification:_identify(src/lidar) by extension 'ignore_ament_install'
[13.911s] Level 1:colcon.colcon_core.package_identification:_identify(src/lidar) by extensions ['colcon_pkg']
[13.911s] Level 1:colcon.colcon_core.package_identification:_identify(src/lidar) by extension 'colcon_pkg'
[13.911s] Level 1:colcon.colcon_core.package_identification:_identify(src/lidar) by extensions ['colcon_meta']
[13.911s] Level 1:colcon.colcon_core.package_identification:_identify(src/lidar) by extension 'colcon_meta'
[13.911s] Level 1:colcon.colcon_core.package_identification:_identify(src/lidar) by extensions ['ros']
[13.911s] Level 1:colcon.colcon_core.package_identification:_identify(src/lidar) by extension 'ros'
[13.912s] DEBUG:colcon.colcon_core.package_identification:Package 'src/lidar' with type 'ros.ament_python' and name 'lidar'
[13.912s] Level 1:colcon.colcon_core.package_identification:_identify(src/log) by extensions ['ignore', 'ignore_ament_install']
[13.912s] Level 1:colcon.colcon_core.package_identification:_identify(src/log) by extension 'ignore'
[13.913s] Level 1:colcon.colcon_core.package_identification:_identify(src/log) ignored
[13.913s] Level 1:colcon.colcon_core.package_identification:_identify(src/master) by extensions ['ignore', 'ignore_ament_install']
[13.913s] Level 1:colcon.colcon_core.package_identification:_identify(src/master) by extension 'ignore'
[13.913s] Level 1:colcon.colcon_core.package_identification:_identify(src/master) by extension 'ignore_ament_install'
[13.913s] Level 1:colcon.colcon_core.package_identification:_identify(src/master) by extensions ['colcon_pkg']
[13.913s] Level 1:colcon.colcon_core.package_identification:_identify(src/master) by extension 'colcon_pkg'
[13.913s] Level 1:colcon.colcon_core.package_identification:_identify(src/master) by extensions ['colcon_meta']
[13.913s] Level 1:colcon.colcon_core.package_identification:_identify(src/master) by extension 'colcon_meta'
[13.914s] Level 1:colcon.colcon_core.package_identification:_identify(src/master) by extensions ['ros']
[13.914s] Level 1:colcon.colcon_core.package_identification:_identify(src/master) by extension 'ros'
[13.915s] DEBUG:colcon.colcon_core.package_identification:Package 'src/master' with type 'ros.ament_python' and name 'master'
[13.915s] Level 1:colcon.colcon_core.package_identification:_identify(src/ros_tutorials) by extensions ['ignore', 'ignore_ament_install']
[13.915s] Level 1:colcon.colcon_core.package_identification:_identify(src/ros_tutorials) by extension 'ignore'
[13.915s] Level 1:colcon.colcon_core.package_identification:_identify(src/ros_tutorials) by extension 'ignore_ament_install'
[13.915s] Level 1:colcon.colcon_core.package_identification:_identify(src/ros_tutorials) by extensions ['colcon_pkg']
[13.915s] Level 1:colcon.colcon_core.package_identification:_identify(src/ros_tutorials) by extension 'colcon_pkg'
[13.915s] Level 1:colcon.colcon_core.package_identification:_identify(src/ros_tutorials) by extensions ['colcon_meta']
[13.915s] Level 1:colcon.colcon_core.package_identification:_identify(src/ros_tutorials) by extension 'colcon_meta'
[13.916s] Level 1:colcon.colcon_core.package_identification:_identify(src/ros_tutorials) by extensions ['ros']
[13.916s] Level 1:colcon.colcon_core.package_identification:_identify(src/ros_tutorials) by extension 'ros'
[13.916s] Level 1:colcon.colcon_core.package_identification:_identify(src/ros_tutorials) by extensions ['cmake', 'python']
[13.916s] Level 1:colcon.colcon_core.package_identification:_identify(src/ros_tutorials) by extension 'cmake'
[13.916s] Level 1:colcon.colcon_core.package_identification:_identify(src/ros_tutorials) by extension 'python'
[13.916s] Level 1:colcon.colcon_core.package_identification:_identify(src/ros_tutorials) by extensions ['python_setup_py']
[13.916s] Level 1:colcon.colcon_core.package_identification:_identify(src/ros_tutorials) by extension 'python_setup_py'
[13.916s] Level 1:colcon.colcon_core.package_identification:_identify(src/ros_tutorials/ros_tutorials) by extensions ['ignore', 'ignore_ament_install']
[13.916s] Level 1:colcon.colcon_core.package_identification:_identify(src/ros_tutorials/ros_tutorials) by extension 'ignore'
[13.917s] Level 1:colcon.colcon_core.package_identification:_identify(src/ros_tutorials/ros_tutorials) ignored
[13.917s] Level 1:colcon.colcon_core.package_identification:_identify(src/ros_tutorials/roscpp_tutorials) by extensions ['ignore', 'ignore_ament_install']
[13.917s] Level 1:colcon.colcon_core.package_identification:_identify(src/ros_tutorials/roscpp_tutorials) by extension 'ignore'
[13.917s] Level 1:colcon.colcon_core.package_identification:_identify(src/ros_tutorials/roscpp_tutorials) ignored
[13.917s] Level 1:colcon.colcon_core.package_identification:_identify(src/ros_tutorials/rospy_tutorials) by extensions ['ignore', 'ignore_ament_install']
[13.918s] Level 1:colcon.colcon_core.package_identification:_identify(src/ros_tutorials/rospy_tutorials) by extension 'ignore'
[13.918s] Level 1:colcon.colcon_core.package_identification:_identify(src/ros_tutorials/rospy_tutorials) ignored
[13.918s] Level 1:colcon.colcon_core.package_identification:_identify(src/ros_tutorials/turtlesim) by extensions ['ignore', 'ignore_ament_install']
[13.918s] Level 1:colcon.colcon_core.package_identification:_identify(src/ros_tutorials/turtlesim) by extension 'ignore'
[13.918s] Level 1:colcon.colcon_core.package_identification:_identify(src/ros_tutorials/turtlesim) by extension 'ignore_ament_install'
[13.918s] Level 1:colcon.colcon_core.package_identification:_identify(src/ros_tutorials/turtlesim) by extensions ['colcon_pkg']
[13.918s] Level 1:colcon.colcon_core.package_identification:_identify(src/ros_tutorials/turtlesim) by extension 'colcon_pkg'
[13.918s] Level 1:colcon.colcon_core.package_identification:_identify(src/ros_tutorials/turtlesim) by extensions ['colcon_meta']
[13.918s] Level 1:colcon.colcon_core.package_identification:_identify(src/ros_tutorials/turtlesim) by extension 'colcon_meta'
[13.919s] Level 1:colcon.colcon_core.package_identification:_identify(src/ros_tutorials/turtlesim) by extensions ['ros']
[13.919s] Level 1:colcon.colcon_core.package_identification:_identify(src/ros_tutorials/turtlesim) by extension 'ros'
[13.921s] DEBUG:colcon.colcon_core.package_identification:Package 'src/ros_tutorials/turtlesim' with type 'ros.ament_cmake' and name 'turtlesim'
[13.921s] Level 1:colcon.colcon_core.package_identification:_identify(src/slam) by extensions ['ignore', 'ignore_ament_install']
[13.921s] Level 1:colcon.colcon_core.package_identification:_identify(src/slam) by extension 'ignore'
[13.921s] Level 1:colcon.colcon_core.package_identification:_identify(src/slam) by extension 'ignore_ament_install'
[13.921s] Level 1:colcon.colcon_core.package_identification:_identify(src/slam) by extensions ['colcon_pkg']
[13.921s] Level 1:colcon.colcon_core.package_identification:_identify(src/slam) by extension 'colcon_pkg'
[13.922s] Level 1:colcon.colcon_core.package_identification:_identify(src/slam) by extensions ['colcon_meta']
[13.922s] Level 1:colcon.colcon_core.package_identification:_identify(src/slam) by extension 'colcon_meta'
[13.922s] Level 1:colcon.colcon_core.package_identification:_identify(src/slam) by extensions ['ros']
[13.922s] Level 1:colcon.colcon_core.package_identification:_identify(src/slam) by extension 'ros'
[13.923s] DEBUG:colcon.colcon_core.package_identification:Package 'src/slam' with type 'ros.ament_python' and name 'slam'
[13.923s] Level 1:colcon.colcon_core.package_identification:_identify(src/teleop_pm) by extensions ['ignore', 'ignore_ament_install']
[13.923s] Level 1:colcon.colcon_core.package_identification:_identify(src/teleop_pm) by extension 'ignore'
[13.923s] Level 1:colcon.colcon_core.package_identification:_identify(src/teleop_pm) by extension 'ignore_ament_install'
[13.923s] Level 1:colcon.colcon_core.package_identification:_identify(src/teleop_pm) by extensions ['colcon_pkg']
[13.923s] Level 1:colcon.colcon_core.package_identification:_identify(src/teleop_pm) by extension 'colcon_pkg'
[13.923s] Level 1:colcon.colcon_core.package_identification:_identify(src/teleop_pm) by extensions ['colcon_meta']
[13.924s] Level 1:colcon.colcon_core.package_identification:_identify(src/teleop_pm) by extension 'colcon_meta'
[13.924s] Level 1:colcon.colcon_core.package_identification:_identify(src/teleop_pm) by extensions ['ros']
[13.924s] Level 1:colcon.colcon_core.package_identification:_identify(src/teleop_pm) by extension 'ros'
[13.925s] DEBUG:colcon.colcon_core.package_identification:Package 'src/teleop_pm' with type 'ros.ament_python' and name 'teleop_pm'
[13.925s] Level 1:colcon.colcon_core.package_discovery:discover_packages(recursive) using defaults
[13.925s] Level 1:colcon.colcon_core.package_discovery:discover_packages(ignore) discover
[13.925s] Level 1:colcon.colcon_core.package_discovery:discover_packages(ignore) using defaults
[13.925s] Level 1:colcon.colcon_core.package_discovery:discover_packages(path) discover
[13.925s] Level 1:colcon.colcon_core.package_discovery:discover_packages(path) using defaults
[14.642s] INFO:colcon.colcon_core.package_selection:Skipping not selected package 'gps_publisher' in 'src/gps_publisher'
[14.643s] INFO:colcon.colcon_core.package_selection:Skipping not selected package 'lidar' in 'src/lidar'
[14.643s] INFO:colcon.colcon_core.package_selection:Skipping not selected package 'slam' in 'src/slam'
[14.643s] INFO:colcon.colcon_core.package_selection:Skipping not selected package 'turtlesim' in 'src/ros_tutorials/turtlesim'
[14.643s] INFO:colcon.colcon_core.package_selection:Skipping not selected package 'teleop_pm' in 'src/teleop_pm'
[15.095s] Level 1:colcon.colcon_core.package_discovery:discover_packages(prefix_path) check parameters
[15.095s] Level 1:colcon.colcon_core.package_discovery:discover_packages(prefix_path) discover
[15.323s] WARNING:colcon.colcon_ros.prefix_path.ament:The path '/home/pimpmobile/ros2_ws/install/odometry' in the environment variable AMENT_PREFIX_PATH doesn't exist
[15.556s] DEBUG:colcon.colcon_installed_package_information.package_discovery:Found 1 installed packages in /home/pimpmobile/ldlidar_ros2_ws/install
[15.780s] DEBUG:colcon.colcon_installed_package_information.package_discovery:Found 6 installed packages in /home/pimpmobile/ros2_ws/install
[16.008s] DEBUG:colcon.colcon_installed_package_information.package_discovery:Found 276 installed packages in /opt/ros/foxy
[16.012s] Level 1:colcon.colcon_core.package_discovery:discover_packages(prefix_path) using defaults
[16.561s] Level 5:colcon.colcon_core.verb:set package 'master' build argument 'cmake_args' from command line to 'None'
[16.561s] Level 5:colcon.colcon_core.verb:set package 'master' build argument 'cmake_target' from command line to 'None'
[16.561s] Level 5:colcon.colcon_core.verb:set package 'master' build argument 'cmake_target_skip_unavailable' from command line to 'False'
[16.561s] Level 5:colcon.colcon_core.verb:set package 'master' build argument 'cmake_clean_cache' from command line to 'False'
[16.561s] Level 5:colcon.colcon_core.verb:set package 'master' build argument 'cmake_clean_first' from command line to 'False'
[16.561s] Level 5:colcon.colcon_core.verb:set package 'master' build argument 'cmake_force_configure' from command line to 'False'
[16.562s] Level 5:colcon.colcon_core.verb:set package 'master' build argument 'ament_cmake_args' from command line to 'None'
[16.562s] Level 5:colcon.colcon_core.verb:set package 'master' build argument 'catkin_cmake_args' from command line to 'None'
[16.562s] Level 5:colcon.colcon_core.verb:set package 'master' build argument 'catkin_skip_building_tests' from command line to 'False'
[16.562s] DEBUG:colcon.colcon_core.verb:Building package 'master' with the following arguments: {'ament_cmake_args': None, 'build_base': '/home/pimpmobile/ros2_ws/build/master', 'catkin_cmake_args': None, 'catkin_skip_building_tests': False, 'cmake_args': None, 'cmake_clean_cache': False, 'cmake_clean_first': False, 'cmake_force_configure': False, 'cmake_target': None, 'cmake_target_skip_unavailable': False, 'install_base': '/home/pimpmobile/ros2_ws/install/master', 'merge_install': False, 'path': '/home/pimpmobile/ros2_ws/src/master', 'symlink_install': False, 'test_result_base': None}
[16.787s] INFO:colcon.colcon_core.executor:Executing jobs using 'parallel' executor
[17.012s] DEBUG:colcon.colcon_parallel_executor.executor.parallel:run_until_complete
[17.013s] INFO:colcon.colcon_ros.task.ament_python.build:Building ROS package in '/home/pimpmobile/ros2_ws/src/master' with build type 'ament_python'
[17.013s] Level 1:colcon.colcon_core.shell:create_environment_hook('master', 'ament_prefix_path')
[17.259s] INFO:colcon.colcon_core.plugin_system:Skipping extension 'colcon_core.shell.bat': Not used on non-Windows systems
[17.260s] INFO:colcon.colcon_core.shell:Creating environment hook '/home/pimpmobile/ros2_ws/install/master/share/master/hook/ament_prefix_path.ps1'
[17.262s] INFO:colcon.colcon_core.shell:Creating environment descriptor '/home/pimpmobile/ros2_ws/install/master/share/master/hook/ament_prefix_path.dsv'
[17.262s] INFO:colcon.colcon_core.shell:Creating environment hook '/home/pimpmobile/ros2_ws/install/master/share/master/hook/ament_prefix_path.sh'
[17.494s] INFO:colcon.colcon_core.shell:Skip shell extension 'powershell' for command environment: Not usable outside of PowerShell
[17.494s] DEBUG:colcon.colcon_core.shell:Skip shell extension 'dsv' for command environment
[18.869s] INFO:colcon.colcon_core.task.python.build:Building Python package in '/home/pimpmobile/ros2_ws/src/master'
[19.102s] INFO:colcon.colcon_core.shell:Skip shell extension 'powershell' for command environment: Not usable outside of PowerShell
[19.102s] DEBUG:colcon.colcon_core.shell:Skip shell extension 'dsv' for command environment
[21.418s] DEBUG:colcon.colcon_core.event_handler.log_command:Invoking command in '/home/pimpmobile/ros2_ws/src/master': PYTHONPATH=/home/pimpmobile/ros2_ws/build/master/prefix_override:/home/pimpmobile/ros2_ws/install/master/lib/python3.8/site-packages:${PYTHONPATH} /usr/bin/python3 setup.py egg_info --egg-base ../../build/master build --build-base /home/pimpmobile/ros2_ws/build/master/build install --record /home/pimpmobile/ros2_ws/build/master/install.log --install-scripts $base/lib/master --single-version-externally-managed
[22.544s] DEBUG:colcon.colcon_core.event_handler.log_command:Invoked command in '/home/pimpmobile/ros2_ws/src/master' returned '0': PYTHONPATH=/home/pimpmobile/ros2_ws/build/master/prefix_override:/home/pimpmobile/ros2_ws/install/master/lib/python3.8/site-packages:${PYTHONPATH} /usr/bin/python3 setup.py egg_info --egg-base ../../build/master build --build-base /home/pimpmobile/ros2_ws/build/master/build install --record /home/pimpmobile/ros2_ws/build/master/install.log --install-scripts $base/lib/master --single-version-externally-managed
[22.798s] Level 1:colcon.colcon_core.environment:checking '/home/pimpmobile/ros2_ws/install/master' for CMake module files
[22.798s] Level 1:colcon.colcon_core.environment:checking '/home/pimpmobile/ros2_ws/install/master' for CMake config files
[22.800s] Level 1:colcon.colcon_core.environment:checking '/home/pimpmobile/ros2_ws/install/master/lib'
[22.801s] Level 1:colcon.colcon_core.environment:checking '/home/pimpmobile/ros2_ws/install/master/bin'
[22.801s] Level 1:colcon.colcon_core.environment:checking '/home/pimpmobile/ros2_ws/install/master/lib/pkgconfig/master.pc'
[22.801s] Level 1:colcon.colcon_core.environment:checking '/home/pimpmobile/ros2_ws/install/master/lib/python3.8/site-packages'
[22.802s] Level 1:colcon.colcon_core.shell:create_environment_hook('master', 'pythonpath')
[23.030s] INFO:colcon.colcon_core.shell:Creating environment hook '/home/pimpmobile/ros2_ws/install/master/share/master/hook/pythonpath.ps1'
[23.031s] INFO:colcon.colcon_core.shell:Creating environment descriptor '/home/pimpmobile/ros2_ws/install/master/share/master/hook/pythonpath.dsv'
[23.032s] INFO:colcon.colcon_core.shell:Creating environment hook '/home/pimpmobile/ros2_ws/install/master/share/master/hook/pythonpath.sh'
[23.033s] Level 1:colcon.colcon_core.environment:checking '/home/pimpmobile/ros2_ws/install/master/bin'
[23.033s] Level 1:colcon.colcon_core.environment:create_environment_scripts_only(master)
[23.260s] INFO:colcon.colcon_core.shell:Creating package script '/home/pimpmobile/ros2_ws/install/master/share/master/package.ps1'
[23.262s] INFO:colcon.colcon_core.shell:Creating package descriptor '/home/pimpmobile/ros2_ws/install/master/share/master/package.dsv'
[23.263s] INFO:colcon.colcon_core.shell:Creating package script '/home/pimpmobile/ros2_ws/install/master/share/master/package.sh'
[23.264s] INFO:colcon.colcon_core.shell:Creating package script '/home/pimpmobile/ros2_ws/install/master/share/master/package.bash'
[23.266s] INFO:colcon.colcon_core.shell:Creating package script '/home/pimpmobile/ros2_ws/install/master/share/master/package.zsh'
[23.267s] Level 1:colcon.colcon_core.environment:create_file_with_runtime_dependencies(/home/pimpmobile/ros2_ws/install/master/share/colcon-core/packages/master)
[23.268s] DEBUG:colcon.colcon_parallel_executor.executor.parallel:closing loop
[23.268s] DEBUG:colcon.colcon_parallel_executor.executor.parallel:loop closed
[23.269s] DEBUG:colcon.colcon_parallel_executor.executor.parallel:run_until_complete finished with '0'
[23.269s] DEBUG:colcon.colcon_core.event_reactor:joining thread
[23.527s] INFO:colcon.colcon_core.plugin_system:Skipping extension 'colcon_notification.desktop_notification.terminal_notifier': Not used on non-Darwin systems
[23.528s] INFO:colcon.colcon_core.plugin_system:Skipping extension 'colcon_notification.desktop_notification.win32': Not used on non-Windows systems
[23.528s] INFO:colcon.colcon_notification.desktop_notification:Sending desktop notification using 'notify2'
[23.568s] DEBUG:colcon.colcon_core.event_reactor:joined thread
[23.796s] INFO:colcon.colcon_core.shell:Creating prefix script '/home/pimpmobile/ros2_ws/install/local_setup.ps1'
[23.798s] INFO:colcon.colcon_core.shell:Creating prefix util module '/home/pimpmobile/ros2_ws/install/_local_setup_util_ps1.py'
[23.800s] INFO:colcon.colcon_core.shell:Creating prefix chain script '/home/pimpmobile/ros2_ws/install/setup.ps1'
[24.028s] INFO:colcon.colcon_core.shell:Creating prefix script '/home/pimpmobile/ros2_ws/install/local_setup.sh'
[24.029s] INFO:colcon.colcon_core.shell:Creating prefix util module '/home/pimpmobile/ros2_ws/install/_local_setup_util_sh.py'
[24.030s] INFO:colcon.colcon_core.shell:Creating prefix chain script '/home/pimpmobile/ros2_ws/install/setup.sh'
[24.258s] INFO:colcon.colcon_core.shell:Creating prefix script '/home/pimpmobile/ros2_ws/install/local_setup.bash'
[24.259s] INFO:colcon.colcon_core.shell:Creating prefix chain script '/home/pimpmobile/ros2_ws/install/setup.bash'
[24.486s] INFO:colcon.colcon_core.shell:Creating prefix script '/home/pimpmobile/ros2_ws/install/local_setup.zsh'
[24.487s] INFO:colcon.colcon_core.shell:Creating prefix chain script '/home/pimpmobile/ros2_ws/install/setup.zsh'
