[3.050s] Invoking command in '/home/pimpmobile/ros2_ws/src/master': PYTHONPATH=/home/pimpmobile/ros2_ws/build/master/prefix_override:/usr/lib/python3/dist-packages/colcon_core/task/python/colcon_distutils_commands:/home/pimpmobile/ros2_ws/install/master/lib/python3.10/site-packages:${PYTHONPATH} /usr/bin/python3 -W ignore:setup.py install is deprecated setup.py egg_info --egg-base ../../build/master build --build-base /home/pimpmobile/ros2_ws/build/master/build install --record /home/pimpmobile/ros2_ws/build/master/install.log --install-scripts $base/lib/master --single-version-externally-managed install_data
[3.519s] /usr/lib/python3/dist-packages/setuptools/dist.py:723: UserWarning: Usage of dash-separated 'script-dir' will not be supported in future versions. Please use the underscore name 'script_dir' instead
[3.519s]   warnings.warn(
[3.537s] running egg_info
[3.538s] writing ../../build/master/master.egg-info/PKG-INFO
[3.541s] writing dependency_links to ../../build/master/master.egg-info/dependency_links.txt
[3.542s] writing entry points to ../../build/master/master.egg-info/entry_points.txt
[3.542s] writing requirements to ../../build/master/master.egg-info/requires.txt
[3.543s] writing top-level names to ../../build/master/master.egg-info/top_level.txt
[3.545s] reading manifest file '../../build/master/master.egg-info/SOURCES.txt'
[3.548s] writing manifest file '../../build/master/master.egg-info/SOURCES.txt'
[3.549s] running build
[3.549s] running build_py
[3.550s] copying master/gstreamer_host.py -> /home/pimpmobile/ros2_ws/build/master/build/lib/master
[3.550s] running install
[3.550s] running install_lib
[3.551s] copying /home/pimpmobile/ros2_ws/build/master/build/lib/master/gstreamer_host.py -> /home/pimpmobile/ros2_ws/install/master/lib/python3.10/site-packages/master
[3.553s] byte-compiling /home/pimpmobile/ros2_ws/install/master/lib/python3.10/site-packages/master/gstreamer_host.py to gstreamer_host.cpython-310.pyc
[3.555s] running install_data
[3.555s] running install_egg_info
[3.560s] removing '/home/pimpmobile/ros2_ws/install/master/lib/python3.10/site-packages/master-0.0.0-py3.10.egg-info' (and everything under it)
[3.560s] Copying ../../build/master/master.egg-info to /home/pimpmobile/ros2_ws/install/master/lib/python3.10/site-packages/master-0.0.0-py3.10.egg-info
[3.562s] running install_scripts
[3.609s] Installing master script to /home/pimpmobile/ros2_ws/install/master/lib/master
[3.610s] writing list of installed files to '/home/pimpmobile/ros2_ws/build/master/install.log'
[3.788s] Invoked command in '/home/pimpmobile/ros2_ws/src/master' returned '0': PYTHONPATH=/home/pimpmobile/ros2_ws/build/master/prefix_override:/usr/lib/python3/dist-packages/colcon_core/task/python/colcon_distutils_commands:/home/pimpmobile/ros2_ws/install/master/lib/python3.10/site-packages:${PYTHONPATH} /usr/bin/python3 -W ignore:setup.py install is deprecated setup.py egg_info --egg-base ../../build/master build --build-base /home/pimpmobile/ros2_ws/build/master/build install --record /home/pimpmobile/ros2_ws/build/master/install.log --install-scripts $base/lib/master --single-version-externally-managed install_data
