[2.054s] Invoking command in '/home/pimpmobile/ros2_ws/src/master': PYTHONPATH=/home/pimpmobile/ros2_ws/build/master/prefix_override:/usr/lib/python3/dist-packages/colcon_core/task/python/colcon_distutils_commands:/home/pimpmobile/ros2_ws/install/master/lib/python3.8/site-packages:${PYTHONPATH} /usr/bin/python3 -W ignore:setup.py install is deprecated setup.py egg_info --egg-base ../../build/master build --build-base /home/pimpmobile/ros2_ws/build/master/build install --record /home/pimpmobile/ros2_ws/build/master/install.log --install-scripts $base/lib/master --single-version-externally-managed install_data
[2.335s] /home/pimpmobile/.local/lib/python3.8/site-packages/setuptools/dist.py:472: SetuptoolsDeprecationWarning: Invalid dash-separated options
[2.335s] !!
[2.336s] 
[2.336s]         ********************************************************************************
[2.336s]         Usage of dash-separated 'script-dir' will not be supported in future
[2.336s]         versions. Please use the underscore name 'script_dir' instead.
[2.336s] 
[2.336s]         By 2024-Sep-26, you need to update your project and remove deprecated calls
[2.336s]         or your builds will no longer be supported.
[2.337s] 
[2.337s]         See https://setuptools.pypa.io/en/latest/userguide/declarative_config.html for details.
[2.337s]         ********************************************************************************
[2.337s] 
[2.337s] !!
[2.337s]   opt = self.warn_dash_deprecation(opt, section)
[2.648s] running egg_info
[2.687s] writing ../../build/master/master.egg-info/PKG-INFO
[2.688s] writing dependency_links to ../../build/master/master.egg-info/dependency_links.txt
[2.688s] writing entry points to ../../build/master/master.egg-info/entry_points.txt
[2.689s] writing requirements to ../../build/master/master.egg-info/requires.txt
[2.689s] writing top-level names to ../../build/master/master.egg-info/top_level.txt
[3.949s] writing manifest file '../../build/master/master.egg-info/SOURCES.txt'
[3.950s] running build
[3.950s] running build_py
[3.951s] copying master/stanley_controller.py -> /home/pimpmobile/ros2_ws/build/master/build/lib/master
[3.951s] copying master/__init__.py -> /home/pimpmobile/ros2_ws/build/master/build/lib/master
[3.951s] copying master/gstreamer_host.py -> /home/pimpmobile/ros2_ws/build/master/build/lib/master
[3.952s] copying master/master_code.py -> /home/pimpmobile/ros2_ws/build/master/build/lib/master
[3.952s] copying master/odometry.py -> /home/pimpmobile/ros2_ws/build/master/build/lib/master
[3.953s] running install
[3.965s] running install_lib
[4.008s] copying /home/pimpmobile/ros2_ws/build/master/build/lib/master/gstreamer_host.py -> /home/pimpmobile/ros2_ws/install/master/lib/python3.8/site-packages/master
[4.009s] copying /home/pimpmobile/ros2_ws/build/master/build/lib/master/master_code.py -> /home/pimpmobile/ros2_ws/install/master/lib/python3.8/site-packages/master
[4.010s] byte-compiling /home/pimpmobile/ros2_ws/install/master/lib/python3.8/site-packages/master/gstreamer_host.py to gstreamer_host.cpython-38.pyc
[4.012s] byte-compiling /home/pimpmobile/ros2_ws/install/master/lib/python3.8/site-packages/master/master_code.py to master_code.cpython-38.pyc
[4.014s] running install_data
[4.015s] copying resource/master -> /home/pimpmobile/ros2_ws/install/master/share/ament_index/resource_index/packages
[4.015s] copying package.xml -> /home/pimpmobile/ros2_ws/install/master/share/master
[4.015s] running install_egg_info
[4.057s] removing '/home/pimpmobile/ros2_ws/install/master/lib/python3.8/site-packages/master-0.0.0-py3.8.egg-info' (and everything under it)
[4.058s] Copying ../../build/master/master.egg-info to /home/pimpmobile/ros2_ws/install/master/lib/python3.8/site-packages/master-0.0.0-py3.8.egg-info
[4.060s] running install_scripts
[4.195s] Installing master script to /home/pimpmobile/ros2_ws/install/master/lib/master
[4.196s] writing list of installed files to '/home/pimpmobile/ros2_ws/build/master/install.log'
[4.279s] Invoked command in '/home/pimpmobile/ros2_ws/src/master' returned '0': PYTHONPATH=/home/pimpmobile/ros2_ws/build/master/prefix_override:/usr/lib/python3/dist-packages/colcon_core/task/python/colcon_distutils_commands:/home/pimpmobile/ros2_ws/install/master/lib/python3.8/site-packages:${PYTHONPATH} /usr/bin/python3 -W ignore:setup.py install is deprecated setup.py egg_info --egg-base ../../build/master build --build-base /home/pimpmobile/ros2_ws/build/master/build install --record /home/pimpmobile/ros2_ws/build/master/install.log --install-scripts $base/lib/master --single-version-externally-managed install_data
