/usr/lib/python3/dist-packages/setuptools/dist.py:723: UserWarning: Usage of dash-separated 'script-dir' will not be supported in future versions. Please use the underscore name 'script_dir' instead
  warnings.warn(
running egg_info
writing ../../build/master/master.egg-info/PKG-INFO
writing dependency_links to ../../build/master/master.egg-info/dependency_links.txt
writing entry points to ../../build/master/master.egg-info/entry_points.txt
writing requirements to ../../build/master/master.egg-info/requires.txt
writing top-level names to ../../build/master/master.egg-info/top_level.txt
reading manifest file '../../build/master/master.egg-info/SOURCES.txt'
writing manifest file '../../build/master/master.egg-info/SOURCES.txt'
running build
running build_py
copying master/stanley_controller.py -> /home/pimpmobile/ros2_ws/build/master/build/lib/master
copying master/pid.py -> /home/pimpmobile/ros2_ws/build/master/build/lib/master
copying master/pathsave.py -> /home/pimpmobile/ros2_ws/build/master/build/lib/master
copying master/master_code.py -> /home/pimpmobile/ros2_ws/build/master/build/lib/master
copying master/cairo_gui_updater.py -> /home/pimpmobile/ros2_ws/build/master/build/lib/master
copying master/__init__.py -> /home/pimpmobile/ros2_ws/build/master/build/lib/master
copying master/gstreamer_host.py -> /home/pimpmobile/ros2_ws/build/master/build/lib/master
copying master/odometry.py -> /home/pimpmobile/ros2_ws/build/master/build/lib/master
running install
running install_lib
creating /home/pimpmobile/ros2_ws/install/master/lib/python3.10/site-packages/master
copying /home/pimpmobile/ros2_ws/build/master/build/lib/master/stanley_controller.py -> /home/pimpmobile/ros2_ws/install/master/lib/python3.10/site-packages/master
copying /home/pimpmobile/ros2_ws/build/master/build/lib/master/pid.py -> /home/pimpmobile/ros2_ws/install/master/lib/python3.10/site-packages/master
copying /home/pimpmobile/ros2_ws/build/master/build/lib/master/pathsave.py -> /home/pimpmobile/ros2_ws/install/master/lib/python3.10/site-packages/master
copying /home/pimpmobile/ros2_ws/build/master/build/lib/master/master_code.py -> /home/pimpmobile/ros2_ws/install/master/lib/python3.10/site-packages/master
copying /home/pimpmobile/ros2_ws/build/master/build/lib/master/cairo_gui_updater.py -> /home/pimpmobile/ros2_ws/install/master/lib/python3.10/site-packages/master
copying /home/pimpmobile/ros2_ws/build/master/build/lib/master/__init__.py -> /home/pimpmobile/ros2_ws/install/master/lib/python3.10/site-packages/master
copying /home/pimpmobile/ros2_ws/build/master/build/lib/master/gstreamer_host.py -> /home/pimpmobile/ros2_ws/install/master/lib/python3.10/site-packages/master
copying /home/pimpmobile/ros2_ws/build/master/build/lib/master/odometry.py -> /home/pimpmobile/ros2_ws/install/master/lib/python3.10/site-packages/master
byte-compiling /home/pimpmobile/ros2_ws/install/master/lib/python3.10/site-packages/master/stanley_controller.py to stanley_controller.cpython-310.pyc
byte-compiling /home/pimpmobile/ros2_ws/install/master/lib/python3.10/site-packages/master/pid.py to pid.cpython-310.pyc
byte-compiling /home/pimpmobile/ros2_ws/install/master/lib/python3.10/site-packages/master/pathsave.py to pathsave.cpython-310.pyc
byte-compiling /home/pimpmobile/ros2_ws/install/master/lib/python3.10/site-packages/master/master_code.py to master_code.cpython-310.pyc
byte-compiling /home/pimpmobile/ros2_ws/install/master/lib/python3.10/site-packages/master/cairo_gui_updater.py to cairo_gui_updater.cpython-310.pyc
byte-compiling /home/pimpmobile/ros2_ws/install/master/lib/python3.10/site-packages/master/__init__.py to __init__.cpython-310.pyc
byte-compiling /home/pimpmobile/ros2_ws/install/master/lib/python3.10/site-packages/master/gstreamer_host.py to gstreamer_host.cpython-310.pyc
byte-compiling /home/pimpmobile/ros2_ws/install/master/lib/python3.10/site-packages/master/odometry.py to odometry.cpython-310.pyc
running install_data
copying resource/master -> /home/pimpmobile/ros2_ws/install/master/share/ament_index/resource_index/packages
running install_egg_info
Copying ../../build/master/master.egg-info to /home/pimpmobile/ros2_ws/install/master/lib/python3.10/site-packages/master-0.0.0-py3.10.egg-info
running install_scripts
Installing master script to /home/pimpmobile/ros2_ws/install/master/lib/master
writing list of installed files to '/home/pimpmobile/ros2_ws/build/master/install.log'
