[2.901s] Invoking command in '/home/pimpmobile/ros2_ws/src/master': PYTHONPATH=/home/pimpmobile/ros2_ws/build/master/prefix_override:/usr/lib/python3/dist-packages/colcon_core/task/python/colcon_distutils_commands:/home/pimpmobile/ros2_ws/install/master/lib/python3.10/site-packages:${PYTHONPATH} /usr/bin/python3 -W ignore:setup.py install is deprecated setup.py egg_info --egg-base ../../build/master build --build-base /home/pimpmobile/ros2_ws/build/master/build install --record /home/pimpmobile/ros2_ws/build/master/install.log --install-scripts $base/lib/master --single-version-externally-managed install_data
[3.381s] /usr/lib/python3/dist-packages/setuptools/dist.py:723: UserWarning: Usage of dash-separated 'script-dir' will not be supported in future versions. Please use the underscore name 'script_dir' instead
[3.382s]   warnings.warn(
[3.400s] running egg_info
[3.401s] writing ../../build/master/master.egg-info/PKG-INFO
[3.402s] writing dependency_links to ../../build/master/master.egg-info/dependency_links.txt
[3.402s] writing entry points to ../../build/master/master.egg-info/entry_points.txt
[3.402s] writing requirements to ../../build/master/master.egg-info/requires.txt
[3.403s] writing top-level names to ../../build/master/master.egg-info/top_level.txt
[3.406s] reading manifest file '../../build/master/master.egg-info/SOURCES.txt'
[3.409s] writing manifest file '../../build/master/master.egg-info/SOURCES.txt'
[3.410s] running build
[3.410s] running build_py
[3.411s] copying master/stanley_controller.py -> /home/pimpmobile/ros2_ws/build/master/build/lib/master
[3.411s] copying master/pid.py -> /home/pimpmobile/ros2_ws/build/master/build/lib/master
[3.412s] copying master/pathsave.py -> /home/pimpmobile/ros2_ws/build/master/build/lib/master
[3.412s] copying master/master_code.py -> /home/pimpmobile/ros2_ws/build/master/build/lib/master
[3.412s] copying master/cairo_gui_updater.py -> /home/pimpmobile/ros2_ws/build/master/build/lib/master
[3.412s] copying master/__init__.py -> /home/pimpmobile/ros2_ws/build/master/build/lib/master
[3.413s] copying master/gstreamer_host.py -> /home/pimpmobile/ros2_ws/build/master/build/lib/master
[3.413s] copying master/odometry.py -> /home/pimpmobile/ros2_ws/build/master/build/lib/master
[3.413s] running install
[3.414s] running install_lib
[3.415s] creating /home/pimpmobile/ros2_ws/install/master/lib/python3.10/site-packages/master
[3.415s] copying /home/pimpmobile/ros2_ws/build/master/build/lib/master/stanley_controller.py -> /home/pimpmobile/ros2_ws/install/master/lib/python3.10/site-packages/master
[3.415s] copying /home/pimpmobile/ros2_ws/build/master/build/lib/master/pid.py -> /home/pimpmobile/ros2_ws/install/master/lib/python3.10/site-packages/master
[3.416s] copying /home/pimpmobile/ros2_ws/build/master/build/lib/master/pathsave.py -> /home/pimpmobile/ros2_ws/install/master/lib/python3.10/site-packages/master
[3.416s] copying /home/pimpmobile/ros2_ws/build/master/build/lib/master/master_code.py -> /home/pimpmobile/ros2_ws/install/master/lib/python3.10/site-packages/master
[3.416s] copying /home/pimpmobile/ros2_ws/build/master/build/lib/master/cairo_gui_updater.py -> /home/pimpmobile/ros2_ws/install/master/lib/python3.10/site-packages/master
[3.416s] copying /home/pimpmobile/ros2_ws/build/master/build/lib/master/__init__.py -> /home/pimpmobile/ros2_ws/install/master/lib/python3.10/site-packages/master
[3.417s] copying /home/pimpmobile/ros2_ws/build/master/build/lib/master/gstreamer_host.py -> /home/pimpmobile/ros2_ws/install/master/lib/python3.10/site-packages/master
[3.417s] copying /home/pimpmobile/ros2_ws/build/master/build/lib/master/odometry.py -> /home/pimpmobile/ros2_ws/install/master/lib/python3.10/site-packages/master
[3.418s] byte-compiling /home/pimpmobile/ros2_ws/install/master/lib/python3.10/site-packages/master/stanley_controller.py to stanley_controller.cpython-310.pyc
[3.420s] byte-compiling /home/pimpmobile/ros2_ws/install/master/lib/python3.10/site-packages/master/pid.py to pid.cpython-310.pyc
[3.421s] byte-compiling /home/pimpmobile/ros2_ws/install/master/lib/python3.10/site-packages/master/pathsave.py to pathsave.cpython-310.pyc
[3.422s] byte-compiling /home/pimpmobile/ros2_ws/install/master/lib/python3.10/site-packages/master/master_code.py to master_code.cpython-310.pyc
[3.427s] byte-compiling /home/pimpmobile/ros2_ws/install/master/lib/python3.10/site-packages/master/cairo_gui_updater.py to cairo_gui_updater.cpython-310.pyc
[3.428s] byte-compiling /home/pimpmobile/ros2_ws/install/master/lib/python3.10/site-packages/master/__init__.py to __init__.cpython-310.pyc
[3.428s] byte-compiling /home/pimpmobile/ros2_ws/install/master/lib/python3.10/site-packages/master/gstreamer_host.py to gstreamer_host.cpython-310.pyc
[3.430s] byte-compiling /home/pimpmobile/ros2_ws/install/master/lib/python3.10/site-packages/master/odometry.py to odometry.cpython-310.pyc
[3.430s] running install_data
[3.431s] copying resource/master -> /home/pimpmobile/ros2_ws/install/master/share/ament_index/resource_index/packages
[3.431s] running install_egg_info
[3.436s] Copying ../../build/master/master.egg-info to /home/pimpmobile/ros2_ws/install/master/lib/python3.10/site-packages/master-0.0.0-py3.10.egg-info
[3.437s] running install_scripts
[3.484s] Installing master script to /home/pimpmobile/ros2_ws/install/master/lib/master
[3.485s] writing list of installed files to '/home/pimpmobile/ros2_ws/build/master/install.log'
[3.622s] Invoked command in '/home/pimpmobile/ros2_ws/src/master' returned '0': PYTHONPATH=/home/pimpmobile/ros2_ws/build/master/prefix_override:/usr/lib/python3/dist-packages/colcon_core/task/python/colcon_distutils_commands:/home/pimpmobile/ros2_ws/install/master/lib/python3.10/site-packages:${PYTHONPATH} /usr/bin/python3 -W ignore:setup.py install is deprecated setup.py egg_info --egg-base ../../build/master build --build-base /home/pimpmobile/ros2_ws/build/master/build install --record /home/pimpmobile/ros2_ws/build/master/install.log --install-scripts $base/lib/master --single-version-externally-managed install_data
