[6.669s] Invoking command in '/home/pimpmobile/ros2_ws/src/gps_publisher': PYTHONPATH=/home/pimpmobile/ros2_ws/build/gps_publisher/prefix_override:/home/pimpmobile/ros2_ws/install/gps_publisher/lib/python3.8/site-packages:${PYTHONPATH} /usr/bin/python3 setup.py egg_info --egg-base ../../build/gps_publisher build --build-base /home/pimpmobile/ros2_ws/build/gps_publisher/build install --record /home/pimpmobile/ros2_ws/build/gps_publisher/install.log --install-scripts $base/lib/gps_publisher --single-version-externally-managed
[7.140s] running egg_info
[7.141s] writing ../../build/gps_publisher/gps_publisher.egg-info/PKG-INFO
[7.143s] writing dependency_links to ../../build/gps_publisher/gps_publisher.egg-info/dependency_links.txt
[7.143s] writing entry points to ../../build/gps_publisher/gps_publisher.egg-info/entry_points.txt
[7.144s] writing requirements to ../../build/gps_publisher/gps_publisher.egg-info/requires.txt
[7.145s] writing top-level names to ../../build/gps_publisher/gps_publisher.egg-info/top_level.txt
[7.243s] reading manifest file '../../build/gps_publisher/gps_publisher.egg-info/SOURCES.txt'
[7.244s] writing manifest file '../../build/gps_publisher/gps_publisher.egg-info/SOURCES.txt'
[7.246s] running build
[7.247s] running build_py
[7.248s] running install
[7.248s] running install_lib
[7.249s] running install_data
[7.250s] running install_egg_info
[7.251s] removing '/home/pimpmobile/ros2_ws/install/gps_publisher/lib/python3.8/site-packages/gps_publisher-0.0.0-py3.8.egg-info' (and everything under it)
[7.251s] Copying ../../build/gps_publisher/gps_publisher.egg-info to /home/pimpmobile/ros2_ws/install/gps_publisher/lib/python3.8/site-packages/gps_publisher-0.0.0-py3.8.egg-info
[7.252s] running install_scripts
[7.264s] Installing gps script to /home/pimpmobile/ros2_ws/install/gps_publisher/lib/gps_publisher
[7.265s] writing list of installed files to '/home/pimpmobile/ros2_ws/build/gps_publisher/install.log'
[7.688s] Invoked command in '/home/pimpmobile/ros2_ws/src/gps_publisher' returned '0': PYTHONPATH=/home/pimpmobile/ros2_ws/build/gps_publisher/prefix_override:/home/pimpmobile/ros2_ws/install/gps_publisher/lib/python3.8/site-packages:${PYTHONPATH} /usr/bin/python3 setup.py egg_info --egg-base ../../build/gps_publisher build --build-base /home/pimpmobile/ros2_ws/build/gps_publisher/build install --record /home/pimpmobile/ros2_ws/build/gps_publisher/install.log --install-scripts $base/lib/gps_publisher --single-version-externally-managed
