[4.404s] Invoking command in '/home/pimpmobile/ros2_ws/src/master': PYTHONPATH=/home/pimpmobile/ros2_ws/build/master/prefix_override:/home/pimpmobile/ros2_ws/install/master/lib/python3.8/site-packages:${PYTHONPATH} /usr/bin/python3 setup.py egg_info --egg-base ../../build/master build --build-base /home/pimpmobile/ros2_ws/build/master/build install --record /home/pimpmobile/ros2_ws/build/master/install.log --install-scripts $base/lib/master --single-version-externally-managed
[4.683s] /home/pimpmobile/.local/lib/python3.8/site-packages/setuptools/dist.py:472: SetuptoolsDeprecationWarning: Invalid dash-separated options
[4.684s] !!
[4.684s] 
[4.684s]         ********************************************************************************
[4.684s]         Usage of dash-separated 'script-dir' will not be supported in future
[4.684s]         versions. Please use the underscore name 'script_dir' instead.
[4.685s] 
[4.685s]         By 2024-Sep-26, you need to update your project and remove deprecated calls
[4.685s]         or your builds will no longer be supported.
[4.685s] 
[4.685s]         See https://setuptools.pypa.io/en/latest/userguide/declarative_config.html for details.
[4.685s]         ********************************************************************************
[4.685s] 
[4.685s] !!
[4.685s]   opt = self.warn_dash_deprecation(opt, section)
[4.911s] running egg_info
[4.945s] writing ../../build/master/master.egg-info/PKG-INFO
[4.946s] writing dependency_links to ../../build/master/master.egg-info/dependency_links.txt
[4.947s] writing entry points to ../../build/master/master.egg-info/entry_points.txt
[4.947s] writing requirements to ../../build/master/master.egg-info/requires.txt
[4.947s] writing top-level names to ../../build/master/master.egg-info/top_level.txt
[5.236s] reading manifest file '../../build/master/master.egg-info/SOURCES.txt'
[5.238s] writing manifest file '../../build/master/master.egg-info/SOURCES.txt'
[5.238s] running build
[5.238s] running build_py
[5.238s] copying master/__init__.py -> /home/pimpmobile/ros2_ws/build/master/build/lib/master
[5.239s] copying master/master_code.py -> /home/pimpmobile/ros2_ws/build/master/build/lib/master
[5.239s] copying master/odometry.py -> /home/pimpmobile/ros2_ws/build/master/build/lib/master
[5.240s] running install
[5.241s] /home/pimpmobile/.local/lib/python3.8/site-packages/setuptools/_distutils/cmd.py:66: SetuptoolsDeprecationWarning: setup.py install is deprecated.
[5.241s] !!
[5.241s] 
[5.242s]         ********************************************************************************
[5.242s]         Please avoid running ``setup.py`` directly.
[5.242s]         Instead, use pypa/build, pypa/installer or other
[5.242s]         standards-based tools.
[5.243s] 
[5.243s]         See https://blog.ganssle.io/articles/2021/10/setup-py-deprecated.html for details.
[5.243s]         ********************************************************************************
[5.243s] 
[5.243s] !!
[5.244s]   self.initialize_options()
[5.252s] running install_lib
[5.288s] copying /home/pimpmobile/ros2_ws/build/master/build/lib/master/master_code.py -> /home/pimpmobile/ros2_ws/install/master/lib/python3.8/site-packages/master
[5.289s] byte-compiling /home/pimpmobile/ros2_ws/install/master/lib/python3.8/site-packages/master/master_code.py to master_code.cpython-38.pyc
[5.291s] running install_data
[5.327s] copying resource/master -> /home/pimpmobile/ros2_ws/install/master/share/ament_index/resource_index/packages
[5.327s] copying package.xml -> /home/pimpmobile/ros2_ws/install/master/share/master
[5.328s] running install_egg_info
[5.365s] removing '/home/pimpmobile/ros2_ws/install/master/lib/python3.8/site-packages/master-0.0.0-py3.8.egg-info' (and everything under it)
[5.366s] Copying ../../build/master/master.egg-info to /home/pimpmobile/ros2_ws/install/master/lib/python3.8/site-packages/master-0.0.0-py3.8.egg-info
[5.368s] running install_scripts
[5.476s] Installing master script to /home/pimpmobile/ros2_ws/install/master/lib/master
[5.477s] writing list of installed files to '/home/pimpmobile/ros2_ws/build/master/install.log'
[5.550s] Invoked command in '/home/pimpmobile/ros2_ws/src/master' returned '0': PYTHONPATH=/home/pimpmobile/ros2_ws/build/master/prefix_override:/home/pimpmobile/ros2_ws/install/master/lib/python3.8/site-packages:${PYTHONPATH} /usr/bin/python3 setup.py egg_info --egg-base ../../build/master build --build-base /home/pimpmobile/ros2_ws/build/master/build install --record /home/pimpmobile/ros2_ws/build/master/install.log --install-scripts $base/lib/master --single-version-externally-managed
