[2.048s] Invoking command in '/home/pimpmobile/ros2_ws/src/master': PYTHONPATH=/home/pimpmobile/ros2_ws/build/master/prefix_override:/usr/lib/python3/dist-packages/colcon_core/task/python/colcon_distutils_commands:/home/pimpmobile/ros2_ws/install/master/lib/python3.8/site-packages:${PYTHONPATH} /usr/bin/python3 -W ignore:setup.py install is deprecated setup.py egg_info --egg-base ../../build/master build --build-base /home/pimpmobile/ros2_ws/build/master/build install --record /home/pimpmobile/ros2_ws/build/master/install.log --install-scripts $base/lib/master --single-version-externally-managed install_data
[2.333s] /home/pimpmobile/.local/lib/python3.8/site-packages/setuptools/dist.py:472: SetuptoolsDeprecationWarning: Invalid dash-separated options
[2.333s] !!
[2.334s] 
[2.334s]         ********************************************************************************
[2.334s]         Usage of dash-separated 'script-dir' will not be supported in future
[2.334s]         versions. Please use the underscore name 'script_dir' instead.
[2.334s] 
[2.334s]         See https://setuptools.pypa.io/en/latest/userguide/declarative_config.html for details.
[2.334s]         ********************************************************************************
[2.335s] 
[2.335s] !!
[2.335s]   opt = self.warn_dash_deprecation(opt, section)
[2.652s] running egg_info
[2.692s] writing ../../build/master/master.egg-info/PKG-INFO
[2.694s] writing dependency_links to ../../build/master/master.egg-info/dependency_links.txt
[2.694s] writing entry points to ../../build/master/master.egg-info/entry_points.txt
[2.694s] writing requirements to ../../build/master/master.egg-info/requires.txt
[2.695s] writing top-level names to ../../build/master/master.egg-info/top_level.txt
[3.933s] writing manifest file '../../build/master/master.egg-info/SOURCES.txt'
[3.933s] running build
[3.933s] running build_py
[3.934s] copying master/stanley_controller.py -> /home/pimpmobile/ros2_ws/build/master/build/lib/master
[3.934s] copying master/__init__.py -> /home/pimpmobile/ros2_ws/build/master/build/lib/master
[3.934s] copying master/gstreamer_host.py -> /home/pimpmobile/ros2_ws/build/master/build/lib/master
[3.935s] copying master/master_code.py -> /home/pimpmobile/ros2_ws/build/master/build/lib/master
[3.935s] copying master/odometry.py -> /home/pimpmobile/ros2_ws/build/master/build/lib/master
[3.936s] running install
[3.948s] running install_lib
[3.991s] copying /home/pimpmobile/ros2_ws/build/master/build/lib/master/gstreamer_host.py -> /home/pimpmobile/ros2_ws/install/master/lib/python3.8/site-packages/master
[3.993s] byte-compiling /home/pimpmobile/ros2_ws/install/master/lib/python3.8/site-packages/master/gstreamer_host.py to gstreamer_host.cpython-38.pyc
[3.995s] running install_data
[3.995s] copying resource/master -> /home/pimpmobile/ros2_ws/install/master/share/ament_index/resource_index/packages
[3.995s] copying package.xml -> /home/pimpmobile/ros2_ws/install/master/share/master
[3.996s] running install_egg_info
[4.038s] removing '/home/pimpmobile/ros2_ws/install/master/lib/python3.8/site-packages/master-0.0.0-py3.8.egg-info' (and everything under it)
[4.038s] Copying ../../build/master/master.egg-info to /home/pimpmobile/ros2_ws/install/master/lib/python3.8/site-packages/master-0.0.0-py3.8.egg-info
[4.040s] running install_scripts
[4.177s] Installing master script to /home/pimpmobile/ros2_ws/install/master/lib/master
[4.178s] writing list of installed files to '/home/pimpmobile/ros2_ws/build/master/install.log'
[4.256s] Invoked command in '/home/pimpmobile/ros2_ws/src/master' returned '0': PYTHONPATH=/home/pimpmobile/ros2_ws/build/master/prefix_override:/usr/lib/python3/dist-packages/colcon_core/task/python/colcon_distutils_commands:/home/pimpmobile/ros2_ws/install/master/lib/python3.8/site-packages:${PYTHONPATH} /usr/bin/python3 -W ignore:setup.py install is deprecated setup.py egg_info --egg-base ../../build/master build --build-base /home/pimpmobile/ros2_ws/build/master/build install --record /home/pimpmobile/ros2_ws/build/master/install.log --install-scripts $base/lib/master --single-version-externally-managed install_data
