[4.578s] Invoking command in '/home/pimpmobile/ros2_ws/src/gps_publisher': PYTHONPATH=/home/pimpmobile/ros2_ws/build/gps_publisher/prefix_override:/home/pimpmobile/ros2_ws/install/gps_publisher/lib/python3.8/site-packages:${PYTHONPATH} /usr/bin/python3 setup.py egg_info --egg-base ../../build/gps_publisher build --build-base /home/pimpmobile/ros2_ws/build/gps_publisher/build install --record /home/pimpmobile/ros2_ws/build/gps_publisher/install.log --install-scripts $base/lib/gps_publisher --single-version-externally-managed
[5.054s] running egg_info
[5.055s] writing ../../build/gps_publisher/gps_publisher.egg-info/PKG-INFO
[5.057s] writing dependency_links to ../../build/gps_publisher/gps_publisher.egg-info/dependency_links.txt
[5.059s] writing entry points to ../../build/gps_publisher/gps_publisher.egg-info/entry_points.txt
[5.060s] writing requirements to ../../build/gps_publisher/gps_publisher.egg-info/requires.txt
[5.060s] writing top-level names to ../../build/gps_publisher/gps_publisher.egg-info/top_level.txt
[5.125s] reading manifest file '../../build/gps_publisher/gps_publisher.egg-info/SOURCES.txt'
[5.127s] writing manifest file '../../build/gps_publisher/gps_publisher.egg-info/SOURCES.txt'
[5.128s] running build
[5.130s] running build_py
[5.131s] running install
[5.133s] running install_lib
[5.135s] running install_data
[5.136s] running install_egg_info
[5.139s] removing '/home/pimpmobile/ros2_ws/install/gps_publisher/lib/python3.8/site-packages/gps_publisher-0.0.0-py3.8.egg-info' (and everything under it)
[5.140s] Copying ../../build/gps_publisher/gps_publisher.egg-info to /home/pimpmobile/ros2_ws/install/gps_publisher/lib/python3.8/site-packages/gps_publisher-0.0.0-py3.8.egg-info
[5.140s] running install_scripts
[5.179s] Installing gps script to /home/pimpmobile/ros2_ws/install/gps_publisher/lib/gps_publisher
[5.180s] writing list of installed files to '/home/pimpmobile/ros2_ws/build/gps_publisher/install.log'
[6.350s] Invoked command in '/home/pimpmobile/ros2_ws/src/gps_publisher' returned '0': PYTHONPATH=/home/pimpmobile/ros2_ws/build/gps_publisher/prefix_override:/home/pimpmobile/ros2_ws/install/gps_publisher/lib/python3.8/site-packages:${PYTHONPATH} /usr/bin/python3 setup.py egg_info --egg-base ../../build/gps_publisher build --build-base /home/pimpmobile/ros2_ws/build/gps_publisher/build install --record /home/pimpmobile/ros2_ws/build/gps_publisher/install.log --install-scripts $base/lib/gps_publisher --single-version-externally-managed
