[2.926s] Invoking command in '/home/pimpmobile/ros2_ws/src/gps_publisher': PYTHONPATH=/home/pimpmobile/ros2_ws/build/gps_publisher/prefix_override:/usr/lib/python3/dist-packages/colcon_core/task/python/colcon_distutils_commands:/home/pimpmobile/ros2_ws/install/gps_publisher/lib/python3.10/site-packages:${PYTHONPATH} /usr/bin/python3 -W ignore:setup.py install is deprecated setup.py egg_info --egg-base ../../build/gps_publisher build --build-base /home/pimpmobile/ros2_ws/build/gps_publisher/build install --record /home/pimpmobile/ros2_ws/build/gps_publisher/install.log --install-scripts $base/lib/gps_publisher --single-version-externally-managed install_data
[3.381s] /usr/lib/python3/dist-packages/setuptools/dist.py:723: UserWarning: Usage of dash-separated 'script-dir' will not be supported in future versions. Please use the underscore name 'script_dir' instead
[3.381s]   warnings.warn(
[3.399s] running egg_info
[3.400s] writing ../../build/gps_publisher/gps_publisher.egg-info/PKG-INFO
[3.401s] writing dependency_links to ../../build/gps_publisher/gps_publisher.egg-info/dependency_links.txt
[3.401s] writing entry points to ../../build/gps_publisher/gps_publisher.egg-info/entry_points.txt
[3.401s] writing requirements to ../../build/gps_publisher/gps_publisher.egg-info/requires.txt
[3.402s] writing top-level names to ../../build/gps_publisher/gps_publisher.egg-info/top_level.txt
[3.406s] reading manifest file '../../build/gps_publisher/gps_publisher.egg-info/SOURCES.txt'
[3.408s] writing manifest file '../../build/gps_publisher/gps_publisher.egg-info/SOURCES.txt'
[3.408s] running build
[3.408s] running build_py
[3.409s] copying gps_publisher/gps.py -> /home/pimpmobile/ros2_ws/build/gps_publisher/build/lib/gps_publisher
[3.409s] copying gps_publisher/__init__.py -> /home/pimpmobile/ros2_ws/build/gps_publisher/build/lib/gps_publisher
[3.409s] running install
[3.410s] running install_lib
[3.412s] creating /home/pimpmobile/ros2_ws/install/gps_publisher/lib/python3.10/site-packages/gps_publisher
[3.412s] copying /home/pimpmobile/ros2_ws/build/gps_publisher/build/lib/gps_publisher/gps.py -> /home/pimpmobile/ros2_ws/install/gps_publisher/lib/python3.10/site-packages/gps_publisher
[3.412s] copying /home/pimpmobile/ros2_ws/build/gps_publisher/build/lib/gps_publisher/GPS_log.py -> /home/pimpmobile/ros2_ws/install/gps_publisher/lib/python3.10/site-packages/gps_publisher
[3.412s] copying /home/pimpmobile/ros2_ws/build/gps_publisher/build/lib/gps_publisher/__init__.py -> /home/pimpmobile/ros2_ws/install/gps_publisher/lib/python3.10/site-packages/gps_publisher
[3.413s] byte-compiling /home/pimpmobile/ros2_ws/install/gps_publisher/lib/python3.10/site-packages/gps_publisher/gps.py to gps.cpython-310.pyc
[3.416s] byte-compiling /home/pimpmobile/ros2_ws/install/gps_publisher/lib/python3.10/site-packages/gps_publisher/GPS_log.py to GPS_log.cpython-310.pyc
[3.417s] byte-compiling /home/pimpmobile/ros2_ws/install/gps_publisher/lib/python3.10/site-packages/gps_publisher/__init__.py to __init__.cpython-310.pyc
[3.417s] running install_data
[3.418s] copying resource/gps_publisher -> /home/pimpmobile/ros2_ws/install/gps_publisher/share/ament_index/resource_index/packages
[3.419s] copying package.xml -> /home/pimpmobile/ros2_ws/install/gps_publisher/share/gps_publisher
[3.419s] running install_egg_info
[3.423s] Copying ../../build/gps_publisher/gps_publisher.egg-info to /home/pimpmobile/ros2_ws/install/gps_publisher/lib/python3.10/site-packages/gps_publisher-0.0.0-py3.10.egg-info
[3.424s] running install_scripts
[3.470s] Installing gps script to /home/pimpmobile/ros2_ws/install/gps_publisher/lib/gps_publisher
[3.471s] Installing gps_log script to /home/pimpmobile/ros2_ws/install/gps_publisher/lib/gps_publisher
[3.471s] writing list of installed files to '/home/pimpmobile/ros2_ws/build/gps_publisher/install.log'
[3.560s] Invoked command in '/home/pimpmobile/ros2_ws/src/gps_publisher' returned '0': PYTHONPATH=/home/pimpmobile/ros2_ws/build/gps_publisher/prefix_override:/usr/lib/python3/dist-packages/colcon_core/task/python/colcon_distutils_commands:/home/pimpmobile/ros2_ws/install/gps_publisher/lib/python3.10/site-packages:${PYTHONPATH} /usr/bin/python3 -W ignore:setup.py install is deprecated setup.py egg_info --egg-base ../../build/gps_publisher build --build-base /home/pimpmobile/ros2_ws/build/gps_publisher/build install --record /home/pimpmobile/ros2_ws/build/gps_publisher/install.log --install-scripts $base/lib/gps_publisher --single-version-externally-managed install_data
