/home/pimpmobile/ros2_ws/install/master/lib/python3.8/site-packages/master/pathsave.py
/home/pimpmobile/ros2_ws/install/master/lib/python3.8/site-packages/master/cairo_gui_updater.py
/home/pimpmobile/ros2_ws/install/master/lib/python3.8/site-packages/master/stanley_controller.py
/home/pimpmobile/ros2_ws/install/master/lib/python3.8/site-packages/master/pid.py
/home/pimpmobile/ros2_ws/install/master/lib/python3.8/site-packages/master/__init__.py
/home/pimpmobile/ros2_ws/install/master/lib/python3.8/site-packages/master/gstreamer_host.py
/home/pimpmobile/ros2_ws/install/master/lib/python3.8/site-packages/master/master_code.py
/home/pimpmobile/ros2_ws/install/master/lib/python3.8/site-packages/master/odometry.py
/home/pimpmobile/ros2_ws/install/master/lib/python3.8/site-packages/master/__pycache__/pathsave.cpython-38.pyc
/home/pimpmobile/ros2_ws/install/master/lib/python3.8/site-packages/master/__pycache__/cairo_gui_updater.cpython-38.pyc
/home/pimpmobile/ros2_ws/install/master/lib/python3.8/site-packages/master/__pycache__/stanley_controller.cpython-38.pyc
/home/pimpmobile/ros2_ws/install/master/lib/python3.8/site-packages/master/__pycache__/pid.cpython-38.pyc
/home/pimpmobile/ros2_ws/install/master/lib/python3.8/site-packages/master/__pycache__/__init__.cpython-38.pyc
/home/pimpmobile/ros2_ws/install/master/lib/python3.8/site-packages/master/__pycache__/gstreamer_host.cpython-38.pyc
/home/pimpmobile/ros2_ws/install/master/lib/python3.8/site-packages/master/__pycache__/master_code.cpython-38.pyc
/home/pimpmobile/ros2_ws/install/master/lib/python3.8/site-packages/master/__pycache__/odometry.cpython-38.pyc
/home/pimpmobile/ros2_ws/install/master/share/ament_index/resource_index/packages/master
/home/pimpmobile/ros2_ws/install/master/share/master/package.xml
/home/pimpmobile/ros2_ws/install/master/lib/python3.8/site-packages/master-0.0.0-py3.8.egg-info/top_level.txt
/home/pimpmobile/ros2_ws/install/master/lib/python3.8/site-packages/master-0.0.0-py3.8.egg-info/entry_points.txt
/home/pimpmobile/ros2_ws/install/master/lib/python3.8/site-packages/master-0.0.0-py3.8.egg-info/dependency_links.txt
/home/pimpmobile/ros2_ws/install/master/lib/python3.8/site-packages/master-0.0.0-py3.8.egg-info/PKG-INFO
/home/pimpmobile/ros2_ws/install/master/lib/python3.8/site-packages/master-0.0.0-py3.8.egg-info/requires.txt
/home/pimpmobile/ros2_ws/install/master/lib/python3.8/site-packages/master-0.0.0-py3.8.egg-info/zip-safe
/home/pimpmobile/ros2_ws/install/master/lib/python3.8/site-packages/master-0.0.0-py3.8.egg-info/SOURCES.txt
/home/pimpmobile/ros2_ws/install/master/lib/master/master
