[0.427s] Invoking command in '/home/pimpmobile/ros2_ws/build/turtlesim': CMAKE_PREFIX_PATH=${CMAKE_PREFIX_PATH}:/opt/ros/foxy:/home/pimpmobile/ros2_humble/install/rqt_bag_plugins:/home/pimpmobile/ros2_humble/install/rqt_bag:/home/pimpmobile/ros2_humble/install/ros2bag:/home/pimpmobile/ros2_humble/install/tracetools_test:/home/pimpmobile/ros2_humble/install/tracetools_launch:/home/pimpmobile/ros2_humble/install/topic_monitor:/home/pimpmobile/ros2_humble/install/tf2_tools:/home/pimpmobile/ros2_humble/install/examples_tf2_py:/home/pimpmobile/ros2_humble/install/tf2_ros_py:/home/pimpmobile/ros2_humble/install/sros2:/home/pimpmobile/ros2_humble/install/rqt_topic:/home/pimpmobile/ros2_humble/install/rqt_srv:/home/pimpmobile/ros2_humble/install/rqt_shell:/home/pimpmobile/ros2_humble/install/rqt_service_caller:/home/pimpmobile/ros2_humble/install/rqt_reconfigure:/home/pimpmobile/ros2_humble/install/rqt_py_console:/home/pimpmobile/ros2_humble/install/rqt_publisher:/home/pimpmobile/ros2_humble/install/rqt_plot:/home/pimpmobile/ros2_humble/install/rqt_action:/home/pimpmobile/ros2_humble/install/rqt_msg:/home/pimpmobile/ros2_humble/install/rqt_console:/home/pimpmobile/ros2_humble/install/rqt:/home/pimpmobile/ros2_humble/install/rqt_graph:/home/pimpmobile/ros2_humble/install/rqt_gui_py:/home/pimpmobile/ros2_humble/install/rqt_gui:/home/pimpmobile/ros2_humble/install/ros2trace:/home/pimpmobile/ros2_humble/install/ros2topic:/home/pimpmobile/ros2_humble/install/ros2test:/home/pimpmobile/ros2_humble/install/ros2component:/home/pimpmobile/ros2_humble/install/ros2param:/home/pimpmobile/ros2_humble/install/ros2lifecycle:/home/pimpmobile/ros2_humble/install/ros2service:/home/pimpmobile/ros2_humble/install/ros2run:/home/pimpmobile/ros2_humble/install/ros2launch:/home/pimpmobile/ros2_humble/install/ros2pkg:/home/pimpmobile/ros2_humble/install/ros2node:/home/pimpmobile/ros2_humble/install/ros2multicast:/home/pimpmobile/ros2_humble/install/ros2interface:/home/pimpmobile/ros2_humble/install/ros2doctor:/home/pimpmobile/ros2_humble/install/ros2action:/home/pimpmobile/ros2_humble/install/ros2cli:/home/pimpmobile/ros2_humble/install/quality_of_service_demo_py:/home/pimpmobile/ros2_humble/install/lifecycle_py:/home/pimpmobile/ros2_humble/install/launch_testing_ros:/home/pimpmobile/ros2_humble/install/launch_ros:/home/pimpmobile/ros2_humble/install/examples_rclpy_pointcloud_publisher:/home/pimpmobile/ros2_humble/install/examples_rclpy_minimal_subscriber:/home/pimpmobile/ros2_humble/install/examples_rclpy_minimal_service:/home/pimpmobile/ros2_humble/install/examples_rclpy_minimal_publisher:/home/pimpmobile/ros2_humble/install/examples_rclpy_minimal_client:/home/pimpmobile/ros2_humble/install/examples_rclpy_minimal_action_server:/home/pimpmobile/ros2_humble/install/examples_rclpy_minimal_action_client:/home/pimpmobile/ros2_humble/install/examples_rclpy_guard_conditions:/home/pimpmobile/ros2_humble/install/examples_rclpy_executors:/home/pimpmobile/ros2_humble/install/demo_nodes_py:/home/pimpmobile/ros2_humble/install/action_tutorials_py:/home/pimpmobile/ros2_humble/install/ament_uncrustify:/home/pimpmobile/ros2_humble/install/tracetools_trace:/home/pimpmobile/ros2_humble/install/tracetools_read:/home/pimpmobile/ros2_humble/install/test_tracetools_launch:/home/pimpmobile/ros2_humble/install/test_launch_ros:/home/pimpmobile/ros2_humble/install/sensor_msgs_py:/home/pimpmobile/ros2_humble/install/rpyutils:/home/pimpmobile/ros2_humble/install/rosidl_runtime_py:/home/pimpmobile/ros2_humble/install/rosidl_cli:/home/pimpmobile/ros2_humble/install/launch_pytest:/home/pimpmobile/ros2_humble/install/launch_testing:/home/pimpmobile/ros2_humble/install/launch_yaml:/home/pimpmobile/ros2_humble/install/launch_xml:/home/pimpmobile/ros2_humble/install/launch:/home/pimpmobile/ros2_humble/install/osrf_pycommon:/home/pimpmobile/ros2_humble/install/launch_testing_examples:/home/pimpmobile/ros2_humble/install/domain_coordinator:/home/pimpmobile/ros2_humble/install/ament_xmllint:/home/pimpmobile/ros2_humble/install/ament_pyflakes:/home/pimpmobile/ros2_humble/install/ament_pycodestyle:/home/pimpmobile/ros2_humble/install/ament_pep257:/home/pimpmobile/ros2_humble/install/ament_pclint:/home/pimpmobile/ros2_humble/install/ament_package:/home/pimpmobile/ros2_humble/install/ament_mypy:/home/pimpmobile/ros2_humble/install/ament_lint_cmake:/home/pimpmobile/ros2_humble/install/ament_flake8:/home/pimpmobile/ros2_humble/install/ament_copyright:/home/pimpmobile/ros2_humble/install/ament_lint:/home/pimpmobile/ros2_humble/install/ament_index_python:/home/pimpmobile/ros2_humble/install/ament_cpplint:/home/pimpmobile/ros2_humble/install/ament_cppcheck:/home/pimpmobile/ros2_humble/install/ament_clang_tidy:/home/pimpmobile/ros2_humble/install/ament_clang_format /usr/bin/cmake /home/pimpmobile/ros2_ws/src/ros_tutorials/turtlesim -DCMAKE_INSTALL_PREFIX=/home/pimpmobile/ros2_ws/install/turtlesim
[0.652s] -- The C compiler identification is GNU 9.4.0
[0.895s] -- The CXX compiler identification is GNU 9.4.0
[0.934s] -- Check for working C compiler: /usr/bin/cc
[1.120s] -- Check for working C compiler: /usr/bin/cc -- works
[1.122s] -- Detecting C compiler ABI info
[1.303s] -- Detecting C compiler ABI info - done
[1.338s] -- Detecting C compile features
[1.339s] -- Detecting C compile features - done
[1.346s] -- Check for working CXX compiler: /usr/bin/c++
[1.551s] -- Check for working CXX compiler: /usr/bin/c++ -- works
[1.555s] -- Detecting CXX compiler ABI info
[1.760s] -- Detecting CXX compiler ABI info - done
[1.796s] -- Detecting CXX compile features
[1.797s] -- Detecting CXX compile features - done
[1.803s] -- Found ament_cmake: 0.9.12 (/opt/ros/foxy/share/ament_cmake/cmake)
[1.887s] -- Found PythonInterp: /usr/bin/python3 (found suitable version "3.8.10", minimum required is "3") 
[1.888s] -- Using PYTHON_EXECUTABLE: /usr/bin/python3
[2.421s] -- Found ament_index_cpp: 1.1.0 (/opt/ros/foxy/share/ament_index_cpp/cmake)
[2.429s] -- Found geometry_msgs: 2.0.5 (/opt/ros/foxy/share/geometry_msgs/cmake)
[2.615s] -- Using all available rosidl_typesupport_c: rosidl_typesupport_fastrtps_c;rosidl_typesupport_introspection_c
[2.630s] -- Found rosidl_adapter: 1.3.1 (/opt/ros/foxy/share/rosidl_adapter/cmake)
[2.981s] -- Found OpenSSL: /usr/lib/aarch64-linux-gnu/libcrypto.so (found version "1.1.1f")  
[3.075s] -- Found FastRTPS: /opt/ros/foxy/include  
[3.310s] -- Using all available rosidl_typesupport_cpp: rosidl_typesupport_fastrtps_cpp;rosidl_typesupport_introspection_cpp
[3.495s] -- Found rclcpp: 2.4.3 (/opt/ros/foxy/share/rclcpp/cmake)
[3.590s] -- Found rmw_implementation_cmake: 1.0.4 (/opt/ros/foxy/share/rmw_implementation_cmake/cmake)
[3.650s] -- Using RMW implementation 'rmw_fastrtps_cpp' as default
[3.651s] -- Looking for pthread.h
[3.841s] -- Looking for pthread.h - found
[3.842s] -- Performing Test CMAKE_HAVE_LIBC_PTHREAD
[4.036s] -- Performing Test CMAKE_HAVE_LIBC_PTHREAD - Failed
[4.037s] -- Looking for pthread_create in pthreads
[4.205s] -- Looking for pthread_create in pthreads - not found
[4.205s] -- Looking for pthread_create in pthread
[4.388s] -- Looking for pthread_create in pthread - found
[4.392s] -- Found Threads: TRUE  
[4.671s] -- Found rclcpp_action: 2.4.3 (/opt/ros/foxy/share/rclcpp_action/cmake)
[4.817s] -- Found rosidl_default_generators: 1.0.1 (/opt/ros/foxy/share/rosidl_default_generators/cmake)
[5.018s] -- Found std_srvs: 2.0.5 (/opt/ros/foxy/share/std_srvs/cmake)
[5.112s] -- Found PythonInterp: /usr/bin/python3 (found version "3.8.10") 
[5.604s] -- Found ament_cmake_ros: 0.9.2 (/opt/ros/foxy/share/ament_cmake_ros/cmake)
[6.033s] -- Using all available rosidl_typesupport_c: rosidl_typesupport_fastrtps_c;rosidl_typesupport_introspection_c
[6.177s] -- Using all available rosidl_typesupport_cpp: rosidl_typesupport_fastrtps_cpp;rosidl_typesupport_introspection_cpp
[6.281s] -- Found PythonInterp: /usr/bin/python3 (found suitable version "3.8.10", minimum required is "3.5") 
[6.285s] -- Found python_cmake_module: 0.8.1 (/opt/ros/foxy/share/python_cmake_module/cmake)
[6.411s] -- Found PythonLibs: /usr/lib/aarch64-linux-gnu/libpython3.8.so (found suitable version "3.8.10", minimum required is "3.5") 
[6.411s] -- Using PYTHON_EXECUTABLE: /usr/bin/python3
[6.412s] -- Using PYTHON_INCLUDE_DIRS: /usr/include/python3.8
[6.412s] -- Using PYTHON_LIBRARIES: /usr/lib/aarch64-linux-gnu/libpython3.8.so
[6.488s] -- Found PythonExtra: .so  
[6.817s] -- Configuring done
[6.978s] -- Generating done
[6.985s] -- Build files have been written to: /home/pimpmobile/ros2_ws/build/turtlesim
[7.021s] Invoked command in '/home/pimpmobile/ros2_ws/build/turtlesim' returned '0': CMAKE_PREFIX_PATH=${CMAKE_PREFIX_PATH}:/opt/ros/foxy:/home/pimpmobile/ros2_humble/install/rqt_bag_plugins:/home/pimpmobile/ros2_humble/install/rqt_bag:/home/pimpmobile/ros2_humble/install/ros2bag:/home/pimpmobile/ros2_humble/install/tracetools_test:/home/pimpmobile/ros2_humble/install/tracetools_launch:/home/pimpmobile/ros2_humble/install/topic_monitor:/home/pimpmobile/ros2_humble/install/tf2_tools:/home/pimpmobile/ros2_humble/install/examples_tf2_py:/home/pimpmobile/ros2_humble/install/tf2_ros_py:/home/pimpmobile/ros2_humble/install/sros2:/home/pimpmobile/ros2_humble/install/rqt_topic:/home/pimpmobile/ros2_humble/install/rqt_srv:/home/pimpmobile/ros2_humble/install/rqt_shell:/home/pimpmobile/ros2_humble/install/rqt_service_caller:/home/pimpmobile/ros2_humble/install/rqt_reconfigure:/home/pimpmobile/ros2_humble/install/rqt_py_console:/home/pimpmobile/ros2_humble/install/rqt_publisher:/home/pimpmobile/ros2_humble/install/rqt_plot:/home/pimpmobile/ros2_humble/install/rqt_action:/home/pimpmobile/ros2_humble/install/rqt_msg:/home/pimpmobile/ros2_humble/install/rqt_console:/home/pimpmobile/ros2_humble/install/rqt:/home/pimpmobile/ros2_humble/install/rqt_graph:/home/pimpmobile/ros2_humble/install/rqt_gui_py:/home/pimpmobile/ros2_humble/install/rqt_gui:/home/pimpmobile/ros2_humble/install/ros2trace:/home/pimpmobile/ros2_humble/install/ros2topic:/home/pimpmobile/ros2_humble/install/ros2test:/home/pimpmobile/ros2_humble/install/ros2component:/home/pimpmobile/ros2_humble/install/ros2param:/home/pimpmobile/ros2_humble/install/ros2lifecycle:/home/pimpmobile/ros2_humble/install/ros2service:/home/pimpmobile/ros2_humble/install/ros2run:/home/pimpmobile/ros2_humble/install/ros2launch:/home/pimpmobile/ros2_humble/install/ros2pkg:/home/pimpmobile/ros2_humble/install/ros2node:/home/pimpmobile/ros2_humble/install/ros2multicast:/home/pimpmobile/ros2_humble/install/ros2interface:/home/pimpmobile/ros2_humble/install/ros2doctor:/home/pimpmobile/ros2_humble/install/ros2action:/home/pimpmobile/ros2_humble/install/ros2cli:/home/pimpmobile/ros2_humble/install/quality_of_service_demo_py:/home/pimpmobile/ros2_humble/install/lifecycle_py:/home/pimpmobile/ros2_humble/install/launch_testing_ros:/home/pimpmobile/ros2_humble/install/launch_ros:/home/pimpmobile/ros2_humble/install/examples_rclpy_pointcloud_publisher:/home/pimpmobile/ros2_humble/install/examples_rclpy_minimal_subscriber:/home/pimpmobile/ros2_humble/install/examples_rclpy_minimal_service:/home/pimpmobile/ros2_humble/install/examples_rclpy_minimal_publisher:/home/pimpmobile/ros2_humble/install/examples_rclpy_minimal_client:/home/pimpmobile/ros2_humble/install/examples_rclpy_minimal_action_server:/home/pimpmobile/ros2_humble/install/examples_rclpy_minimal_action_client:/home/pimpmobile/ros2_humble/install/examples_rclpy_guard_conditions:/home/pimpmobile/ros2_humble/install/examples_rclpy_executors:/home/pimpmobile/ros2_humble/install/demo_nodes_py:/home/pimpmobile/ros2_humble/install/action_tutorials_py:/home/pimpmobile/ros2_humble/install/ament_uncrustify:/home/pimpmobile/ros2_humble/install/tracetools_trace:/home/pimpmobile/ros2_humble/install/tracetools_read:/home/pimpmobile/ros2_humble/install/test_tracetools_launch:/home/pimpmobile/ros2_humble/install/test_launch_ros:/home/pimpmobile/ros2_humble/install/sensor_msgs_py:/home/pimpmobile/ros2_humble/install/rpyutils:/home/pimpmobile/ros2_humble/install/rosidl_runtime_py:/home/pimpmobile/ros2_humble/install/rosidl_cli:/home/pimpmobile/ros2_humble/install/launch_pytest:/home/pimpmobile/ros2_humble/install/launch_testing:/home/pimpmobile/ros2_humble/install/launch_yaml:/home/pimpmobile/ros2_humble/install/launch_xml:/home/pimpmobile/ros2_humble/install/launch:/home/pimpmobile/ros2_humble/install/osrf_pycommon:/home/pimpmobile/ros2_humble/install/launch_testing_examples:/home/pimpmobile/ros2_humble/install/domain_coordinator:/home/pimpmobile/ros2_humble/install/ament_xmllint:/home/pimpmobile/ros2_humble/install/ament_pyflakes:/home/pimpmobile/ros2_humble/install/ament_pycodestyle:/home/pimpmobile/ros2_humble/install/ament_pep257:/home/pimpmobile/ros2_humble/install/ament_pclint:/home/pimpmobile/ros2_humble/install/ament_package:/home/pimpmobile/ros2_humble/install/ament_mypy:/home/pimpmobile/ros2_humble/install/ament_lint_cmake:/home/pimpmobile/ros2_humble/install/ament_flake8:/home/pimpmobile/ros2_humble/install/ament_copyright:/home/pimpmobile/ros2_humble/install/ament_lint:/home/pimpmobile/ros2_humble/install/ament_index_python:/home/pimpmobile/ros2_humble/install/ament_cpplint:/home/pimpmobile/ros2_humble/install/ament_cppcheck:/home/pimpmobile/ros2_humble/install/ament_clang_tidy:/home/pimpmobile/ros2_humble/install/ament_clang_format /usr/bin/cmake /home/pimpmobile/ros2_ws/src/ros_tutorials/turtlesim -DCMAKE_INSTALL_PREFIX=/home/pimpmobile/ros2_ws/install/turtlesim
[7.028s] Invoking command in '/home/pimpmobile/ros2_ws/build/turtlesim': CMAKE_PREFIX_PATH=${CMAKE_PREFIX_PATH}:/opt/ros/foxy:/home/pimpmobile/ros2_humble/install/rqt_bag_plugins:/home/pimpmobile/ros2_humble/install/rqt_bag:/home/pimpmobile/ros2_humble/install/ros2bag:/home/pimpmobile/ros2_humble/install/tracetools_test:/home/pimpmobile/ros2_humble/install/tracetools_launch:/home/pimpmobile/ros2_humble/install/topic_monitor:/home/pimpmobile/ros2_humble/install/tf2_tools:/home/pimpmobile/ros2_humble/install/examples_tf2_py:/home/pimpmobile/ros2_humble/install/tf2_ros_py:/home/pimpmobile/ros2_humble/install/sros2:/home/pimpmobile/ros2_humble/install/rqt_topic:/home/pimpmobile/ros2_humble/install/rqt_srv:/home/pimpmobile/ros2_humble/install/rqt_shell:/home/pimpmobile/ros2_humble/install/rqt_service_caller:/home/pimpmobile/ros2_humble/install/rqt_reconfigure:/home/pimpmobile/ros2_humble/install/rqt_py_console:/home/pimpmobile/ros2_humble/install/rqt_publisher:/home/pimpmobile/ros2_humble/install/rqt_plot:/home/pimpmobile/ros2_humble/install/rqt_action:/home/pimpmobile/ros2_humble/install/rqt_msg:/home/pimpmobile/ros2_humble/install/rqt_console:/home/pimpmobile/ros2_humble/install/rqt:/home/pimpmobile/ros2_humble/install/rqt_graph:/home/pimpmobile/ros2_humble/install/rqt_gui_py:/home/pimpmobile/ros2_humble/install/rqt_gui:/home/pimpmobile/ros2_humble/install/ros2trace:/home/pimpmobile/ros2_humble/install/ros2topic:/home/pimpmobile/ros2_humble/install/ros2test:/home/pimpmobile/ros2_humble/install/ros2component:/home/pimpmobile/ros2_humble/install/ros2param:/home/pimpmobile/ros2_humble/install/ros2lifecycle:/home/pimpmobile/ros2_humble/install/ros2service:/home/pimpmobile/ros2_humble/install/ros2run:/home/pimpmobile/ros2_humble/install/ros2launch:/home/pimpmobile/ros2_humble/install/ros2pkg:/home/pimpmobile/ros2_humble/install/ros2node:/home/pimpmobile/ros2_humble/install/ros2multicast:/home/pimpmobile/ros2_humble/install/ros2interface:/home/pimpmobile/ros2_humble/install/ros2doctor:/home/pimpmobile/ros2_humble/install/ros2action:/home/pimpmobile/ros2_humble/install/ros2cli:/home/pimpmobile/ros2_humble/install/quality_of_service_demo_py:/home/pimpmobile/ros2_humble/install/lifecycle_py:/home/pimpmobile/ros2_humble/install/launch_testing_ros:/home/pimpmobile/ros2_humble/install/launch_ros:/home/pimpmobile/ros2_humble/install/examples_rclpy_pointcloud_publisher:/home/pimpmobile/ros2_humble/install/examples_rclpy_minimal_subscriber:/home/pimpmobile/ros2_humble/install/examples_rclpy_minimal_service:/home/pimpmobile/ros2_humble/install/examples_rclpy_minimal_publisher:/home/pimpmobile/ros2_humble/install/examples_rclpy_minimal_client:/home/pimpmobile/ros2_humble/install/examples_rclpy_minimal_action_server:/home/pimpmobile/ros2_humble/install/examples_rclpy_minimal_action_client:/home/pimpmobile/ros2_humble/install/examples_rclpy_guard_conditions:/home/pimpmobile/ros2_humble/install/examples_rclpy_executors:/home/pimpmobile/ros2_humble/install/demo_nodes_py:/home/pimpmobile/ros2_humble/install/action_tutorials_py:/home/pimpmobile/ros2_humble/install/ament_uncrustify:/home/pimpmobile/ros2_humble/install/tracetools_trace:/home/pimpmobile/ros2_humble/install/tracetools_read:/home/pimpmobile/ros2_humble/install/test_tracetools_launch:/home/pimpmobile/ros2_humble/install/test_launch_ros:/home/pimpmobile/ros2_humble/install/sensor_msgs_py:/home/pimpmobile/ros2_humble/install/rpyutils:/home/pimpmobile/ros2_humble/install/rosidl_runtime_py:/home/pimpmobile/ros2_humble/install/rosidl_cli:/home/pimpmobile/ros2_humble/install/launch_pytest:/home/pimpmobile/ros2_humble/install/launch_testing:/home/pimpmobile/ros2_humble/install/launch_yaml:/home/pimpmobile/ros2_humble/install/launch_xml:/home/pimpmobile/ros2_humble/install/launch:/home/pimpmobile/ros2_humble/install/osrf_pycommon:/home/pimpmobile/ros2_humble/install/launch_testing_examples:/home/pimpmobile/ros2_humble/install/domain_coordinator:/home/pimpmobile/ros2_humble/install/ament_xmllint:/home/pimpmobile/ros2_humble/install/ament_pyflakes:/home/pimpmobile/ros2_humble/install/ament_pycodestyle:/home/pimpmobile/ros2_humble/install/ament_pep257:/home/pimpmobile/ros2_humble/install/ament_pclint:/home/pimpmobile/ros2_humble/install/ament_package:/home/pimpmobile/ros2_humble/install/ament_mypy:/home/pimpmobile/ros2_humble/install/ament_lint_cmake:/home/pimpmobile/ros2_humble/install/ament_flake8:/home/pimpmobile/ros2_humble/install/ament_copyright:/home/pimpmobile/ros2_humble/install/ament_lint:/home/pimpmobile/ros2_humble/install/ament_index_python:/home/pimpmobile/ros2_humble/install/ament_cpplint:/home/pimpmobile/ros2_humble/install/ament_cppcheck:/home/pimpmobile/ros2_humble/install/ament_clang_tidy:/home/pimpmobile/ros2_humble/install/ament_clang_format /usr/bin/cmake --build /home/pimpmobile/ros2_ws/build/turtlesim -- -j6 -l6
[7.151s] [  1%] [34m[1mGenerating C code for ROS interfaces[0m
[7.151s] [35m[1mScanning dependencies of target turtlesim__cpp[0m
[7.186s] [  2%] [34m[1mGenerating C++ code for ROS interfaces[0m
[9.122s] [  2%] Built target turtlesim__cpp
[9.156s] [  3%] [34m[1mGenerating C++ introspection for ROS interfaces[0m
[9.161s] [  4%] [34m[1mGenerating C++ type support for eProsima Fast-RTPS[0m
[9.161s] [  5%] [34m[1mGenerating C++ type support dispatch for ROS interfaces[0m
[9.494s] [35m[1mScanning dependencies of target turtlesim__rosidl_generator_c[0m
[9.557s] [  6%] [32mBuilding C object CMakeFiles/turtlesim__rosidl_generator_c.dir/rosidl_generator_c/turtlesim/msg/detail/color__functions.c.o[0m
[9.561s] [  7%] [32mBuilding C object CMakeFiles/turtlesim__rosidl_generator_c.dir/rosidl_generator_c/turtlesim/action/detail/rotate_absolute__functions.c.o[0m
[9.589s] [  8%] [32mBuilding C object CMakeFiles/turtlesim__rosidl_generator_c.dir/rosidl_generator_c/turtlesim/msg/detail/pose__functions.c.o[0m
[9.726s] [  9%] [32mBuilding C object CMakeFiles/turtlesim__rosidl_generator_c.dir/rosidl_generator_c/turtlesim/srv/detail/kill__functions.c.o[0m
[9.884s] [ 10%] [32mBuilding C object CMakeFiles/turtlesim__rosidl_generator_c.dir/rosidl_generator_c/turtlesim/srv/detail/set_pen__functions.c.o[0m
[9.988s] [ 11%] [32mBuilding C object CMakeFiles/turtlesim__rosidl_generator_c.dir/rosidl_generator_c/turtlesim/srv/detail/spawn__functions.c.o[0m
[10.082s] [ 12%] [32mBuilding C object CMakeFiles/turtlesim__rosidl_generator_c.dir/rosidl_generator_c/turtlesim/srv/detail/teleport_absolute__functions.c.o[0m
[10.192s] [ 13%] [32mBuilding C object CMakeFiles/turtlesim__rosidl_generator_c.dir/rosidl_generator_c/turtlesim/srv/detail/teleport_relative__functions.c.o[0m
[10.420s] [ 14%] [32m[1mLinking C shared library libturtlesim__rosidl_generator_c.so[0m
[10.420s] [35m[1mScanning dependencies of target turtlesim__rosidl_typesupport_cpp[0m
[10.479s] [ 15%] [32mBuilding CXX object CMakeFiles/turtlesim__rosidl_typesupport_cpp.dir/rosidl_typesupport_cpp/turtlesim/action/rotate_absolute__type_support.cpp.o[0m
[10.481s] [ 16%] [32mBuilding CXX object CMakeFiles/turtlesim__rosidl_typesupport_cpp.dir/rosidl_typesupport_cpp/turtlesim/msg/color__type_support.cpp.o[0m
[10.504s] [ 17%] [32mBuilding CXX object CMakeFiles/turtlesim__rosidl_typesupport_cpp.dir/rosidl_typesupport_cpp/turtlesim/msg/pose__type_support.cpp.o[0m
[10.622s] [ 17%] Built target turtlesim__rosidl_generator_c
[10.733s] [ 18%] [34m[1mGenerating C type support dispatch for ROS interfaces[0m
[11.217s] [ 19%] [32mBuilding CXX object CMakeFiles/turtlesim__rosidl_typesupport_cpp.dir/rosidl_typesupport_cpp/turtlesim/srv/kill__type_support.cpp.o[0m
[11.533s] [ 20%] [32mBuilding CXX object CMakeFiles/turtlesim__rosidl_typesupport_cpp.dir/rosidl_typesupport_cpp/turtlesim/srv/set_pen__type_support.cpp.o[0m
[11.566s] [35m[1mScanning dependencies of target turtlesim__rosidl_typesupport_introspection_cpp[0m
[11.602s] [ 21%] [32mBuilding CXX object CMakeFiles/turtlesim__rosidl_typesupport_cpp.dir/rosidl_typesupport_cpp/turtlesim/srv/spawn__type_support.cpp.o[0m
[11.686s] [ 22%] [32mBuilding CXX object CMakeFiles/turtlesim__rosidl_typesupport_introspection_cpp.dir/rosidl_typesupport_introspection_cpp/turtlesim/action/detail/rotate_absolute__type_support.cpp.o[0m
[11.718s] [35m[1mScanning dependencies of target turtlesim__rosidl_typesupport_fastrtps_cpp[0m
[11.810s] [ 23%] [32mBuilding CXX object CMakeFiles/turtlesim__rosidl_typesupport_fastrtps_cpp.dir/rosidl_typesupport_fastrtps_cpp/turtlesim/action/detail/dds_fastrtps/rotate_absolute__type_support.cpp.o[0m
[12.103s] [ 24%] [32mBuilding CXX object CMakeFiles/turtlesim__rosidl_typesupport_fastrtps_cpp.dir/rosidl_typesupport_fastrtps_cpp/turtlesim/msg/detail/dds_fastrtps/color__type_support.cpp.o[0m
[12.351s] [35m[1mScanning dependencies of target turtlesim__rosidl_typesupport_c[0m
[12.476s] [ 25%] [32mBuilding CXX object CMakeFiles/turtlesim__rosidl_typesupport_c.dir/rosidl_typesupport_c/turtlesim/action/rotate_absolute__type_support.cpp.o[0m
[12.546s] [ 26%] [32mBuilding CXX object CMakeFiles/turtlesim__rosidl_typesupport_fastrtps_cpp.dir/rosidl_typesupport_fastrtps_cpp/turtlesim/msg/detail/dds_fastrtps/pose__type_support.cpp.o[0m
[12.641s] [ 27%] [32mBuilding CXX object CMakeFiles/turtlesim__rosidl_typesupport_cpp.dir/rosidl_typesupport_cpp/turtlesim/srv/teleport_absolute__type_support.cpp.o[0m
[12.744s] [ 28%] [32mBuilding CXX object CMakeFiles/turtlesim__rosidl_typesupport_introspection_cpp.dir/rosidl_typesupport_introspection_cpp/turtlesim/msg/detail/color__type_support.cpp.o[0m
[12.791s] [ 29%] [32mBuilding CXX object CMakeFiles/turtlesim__rosidl_typesupport_c.dir/rosidl_typesupport_c/turtlesim/msg/color__type_support.cpp.o[0m
[12.994s] [ 30%] [32mBuilding CXX object CMakeFiles/turtlesim__rosidl_typesupport_c.dir/rosidl_typesupport_c/turtlesim/msg/pose__type_support.cpp.o[0m
[13.237s] [ 31%] [32mBuilding CXX object CMakeFiles/turtlesim__rosidl_typesupport_c.dir/rosidl_typesupport_c/turtlesim/srv/kill__type_support.cpp.o[0m
[13.286s] [ 32%] [32mBuilding CXX object CMakeFiles/turtlesim__rosidl_typesupport_fastrtps_cpp.dir/rosidl_typesupport_fastrtps_cpp/turtlesim/srv/detail/dds_fastrtps/kill__type_support.cpp.o[0m
[13.477s] [ 33%] [32mBuilding CXX object CMakeFiles/turtlesim__rosidl_typesupport_c.dir/rosidl_typesupport_c/turtlesim/srv/set_pen__type_support.cpp.o[0m
[13.487s] [ 34%] [32mBuilding CXX object CMakeFiles/turtlesim__rosidl_typesupport_cpp.dir/rosidl_typesupport_cpp/turtlesim/srv/teleport_relative__type_support.cpp.o[0m
[13.525s] [ 35%] [32mBuilding CXX object CMakeFiles/turtlesim__rosidl_typesupport_c.dir/rosidl_typesupport_c/turtlesim/srv/spawn__type_support.cpp.o[0m
[13.567s] [ 36%] [32mBuilding CXX object CMakeFiles/turtlesim__rosidl_typesupport_introspection_cpp.dir/rosidl_typesupport_introspection_cpp/turtlesim/msg/detail/pose__type_support.cpp.o[0m
[13.609s] [ 37%] [32mBuilding CXX object CMakeFiles/turtlesim__rosidl_typesupport_c.dir/rosidl_typesupport_c/turtlesim/srv/teleport_absolute__type_support.cpp.o[0m
[13.706s] [ 38%] [32mBuilding CXX object CMakeFiles/turtlesim__rosidl_typesupport_c.dir/rosidl_typesupport_c/turtlesim/srv/teleport_relative__type_support.cpp.o[0m
[13.709s] [ 39%] [32mBuilding CXX object CMakeFiles/turtlesim__rosidl_typesupport_introspection_cpp.dir/rosidl_typesupport_introspection_cpp/turtlesim/srv/detail/kill__type_support.cpp.o[0m
[13.742s] [ 40%] [32mBuilding CXX object CMakeFiles/turtlesim__rosidl_typesupport_fastrtps_cpp.dir/rosidl_typesupport_fastrtps_cpp/turtlesim/srv/detail/dds_fastrtps/set_pen__type_support.cpp.o[0m
[13.866s] [ 41%] [32m[1mLinking CXX shared library libturtlesim__rosidl_typesupport_c.so[0m
[14.150s] [ 41%] Built target turtlesim__rosidl_typesupport_c
[14.198s] [ 42%] [32mBuilding CXX object CMakeFiles/turtlesim__rosidl_typesupport_fastrtps_cpp.dir/rosidl_typesupport_fastrtps_cpp/turtlesim/srv/detail/dds_fastrtps/spawn__type_support.cpp.o[0m
[14.335s] [ 43%] [32m[1mLinking CXX shared library libturtlesim__rosidl_typesupport_cpp.so[0m
[14.397s] [ 44%] [32mBuilding CXX object CMakeFiles/turtlesim__rosidl_typesupport_fastrtps_cpp.dir/rosidl_typesupport_fastrtps_cpp/turtlesim/srv/detail/dds_fastrtps/teleport_absolute__type_support.cpp.o[0m
[14.438s] [ 45%] [32mBuilding CXX object CMakeFiles/turtlesim__rosidl_typesupport_introspection_cpp.dir/rosidl_typesupport_introspection_cpp/turtlesim/srv/detail/set_pen__type_support.cpp.o[0m
[14.493s] [ 46%] [32mBuilding CXX object CMakeFiles/turtlesim__rosidl_typesupport_introspection_cpp.dir/rosidl_typesupport_introspection_cpp/turtlesim/srv/detail/spawn__type_support.cpp.o[0m
[14.507s] [ 46%] Built target turtlesim__rosidl_typesupport_cpp
[14.591s] [ 47%] [34m[1mGenerating C introspection for ROS interfaces[0m
[14.946s] [ 48%] [32mBuilding CXX object CMakeFiles/turtlesim__rosidl_typesupport_fastrtps_cpp.dir/rosidl_typesupport_fastrtps_cpp/turtlesim/srv/detail/dds_fastrtps/teleport_relative__type_support.cpp.o[0m
[15.204s] [ 49%] [32mBuilding CXX object CMakeFiles/turtlesim__rosidl_typesupport_introspection_cpp.dir/rosidl_typesupport_introspection_cpp/turtlesim/srv/detail/teleport_absolute__type_support.cpp.o[0m
[15.278s] [ 50%] [32mBuilding CXX object CMakeFiles/turtlesim__rosidl_typesupport_introspection_cpp.dir/rosidl_typesupport_introspection_cpp/turtlesim/srv/detail/teleport_relative__type_support.cpp.o[0m
[16.001s] [ 51%] [32m[1mLinking CXX shared library libturtlesim__rosidl_typesupport_introspection_cpp.so[0m
[16.027s] [ 52%] [32m[1mLinking CXX shared library libturtlesim__rosidl_typesupport_fastrtps_cpp.so[0m
[16.182s] [ 52%] Built target turtlesim__rosidl_typesupport_introspection_cpp
[16.242s] [ 52%] Built target turtlesim__rosidl_typesupport_fastrtps_cpp
[16.289s] [ 53%] [34m[1mGenerating C type support for eProsima Fast-RTPS[0m
[16.304s] [35m[1mScanning dependencies of target turtlesim__rosidl_typesupport_introspection_c[0m
[16.352s] [ 56%] [32mBuilding C object CMakeFiles/turtlesim__rosidl_typesupport_introspection_c.dir/rosidl_typesupport_introspection_c/turtlesim/action/detail/rotate_absolute__type_support.c.o[0m
[16.353s] [ 56%] [32mBuilding C object CMakeFiles/turtlesim__rosidl_typesupport_introspection_c.dir/rosidl_typesupport_introspection_c/turtlesim/msg/detail/pose__type_support.c.o[0m
[16.353s] [ 56%] [32mBuilding C object CMakeFiles/turtlesim__rosidl_typesupport_introspection_c.dir/rosidl_typesupport_introspection_c/turtlesim/msg/detail/color__type_support.c.o[0m
[16.361s] [ 57%] [32mBuilding C object CMakeFiles/turtlesim__rosidl_typesupport_introspection_c.dir/rosidl_typesupport_introspection_c/turtlesim/srv/detail/kill__type_support.c.o[0m
[16.386s] [ 58%] [32mBuilding C object CMakeFiles/turtlesim__rosidl_typesupport_introspection_c.dir/rosidl_typesupport_introspection_c/turtlesim/srv/detail/set_pen__type_support.c.o[0m
[16.456s] [ 59%] [32mBuilding C object CMakeFiles/turtlesim__rosidl_typesupport_introspection_c.dir/rosidl_typesupport_introspection_c/turtlesim/srv/detail/spawn__type_support.c.o[0m
[16.498s] [ 60%] [32mBuilding C object CMakeFiles/turtlesim__rosidl_typesupport_introspection_c.dir/rosidl_typesupport_introspection_c/turtlesim/srv/detail/teleport_relative__type_support.c.o[0m
[16.498s] [ 61%] [32mBuilding C object CMakeFiles/turtlesim__rosidl_typesupport_introspection_c.dir/rosidl_typesupport_introspection_c/turtlesim/srv/detail/teleport_absolute__type_support.c.o[0m
[16.598s] [ 62%] [32m[1mLinking C shared library libturtlesim__rosidl_typesupport_introspection_c.so[0m
[16.687s] [ 62%] Built target turtlesim__rosidl_typesupport_introspection_c
[17.799s] [35m[1mScanning dependencies of target turtlesim__rosidl_typesupport_fastrtps_c[0m
[17.870s] [ 64%] [32mBuilding CXX object CMakeFiles/turtlesim__rosidl_typesupport_fastrtps_c.dir/rosidl_typesupport_fastrtps_c/turtlesim/msg/detail/color__type_support_c.cpp.o[0m
[17.871s] [ 64%] [32mBuilding CXX object CMakeFiles/turtlesim__rosidl_typesupport_fastrtps_c.dir/rosidl_typesupport_fastrtps_c/turtlesim/msg/detail/pose__type_support_c.cpp.o[0m
[17.874s] [ 65%] [32mBuilding CXX object CMakeFiles/turtlesim__rosidl_typesupport_fastrtps_c.dir/rosidl_typesupport_fastrtps_c/turtlesim/action/detail/rotate_absolute__type_support_c.cpp.o[0m
[17.874s] [ 66%] [32mBuilding CXX object CMakeFiles/turtlesim__rosidl_typesupport_fastrtps_c.dir/rosidl_typesupport_fastrtps_c/turtlesim/srv/detail/kill__type_support_c.cpp.o[0m
[17.878s] [ 67%] [32mBuilding CXX object CMakeFiles/turtlesim__rosidl_typesupport_fastrtps_c.dir/rosidl_typesupport_fastrtps_c/turtlesim/srv/detail/set_pen__type_support_c.cpp.o[0m
[17.885s] [ 68%] [32mBuilding CXX object CMakeFiles/turtlesim__rosidl_typesupport_fastrtps_c.dir/rosidl_typesupport_fastrtps_c/turtlesim/srv/detail/spawn__type_support_c.cpp.o[0m
[18.885s] [ 69%] [32mBuilding CXX object CMakeFiles/turtlesim__rosidl_typesupport_fastrtps_c.dir/rosidl_typesupport_fastrtps_c/turtlesim/srv/detail/teleport_absolute__type_support_c.cpp.o[0m
[18.998s] [ 70%] [32mBuilding CXX object CMakeFiles/turtlesim__rosidl_typesupport_fastrtps_c.dir/rosidl_typesupport_fastrtps_c/turtlesim/srv/detail/teleport_relative__type_support_c.cpp.o[0m
[19.850s] [ 71%] [32m[1mLinking CXX shared library libturtlesim__rosidl_typesupport_fastrtps_c.so[0m
[20.036s] [ 71%] Built target turtlesim__rosidl_typesupport_fastrtps_c
[20.069s] [35m[1mScanning dependencies of target turtlesim[0m
[20.102s] [ 71%] Built target turtlesim
[20.134s] [35m[1mScanning dependencies of target mimic[0m
[20.134s] [35m[1mScanning dependencies of target turtle_teleop_key[0m
[20.134s] [35m[1mScanning dependencies of target draw_square[0m
[20.134s] [35m[1mScanning dependencies of target turtlesim__py[0m
[20.137s] [ 72%] [34m[1mGenerating include/turtlesim/moc_turtle_frame.cpp[0m
[20.169s] [ 73%] [34m[1mGenerating Python code for ROS interfaces[0m
[20.235s] [ 74%] [32mBuilding CXX object CMakeFiles/mimic.dir/tutorials/mimic.cpp.o[0m
[20.243s] [ 75%] [32mBuilding CXX object CMakeFiles/draw_square.dir/tutorials/draw_square.cpp.o[0m
[20.249s] [ 76%] [32mBuilding CXX object CMakeFiles/turtle_teleop_key.dir/tutorials/teleop_turtle_key.cpp.o[0m
[20.277s] [35m[1mScanning dependencies of target turtlesim_node[0m
[20.448s] [ 77%] [32mBuilding CXX object CMakeFiles/turtlesim_node.dir/src/turtlesim.cpp.o[0m
[20.455s] [ 78%] [32mBuilding CXX object CMakeFiles/turtlesim_node.dir/src/turtle.cpp.o[0m
[24.817s] [ 78%] Built target turtlesim__py
[24.860s] [ 79%] [32mBuilding CXX object CMakeFiles/turtlesim_node.dir/src/turtle_frame.cpp.o[0m
[28.184s] [ 80%] [32mBuilding CXX object CMakeFiles/turtlesim_node.dir/include/turtlesim/moc_turtle_frame.cpp.o[0m
[32.108s] [ 81%] [32m[1mLinking CXX executable turtle_teleop_key[0m
[32.668s] [ 81%] Built target turtle_teleop_key
[32.703s] [35m[1mScanning dependencies of target turtlesim__python[0m
[32.818s] [ 82%] [32mBuilding C object CMakeFiles/turtlesim__python.dir/rosidl_generator_py/turtlesim/action/_rotate_absolute_s.c.o[0m
[33.162s] [ 83%] [32mBuilding C object CMakeFiles/turtlesim__python.dir/rosidl_generator_py/turtlesim/msg/_color_s.c.o[0m
[33.393s] [ 84%] [32mBuilding C object CMakeFiles/turtlesim__python.dir/rosidl_generator_py/turtlesim/msg/_pose_s.c.o[0m
[33.628s] [ 85%] [32mBuilding C object CMakeFiles/turtlesim__python.dir/rosidl_generator_py/turtlesim/srv/_kill_s.c.o[0m
[33.864s] [ 86%] [32mBuilding C object CMakeFiles/turtlesim__python.dir/rosidl_generator_py/turtlesim/srv/_set_pen_s.c.o[0m
[34.104s] [ 87%] [32mBuilding C object CMakeFiles/turtlesim__python.dir/rosidl_generator_py/turtlesim/srv/_spawn_s.c.o[0m
[34.369s] [ 88%] [32mBuilding C object CMakeFiles/turtlesim__python.dir/rosidl_generator_py/turtlesim/srv/_teleport_absolute_s.c.o[0m
[34.504s] [ 89%] [32m[1mLinking CXX executable mimic[0m
[34.667s] [ 90%] [32mBuilding C object CMakeFiles/turtlesim__python.dir/rosidl_generator_py/turtlesim/srv/_teleport_relative_s.c.o[0m
[34.909s] [ 91%] [32m[1mLinking C shared library rosidl_generator_py/turtlesim/libturtlesim__python.so[0m
[35.041s] [ 91%] Built target turtlesim__python
[35.080s] [35m[1mScanning dependencies of target turtlesim__rosidl_typesupport_introspection_c__pyext[0m
[35.114s] [35m[1mScanning dependencies of target turtlesim__rosidl_typesupport_fastrtps_c__pyext[0m
[35.130s] [ 91%] Built target mimic
[35.142s] [ 92%] [32mBuilding C object CMakeFiles/turtlesim__rosidl_typesupport_introspection_c__pyext.dir/rosidl_generator_py/turtlesim/_turtlesim_s.ep.rosidl_typesupport_introspection_c.c.o[0m
[35.167s] [35m[1mScanning dependencies of target turtlesim__rosidl_typesupport_c__pyext[0m
[35.181s] [ 93%] [32mBuilding C object CMakeFiles/turtlesim__rosidl_typesupport_fastrtps_c__pyext.dir/rosidl_generator_py/turtlesim/_turtlesim_s.ep.rosidl_typesupport_fastrtps_c.c.o[0m
[35.235s] [ 94%] [32mBuilding C object CMakeFiles/turtlesim__rosidl_typesupport_c__pyext.dir/rosidl_generator_py/turtlesim/_turtlesim_s.ep.rosidl_typesupport_c.c.o[0m
[35.420s] [ 95%] [32m[1mLinking CXX executable draw_square[0m
[35.481s] [ 96%] [32m[1mLinking C shared library rosidl_generator_py/turtlesim/turtlesim_s__rosidl_typesupport_introspection_c.cpython-38-aarch64-linux-gnu.so[0m
[35.538s] [ 97%] [32m[1mLinking CXX shared library rosidl_generator_py/turtlesim/turtlesim_s__rosidl_typesupport_fastrtps_c.cpython-38-aarch64-linux-gnu.so[0m
[35.594s] [ 97%] Built target turtlesim__rosidl_typesupport_introspection_c__pyext
[35.614s] [ 98%] [32m[1mLinking C shared library rosidl_generator_py/turtlesim/turtlesim_s__rosidl_typesupport_c.cpython-38-aarch64-linux-gnu.so[0m
[35.737s] [ 98%] Built target turtlesim__rosidl_typesupport_fastrtps_c__pyext
[35.738s] [ 98%] Built target turtlesim__rosidl_typesupport_c__pyext
[36.082s] [ 98%] Built target draw_square
[42.618s] [100%] [32m[1mLinking CXX executable turtlesim_node[0m
[45.840s] [100%] Built target turtlesim_node
[45.874s] Invoked command in '/home/pimpmobile/ros2_ws/build/turtlesim' returned '0': CMAKE_PREFIX_PATH=${CMAKE_PREFIX_PATH}:/opt/ros/foxy:/home/pimpmobile/ros2_humble/install/rqt_bag_plugins:/home/pimpmobile/ros2_humble/install/rqt_bag:/home/pimpmobile/ros2_humble/install/ros2bag:/home/pimpmobile/ros2_humble/install/tracetools_test:/home/pimpmobile/ros2_humble/install/tracetools_launch:/home/pimpmobile/ros2_humble/install/topic_monitor:/home/pimpmobile/ros2_humble/install/tf2_tools:/home/pimpmobile/ros2_humble/install/examples_tf2_py:/home/pimpmobile/ros2_humble/install/tf2_ros_py:/home/pimpmobile/ros2_humble/install/sros2:/home/pimpmobile/ros2_humble/install/rqt_topic:/home/pimpmobile/ros2_humble/install/rqt_srv:/home/pimpmobile/ros2_humble/install/rqt_shell:/home/pimpmobile/ros2_humble/install/rqt_service_caller:/home/pimpmobile/ros2_humble/install/rqt_reconfigure:/home/pimpmobile/ros2_humble/install/rqt_py_console:/home/pimpmobile/ros2_humble/install/rqt_publisher:/home/pimpmobile/ros2_humble/install/rqt_plot:/home/pimpmobile/ros2_humble/install/rqt_action:/home/pimpmobile/ros2_humble/install/rqt_msg:/home/pimpmobile/ros2_humble/install/rqt_console:/home/pimpmobile/ros2_humble/install/rqt:/home/pimpmobile/ros2_humble/install/rqt_graph:/home/pimpmobile/ros2_humble/install/rqt_gui_py:/home/pimpmobile/ros2_humble/install/rqt_gui:/home/pimpmobile/ros2_humble/install/ros2trace:/home/pimpmobile/ros2_humble/install/ros2topic:/home/pimpmobile/ros2_humble/install/ros2test:/home/pimpmobile/ros2_humble/install/ros2component:/home/pimpmobile/ros2_humble/install/ros2param:/home/pimpmobile/ros2_humble/install/ros2lifecycle:/home/pimpmobile/ros2_humble/install/ros2service:/home/pimpmobile/ros2_humble/install/ros2run:/home/pimpmobile/ros2_humble/install/ros2launch:/home/pimpmobile/ros2_humble/install/ros2pkg:/home/pimpmobile/ros2_humble/install/ros2node:/home/pimpmobile/ros2_humble/install/ros2multicast:/home/pimpmobile/ros2_humble/install/ros2interface:/home/pimpmobile/ros2_humble/install/ros2doctor:/home/pimpmobile/ros2_humble/install/ros2action:/home/pimpmobile/ros2_humble/install/ros2cli:/home/pimpmobile/ros2_humble/install/quality_of_service_demo_py:/home/pimpmobile/ros2_humble/install/lifecycle_py:/home/pimpmobile/ros2_humble/install/launch_testing_ros:/home/pimpmobile/ros2_humble/install/launch_ros:/home/pimpmobile/ros2_humble/install/examples_rclpy_pointcloud_publisher:/home/pimpmobile/ros2_humble/install/examples_rclpy_minimal_subscriber:/home/pimpmobile/ros2_humble/install/examples_rclpy_minimal_service:/home/pimpmobile/ros2_humble/install/examples_rclpy_minimal_publisher:/home/pimpmobile/ros2_humble/install/examples_rclpy_minimal_client:/home/pimpmobile/ros2_humble/install/examples_rclpy_minimal_action_server:/home/pimpmobile/ros2_humble/install/examples_rclpy_minimal_action_client:/home/pimpmobile/ros2_humble/install/examples_rclpy_guard_conditions:/home/pimpmobile/ros2_humble/install/examples_rclpy_executors:/home/pimpmobile/ros2_humble/install/demo_nodes_py:/home/pimpmobile/ros2_humble/install/action_tutorials_py:/home/pimpmobile/ros2_humble/install/ament_uncrustify:/home/pimpmobile/ros2_humble/install/tracetools_trace:/home/pimpmobile/ros2_humble/install/tracetools_read:/home/pimpmobile/ros2_humble/install/test_tracetools_launch:/home/pimpmobile/ros2_humble/install/test_launch_ros:/home/pimpmobile/ros2_humble/install/sensor_msgs_py:/home/pimpmobile/ros2_humble/install/rpyutils:/home/pimpmobile/ros2_humble/install/rosidl_runtime_py:/home/pimpmobile/ros2_humble/install/rosidl_cli:/home/pimpmobile/ros2_humble/install/launch_pytest:/home/pimpmobile/ros2_humble/install/launch_testing:/home/pimpmobile/ros2_humble/install/launch_yaml:/home/pimpmobile/ros2_humble/install/launch_xml:/home/pimpmobile/ros2_humble/install/launch:/home/pimpmobile/ros2_humble/install/osrf_pycommon:/home/pimpmobile/ros2_humble/install/launch_testing_examples:/home/pimpmobile/ros2_humble/install/domain_coordinator:/home/pimpmobile/ros2_humble/install/ament_xmllint:/home/pimpmobile/ros2_humble/install/ament_pyflakes:/home/pimpmobile/ros2_humble/install/ament_pycodestyle:/home/pimpmobile/ros2_humble/install/ament_pep257:/home/pimpmobile/ros2_humble/install/ament_pclint:/home/pimpmobile/ros2_humble/install/ament_package:/home/pimpmobile/ros2_humble/install/ament_mypy:/home/pimpmobile/ros2_humble/install/ament_lint_cmake:/home/pimpmobile/ros2_humble/install/ament_flake8:/home/pimpmobile/ros2_humble/install/ament_copyright:/home/pimpmobile/ros2_humble/install/ament_lint:/home/pimpmobile/ros2_humble/install/ament_index_python:/home/pimpmobile/ros2_humble/install/ament_cpplint:/home/pimpmobile/ros2_humble/install/ament_cppcheck:/home/pimpmobile/ros2_humble/install/ament_clang_tidy:/home/pimpmobile/ros2_humble/install/ament_clang_format /usr/bin/cmake --build /home/pimpmobile/ros2_ws/build/turtlesim -- -j6 -l6
[47.104s] Invoking command in '/home/pimpmobile/ros2_ws/build/turtlesim': CMAKE_PREFIX_PATH=${CMAKE_PREFIX_PATH}:/opt/ros/foxy:/home/pimpmobile/ros2_humble/install/rqt_bag_plugins:/home/pimpmobile/ros2_humble/install/rqt_bag:/home/pimpmobile/ros2_humble/install/ros2bag:/home/pimpmobile/ros2_humble/install/tracetools_test:/home/pimpmobile/ros2_humble/install/tracetools_launch:/home/pimpmobile/ros2_humble/install/topic_monitor:/home/pimpmobile/ros2_humble/install/tf2_tools:/home/pimpmobile/ros2_humble/install/examples_tf2_py:/home/pimpmobile/ros2_humble/install/tf2_ros_py:/home/pimpmobile/ros2_humble/install/sros2:/home/pimpmobile/ros2_humble/install/rqt_topic:/home/pimpmobile/ros2_humble/install/rqt_srv:/home/pimpmobile/ros2_humble/install/rqt_shell:/home/pimpmobile/ros2_humble/install/rqt_service_caller:/home/pimpmobile/ros2_humble/install/rqt_reconfigure:/home/pimpmobile/ros2_humble/install/rqt_py_console:/home/pimpmobile/ros2_humble/install/rqt_publisher:/home/pimpmobile/ros2_humble/install/rqt_plot:/home/pimpmobile/ros2_humble/install/rqt_action:/home/pimpmobile/ros2_humble/install/rqt_msg:/home/pimpmobile/ros2_humble/install/rqt_console:/home/pimpmobile/ros2_humble/install/rqt:/home/pimpmobile/ros2_humble/install/rqt_graph:/home/pimpmobile/ros2_humble/install/rqt_gui_py:/home/pimpmobile/ros2_humble/install/rqt_gui:/home/pimpmobile/ros2_humble/install/ros2trace:/home/pimpmobile/ros2_humble/install/ros2topic:/home/pimpmobile/ros2_humble/install/ros2test:/home/pimpmobile/ros2_humble/install/ros2component:/home/pimpmobile/ros2_humble/install/ros2param:/home/pimpmobile/ros2_humble/install/ros2lifecycle:/home/pimpmobile/ros2_humble/install/ros2service:/home/pimpmobile/ros2_humble/install/ros2run:/home/pimpmobile/ros2_humble/install/ros2launch:/home/pimpmobile/ros2_humble/install/ros2pkg:/home/pimpmobile/ros2_humble/install/ros2node:/home/pimpmobile/ros2_humble/install/ros2multicast:/home/pimpmobile/ros2_humble/install/ros2interface:/home/pimpmobile/ros2_humble/install/ros2doctor:/home/pimpmobile/ros2_humble/install/ros2action:/home/pimpmobile/ros2_humble/install/ros2cli:/home/pimpmobile/ros2_humble/install/quality_of_service_demo_py:/home/pimpmobile/ros2_humble/install/lifecycle_py:/home/pimpmobile/ros2_humble/install/launch_testing_ros:/home/pimpmobile/ros2_humble/install/launch_ros:/home/pimpmobile/ros2_humble/install/examples_rclpy_pointcloud_publisher:/home/pimpmobile/ros2_humble/install/examples_rclpy_minimal_subscriber:/home/pimpmobile/ros2_humble/install/examples_rclpy_minimal_service:/home/pimpmobile/ros2_humble/install/examples_rclpy_minimal_publisher:/home/pimpmobile/ros2_humble/install/examples_rclpy_minimal_client:/home/pimpmobile/ros2_humble/install/examples_rclpy_minimal_action_server:/home/pimpmobile/ros2_humble/install/examples_rclpy_minimal_action_client:/home/pimpmobile/ros2_humble/install/examples_rclpy_guard_conditions:/home/pimpmobile/ros2_humble/install/examples_rclpy_executors:/home/pimpmobile/ros2_humble/install/demo_nodes_py:/home/pimpmobile/ros2_humble/install/action_tutorials_py:/home/pimpmobile/ros2_humble/install/ament_uncrustify:/home/pimpmobile/ros2_humble/install/tracetools_trace:/home/pimpmobile/ros2_humble/install/tracetools_read:/home/pimpmobile/ros2_humble/install/test_tracetools_launch:/home/pimpmobile/ros2_humble/install/test_launch_ros:/home/pimpmobile/ros2_humble/install/sensor_msgs_py:/home/pimpmobile/ros2_humble/install/rpyutils:/home/pimpmobile/ros2_humble/install/rosidl_runtime_py:/home/pimpmobile/ros2_humble/install/rosidl_cli:/home/pimpmobile/ros2_humble/install/launch_pytest:/home/pimpmobile/ros2_humble/install/launch_testing:/home/pimpmobile/ros2_humble/install/launch_yaml:/home/pimpmobile/ros2_humble/install/launch_xml:/home/pimpmobile/ros2_humble/install/launch:/home/pimpmobile/ros2_humble/install/osrf_pycommon:/home/pimpmobile/ros2_humble/install/launch_testing_examples:/home/pimpmobile/ros2_humble/install/domain_coordinator:/home/pimpmobile/ros2_humble/install/ament_xmllint:/home/pimpmobile/ros2_humble/install/ament_pyflakes:/home/pimpmobile/ros2_humble/install/ament_pycodestyle:/home/pimpmobile/ros2_humble/install/ament_pep257:/home/pimpmobile/ros2_humble/install/ament_pclint:/home/pimpmobile/ros2_humble/install/ament_package:/home/pimpmobile/ros2_humble/install/ament_mypy:/home/pimpmobile/ros2_humble/install/ament_lint_cmake:/home/pimpmobile/ros2_humble/install/ament_flake8:/home/pimpmobile/ros2_humble/install/ament_copyright:/home/pimpmobile/ros2_humble/install/ament_lint:/home/pimpmobile/ros2_humble/install/ament_index_python:/home/pimpmobile/ros2_humble/install/ament_cpplint:/home/pimpmobile/ros2_humble/install/ament_cppcheck:/home/pimpmobile/ros2_humble/install/ament_clang_tidy:/home/pimpmobile/ros2_humble/install/ament_clang_format /usr/bin/cmake --install /home/pimpmobile/ros2_ws/build/turtlesim
[47.123s] -- Install configuration: ""
[47.123s] -- Installing: /home/pimpmobile/ros2_ws/install/turtlesim/share/ament_index/resource_index/rosidl_interfaces/turtlesim
[47.124s] -- Installing: /home/pimpmobile/ros2_ws/install/turtlesim/include/turtlesim
[47.124s] -- Installing: /home/pimpmobile/ros2_ws/install/turtlesim/include/turtlesim/msg
[47.125s] -- Installing: /home/pimpmobile/ros2_ws/install/turtlesim/include/turtlesim/msg/rosidl_generator_c__visibility_control.h
[47.125s] -- Installing: /home/pimpmobile/ros2_ws/install/turtlesim/include/turtlesim/msg/pose.h
[47.125s] -- Installing: /home/pimpmobile/ros2_ws/install/turtlesim/include/turtlesim/msg/color.h
[47.126s] -- Installing: /home/pimpmobile/ros2_ws/install/turtlesim/include/turtlesim/msg/detail
[47.126s] -- Installing: /home/pimpmobile/ros2_ws/install/turtlesim/include/turtlesim/msg/detail/color__struct.h
[47.126s] -- Installing: /home/pimpmobile/ros2_ws/install/turtlesim/include/turtlesim/msg/detail/pose__type_support.h
[47.127s] -- Installing: /home/pimpmobile/ros2_ws/install/turtlesim/include/turtlesim/msg/detail/pose__functions.c
[47.127s] -- Installing: /home/pimpmobile/ros2_ws/install/turtlesim/include/turtlesim/msg/detail/color__type_support.h
[47.127s] -- Installing: /home/pimpmobile/ros2_ws/install/turtlesim/include/turtlesim/msg/detail/color__functions.h
[47.128s] -- Installing: /home/pimpmobile/ros2_ws/install/turtlesim/include/turtlesim/msg/detail/pose__struct.h
[47.128s] -- Installing: /home/pimpmobile/ros2_ws/install/turtlesim/include/turtlesim/msg/detail/pose__functions.h
[47.128s] -- Installing: /home/pimpmobile/ros2_ws/install/turtlesim/include/turtlesim/msg/detail/color__functions.c
[47.129s] -- Installing: /home/pimpmobile/ros2_ws/install/turtlesim/include/turtlesim/srv
[47.129s] -- Installing: /home/pimpmobile/ros2_ws/install/turtlesim/include/turtlesim/srv/kill.h
[47.129s] -- Installing: /home/pimpmobile/ros2_ws/install/turtlesim/include/turtlesim/srv/teleport_relative.h
[47.130s] -- Installing: /home/pimpmobile/ros2_ws/install/turtlesim/include/turtlesim/srv/detail
[47.130s] -- Installing: /home/pimpmobile/ros2_ws/install/turtlesim/include/turtlesim/srv/detail/teleport_relative__type_support.h
[47.130s] -- Installing: /home/pimpmobile/ros2_ws/install/turtlesim/include/turtlesim/srv/detail/spawn__functions.h
[47.131s] -- Installing: /home/pimpmobile/ros2_ws/install/turtlesim/include/turtlesim/srv/detail/spawn__struct.h
[47.131s] -- Installing: /home/pimpmobile/ros2_ws/install/turtlesim/include/turtlesim/srv/detail/spawn__type_support.h
[47.131s] -- Installing: /home/pimpmobile/ros2_ws/install/turtlesim/include/turtlesim/srv/detail/teleport_relative__functions.c
[47.132s] -- Installing: /home/pimpmobile/ros2_ws/install/turtlesim/include/turtlesim/srv/detail/teleport_relative__functions.h
[47.132s] -- Installing: /home/pimpmobile/ros2_ws/install/turtlesim/include/turtlesim/srv/detail/teleport_absolute__type_support.h
[47.132s] -- Installing: /home/pimpmobile/ros2_ws/install/turtlesim/include/turtlesim/srv/detail/kill__functions.c
[47.133s] -- Installing: /home/pimpmobile/ros2_ws/install/turtlesim/include/turtlesim/srv/detail/teleport_absolute__functions.c
[47.133s] -- Installing: /home/pimpmobile/ros2_ws/install/turtlesim/include/turtlesim/srv/detail/kill__functions.h
[47.133s] -- Installing: /home/pimpmobile/ros2_ws/install/turtlesim/include/turtlesim/srv/detail/spawn__functions.c
[47.134s] -- Installing: /home/pimpmobile/ros2_ws/install/turtlesim/include/turtlesim/srv/detail/kill__struct.h
[47.134s] -- Installing: /home/pimpmobile/ros2_ws/install/turtlesim/include/turtlesim/srv/detail/set_pen__functions.c
[47.134s] -- Installing: /home/pimpmobile/ros2_ws/install/turtlesim/include/turtlesim/srv/detail/teleport_absolute__struct.h
[47.135s] -- Installing: /home/pimpmobile/ros2_ws/install/turtlesim/include/turtlesim/srv/detail/teleport_absolute__functions.h
[47.135s] -- Installing: /home/pimpmobile/ros2_ws/install/turtlesim/include/turtlesim/srv/detail/set_pen__functions.h
[47.135s] -- Installing: /home/pimpmobile/ros2_ws/install/turtlesim/include/turtlesim/srv/detail/set_pen__struct.h
[47.135s] -- Installing: /home/pimpmobile/ros2_ws/install/turtlesim/include/turtlesim/srv/detail/set_pen__type_support.h
[47.136s] -- Installing: /home/pimpmobile/ros2_ws/install/turtlesim/include/turtlesim/srv/detail/teleport_relative__struct.h
[47.136s] -- Installing: /home/pimpmobile/ros2_ws/install/turtlesim/include/turtlesim/srv/detail/kill__type_support.h
[47.136s] -- Installing: /home/pimpmobile/ros2_ws/install/turtlesim/include/turtlesim/srv/spawn.h
[47.137s] -- Installing: /home/pimpmobile/ros2_ws/install/turtlesim/include/turtlesim/srv/teleport_absolute.h
[47.137s] -- Installing: /home/pimpmobile/ros2_ws/install/turtlesim/include/turtlesim/srv/set_pen.h
[47.137s] -- Installing: /home/pimpmobile/ros2_ws/install/turtlesim/include/turtlesim/action
[47.138s] -- Installing: /home/pimpmobile/ros2_ws/install/turtlesim/include/turtlesim/action/rotate_absolute.h
[47.138s] -- Installing: /home/pimpmobile/ros2_ws/install/turtlesim/include/turtlesim/action/detail
[47.138s] -- Installing: /home/pimpmobile/ros2_ws/install/turtlesim/include/turtlesim/action/detail/rotate_absolute__functions.h
[47.139s] -- Installing: /home/pimpmobile/ros2_ws/install/turtlesim/include/turtlesim/action/detail/rotate_absolute__functions.c
[47.139s] -- Installing: /home/pimpmobile/ros2_ws/install/turtlesim/include/turtlesim/action/detail/rotate_absolute__struct.h
[47.139s] -- Installing: /home/pimpmobile/ros2_ws/install/turtlesim/include/turtlesim/action/detail/rotate_absolute__type_support.h
[47.139s] -- Installing: /home/pimpmobile/ros2_ws/install/turtlesim/share/turtlesim/environment/library_path.sh
[47.140s] -- Installing: /home/pimpmobile/ros2_ws/install/turtlesim/share/turtlesim/environment/library_path.dsv
[47.140s] -- Installing: /home/pimpmobile/ros2_ws/install/turtlesim/lib/libturtlesim__rosidl_generator_c.so
[47.140s] -- Set runtime path of "/home/pimpmobile/ros2_ws/install/turtlesim/lib/libturtlesim__rosidl_generator_c.so" to ""
[47.141s] -- Up-to-date: /home/pimpmobile/ros2_ws/install/turtlesim/include/turtlesim
[47.141s] -- Up-to-date: /home/pimpmobile/ros2_ws/install/turtlesim/include/turtlesim/msg
[47.141s] -- Installing: /home/pimpmobile/ros2_ws/install/turtlesim/include/turtlesim/msg/rosidl_typesupport_fastrtps_c__visibility_control.h
[47.142s] -- Up-to-date: /home/pimpmobile/ros2_ws/install/turtlesim/include/turtlesim/msg/detail
[47.142s] -- Installing: /home/pimpmobile/ros2_ws/install/turtlesim/include/turtlesim/msg/detail/color__rosidl_typesupport_fastrtps_c.h
[47.142s] -- Installing: /home/pimpmobile/ros2_ws/install/turtlesim/include/turtlesim/msg/detail/pose__rosidl_typesupport_fastrtps_c.h
[47.143s] -- Up-to-date: /home/pimpmobile/ros2_ws/install/turtlesim/include/turtlesim/srv
[47.143s] -- Up-to-date: /home/pimpmobile/ros2_ws/install/turtlesim/include/turtlesim/srv/detail
[47.143s] -- Installing: /home/pimpmobile/ros2_ws/install/turtlesim/include/turtlesim/srv/detail/set_pen__rosidl_typesupport_fastrtps_c.h
[47.144s] -- Installing: /home/pimpmobile/ros2_ws/install/turtlesim/include/turtlesim/srv/detail/kill__rosidl_typesupport_fastrtps_c.h
[47.144s] -- Installing: /home/pimpmobile/ros2_ws/install/turtlesim/include/turtlesim/srv/detail/teleport_absolute__rosidl_typesupport_fastrtps_c.h
[47.144s] -- Installing: /home/pimpmobile/ros2_ws/install/turtlesim/include/turtlesim/srv/detail/teleport_relative__rosidl_typesupport_fastrtps_c.h
[47.145s] -- Installing: /home/pimpmobile/ros2_ws/install/turtlesim/include/turtlesim/srv/detail/spawn__rosidl_typesupport_fastrtps_c.h
[47.145s] -- Up-to-date: /home/pimpmobile/ros2_ws/install/turtlesim/include/turtlesim/action
[47.145s] -- Up-to-date: /home/pimpmobile/ros2_ws/install/turtlesim/include/turtlesim/action/detail
[47.146s] -- Installing: /home/pimpmobile/ros2_ws/install/turtlesim/include/turtlesim/action/detail/rotate_absolute__rosidl_typesupport_fastrtps_c.h
[47.146s] -- Installing: /home/pimpmobile/ros2_ws/install/turtlesim/lib/libturtlesim__rosidl_typesupport_fastrtps_c.so
[47.146s] -- Set runtime path of "/home/pimpmobile/ros2_ws/install/turtlesim/lib/libturtlesim__rosidl_typesupport_fastrtps_c.so" to ""
[47.147s] -- Up-to-date: /home/pimpmobile/ros2_ws/install/turtlesim/include/turtlesim
[47.147s] -- Up-to-date: /home/pimpmobile/ros2_ws/install/turtlesim/include/turtlesim/msg
[47.147s] -- Installing: /home/pimpmobile/ros2_ws/install/turtlesim/include/turtlesim/msg/rosidl_typesupport_fastrtps_cpp__visibility_control.h
[47.148s] -- Up-to-date: /home/pimpmobile/ros2_ws/install/turtlesim/include/turtlesim/msg/detail
[47.148s] -- Installing: /home/pimpmobile/ros2_ws/install/turtlesim/include/turtlesim/msg/detail/dds_fastrtps
[47.148s] -- Installing: /home/pimpmobile/ros2_ws/install/turtlesim/include/turtlesim/msg/detail/pose__rosidl_typesupport_fastrtps_cpp.hpp
[47.149s] -- Installing: /home/pimpmobile/ros2_ws/install/turtlesim/include/turtlesim/msg/detail/color__rosidl_typesupport_fastrtps_cpp.hpp
[47.149s] -- Up-to-date: /home/pimpmobile/ros2_ws/install/turtlesim/include/turtlesim/srv
[47.149s] -- Up-to-date: /home/pimpmobile/ros2_ws/install/turtlesim/include/turtlesim/srv/detail
[47.150s] -- Installing: /home/pimpmobile/ros2_ws/install/turtlesim/include/turtlesim/srv/detail/dds_fastrtps
[47.150s] -- Installing: /home/pimpmobile/ros2_ws/install/turtlesim/include/turtlesim/srv/detail/teleport_relative__rosidl_typesupport_fastrtps_cpp.hpp
[47.150s] -- Installing: /home/pimpmobile/ros2_ws/install/turtlesim/include/turtlesim/srv/detail/set_pen__rosidl_typesupport_fastrtps_cpp.hpp
[47.150s] -- Installing: /home/pimpmobile/ros2_ws/install/turtlesim/include/turtlesim/srv/detail/kill__rosidl_typesupport_fastrtps_cpp.hpp
[47.151s] -- Installing: /home/pimpmobile/ros2_ws/install/turtlesim/include/turtlesim/srv/detail/teleport_absolute__rosidl_typesupport_fastrtps_cpp.hpp
[47.151s] -- Installing: /home/pimpmobile/ros2_ws/install/turtlesim/include/turtlesim/srv/detail/spawn__rosidl_typesupport_fastrtps_cpp.hpp
[47.151s] -- Up-to-date: /home/pimpmobile/ros2_ws/install/turtlesim/include/turtlesim/action
[47.152s] -- Up-to-date: /home/pimpmobile/ros2_ws/install/turtlesim/include/turtlesim/action/detail
[47.152s] -- Installing: /home/pimpmobile/ros2_ws/install/turtlesim/include/turtlesim/action/detail/rotate_absolute__rosidl_typesupport_fastrtps_cpp.hpp
[47.152s] -- Installing: /home/pimpmobile/ros2_ws/install/turtlesim/include/turtlesim/action/detail/dds_fastrtps
[47.153s] -- Installing: /home/pimpmobile/ros2_ws/install/turtlesim/lib/libturtlesim__rosidl_typesupport_fastrtps_cpp.so
[47.153s] -- Set runtime path of "/home/pimpmobile/ros2_ws/install/turtlesim/lib/libturtlesim__rosidl_typesupport_fastrtps_cpp.so" to ""
[47.153s] -- Up-to-date: /home/pimpmobile/ros2_ws/install/turtlesim/include/turtlesim
[47.154s] -- Up-to-date: /home/pimpmobile/ros2_ws/install/turtlesim/include/turtlesim/msg
[47.154s] -- Installing: /home/pimpmobile/ros2_ws/install/turtlesim/include/turtlesim/msg/rosidl_typesupport_introspection_c__visibility_control.h
[47.154s] -- Up-to-date: /home/pimpmobile/ros2_ws/install/turtlesim/include/turtlesim/msg/detail
[47.154s] -- Installing: /home/pimpmobile/ros2_ws/install/turtlesim/include/turtlesim/msg/detail/color__rosidl_typesupport_introspection_c.h
[47.155s] -- Installing: /home/pimpmobile/ros2_ws/install/turtlesim/include/turtlesim/msg/detail/color__type_support.c
[47.155s] -- Installing: /home/pimpmobile/ros2_ws/install/turtlesim/include/turtlesim/msg/detail/pose__rosidl_typesupport_introspection_c.h
[47.155s] -- Installing: /home/pimpmobile/ros2_ws/install/turtlesim/include/turtlesim/msg/detail/pose__type_support.c
[47.156s] -- Up-to-date: /home/pimpmobile/ros2_ws/install/turtlesim/include/turtlesim/srv
[47.156s] -- Up-to-date: /home/pimpmobile/ros2_ws/install/turtlesim/include/turtlesim/srv/detail
[47.156s] -- Installing: /home/pimpmobile/ros2_ws/install/turtlesim/include/turtlesim/srv/detail/teleport_relative__rosidl_typesupport_introspection_c.h
[47.157s] -- Installing: /home/pimpmobile/ros2_ws/install/turtlesim/include/turtlesim/srv/detail/kill__rosidl_typesupport_introspection_c.h
[47.157s] -- Installing: /home/pimpmobile/ros2_ws/install/turtlesim/include/turtlesim/srv/detail/set_pen__rosidl_typesupport_introspection_c.h
[47.157s] -- Installing: /home/pimpmobile/ros2_ws/install/turtlesim/include/turtlesim/srv/detail/spawn__type_support.c
[47.157s] -- Installing: /home/pimpmobile/ros2_ws/install/turtlesim/include/turtlesim/srv/detail/kill__type_support.c
[47.158s] -- Installing: /home/pimpmobile/ros2_ws/install/turtlesim/include/turtlesim/srv/detail/teleport_relative__type_support.c
[47.158s] -- Installing: /home/pimpmobile/ros2_ws/install/turtlesim/include/turtlesim/srv/detail/spawn__rosidl_typesupport_introspection_c.h
[47.158s] -- Installing: /home/pimpmobile/ros2_ws/install/turtlesim/include/turtlesim/srv/detail/set_pen__type_support.c
[47.158s] -- Installing: /home/pimpmobile/ros2_ws/install/turtlesim/include/turtlesim/srv/detail/teleport_absolute__rosidl_typesupport_introspection_c.h
[47.159s] -- Installing: /home/pimpmobile/ros2_ws/install/turtlesim/include/turtlesim/srv/detail/teleport_absolute__type_support.c
[47.159s] -- Up-to-date: /home/pimpmobile/ros2_ws/install/turtlesim/include/turtlesim/action
[47.159s] -- Up-to-date: /home/pimpmobile/ros2_ws/install/turtlesim/include/turtlesim/action/detail
[47.159s] -- Installing: /home/pimpmobile/ros2_ws/install/turtlesim/include/turtlesim/action/detail/rotate_absolute__type_support.c
[47.160s] -- Installing: /home/pimpmobile/ros2_ws/install/turtlesim/include/turtlesim/action/detail/rotate_absolute__rosidl_typesupport_introspection_c.h
[47.160s] -- Installing: /home/pimpmobile/ros2_ws/install/turtlesim/lib/libturtlesim__rosidl_typesupport_introspection_c.so
[47.160s] -- Set runtime path of "/home/pimpmobile/ros2_ws/install/turtlesim/lib/libturtlesim__rosidl_typesupport_introspection_c.so" to ""
[47.161s] -- Installing: /home/pimpmobile/ros2_ws/install/turtlesim/lib/libturtlesim__rosidl_typesupport_c.so
[47.161s] -- Set runtime path of "/home/pimpmobile/ros2_ws/install/turtlesim/lib/libturtlesim__rosidl_typesupport_c.so" to ""
[47.161s] -- Up-to-date: /home/pimpmobile/ros2_ws/install/turtlesim/include/turtlesim
[47.161s] -- Up-to-date: /home/pimpmobile/ros2_ws/install/turtlesim/include/turtlesim/msg
[47.162s] -- Installing: /home/pimpmobile/ros2_ws/install/turtlesim/include/turtlesim/msg/color.hpp
[47.162s] -- Up-to-date: /home/pimpmobile/ros2_ws/install/turtlesim/include/turtlesim/msg/detail
[47.162s] -- Installing: /home/pimpmobile/ros2_ws/install/turtlesim/include/turtlesim/msg/detail/pose__struct.hpp
[47.162s] -- Installing: /home/pimpmobile/ros2_ws/install/turtlesim/include/turtlesim/msg/detail/color__traits.hpp
[47.163s] -- Installing: /home/pimpmobile/ros2_ws/install/turtlesim/include/turtlesim/msg/detail/pose__builder.hpp
[47.163s] -- Installing: /home/pimpmobile/ros2_ws/install/turtlesim/include/turtlesim/msg/detail/color__type_support.hpp
[47.163s] -- Installing: /home/pimpmobile/ros2_ws/install/turtlesim/include/turtlesim/msg/detail/pose__type_support.hpp
[47.163s] -- Installing: /home/pimpmobile/ros2_ws/install/turtlesim/include/turtlesim/msg/detail/color__struct.hpp
[47.164s] -- Installing: /home/pimpmobile/ros2_ws/install/turtlesim/include/turtlesim/msg/detail/color__builder.hpp
[47.164s] -- Installing: /home/pimpmobile/ros2_ws/install/turtlesim/include/turtlesim/msg/detail/pose__traits.hpp
[47.164s] -- Installing: /home/pimpmobile/ros2_ws/install/turtlesim/include/turtlesim/msg/rosidl_generator_cpp__visibility_control.hpp
[47.164s] -- Installing: /home/pimpmobile/ros2_ws/install/turtlesim/include/turtlesim/msg/pose.hpp
[47.165s] -- Up-to-date: /home/pimpmobile/ros2_ws/install/turtlesim/include/turtlesim/srv
[47.165s] -- Installing: /home/pimpmobile/ros2_ws/install/turtlesim/include/turtlesim/srv/set_pen.hpp
[47.165s] -- Installing: /home/pimpmobile/ros2_ws/install/turtlesim/include/turtlesim/srv/kill.hpp
[47.165s] -- Installing: /home/pimpmobile/ros2_ws/install/turtlesim/include/turtlesim/srv/spawn.hpp
[47.165s] -- Installing: /home/pimpmobile/ros2_ws/install/turtlesim/include/turtlesim/srv/teleport_relative.hpp
[47.166s] -- Up-to-date: /home/pimpmobile/ros2_ws/install/turtlesim/include/turtlesim/srv/detail
[47.166s] -- Installing: /home/pimpmobile/ros2_ws/install/turtlesim/include/turtlesim/srv/detail/spawn__struct.hpp
[47.166s] -- Installing: /home/pimpmobile/ros2_ws/install/turtlesim/include/turtlesim/srv/detail/spawn__traits.hpp
[47.166s] -- Installing: /home/pimpmobile/ros2_ws/install/turtlesim/include/turtlesim/srv/detail/set_pen__traits.hpp
[47.166s] -- Installing: /home/pimpmobile/ros2_ws/install/turtlesim/include/turtlesim/srv/detail/teleport_absolute__builder.hpp
[47.167s] -- Installing: /home/pimpmobile/ros2_ws/install/turtlesim/include/turtlesim/srv/detail/spawn__builder.hpp
[47.167s] -- Installing: /home/pimpmobile/ros2_ws/install/turtlesim/include/turtlesim/srv/detail/kill__struct.hpp
[47.167s] -- Installing: /home/pimpmobile/ros2_ws/install/turtlesim/include/turtlesim/srv/detail/set_pen__type_support.hpp
[47.167s] -- Installing: /home/pimpmobile/ros2_ws/install/turtlesim/include/turtlesim/srv/detail/teleport_absolute__struct.hpp
[47.167s] -- Installing: /home/pimpmobile/ros2_ws/install/turtlesim/include/turtlesim/srv/detail/spawn__type_support.hpp
[47.168s] -- Installing: /home/pimpmobile/ros2_ws/install/turtlesim/include/turtlesim/srv/detail/kill__builder.hpp
[47.168s] -- Installing: /home/pimpmobile/ros2_ws/install/turtlesim/include/turtlesim/srv/detail/teleport_relative__traits.hpp
[47.168s] -- Installing: /home/pimpmobile/ros2_ws/install/turtlesim/include/turtlesim/srv/detail/set_pen__struct.hpp
[47.168s] -- Installing: /home/pimpmobile/ros2_ws/install/turtlesim/include/turtlesim/srv/detail/teleport_absolute__traits.hpp
[47.168s] -- Installing: /home/pimpmobile/ros2_ws/install/turtlesim/include/turtlesim/srv/detail/teleport_absolute__type_support.hpp
[47.168s] -- Installing: /home/pimpmobile/ros2_ws/install/turtlesim/include/turtlesim/srv/detail/teleport_relative__struct.hpp
[47.169s] -- Installing: /home/pimpmobile/ros2_ws/install/turtlesim/include/turtlesim/srv/detail/kill__type_support.hpp
[47.169s] -- Installing: /home/pimpmobile/ros2_ws/install/turtlesim/include/turtlesim/srv/detail/set_pen__builder.hpp
[47.169s] -- Installing: /home/pimpmobile/ros2_ws/install/turtlesim/include/turtlesim/srv/detail/kill__traits.hpp
[47.169s] -- Installing: /home/pimpmobile/ros2_ws/install/turtlesim/include/turtlesim/srv/detail/teleport_relative__builder.hpp
[47.169s] -- Installing: /home/pimpmobile/ros2_ws/install/turtlesim/include/turtlesim/srv/detail/teleport_relative__type_support.hpp
[47.169s] -- Installing: /home/pimpmobile/ros2_ws/install/turtlesim/include/turtlesim/srv/teleport_absolute.hpp
[47.170s] -- Up-to-date: /home/pimpmobile/ros2_ws/install/turtlesim/include/turtlesim/action
[47.170s] -- Installing: /home/pimpmobile/ros2_ws/install/turtlesim/include/turtlesim/action/rotate_absolute.hpp
[47.170s] -- Up-to-date: /home/pimpmobile/ros2_ws/install/turtlesim/include/turtlesim/action/detail
[47.170s] -- Installing: /home/pimpmobile/ros2_ws/install/turtlesim/include/turtlesim/action/detail/rotate_absolute__traits.hpp
[47.170s] -- Installing: /home/pimpmobile/ros2_ws/install/turtlesim/include/turtlesim/action/detail/rotate_absolute__builder.hpp
[47.170s] -- Installing: /home/pimpmobile/ros2_ws/install/turtlesim/include/turtlesim/action/detail/rotate_absolute__type_support.hpp
[47.171s] -- Installing: /home/pimpmobile/ros2_ws/install/turtlesim/include/turtlesim/action/detail/rotate_absolute__struct.hpp
[47.171s] -- Up-to-date: /home/pimpmobile/ros2_ws/install/turtlesim/include/turtlesim
[47.171s] -- Up-to-date: /home/pimpmobile/ros2_ws/install/turtlesim/include/turtlesim/msg
[47.171s] -- Up-to-date: /home/pimpmobile/ros2_ws/install/turtlesim/include/turtlesim/msg/detail
[47.171s] -- Installing: /home/pimpmobile/ros2_ws/install/turtlesim/include/turtlesim/msg/detail/color__rosidl_typesupport_introspection_cpp.hpp
[47.171s] -- Installing: /home/pimpmobile/ros2_ws/install/turtlesim/include/turtlesim/msg/detail/color__type_support.cpp
[47.172s] -- Installing: /home/pimpmobile/ros2_ws/install/turtlesim/include/turtlesim/msg/detail/pose__rosidl_typesupport_introspection_cpp.hpp
[47.172s] -- Installing: /home/pimpmobile/ros2_ws/install/turtlesim/include/turtlesim/msg/detail/pose__type_support.cpp
[47.172s] -- Up-to-date: /home/pimpmobile/ros2_ws/install/turtlesim/include/turtlesim/srv
[47.172s] -- Up-to-date: /home/pimpmobile/ros2_ws/install/turtlesim/include/turtlesim/srv/detail
[47.172s] -- Installing: /home/pimpmobile/ros2_ws/install/turtlesim/include/turtlesim/srv/detail/teleport_absolute__type_support.cpp
[47.172s] -- Installing: /home/pimpmobile/ros2_ws/install/turtlesim/include/turtlesim/srv/detail/kill__rosidl_typesupport_introspection_cpp.hpp
[47.173s] -- Installing: /home/pimpmobile/ros2_ws/install/turtlesim/include/turtlesim/srv/detail/teleport_absolute__rosidl_typesupport_introspection_cpp.hpp
[47.173s] -- Installing: /home/pimpmobile/ros2_ws/install/turtlesim/include/turtlesim/srv/detail/spawn__rosidl_typesupport_introspection_cpp.hpp
[47.173s] -- Installing: /home/pimpmobile/ros2_ws/install/turtlesim/include/turtlesim/srv/detail/set_pen__rosidl_typesupport_introspection_cpp.hpp
[47.173s] -- Installing: /home/pimpmobile/ros2_ws/install/turtlesim/include/turtlesim/srv/detail/teleport_relative__type_support.cpp
[47.173s] -- Installing: /home/pimpmobile/ros2_ws/install/turtlesim/include/turtlesim/srv/detail/set_pen__type_support.cpp
[47.173s] -- Installing: /home/pimpmobile/ros2_ws/install/turtlesim/include/turtlesim/srv/detail/kill__type_support.cpp
[47.174s] -- Installing: /home/pimpmobile/ros2_ws/install/turtlesim/include/turtlesim/srv/detail/spawn__type_support.cpp
[47.174s] -- Installing: /home/pimpmobile/ros2_ws/install/turtlesim/include/turtlesim/srv/detail/teleport_relative__rosidl_typesupport_introspection_cpp.hpp
[47.174s] -- Up-to-date: /home/pimpmobile/ros2_ws/install/turtlesim/include/turtlesim/action
[47.174s] -- Up-to-date: /home/pimpmobile/ros2_ws/install/turtlesim/include/turtlesim/action/detail
[47.174s] -- Installing: /home/pimpmobile/ros2_ws/install/turtlesim/include/turtlesim/action/detail/rotate_absolute__type_support.cpp
[47.174s] -- Installing: /home/pimpmobile/ros2_ws/install/turtlesim/include/turtlesim/action/detail/rotate_absolute__rosidl_typesupport_introspection_cpp.hpp
[47.174s] -- Installing: /home/pimpmobile/ros2_ws/install/turtlesim/lib/libturtlesim__rosidl_typesupport_introspection_cpp.so
[47.175s] -- Set runtime path of "/home/pimpmobile/ros2_ws/install/turtlesim/lib/libturtlesim__rosidl_typesupport_introspection_cpp.so" to ""
[47.175s] -- Installing: /home/pimpmobile/ros2_ws/install/turtlesim/lib/libturtlesim__rosidl_typesupport_cpp.so
[47.175s] -- Set runtime path of "/home/pimpmobile/ros2_ws/install/turtlesim/lib/libturtlesim__rosidl_typesupport_cpp.so" to ""
[47.175s] -- Installing: /home/pimpmobile/ros2_ws/install/turtlesim/share/turtlesim/environment/pythonpath.sh
[47.175s] -- Installing: /home/pimpmobile/ros2_ws/install/turtlesim/share/turtlesim/environment/pythonpath.dsv
[47.175s] -- Installing: /home/pimpmobile/ros2_ws/install/turtlesim/lib/python3.8/site-packages/turtlesim/__init__.py
[47.257s] Compiling '/home/pimpmobile/ros2_ws/install/turtlesim/lib/python3.8/site-packages/turtlesim/__init__.py'...
[47.267s] -- Installing: /home/pimpmobile/ros2_ws/install/turtlesim/lib/python3.8/site-packages/turtlesim/action
[47.267s] -- Installing: /home/pimpmobile/ros2_ws/install/turtlesim/lib/python3.8/site-packages/turtlesim/action/_rotate_absolute_s.c
[47.268s] -- Installing: /home/pimpmobile/ros2_ws/install/turtlesim/lib/python3.8/site-packages/turtlesim/action/__init__.py
[47.268s] -- Installing: /home/pimpmobile/ros2_ws/install/turtlesim/lib/python3.8/site-packages/turtlesim/action/_rotate_absolute.py
[47.268s] -- Installing: /home/pimpmobile/ros2_ws/install/turtlesim/lib/python3.8/site-packages/turtlesim/msg
[47.269s] -- Installing: /home/pimpmobile/ros2_ws/install/turtlesim/lib/python3.8/site-packages/turtlesim/msg/_pose.py
[47.269s] -- Installing: /home/pimpmobile/ros2_ws/install/turtlesim/lib/python3.8/site-packages/turtlesim/msg/__init__.py
[47.270s] -- Installing: /home/pimpmobile/ros2_ws/install/turtlesim/lib/python3.8/site-packages/turtlesim/msg/_color.py
[47.270s] -- Installing: /home/pimpmobile/ros2_ws/install/turtlesim/lib/python3.8/site-packages/turtlesim/msg/_pose_s.c
[47.270s] -- Installing: /home/pimpmobile/ros2_ws/install/turtlesim/lib/python3.8/site-packages/turtlesim/msg/_color_s.c
[47.270s] -- Installing: /home/pimpmobile/ros2_ws/install/turtlesim/lib/python3.8/site-packages/turtlesim/srv
[47.271s] -- Installing: /home/pimpmobile/ros2_ws/install/turtlesim/lib/python3.8/site-packages/turtlesim/srv/_set_pen_s.c
[47.271s] -- Installing: /home/pimpmobile/ros2_ws/install/turtlesim/lib/python3.8/site-packages/turtlesim/srv/_teleport_absolute_s.c
[47.271s] -- Installing: /home/pimpmobile/ros2_ws/install/turtlesim/lib/python3.8/site-packages/turtlesim/srv/_teleport_relative.py
[47.272s] -- Installing: /home/pimpmobile/ros2_ws/install/turtlesim/lib/python3.8/site-packages/turtlesim/srv/_set_pen.py
[47.272s] -- Installing: /home/pimpmobile/ros2_ws/install/turtlesim/lib/python3.8/site-packages/turtlesim/srv/__init__.py
[47.272s] -- Installing: /home/pimpmobile/ros2_ws/install/turtlesim/lib/python3.8/site-packages/turtlesim/srv/_kill.py
[47.273s] -- Installing: /home/pimpmobile/ros2_ws/install/turtlesim/lib/python3.8/site-packages/turtlesim/srv/_spawn.py
[47.273s] -- Installing: /home/pimpmobile/ros2_ws/install/turtlesim/lib/python3.8/site-packages/turtlesim/srv/_kill_s.c
[47.273s] -- Installing: /home/pimpmobile/ros2_ws/install/turtlesim/lib/python3.8/site-packages/turtlesim/srv/_spawn_s.c
[47.273s] -- Installing: /home/pimpmobile/ros2_ws/install/turtlesim/lib/python3.8/site-packages/turtlesim/srv/_teleport_absolute.py
[47.274s] -- Installing: /home/pimpmobile/ros2_ws/install/turtlesim/lib/python3.8/site-packages/turtlesim/srv/_teleport_relative_s.c
[47.274s] -- Installing: /home/pimpmobile/ros2_ws/install/turtlesim/lib/python3.8/site-packages/turtlesim/turtlesim_s__rosidl_typesupport_fastrtps_c.cpython-38-aarch64-linux-gnu.so
[47.274s] -- Set runtime path of "/home/pimpmobile/ros2_ws/install/turtlesim/lib/python3.8/site-packages/turtlesim/turtlesim_s__rosidl_typesupport_fastrtps_c.cpython-38-aarch64-linux-gnu.so" to ""
[47.275s] -- Installing: /home/pimpmobile/ros2_ws/install/turtlesim/lib/python3.8/site-packages/turtlesim/turtlesim_s__rosidl_typesupport_introspection_c.cpython-38-aarch64-linux-gnu.so
[47.275s] -- Set runtime path of "/home/pimpmobile/ros2_ws/install/turtlesim/lib/python3.8/site-packages/turtlesim/turtlesim_s__rosidl_typesupport_introspection_c.cpython-38-aarch64-linux-gnu.so" to ""
[47.275s] -- Installing: /home/pimpmobile/ros2_ws/install/turtlesim/lib/python3.8/site-packages/turtlesim/turtlesim_s__rosidl_typesupport_c.cpython-38-aarch64-linux-gnu.so
[47.276s] -- Set runtime path of "/home/pimpmobile/ros2_ws/install/turtlesim/lib/python3.8/site-packages/turtlesim/turtlesim_s__rosidl_typesupport_c.cpython-38-aarch64-linux-gnu.so" to ""
[47.276s] -- Installing: /home/pimpmobile/ros2_ws/install/turtlesim/lib/libturtlesim__python.so
[47.277s] -- Set runtime path of "/home/pimpmobile/ros2_ws/install/turtlesim/lib/libturtlesim__python.so" to ""
[47.277s] -- Installing: /home/pimpmobile/ros2_ws/install/turtlesim/share/turtlesim/action/RotateAbsolute.idl
[47.278s] -- Installing: /home/pimpmobile/ros2_ws/install/turtlesim/share/turtlesim/msg/Color.idl
[47.278s] -- Installing: /home/pimpmobile/ros2_ws/install/turtlesim/share/turtlesim/msg/Pose.idl
[47.278s] -- Installing: /home/pimpmobile/ros2_ws/install/turtlesim/share/turtlesim/srv/Kill.idl
[47.279s] -- Installing: /home/pimpmobile/ros2_ws/install/turtlesim/share/turtlesim/srv/SetPen.idl
[47.279s] -- Installing: /home/pimpmobile/ros2_ws/install/turtlesim/share/turtlesim/srv/Spawn.idl
[47.279s] -- Installing: /home/pimpmobile/ros2_ws/install/turtlesim/share/turtlesim/srv/TeleportAbsolute.idl
[47.279s] -- Installing: /home/pimpmobile/ros2_ws/install/turtlesim/share/turtlesim/srv/TeleportRelative.idl
[47.280s] -- Installing: /home/pimpmobile/ros2_ws/install/turtlesim/share/turtlesim/action/RotateAbsolute.action
[47.280s] -- Installing: /home/pimpmobile/ros2_ws/install/turtlesim/share/turtlesim/msg/Color.msg
[47.280s] -- Installing: /home/pimpmobile/ros2_ws/install/turtlesim/share/turtlesim/msg/Pose.msg
[47.281s] -- Installing: /home/pimpmobile/ros2_ws/install/turtlesim/share/turtlesim/srv/Kill.srv
[47.281s] -- Installing: /home/pimpmobile/ros2_ws/install/turtlesim/share/turtlesim/srv/Kill_Request.msg
[47.281s] -- Installing: /home/pimpmobile/ros2_ws/install/turtlesim/share/turtlesim/srv/Kill_Response.msg
[47.282s] -- Installing: /home/pimpmobile/ros2_ws/install/turtlesim/share/turtlesim/srv/SetPen.srv
[47.282s] -- Installing: /home/pimpmobile/ros2_ws/install/turtlesim/share/turtlesim/srv/SetPen_Request.msg
[47.282s] -- Installing: /home/pimpmobile/ros2_ws/install/turtlesim/share/turtlesim/srv/SetPen_Response.msg
[47.283s] -- Installing: /home/pimpmobile/ros2_ws/install/turtlesim/share/turtlesim/srv/Spawn.srv
[47.283s] -- Installing: /home/pimpmobile/ros2_ws/install/turtlesim/share/turtlesim/srv/Spawn_Request.msg
[47.283s] -- Installing: /home/pimpmobile/ros2_ws/install/turtlesim/share/turtlesim/srv/Spawn_Response.msg
[47.283s] -- Installing: /home/pimpmobile/ros2_ws/install/turtlesim/share/turtlesim/srv/TeleportAbsolute.srv
[47.284s] -- Installing: /home/pimpmobile/ros2_ws/install/turtlesim/share/turtlesim/srv/TeleportAbsolute_Request.msg
[47.284s] -- Installing: /home/pimpmobile/ros2_ws/install/turtlesim/share/turtlesim/srv/TeleportAbsolute_Response.msg
[47.284s] -- Installing: /home/pimpmobile/ros2_ws/install/turtlesim/share/turtlesim/srv/TeleportRelative.srv
[47.285s] -- Installing: /home/pimpmobile/ros2_ws/install/turtlesim/share/turtlesim/srv/TeleportRelative_Request.msg
[47.285s] -- Installing: /home/pimpmobile/ros2_ws/install/turtlesim/share/turtlesim/srv/TeleportRelative_Response.msg
[47.285s] -- Installing: /home/pimpmobile/ros2_ws/install/turtlesim/lib/turtlesim/turtlesim_node
[47.293s] -- Set runtime path of "/home/pimpmobile/ros2_ws/install/turtlesim/lib/turtlesim/turtlesim_node" to ""
[47.294s] -- Installing: /home/pimpmobile/ros2_ws/install/turtlesim/lib/turtlesim/turtle_teleop_key
[47.296s] -- Set runtime path of "/home/pimpmobile/ros2_ws/install/turtlesim/lib/turtlesim/turtle_teleop_key" to ""
[47.297s] -- Installing: /home/pimpmobile/ros2_ws/install/turtlesim/lib/turtlesim/draw_square
[47.301s] -- Set runtime path of "/home/pimpmobile/ros2_ws/install/turtlesim/lib/turtlesim/draw_square" to ""
[47.302s] -- Installing: /home/pimpmobile/ros2_ws/install/turtlesim/lib/turtlesim/mimic
[47.305s] -- Set runtime path of "/home/pimpmobile/ros2_ws/install/turtlesim/lib/turtlesim/mimic" to ""
[47.306s] -- Installing: /home/pimpmobile/ros2_ws/install/turtlesim/share/turtlesim/images
[47.306s] -- Installing: /home/pimpmobile/ros2_ws/install/turtlesim/share/turtlesim/images/eloquent.png
[47.306s] -- Installing: /home/pimpmobile/ros2_ws/install/turtlesim/share/turtlesim/images/ardent.png
[47.307s] -- Installing: /home/pimpmobile/ros2_ws/install/turtlesim/share/turtlesim/images/dashing.png
[47.307s] -- Installing: /home/pimpmobile/ros2_ws/install/turtlesim/share/turtlesim/images/crystal.png
[47.307s] -- Installing: /home/pimpmobile/ros2_ws/install/turtlesim/share/turtlesim/images/foxy.png
[47.307s] -- Installing: /home/pimpmobile/ros2_ws/install/turtlesim/share/turtlesim/images/bouncy.png
[47.308s] -- Installing: /home/pimpmobile/ros2_ws/install/turtlesim/share/turtlesim/launch
[47.308s] -- Installing: /home/pimpmobile/ros2_ws/install/turtlesim/share/turtlesim/launch/multisim.launch.py
[47.308s] -- Installing: /home/pimpmobile/ros2_ws/install/turtlesim/share/ament_index/resource_index/package_run_dependencies/turtlesim
[47.309s] -- Installing: /home/pimpmobile/ros2_ws/install/turtlesim/share/ament_index/resource_index/parent_prefix_path/turtlesim
[47.309s] -- Installing: /home/pimpmobile/ros2_ws/install/turtlesim/share/turtlesim/environment/ament_prefix_path.sh
[47.309s] -- Installing: /home/pimpmobile/ros2_ws/install/turtlesim/share/turtlesim/environment/ament_prefix_path.dsv
[47.310s] -- Installing: /home/pimpmobile/ros2_ws/install/turtlesim/share/turtlesim/environment/path.sh
[47.310s] -- Installing: /home/pimpmobile/ros2_ws/install/turtlesim/share/turtlesim/environment/path.dsv
[47.310s] -- Installing: /home/pimpmobile/ros2_ws/install/turtlesim/share/turtlesim/local_setup.bash
[47.311s] -- Installing: /home/pimpmobile/ros2_ws/install/turtlesim/share/turtlesim/local_setup.sh
[47.311s] -- Installing: /home/pimpmobile/ros2_ws/install/turtlesim/share/turtlesim/local_setup.zsh
[47.311s] -- Installing: /home/pimpmobile/ros2_ws/install/turtlesim/share/turtlesim/local_setup.dsv
[47.311s] -- Installing: /home/pimpmobile/ros2_ws/install/turtlesim/share/turtlesim/package.dsv
[47.312s] -- Installing: /home/pimpmobile/ros2_ws/install/turtlesim/share/ament_index/resource_index/packages/turtlesim
[47.312s] -- Installing: /home/pimpmobile/ros2_ws/install/turtlesim/share/turtlesim/cmake/turtlesim__rosidl_generator_cExport.cmake
[47.312s] -- Installing: /home/pimpmobile/ros2_ws/install/turtlesim/share/turtlesim/cmake/turtlesim__rosidl_generator_cExport-noconfig.cmake
[47.313s] -- Installing: /home/pimpmobile/ros2_ws/install/turtlesim/share/turtlesim/cmake/turtlesim__rosidl_typesupport_introspection_cExport.cmake
[47.313s] -- Installing: /home/pimpmobile/ros2_ws/install/turtlesim/share/turtlesim/cmake/turtlesim__rosidl_typesupport_introspection_cExport-noconfig.cmake
[47.313s] -- Installing: /home/pimpmobile/ros2_ws/install/turtlesim/share/turtlesim/cmake/turtlesim__rosidl_typesupport_cExport.cmake
[47.314s] -- Installing: /home/pimpmobile/ros2_ws/install/turtlesim/share/turtlesim/cmake/turtlesim__rosidl_typesupport_cExport-noconfig.cmake
[47.314s] -- Installing: /home/pimpmobile/ros2_ws/install/turtlesim/share/turtlesim/cmake/turtlesim__rosidl_generator_cppExport.cmake
[47.314s] -- Installing: /home/pimpmobile/ros2_ws/install/turtlesim/share/turtlesim/cmake/turtlesim__rosidl_typesupport_introspection_cppExport.cmake
[47.315s] -- Installing: /home/pimpmobile/ros2_ws/install/turtlesim/share/turtlesim/cmake/turtlesim__rosidl_typesupport_introspection_cppExport-noconfig.cmake
[47.315s] -- Installing: /home/pimpmobile/ros2_ws/install/turtlesim/share/turtlesim/cmake/turtlesim__rosidl_typesupport_cppExport.cmake
[47.316s] -- Installing: /home/pimpmobile/ros2_ws/install/turtlesim/share/turtlesim/cmake/turtlesim__rosidl_typesupport_cppExport-noconfig.cmake
[47.316s] -- Installing: /home/pimpmobile/ros2_ws/install/turtlesim/share/turtlesim/cmake/rosidl_cmake-extras.cmake
[47.316s] -- Installing: /home/pimpmobile/ros2_ws/install/turtlesim/share/turtlesim/cmake/ament_cmake_export_dependencies-extras.cmake
[47.317s] -- Installing: /home/pimpmobile/ros2_ws/install/turtlesim/share/turtlesim/cmake/ament_cmake_export_libraries-extras.cmake
[47.317s] -- Installing: /home/pimpmobile/ros2_ws/install/turtlesim/share/turtlesim/cmake/ament_cmake_export_targets-extras.cmake
[47.317s] -- Installing: /home/pimpmobile/ros2_ws/install/turtlesim/share/turtlesim/cmake/ament_cmake_export_include_directories-extras.cmake
[47.318s] -- Installing: /home/pimpmobile/ros2_ws/install/turtlesim/share/turtlesim/cmake/rosidl_cmake_export_typesupport_libraries-extras.cmake
[47.318s] -- Installing: /home/pimpmobile/ros2_ws/install/turtlesim/share/turtlesim/cmake/rosidl_cmake_export_typesupport_targets-extras.cmake
[47.318s] -- Installing: /home/pimpmobile/ros2_ws/install/turtlesim/share/turtlesim/cmake/turtlesimConfig.cmake
[47.319s] -- Installing: /home/pimpmobile/ros2_ws/install/turtlesim/share/turtlesim/cmake/turtlesimConfig-version.cmake
[47.319s] -- Installing: /home/pimpmobile/ros2_ws/install/turtlesim/share/turtlesim/package.xml
[47.324s] Invoked command in '/home/pimpmobile/ros2_ws/build/turtlesim' returned '0': CMAKE_PREFIX_PATH=${CMAKE_PREFIX_PATH}:/opt/ros/foxy:/home/pimpmobile/ros2_humble/install/rqt_bag_plugins:/home/pimpmobile/ros2_humble/install/rqt_bag:/home/pimpmobile/ros2_humble/install/ros2bag:/home/pimpmobile/ros2_humble/install/tracetools_test:/home/pimpmobile/ros2_humble/install/tracetools_launch:/home/pimpmobile/ros2_humble/install/topic_monitor:/home/pimpmobile/ros2_humble/install/tf2_tools:/home/pimpmobile/ros2_humble/install/examples_tf2_py:/home/pimpmobile/ros2_humble/install/tf2_ros_py:/home/pimpmobile/ros2_humble/install/sros2:/home/pimpmobile/ros2_humble/install/rqt_topic:/home/pimpmobile/ros2_humble/install/rqt_srv:/home/pimpmobile/ros2_humble/install/rqt_shell:/home/pimpmobile/ros2_humble/install/rqt_service_caller:/home/pimpmobile/ros2_humble/install/rqt_reconfigure:/home/pimpmobile/ros2_humble/install/rqt_py_console:/home/pimpmobile/ros2_humble/install/rqt_publisher:/home/pimpmobile/ros2_humble/install/rqt_plot:/home/pimpmobile/ros2_humble/install/rqt_action:/home/pimpmobile/ros2_humble/install/rqt_msg:/home/pimpmobile/ros2_humble/install/rqt_console:/home/pimpmobile/ros2_humble/install/rqt:/home/pimpmobile/ros2_humble/install/rqt_graph:/home/pimpmobile/ros2_humble/install/rqt_gui_py:/home/pimpmobile/ros2_humble/install/rqt_gui:/home/pimpmobile/ros2_humble/install/ros2trace:/home/pimpmobile/ros2_humble/install/ros2topic:/home/pimpmobile/ros2_humble/install/ros2test:/home/pimpmobile/ros2_humble/install/ros2component:/home/pimpmobile/ros2_humble/install/ros2param:/home/pimpmobile/ros2_humble/install/ros2lifecycle:/home/pimpmobile/ros2_humble/install/ros2service:/home/pimpmobile/ros2_humble/install/ros2run:/home/pimpmobile/ros2_humble/install/ros2launch:/home/pimpmobile/ros2_humble/install/ros2pkg:/home/pimpmobile/ros2_humble/install/ros2node:/home/pimpmobile/ros2_humble/install/ros2multicast:/home/pimpmobile/ros2_humble/install/ros2interface:/home/pimpmobile/ros2_humble/install/ros2doctor:/home/pimpmobile/ros2_humble/install/ros2action:/home/pimpmobile/ros2_humble/install/ros2cli:/home/pimpmobile/ros2_humble/install/quality_of_service_demo_py:/home/pimpmobile/ros2_humble/install/lifecycle_py:/home/pimpmobile/ros2_humble/install/launch_testing_ros:/home/pimpmobile/ros2_humble/install/launch_ros:/home/pimpmobile/ros2_humble/install/examples_rclpy_pointcloud_publisher:/home/pimpmobile/ros2_humble/install/examples_rclpy_minimal_subscriber:/home/pimpmobile/ros2_humble/install/examples_rclpy_minimal_service:/home/pimpmobile/ros2_humble/install/examples_rclpy_minimal_publisher:/home/pimpmobile/ros2_humble/install/examples_rclpy_minimal_client:/home/pimpmobile/ros2_humble/install/examples_rclpy_minimal_action_server:/home/pimpmobile/ros2_humble/install/examples_rclpy_minimal_action_client:/home/pimpmobile/ros2_humble/install/examples_rclpy_guard_conditions:/home/pimpmobile/ros2_humble/install/examples_rclpy_executors:/home/pimpmobile/ros2_humble/install/demo_nodes_py:/home/pimpmobile/ros2_humble/install/action_tutorials_py:/home/pimpmobile/ros2_humble/install/ament_uncrustify:/home/pimpmobile/ros2_humble/install/tracetools_trace:/home/pimpmobile/ros2_humble/install/tracetools_read:/home/pimpmobile/ros2_humble/install/test_tracetools_launch:/home/pimpmobile/ros2_humble/install/test_launch_ros:/home/pimpmobile/ros2_humble/install/sensor_msgs_py:/home/pimpmobile/ros2_humble/install/rpyutils:/home/pimpmobile/ros2_humble/install/rosidl_runtime_py:/home/pimpmobile/ros2_humble/install/rosidl_cli:/home/pimpmobile/ros2_humble/install/launch_pytest:/home/pimpmobile/ros2_humble/install/launch_testing:/home/pimpmobile/ros2_humble/install/launch_yaml:/home/pimpmobile/ros2_humble/install/launch_xml:/home/pimpmobile/ros2_humble/install/launch:/home/pimpmobile/ros2_humble/install/osrf_pycommon:/home/pimpmobile/ros2_humble/install/launch_testing_examples:/home/pimpmobile/ros2_humble/install/domain_coordinator:/home/pimpmobile/ros2_humble/install/ament_xmllint:/home/pimpmobile/ros2_humble/install/ament_pyflakes:/home/pimpmobile/ros2_humble/install/ament_pycodestyle:/home/pimpmobile/ros2_humble/install/ament_pep257:/home/pimpmobile/ros2_humble/install/ament_pclint:/home/pimpmobile/ros2_humble/install/ament_package:/home/pimpmobile/ros2_humble/install/ament_mypy:/home/pimpmobile/ros2_humble/install/ament_lint_cmake:/home/pimpmobile/ros2_humble/install/ament_flake8:/home/pimpmobile/ros2_humble/install/ament_copyright:/home/pimpmobile/ros2_humble/install/ament_lint:/home/pimpmobile/ros2_humble/install/ament_index_python:/home/pimpmobile/ros2_humble/install/ament_cpplint:/home/pimpmobile/ros2_humble/install/ament_cppcheck:/home/pimpmobile/ros2_humble/install/ament_clang_tidy:/home/pimpmobile/ros2_humble/install/ament_clang_format /usr/bin/cmake --install /home/pimpmobile/ros2_ws/build/turtlesim
