[17.501s] Invoking command in '/home/pimpmobile/ros2_ws/src/gps_publisher': PYTHONPATH=/home/pimpmobile/ros2_ws/build/gps_publisher/prefix_override:/home/pimpmobile/ros2_ws/install/gps_publisher/lib/python3.8/site-packages:${PYTHONPATH} /usr/bin/python3 setup.py egg_info --egg-base ../../build/gps_publisher build --build-base /home/pimpmobile/ros2_ws/build/gps_publisher/build install --record /home/pimpmobile/ros2_ws/build/gps_publisher/install.log --install-scripts $base/lib/gps_publisher --single-version-externally-managed
[17.792s] /home/pimpmobile/.local/lib/python3.8/site-packages/setuptools/dist.py:472: SetuptoolsDeprecationWarning: Invalid dash-separated options
[17.793s] !!
[17.793s] 
[17.793s]         ********************************************************************************
[17.793s]         Usage of dash-separated 'script-dir' will not be supported in future
[17.793s]         versions. Please use the underscore name 'script_dir' instead.
[17.793s] 
[17.794s]         By 2024-Sep-26, you need to update your project and remove deprecated calls
[17.795s]         or your builds will no longer be supported.
[17.795s] 
[17.795s]         See https://setuptools.pypa.io/en/latest/userguide/declarative_config.html for details.
[17.795s]         ********************************************************************************
[17.795s] 
[17.795s] !!
[17.795s]   opt = self.warn_dash_deprecation(opt, section)
[18.026s] running egg_info
[18.063s] writing ../../build/gps_publisher/gps_publisher.egg-info/PKG-INFO
[18.064s] writing dependency_links to ../../build/gps_publisher/gps_publisher.egg-info/dependency_links.txt
[18.065s] writing entry points to ../../build/gps_publisher/gps_publisher.egg-info/entry_points.txt
[18.065s] writing requirements to ../../build/gps_publisher/gps_publisher.egg-info/requires.txt
[18.066s] writing top-level names to ../../build/gps_publisher/gps_publisher.egg-info/top_level.txt
[18.360s] reading manifest file '../../build/gps_publisher/gps_publisher.egg-info/SOURCES.txt'
[18.363s] writing manifest file '../../build/gps_publisher/gps_publisher.egg-info/SOURCES.txt'
[18.363s] running build
[18.363s] running build_py
[18.363s] copying gps_publisher/__init__.py -> /home/pimpmobile/ros2_ws/build/gps_publisher/build/lib/gps_publisher
[18.365s] copying gps_publisher/gps.py -> /home/pimpmobile/ros2_ws/build/gps_publisher/build/lib/gps_publisher
[18.365s] running install
[18.365s] /home/pimpmobile/.local/lib/python3.8/site-packages/setuptools/_distutils/cmd.py:66: SetuptoolsDeprecationWarning: setup.py install is deprecated.
[18.366s] !!
[18.366s] 
[18.366s]         ********************************************************************************
[18.366s]         Please avoid running ``setup.py`` directly.
[18.366s]         Instead, use pypa/build, pypa/installer or other
[18.366s]         standards-based tools.
[18.366s] 
[18.366s]         See https://blog.ganssle.io/articles/2021/10/setup-py-deprecated.html for details.
[18.367s]         ********************************************************************************
[18.367s] 
[18.367s] !!
[18.367s]   self.initialize_options()
[18.377s] running install_lib
[18.415s] running install_data
[18.452s] copying resource/gps_publisher -> /home/pimpmobile/ros2_ws/install/gps_publisher/share/ament_index/resource_index/packages
[18.452s] copying package.xml -> /home/pimpmobile/ros2_ws/install/gps_publisher/share/gps_publisher
[18.454s] running install_egg_info
[18.492s] removing '/home/pimpmobile/ros2_ws/install/gps_publisher/lib/python3.8/site-packages/gps_publisher-0.0.0-py3.8.egg-info' (and everything under it)
[18.492s] Copying ../../build/gps_publisher/gps_publisher.egg-info to /home/pimpmobile/ros2_ws/install/gps_publisher/lib/python3.8/site-packages/gps_publisher-0.0.0-py3.8.egg-info
[18.495s] running install_scripts
[18.607s] Installing gps script to /home/pimpmobile/ros2_ws/install/gps_publisher/lib/gps_publisher
[18.608s] writing list of installed files to '/home/pimpmobile/ros2_ws/build/gps_publisher/install.log'
[20.083s] Invoked command in '/home/pimpmobile/ros2_ws/src/gps_publisher' returned '0': PYTHONPATH=/home/pimpmobile/ros2_ws/build/gps_publisher/prefix_override:/home/pimpmobile/ros2_ws/install/gps_publisher/lib/python3.8/site-packages:${PYTHONPATH} /usr/bin/python3 setup.py egg_info --egg-base ../../build/gps_publisher build --build-base /home/pimpmobile/ros2_ws/build/gps_publisher/build install --record /home/pimpmobile/ros2_ws/build/gps_publisher/install.log --install-scripts $base/lib/gps_publisher --single-version-externally-managed
