[1.622s] Invoking command in '/home/pimpmobile/ros2_ws/src/master': PYTHONPATH=/home/pimpmobile/ros2_ws/build/master/prefix_override:/usr/lib/python3/dist-packages/colcon_core/task/python/colcon_distutils_commands:/home/pimpmobile/ros2_ws/install/master/lib/python3.10/site-packages:${PYTHONPATH} /usr/bin/python3 -W ignore:setup.py install is deprecated setup.py egg_info --egg-base ../../build/master build --build-base /home/pimpmobile/ros2_ws/build/master/build install --record /home/pimpmobile/ros2_ws/build/master/install.log --install-scripts $base/lib/master --single-version-externally-managed install_data
[2.143s] /usr/lib/python3/dist-packages/setuptools/dist.py:723: UserWarning: Usage of dash-separated 'script-dir' will not be supported in future versions. Please use the underscore name 'script_dir' instead
[2.143s]   warnings.warn(
[2.164s] running egg_info
[2.166s] writing ../../build/master/master.egg-info/PKG-INFO
[2.166s] writing dependency_links to ../../build/master/master.egg-info/dependency_links.txt
[2.167s] writing entry points to ../../build/master/master.egg-info/entry_points.txt
[2.167s] writing requirements to ../../build/master/master.egg-info/requires.txt
[2.167s] writing top-level names to ../../build/master/master.egg-info/top_level.txt
[2.173s] reading manifest file '../../build/master/master.egg-info/SOURCES.txt'
[2.175s] writing manifest file '../../build/master/master.egg-info/SOURCES.txt'
[2.176s] running build
[2.177s] running build_py
[2.179s] copying master/stream_host.py -> /home/pimpmobile/ros2_ws/build/master/build/lib/master
[2.179s] copying master/yolovision.py -> /home/pimpmobile/ros2_ws/build/master/build/lib/master
[2.179s] running install
[2.180s] running install_lib
[2.181s] copying /home/pimpmobile/ros2_ws/build/master/build/lib/master/stream_host.py -> /home/pimpmobile/ros2_ws/install/master/lib/python3.10/site-packages/master
[2.182s] copying /home/pimpmobile/ros2_ws/build/master/build/lib/master/yolovision.py -> /home/pimpmobile/ros2_ws/install/master/lib/python3.10/site-packages/master
[2.183s] byte-compiling /home/pimpmobile/ros2_ws/install/master/lib/python3.10/site-packages/master/stream_host.py to stream_host.cpython-310.pyc
[2.186s] byte-compiling /home/pimpmobile/ros2_ws/install/master/lib/python3.10/site-packages/master/yolovision.py to yolovision.cpython-310.pyc
[2.187s] running install_data
[2.187s] running install_egg_info
[2.192s] removing '/home/pimpmobile/ros2_ws/install/master/lib/python3.10/site-packages/master-0.0.0-py3.10.egg-info' (and everything under it)
[2.193s] Copying ../../build/master/master.egg-info to /home/pimpmobile/ros2_ws/install/master/lib/python3.10/site-packages/master-0.0.0-py3.10.egg-info
[2.195s] running install_scripts
[2.244s] Installing master script to /home/pimpmobile/ros2_ws/install/master/lib/master
[2.245s] writing list of installed files to '/home/pimpmobile/ros2_ws/build/master/install.log'
[2.324s] Invoked command in '/home/pimpmobile/ros2_ws/src/master' returned '0': PYTHONPATH=/home/pimpmobile/ros2_ws/build/master/prefix_override:/usr/lib/python3/dist-packages/colcon_core/task/python/colcon_distutils_commands:/home/pimpmobile/ros2_ws/install/master/lib/python3.10/site-packages:${PYTHONPATH} /usr/bin/python3 -W ignore:setup.py install is deprecated setup.py egg_info --egg-base ../../build/master build --build-base /home/pimpmobile/ros2_ws/build/master/build install --record /home/pimpmobile/ros2_ws/build/master/install.log --install-scripts $base/lib/master --single-version-externally-managed install_data
