[4.636s] Invoking command in '/home/pimpmobile/ros2_ws/src/master': PYTHONPATH=/home/pimpmobile/ros2_ws/build/master/prefix_override:/home/pimpmobile/ros2_ws/install/master/lib/python3.8/site-packages:${PYTHONPATH} /usr/bin/python3 setup.py egg_info --egg-base ../../build/master build --build-base /home/pimpmobile/ros2_ws/build/master/build install --record /home/pimpmobile/ros2_ws/build/master/install.log --install-scripts $base/lib/master --single-version-externally-managed
[4.920s] /home/pimpmobile/.local/lib/python3.8/site-packages/setuptools/dist.py:472: SetuptoolsDeprecationWarning: Invalid dash-separated options
[4.920s] !!
[4.921s] 
[4.921s]         ********************************************************************************
[4.921s]         Usage of dash-separated 'script-dir' will not be supported in future
[4.921s]         versions. Please use the underscore name 'script_dir' instead.
[4.921s] 
[4.921s]         By 2024-Sep-26, you need to update your project and remove deprecated calls
[4.921s]         or your builds will no longer be supported.
[4.922s] 
[4.922s]         See https://setuptools.pypa.io/en/latest/userguide/declarative_config.html for details.
[4.922s]         ********************************************************************************
[4.922s] 
[4.922s] !!
[4.922s]   opt = self.warn_dash_deprecation(opt, section)
[5.174s] running egg_info
[5.213s] writing ../../build/master/master.egg-info/PKG-INFO
[5.214s] writing dependency_links to ../../build/master/master.egg-info/dependency_links.txt
[5.214s] writing entry points to ../../build/master/master.egg-info/entry_points.txt
[5.215s] writing requirements to ../../build/master/master.egg-info/requires.txt
[5.215s] writing top-level names to ../../build/master/master.egg-info/top_level.txt
[6.268s] writing manifest file '../../build/master/master.egg-info/SOURCES.txt'
[6.269s] running build
[6.269s] running build_py
[6.270s] copying master/stanley_controller.py -> /home/pimpmobile/ros2_ws/build/master/build/lib/master
[6.270s] copying master/__init__.py -> /home/pimpmobile/ros2_ws/build/master/build/lib/master
[6.270s] copying master/master_code.py -> /home/pimpmobile/ros2_ws/build/master/build/lib/master
[6.270s] copying master/odometry.py -> /home/pimpmobile/ros2_ws/build/master/build/lib/master
[6.271s] running install
[6.272s] /home/pimpmobile/.local/lib/python3.8/site-packages/setuptools/_distutils/cmd.py:66: SetuptoolsDeprecationWarning: setup.py install is deprecated.
[6.272s] !!
[6.272s] 
[6.272s]         ********************************************************************************
[6.272s]         Please avoid running ``setup.py`` directly.
[6.273s]         Instead, use pypa/build, pypa/installer or other
[6.273s]         standards-based tools.
[6.273s] 
[6.273s]         See https://blog.ganssle.io/articles/2021/10/setup-py-deprecated.html for details.
[6.273s]         ********************************************************************************
[6.273s] 
[6.273s] !!
[6.273s]   self.initialize_options()
[6.284s] running install_lib
[6.323s] copying /home/pimpmobile/ros2_ws/build/master/build/lib/master/master_code.py -> /home/pimpmobile/ros2_ws/install/master/lib/python3.8/site-packages/master
[6.324s] byte-compiling /home/pimpmobile/ros2_ws/install/master/lib/python3.8/site-packages/master/master_code.py to master_code.cpython-38.pyc
[6.327s] running install_data
[6.363s] copying resource/master -> /home/pimpmobile/ros2_ws/install/master/share/ament_index/resource_index/packages
[6.364s] copying package.xml -> /home/pimpmobile/ros2_ws/install/master/share/master
[6.364s] running install_egg_info
[6.401s] removing '/home/pimpmobile/ros2_ws/install/master/lib/python3.8/site-packages/master-0.0.0-py3.8.egg-info' (and everything under it)
[6.401s] Copying ../../build/master/master.egg-info to /home/pimpmobile/ros2_ws/install/master/lib/python3.8/site-packages/master-0.0.0-py3.8.egg-info
[6.404s] running install_scripts
[6.510s] Installing master script to /home/pimpmobile/ros2_ws/install/master/lib/master
[6.511s] writing list of installed files to '/home/pimpmobile/ros2_ws/build/master/install.log'
[6.590s] Invoked command in '/home/pimpmobile/ros2_ws/src/master' returned '0': PYTHONPATH=/home/pimpmobile/ros2_ws/build/master/prefix_override:/home/pimpmobile/ros2_ws/install/master/lib/python3.8/site-packages:${PYTHONPATH} /usr/bin/python3 setup.py egg_info --egg-base ../../build/master build --build-base /home/pimpmobile/ros2_ws/build/master/build install --record /home/pimpmobile/ros2_ws/build/master/install.log --install-scripts $base/lib/master --single-version-externally-managed
