[14.816s] Invoking command in '/home/pimpmobile/ros2_ws/src/gps_publisher': PYTHONPATH=/home/pimpmobile/ros2_ws/build/gps_publisher/prefix_override:/home/pimpmobile/ros2_ws/install/gps_publisher/lib/python3.8/site-packages:${PYTHONPATH} /usr/bin/python3 setup.py egg_info --egg-base ../../build/gps_publisher build --build-base /home/pimpmobile/ros2_ws/build/gps_publisher/build install --record /home/pimpmobile/ros2_ws/build/gps_publisher/install.log --install-scripts $base/lib/gps_publisher --single-version-externally-managed
[15.120s] /home/pimpmobile/.local/lib/python3.8/site-packages/setuptools/dist.py:472: SetuptoolsDeprecationWarning: Invalid dash-separated options
[15.122s] !!
[15.122s] 
[15.124s]         ********************************************************************************
[15.125s]         Usage of dash-separated 'script-dir' will not be supported in future
[15.125s]         versions. Please use the underscore name 'script_dir' instead.
[15.126s] 
[15.126s]         By 2024-Sep-26, you need to update your project and remove deprecated calls
[15.128s]         or your builds will no longer be supported.
[15.128s] 
[15.129s]         See https://setuptools.pypa.io/en/latest/userguide/declarative_config.html for details.
[15.129s]         ********************************************************************************
[15.130s] 
[15.131s] !!
[15.131s]   opt = self.warn_dash_deprecation(opt, section)
[15.395s] running egg_info
[15.432s] writing ../../build/gps_publisher/gps_publisher.egg-info/PKG-INFO
[15.432s] writing dependency_links to ../../build/gps_publisher/gps_publisher.egg-info/dependency_links.txt
[15.433s] writing entry points to ../../build/gps_publisher/gps_publisher.egg-info/entry_points.txt
[15.434s] writing requirements to ../../build/gps_publisher/gps_publisher.egg-info/requires.txt
[15.434s] writing top-level names to ../../build/gps_publisher/gps_publisher.egg-info/top_level.txt
[17.400s] writing manifest file '../../build/gps_publisher/gps_publisher.egg-info/SOURCES.txt'
[17.400s] running build
[17.401s] running build_py
[17.401s] copying gps_publisher/__init__.py -> /home/pimpmobile/ros2_ws/build/gps_publisher/build/lib/gps_publisher
[17.402s] copying gps_publisher/gps.py -> /home/pimpmobile/ros2_ws/build/gps_publisher/build/lib/gps_publisher
[17.402s] copying gps_publisher/GPS_log.py -> /home/pimpmobile/ros2_ws/build/gps_publisher/build/lib/gps_publisher
[17.403s] running install
[17.404s] /home/pimpmobile/.local/lib/python3.8/site-packages/setuptools/_distutils/cmd.py:66: SetuptoolsDeprecationWarning: setup.py install is deprecated.
[17.404s] !!
[17.404s] 
[17.404s]         ********************************************************************************
[17.404s]         Please avoid running ``setup.py`` directly.
[17.404s]         Instead, use pypa/build, pypa/installer or other
[17.404s]         standards-based tools.
[17.405s] 
[17.405s]         See https://blog.ganssle.io/articles/2021/10/setup-py-deprecated.html for details.
[17.405s]         ********************************************************************************
[17.405s] 
[17.405s] !!
[17.406s]   self.initialize_options()
[17.416s] running install_lib
[17.455s] copying /home/pimpmobile/ros2_ws/build/gps_publisher/build/lib/gps_publisher/gps.py -> /home/pimpmobile/ros2_ws/install/gps_publisher/lib/python3.8/site-packages/gps_publisher
[17.456s] byte-compiling /home/pimpmobile/ros2_ws/install/gps_publisher/lib/python3.8/site-packages/gps_publisher/gps.py to gps.cpython-38.pyc
[17.459s] running install_data
[17.496s] copying resource/gps_publisher -> /home/pimpmobile/ros2_ws/install/gps_publisher/share/ament_index/resource_index/packages
[17.496s] copying package.xml -> /home/pimpmobile/ros2_ws/install/gps_publisher/share/gps_publisher
[17.496s] running install_egg_info
[17.533s] removing '/home/pimpmobile/ros2_ws/install/gps_publisher/lib/python3.8/site-packages/gps_publisher-0.0.0-py3.8.egg-info' (and everything under it)
[17.534s] Copying ../../build/gps_publisher/gps_publisher.egg-info to /home/pimpmobile/ros2_ws/install/gps_publisher/lib/python3.8/site-packages/gps_publisher-0.0.0-py3.8.egg-info
[17.536s] running install_scripts
[17.674s] Installing gps script to /home/pimpmobile/ros2_ws/install/gps_publisher/lib/gps_publisher
[17.675s] Installing gps_log script to /home/pimpmobile/ros2_ws/install/gps_publisher/lib/gps_publisher
[17.675s] writing list of installed files to '/home/pimpmobile/ros2_ws/build/gps_publisher/install.log'
[17.763s] Invoked command in '/home/pimpmobile/ros2_ws/src/gps_publisher' returned '0': PYTHONPATH=/home/pimpmobile/ros2_ws/build/gps_publisher/prefix_override:/home/pimpmobile/ros2_ws/install/gps_publisher/lib/python3.8/site-packages:${PYTHONPATH} /usr/bin/python3 setup.py egg_info --egg-base ../../build/gps_publisher build --build-base /home/pimpmobile/ros2_ws/build/gps_publisher/build install --record /home/pimpmobile/ros2_ws/build/gps_publisher/install.log --install-scripts $base/lib/gps_publisher --single-version-externally-managed
