[2.518s] Invoking command in '/home/pimpmobile/ros2_ws/src/lidar': PYTHONPATH=/home/pimpmobile/ros2_ws/build/lidar/prefix_override:/home/pimpmobile/ros2_ws/install/lidar/lib/python3.8/site-packages:${PYTHONPATH} /usr/bin/python3 setup.py egg_info --egg-base ../../build/lidar build --build-base /home/pimpmobile/ros2_ws/build/lidar/build install --record /home/pimpmobile/ros2_ws/build/lidar/install.log --install-scripts $base/lib/lidar --single-version-externally-managed
[2.972s] running egg_info
[2.973s] writing ../../build/lidar/lidar.egg-info/PKG-INFO
[2.974s] writing dependency_links to ../../build/lidar/lidar.egg-info/dependency_links.txt
[2.974s] writing entry points to ../../build/lidar/lidar.egg-info/entry_points.txt
[2.975s] writing requirements to ../../build/lidar/lidar.egg-info/requires.txt
[2.975s] writing top-level names to ../../build/lidar/lidar.egg-info/top_level.txt
[3.037s] reading manifest file '../../build/lidar/lidar.egg-info/SOURCES.txt'
[3.038s] writing manifest file '../../build/lidar/lidar.egg-info/SOURCES.txt'
[3.039s] running build
[3.039s] running build_py
[3.039s] copying lidar/subscriber_member_function.py -> /home/pimpmobile/ros2_ws/build/lidar/build/lib/lidar
[3.040s] running install
[3.041s] running install_lib
[3.043s] copying /home/pimpmobile/ros2_ws/build/lidar/build/lib/lidar/subscriber_member_function.py -> /home/pimpmobile/ros2_ws/install/lidar/lib/python3.8/site-packages/lidar
[3.044s] byte-compiling /home/pimpmobile/ros2_ws/install/lidar/lib/python3.8/site-packages/lidar/subscriber_member_function.py to subscriber_member_function.cpython-38.pyc
[3.047s] running install_data
[3.048s] running install_egg_info
[3.051s] removing '/home/pimpmobile/ros2_ws/install/lidar/lib/python3.8/site-packages/lidar-0.0.0-py3.8.egg-info' (and everything under it)
[3.052s] Copying ../../build/lidar/lidar.egg-info to /home/pimpmobile/ros2_ws/install/lidar/lib/python3.8/site-packages/lidar-0.0.0-py3.8.egg-info
[3.054s] running install_scripts
[3.088s] Installing lidar_listener script to /home/pimpmobile/ros2_ws/install/lidar/lib/lidar
[3.089s] Installing lidar_talker script to /home/pimpmobile/ros2_ws/install/lidar/lib/lidar
[3.089s] writing list of installed files to '/home/pimpmobile/ros2_ws/build/lidar/install.log'
[3.144s] Invoked command in '/home/pimpmobile/ros2_ws/src/lidar' returned '0': PYTHONPATH=/home/pimpmobile/ros2_ws/build/lidar/prefix_override:/home/pimpmobile/ros2_ws/install/lidar/lib/python3.8/site-packages:${PYTHONPATH} /usr/bin/python3 setup.py egg_info --egg-base ../../build/lidar build --build-base /home/pimpmobile/ros2_ws/build/lidar/build install --record /home/pimpmobile/ros2_ws/build/lidar/install.log --install-scripts $base/lib/lidar --single-version-externally-managed
