[4.600s] Invoking command in '/home/pimpmobile/ros2_ws/src/gps_publisher': PYTHONPATH=/home/pimpmobile/ros2_ws/build/gps_publisher/prefix_override:/home/pimpmobile/ros2_ws/install/gps_publisher/lib/python3.8/site-packages:${PYTHONPATH} /usr/bin/python3 setup.py egg_info --egg-base ../../build/gps_publisher build --build-base /home/pimpmobile/ros2_ws/build/gps_publisher/build install --record /home/pimpmobile/ros2_ws/build/gps_publisher/install.log --install-scripts $base/lib/gps_publisher --single-version-externally-managed
[4.877s] /home/pimpmobile/.local/lib/python3.8/site-packages/setuptools/dist.py:472: SetuptoolsDeprecationWarning: Invalid dash-separated options
[4.878s] !!
[4.878s] 
[4.878s]         ********************************************************************************
[4.878s]         Usage of dash-separated 'script-dir' will not be supported in future
[4.879s]         versions. Please use the underscore name 'script_dir' instead.
[4.879s] 
[4.879s]         By 2024-Sep-26, you need to update your project and remove deprecated calls
[4.879s]         or your builds will no longer be supported.
[4.880s] 
[4.880s]         See https://setuptools.pypa.io/en/latest/userguide/declarative_config.html for details.
[4.880s]         ********************************************************************************
[4.880s] 
[4.880s] !!
[4.881s]   opt = self.warn_dash_deprecation(opt, section)
[5.129s] running egg_info
[5.165s] writing ../../build/gps_publisher/gps_publisher.egg-info/PKG-INFO
[5.167s] writing dependency_links to ../../build/gps_publisher/gps_publisher.egg-info/dependency_links.txt
[5.167s] writing entry points to ../../build/gps_publisher/gps_publisher.egg-info/entry_points.txt
[5.167s] writing requirements to ../../build/gps_publisher/gps_publisher.egg-info/requires.txt
[5.168s] writing top-level names to ../../build/gps_publisher/gps_publisher.egg-info/top_level.txt
[6.705s] writing manifest file '../../build/gps_publisher/gps_publisher.egg-info/SOURCES.txt'
[6.705s] running build
[6.706s] running build_py
[6.706s] copying gps_publisher/__init__.py -> /home/pimpmobile/ros2_ws/build/gps_publisher/build/lib/gps_publisher
[6.707s] copying gps_publisher/gps.py -> /home/pimpmobile/ros2_ws/build/gps_publisher/build/lib/gps_publisher
[6.707s] copying gps_publisher/GPS_log.py -> /home/pimpmobile/ros2_ws/build/gps_publisher/build/lib/gps_publisher
[6.708s] running install
[6.709s] /home/pimpmobile/.local/lib/python3.8/site-packages/setuptools/_distutils/cmd.py:66: SetuptoolsDeprecationWarning: setup.py install is deprecated.
[6.709s] !!
[6.709s] 
[6.709s]         ********************************************************************************
[6.710s]         Please avoid running ``setup.py`` directly.
[6.710s]         Instead, use pypa/build, pypa/installer or other
[6.710s]         standards-based tools.
[6.710s] 
[6.711s]         See https://blog.ganssle.io/articles/2021/10/setup-py-deprecated.html for details.
[6.711s]         ********************************************************************************
[6.711s] 
[6.711s] !!
[6.711s]   self.initialize_options()
[6.720s] running install_lib
[6.760s] copying /home/pimpmobile/ros2_ws/build/gps_publisher/build/lib/gps_publisher/gps.py -> /home/pimpmobile/ros2_ws/install/gps_publisher/lib/python3.8/site-packages/gps_publisher
[6.761s] byte-compiling /home/pimpmobile/ros2_ws/install/gps_publisher/lib/python3.8/site-packages/gps_publisher/gps.py to gps.cpython-38.pyc
[6.763s] running install_data
[6.800s] copying resource/gps_publisher -> /home/pimpmobile/ros2_ws/install/gps_publisher/share/ament_index/resource_index/packages
[6.801s] copying package.xml -> /home/pimpmobile/ros2_ws/install/gps_publisher/share/gps_publisher
[6.801s] running install_egg_info
[6.838s] removing '/home/pimpmobile/ros2_ws/install/gps_publisher/lib/python3.8/site-packages/gps_publisher-0.0.0-py3.8.egg-info' (and everything under it)
[6.839s] Copying ../../build/gps_publisher/gps_publisher.egg-info to /home/pimpmobile/ros2_ws/install/gps_publisher/lib/python3.8/site-packages/gps_publisher-0.0.0-py3.8.egg-info
[6.841s] running install_scripts
[6.970s] Installing gps script to /home/pimpmobile/ros2_ws/install/gps_publisher/lib/gps_publisher
[6.970s] Installing gps_log script to /home/pimpmobile/ros2_ws/install/gps_publisher/lib/gps_publisher
[6.971s] writing list of installed files to '/home/pimpmobile/ros2_ws/build/gps_publisher/install.log'
[7.043s] Invoked command in '/home/pimpmobile/ros2_ws/src/gps_publisher' returned '0': PYTHONPATH=/home/pimpmobile/ros2_ws/build/gps_publisher/prefix_override:/home/pimpmobile/ros2_ws/install/gps_publisher/lib/python3.8/site-packages:${PYTHONPATH} /usr/bin/python3 setup.py egg_info --egg-base ../../build/gps_publisher build --build-base /home/pimpmobile/ros2_ws/build/gps_publisher/build install --record /home/pimpmobile/ros2_ws/build/gps_publisher/install.log --install-scripts $base/lib/gps_publisher --single-version-externally-managed
