[3.148s] Invoking command in '/home/pimpmobile/ros2_ws/src/lidar': PYTHONPATH=/home/pimpmobile/ros2_ws/build/lidar/prefix_override:/home/pimpmobile/ros2_ws/install/lidar/lib/python3.8/site-packages:${PYTHONPATH} /usr/bin/python3 setup.py egg_info --egg-base ../../build/lidar build --build-base /home/pimpmobile/ros2_ws/build/lidar/build install --record /home/pimpmobile/ros2_ws/build/lidar/install.log --install-scripts $base/lib/lidar --single-version-externally-managed
[3.419s] /home/pimpmobile/.local/lib/python3.8/site-packages/setuptools/dist.py:472: SetuptoolsDeprecationWarning: Invalid dash-separated options
[3.419s] !!
[3.420s] 
[3.420s]         ********************************************************************************
[3.421s]         Usage of dash-separated 'script-dir' will not be supported in future
[3.421s]         versions. Please use the underscore name 'script_dir' instead.
[3.421s] 
[3.421s]         By 2024-Sep-26, you need to update your project and remove deprecated calls
[3.422s]         or your builds will no longer be supported.
[3.422s] 
[3.422s]         See https://setuptools.pypa.io/en/latest/userguide/declarative_config.html for details.
[3.423s]         ********************************************************************************
[3.423s] 
[3.423s] !!
[3.424s]   opt = self.warn_dash_deprecation(opt, section)
[3.633s] running egg_info
[3.667s] writing ../../build/lidar/lidar.egg-info/PKG-INFO
[3.667s] writing dependency_links to ../../build/lidar/lidar.egg-info/dependency_links.txt
[3.668s] writing entry points to ../../build/lidar/lidar.egg-info/entry_points.txt
[3.668s] writing requirements to ../../build/lidar/lidar.egg-info/requires.txt
[3.669s] writing top-level names to ../../build/lidar/lidar.egg-info/top_level.txt
[3.941s] reading manifest file '../../build/lidar/lidar.egg-info/SOURCES.txt'
[3.943s] writing manifest file '../../build/lidar/lidar.egg-info/SOURCES.txt'
[3.944s] running build
[3.944s] running build_py
[3.944s] copying lidar/__init__.py -> /home/pimpmobile/ros2_ws/build/lidar/build/lib/lidar
[3.944s] copying lidar/lidarsubscriber.py -> /home/pimpmobile/ros2_ws/build/lidar/build/lib/lidar
[3.945s] copying lidar/publisher_member_function.py -> /home/pimpmobile/ros2_ws/build/lidar/build/lib/lidar
[3.946s] running install
[3.946s] /home/pimpmobile/.local/lib/python3.8/site-packages/setuptools/_distutils/cmd.py:66: SetuptoolsDeprecationWarning: setup.py install is deprecated.
[3.947s] !!
[3.947s] 
[3.947s]         ********************************************************************************
[3.947s]         Please avoid running ``setup.py`` directly.
[3.947s]         Instead, use pypa/build, pypa/installer or other
[3.948s]         standards-based tools.
[3.948s] 
[3.948s]         See https://blog.ganssle.io/articles/2021/10/setup-py-deprecated.html for details.
[3.948s]         ********************************************************************************
[3.948s] 
[3.948s] !!
[3.949s]   self.initialize_options()
[3.958s] running install_lib
[3.993s] running install_data
[4.026s] copying resource/lidar -> /home/pimpmobile/ros2_ws/install/lidar/share/ament_index/resource_index/packages
[4.026s] copying package.xml -> /home/pimpmobile/ros2_ws/install/lidar/share/lidar
[4.026s] running install_egg_info
[4.062s] removing '/home/pimpmobile/ros2_ws/install/lidar/lib/python3.8/site-packages/lidar-0.0.0-py3.8.egg-info' (and everything under it)
[4.063s] Copying ../../build/lidar/lidar.egg-info to /home/pimpmobile/ros2_ws/install/lidar/lib/python3.8/site-packages/lidar-0.0.0-py3.8.egg-info
[4.065s] running install_scripts
[4.169s] Installing lidar_listener script to /home/pimpmobile/ros2_ws/install/lidar/lib/lidar
[4.169s] Installing lidar_talker script to /home/pimpmobile/ros2_ws/install/lidar/lib/lidar
[4.170s] writing list of installed files to '/home/pimpmobile/ros2_ws/build/lidar/install.log'
[4.245s] Invoked command in '/home/pimpmobile/ros2_ws/src/lidar' returned '0': PYTHONPATH=/home/pimpmobile/ros2_ws/build/lidar/prefix_override:/home/pimpmobile/ros2_ws/install/lidar/lib/python3.8/site-packages:${PYTHONPATH} /usr/bin/python3 setup.py egg_info --egg-base ../../build/lidar build --build-base /home/pimpmobile/ros2_ws/build/lidar/build install --record /home/pimpmobile/ros2_ws/build/lidar/install.log --install-scripts $base/lib/lidar --single-version-externally-managed
