[4.601s] Invoking command in '/home/pimpmobile/ros2_ws/src/master': PYTHONPATH=/home/pimpmobile/ros2_ws/build/master/prefix_override:/home/pimpmobile/ros2_ws/install/master/lib/python3.8/site-packages:${PYTHONPATH} /usr/bin/python3 setup.py egg_info --egg-base ../../build/master build --build-base /home/pimpmobile/ros2_ws/build/master/build install --record /home/pimpmobile/ros2_ws/build/master/install.log --install-scripts $base/lib/master --single-version-externally-managed
[4.883s] /home/pimpmobile/.local/lib/python3.8/site-packages/setuptools/dist.py:472: SetuptoolsDeprecationWarning: Invalid dash-separated options
[4.883s] !!
[4.884s] 
[4.884s]         ********************************************************************************
[4.884s]         Usage of dash-separated 'script-dir' will not be supported in future
[4.884s]         versions. Please use the underscore name 'script_dir' instead.
[4.884s] 
[4.884s]         By 2024-Sep-26, you need to update your project and remove deprecated calls
[4.884s]         or your builds will no longer be supported.
[4.885s] 
[4.885s]         See https://setuptools.pypa.io/en/latest/userguide/declarative_config.html for details.
[4.885s]         ********************************************************************************
[4.885s] 
[4.885s] !!
[4.885s]   opt = self.warn_dash_deprecation(opt, section)
[5.138s] running egg_info
[5.174s] writing ../../build/master/master.egg-info/PKG-INFO
[5.175s] writing dependency_links to ../../build/master/master.egg-info/dependency_links.txt
[5.176s] writing entry points to ../../build/master/master.egg-info/entry_points.txt
[5.176s] writing requirements to ../../build/master/master.egg-info/requires.txt
[5.177s] writing top-level names to ../../build/master/master.egg-info/top_level.txt
[6.220s] writing manifest file '../../build/master/master.egg-info/SOURCES.txt'
[6.220s] running build
[6.220s] running build_py
[6.221s] copying master/stanley_controller.py -> /home/pimpmobile/ros2_ws/build/master/build/lib/master
[6.221s] copying master/__init__.py -> /home/pimpmobile/ros2_ws/build/master/build/lib/master
[6.221s] copying master/master_code.py -> /home/pimpmobile/ros2_ws/build/master/build/lib/master
[6.222s] copying master/odometry.py -> /home/pimpmobile/ros2_ws/build/master/build/lib/master
[6.222s] running install
[6.223s] /home/pimpmobile/.local/lib/python3.8/site-packages/setuptools/_distutils/cmd.py:66: SetuptoolsDeprecationWarning: setup.py install is deprecated.
[6.223s] !!
[6.223s] 
[6.224s]         ********************************************************************************
[6.224s]         Please avoid running ``setup.py`` directly.
[6.224s]         Instead, use pypa/build, pypa/installer or other
[6.224s]         standards-based tools.
[6.224s] 
[6.224s]         See https://blog.ganssle.io/articles/2021/10/setup-py-deprecated.html for details.
[6.224s]         ********************************************************************************
[6.224s] 
[6.225s] !!
[6.225s]   self.initialize_options()
[6.235s] running install_lib
[6.273s] copying /home/pimpmobile/ros2_ws/build/master/build/lib/master/master_code.py -> /home/pimpmobile/ros2_ws/install/master/lib/python3.8/site-packages/master
[6.275s] byte-compiling /home/pimpmobile/ros2_ws/install/master/lib/python3.8/site-packages/master/master_code.py to master_code.cpython-38.pyc
[6.278s] running install_data
[6.314s] copying resource/master -> /home/pimpmobile/ros2_ws/install/master/share/ament_index/resource_index/packages
[6.314s] copying package.xml -> /home/pimpmobile/ros2_ws/install/master/share/master
[6.315s] running install_egg_info
[6.351s] removing '/home/pimpmobile/ros2_ws/install/master/lib/python3.8/site-packages/master-0.0.0-py3.8.egg-info' (and everything under it)
[6.351s] Copying ../../build/master/master.egg-info to /home/pimpmobile/ros2_ws/install/master/lib/python3.8/site-packages/master-0.0.0-py3.8.egg-info
[6.353s] running install_scripts
[6.459s] Installing master script to /home/pimpmobile/ros2_ws/install/master/lib/master
[6.460s] writing list of installed files to '/home/pimpmobile/ros2_ws/build/master/install.log'
[6.541s] Invoked command in '/home/pimpmobile/ros2_ws/src/master' returned '0': PYTHONPATH=/home/pimpmobile/ros2_ws/build/master/prefix_override:/home/pimpmobile/ros2_ws/install/master/lib/python3.8/site-packages:${PYTHONPATH} /usr/bin/python3 setup.py egg_info --egg-base ../../build/master build --build-base /home/pimpmobile/ros2_ws/build/master/build install --record /home/pimpmobile/ros2_ws/build/master/install.log --install-scripts $base/lib/master --single-version-externally-managed
