[19.027s] Invoking command in '/home/pimpmobile/ros2_ws/src/lidar': PYTHONPATH=/home/pimpmobile/ros2_ws/build/lidar/prefix_override:/home/pimpmobile/ros2_ws/install/lidar/lib/python3.8/site-packages:${PYTHONPATH} /usr/bin/python3 setup.py egg_info --egg-base ../../build/lidar build --build-base /home/pimpmobile/ros2_ws/build/lidar/build install --record /home/pimpmobile/ros2_ws/build/lidar/install.log --install-scripts $base/lib/lidar --single-version-externally-managed
[19.340s] /home/pimpmobile/.local/lib/python3.8/site-packages/setuptools/dist.py:472: SetuptoolsDeprecationWarning: Invalid dash-separated options
[19.340s] !!
[19.340s] 
[19.340s]         ********************************************************************************
[19.340s]         Usage of dash-separated 'script-dir' will not be supported in future
[19.340s]         versions. Please use the underscore name 'script_dir' instead.
[19.340s] 
[19.340s]         By 2024-Sep-26, you need to update your project and remove deprecated calls
[19.341s]         or your builds will no longer be supported.
[19.341s] 
[19.341s]         See https://setuptools.pypa.io/en/latest/userguide/declarative_config.html for details.
[19.341s]         ********************************************************************************
[19.341s] 
[19.341s] !!
[19.342s]   opt = self.warn_dash_deprecation(opt, section)
[19.568s] running egg_info
[19.607s] writing ../../build/lidar/lidar.egg-info/PKG-INFO
[19.608s] writing dependency_links to ../../build/lidar/lidar.egg-info/dependency_links.txt
[19.608s] writing entry points to ../../build/lidar/lidar.egg-info/entry_points.txt
[19.609s] writing requirements to ../../build/lidar/lidar.egg-info/requires.txt
[19.609s] writing top-level names to ../../build/lidar/lidar.egg-info/top_level.txt
[19.905s] reading manifest file '../../build/lidar/lidar.egg-info/SOURCES.txt'
[19.909s] writing manifest file '../../build/lidar/lidar.egg-info/SOURCES.txt'
[19.909s] running build
[19.909s] running build_py
[19.909s] copying lidar/__init__.py -> /home/pimpmobile/ros2_ws/build/lidar/build/lib/lidar
[19.910s] copying lidar/lidarsubscriber.py -> /home/pimpmobile/ros2_ws/build/lidar/build/lib/lidar
[19.910s] copying lidar/publisher_member_function.py -> /home/pimpmobile/ros2_ws/build/lidar/build/lib/lidar
[19.911s] running install
[19.912s] /home/pimpmobile/.local/lib/python3.8/site-packages/setuptools/_distutils/cmd.py:66: SetuptoolsDeprecationWarning: setup.py install is deprecated.
[19.912s] !!
[19.912s] 
[19.913s]         ********************************************************************************
[19.913s]         Please avoid running ``setup.py`` directly.
[19.913s]         Instead, use pypa/build, pypa/installer or other
[19.913s]         standards-based tools.
[19.913s] 
[19.913s]         See https://blog.ganssle.io/articles/2021/10/setup-py-deprecated.html for details.
[19.913s]         ********************************************************************************
[19.914s] 
[19.914s] !!
[19.914s]   self.initialize_options()
[19.924s] running install_lib
[19.965s] running install_data
[20.002s] copying resource/lidar -> /home/pimpmobile/ros2_ws/install/lidar/share/ament_index/resource_index/packages
[20.003s] copying package.xml -> /home/pimpmobile/ros2_ws/install/lidar/share/lidar
[20.003s] running install_egg_info
[20.042s] removing '/home/pimpmobile/ros2_ws/install/lidar/lib/python3.8/site-packages/lidar-0.0.0-py3.8.egg-info' (and everything under it)
[20.043s] Copying ../../build/lidar/lidar.egg-info to /home/pimpmobile/ros2_ws/install/lidar/lib/python3.8/site-packages/lidar-0.0.0-py3.8.egg-info
[20.045s] running install_scripts
[20.162s] Installing lidar_listener script to /home/pimpmobile/ros2_ws/install/lidar/lib/lidar
[20.162s] Installing lidar_talker script to /home/pimpmobile/ros2_ws/install/lidar/lib/lidar
[20.164s] writing list of installed files to '/home/pimpmobile/ros2_ws/build/lidar/install.log'
[21.588s] Invoked command in '/home/pimpmobile/ros2_ws/src/lidar' returned '0': PYTHONPATH=/home/pimpmobile/ros2_ws/build/lidar/prefix_override:/home/pimpmobile/ros2_ws/install/lidar/lib/python3.8/site-packages:${PYTHONPATH} /usr/bin/python3 setup.py egg_info --egg-base ../../build/lidar build --build-base /home/pimpmobile/ros2_ws/build/lidar/build install --record /home/pimpmobile/ros2_ws/build/lidar/install.log --install-scripts $base/lib/lidar --single-version-externally-managed
