[4.580s] Invoking command in '/home/pimpmobile/ros2_ws/src/master': PYTHONPATH=/home/pimpmobile/ros2_ws/build/master/prefix_override:/home/pimpmobile/ros2_ws/install/master/lib/python3.8/site-packages:${PYTHONPATH} /usr/bin/python3 setup.py egg_info --egg-base ../../build/master build --build-base /home/pimpmobile/ros2_ws/build/master/build install --record /home/pimpmobile/ros2_ws/build/master/install.log --install-scripts $base/lib/master --single-version-externally-managed
[4.855s] /home/pimpmobile/.local/lib/python3.8/site-packages/setuptools/dist.py:472: SetuptoolsDeprecationWarning: Invalid dash-separated options
[4.856s] !!
[4.856s] 
[4.856s]         ********************************************************************************
[4.856s]         Usage of dash-separated 'script-dir' will not be supported in future
[4.857s]         versions. Please use the underscore name 'script_dir' instead.
[4.857s] 
[4.857s]         By 2024-Sep-26, you need to update your project and remove deprecated calls
[4.857s]         or your builds will no longer be supported.
[4.857s] 
[4.857s]         See https://setuptools.pypa.io/en/latest/userguide/declarative_config.html for details.
[4.857s]         ********************************************************************************
[4.857s] 
[4.857s] !!
[4.858s]   opt = self.warn_dash_deprecation(opt, section)
[5.104s] running egg_info
[5.140s] writing ../../build/master/master.egg-info/PKG-INFO
[5.141s] writing dependency_links to ../../build/master/master.egg-info/dependency_links.txt
[5.141s] writing entry points to ../../build/master/master.egg-info/entry_points.txt
[5.142s] writing requirements to ../../build/master/master.egg-info/requires.txt
[5.142s] writing top-level names to ../../build/master/master.egg-info/top_level.txt
[6.162s] writing manifest file '../../build/master/master.egg-info/SOURCES.txt'
[6.163s] running build
[6.164s] running build_py
[6.164s] copying master/stanley_controller.py -> /home/pimpmobile/ros2_ws/build/master/build/lib/master
[6.164s] copying master/__init__.py -> /home/pimpmobile/ros2_ws/build/master/build/lib/master
[6.164s] copying master/master_code.py -> /home/pimpmobile/ros2_ws/build/master/build/lib/master
[6.165s] copying master/odometry.py -> /home/pimpmobile/ros2_ws/build/master/build/lib/master
[6.165s] running install
[6.166s] /home/pimpmobile/.local/lib/python3.8/site-packages/setuptools/_distutils/cmd.py:66: SetuptoolsDeprecationWarning: setup.py install is deprecated.
[6.166s] !!
[6.166s] 
[6.166s]         ********************************************************************************
[6.167s]         Please avoid running ``setup.py`` directly.
[6.167s]         Instead, use pypa/build, pypa/installer or other
[6.167s]         standards-based tools.
[6.167s] 
[6.168s]         See https://blog.ganssle.io/articles/2021/10/setup-py-deprecated.html for details.
[6.168s]         ********************************************************************************
[6.168s] 
[6.168s] !!
[6.169s]   self.initialize_options()
[6.177s] running install_lib
[6.219s] running install_data
[6.256s] copying resource/master -> /home/pimpmobile/ros2_ws/install/master/share/ament_index/resource_index/packages
[6.257s] copying package.xml -> /home/pimpmobile/ros2_ws/install/master/share/master
[6.257s] running install_egg_info
[6.294s] removing '/home/pimpmobile/ros2_ws/install/master/lib/python3.8/site-packages/master-0.0.0-py3.8.egg-info' (and everything under it)
[6.295s] Copying ../../build/master/master.egg-info to /home/pimpmobile/ros2_ws/install/master/lib/python3.8/site-packages/master-0.0.0-py3.8.egg-info
[6.297s] running install_scripts
[6.408s] Installing master script to /home/pimpmobile/ros2_ws/install/master/lib/master
[6.409s] writing list of installed files to '/home/pimpmobile/ros2_ws/build/master/install.log'
[6.490s] Invoked command in '/home/pimpmobile/ros2_ws/src/master' returned '0': PYTHONPATH=/home/pimpmobile/ros2_ws/build/master/prefix_override:/home/pimpmobile/ros2_ws/install/master/lib/python3.8/site-packages:${PYTHONPATH} /usr/bin/python3 setup.py egg_info --egg-base ../../build/master build --build-base /home/pimpmobile/ros2_ws/build/master/build install --record /home/pimpmobile/ros2_ws/build/master/install.log --install-scripts $base/lib/master --single-version-externally-managed
