[5.158s] Invoking command in '/home/pimpmobile/ros2_ws/src/lidar': PYTHONPATH=/home/pimpmobile/ros2_ws/build/lidar/prefix_override:/home/pimpmobile/ros2_ws/install/lidar/lib/python3.8/site-packages:${PYTHONPATH} /usr/bin/python3 setup.py egg_info --egg-base ../../build/lidar build --build-base /home/pimpmobile/ros2_ws/build/lidar/build install --record /home/pimpmobile/ros2_ws/build/lidar/install.log --install-scripts $base/lib/lidar --single-version-externally-managed
[5.620s] running egg_info
[5.622s] writing ../../build/lidar/lidar.egg-info/PKG-INFO
[5.624s] writing dependency_links to ../../build/lidar/lidar.egg-info/dependency_links.txt
[5.625s] writing entry points to ../../build/lidar/lidar.egg-info/entry_points.txt
[5.626s] writing requirements to ../../build/lidar/lidar.egg-info/requires.txt
[5.627s] writing top-level names to ../../build/lidar/lidar.egg-info/top_level.txt
[5.687s] reading manifest file '../../build/lidar/lidar.egg-info/SOURCES.txt'
[5.689s] writing manifest file '../../build/lidar/lidar.egg-info/SOURCES.txt'
[5.690s] running build
[5.691s] running build_py
[5.691s] running install
[5.692s] running install_lib
[5.694s] running install_data
[5.695s] running install_egg_info
[5.700s] removing '/home/pimpmobile/ros2_ws/install/lidar/lib/python3.8/site-packages/lidar-0.0.0-py3.8.egg-info' (and everything under it)
[5.703s] Copying ../../build/lidar/lidar.egg-info to /home/pimpmobile/ros2_ws/install/lidar/lib/python3.8/site-packages/lidar-0.0.0-py3.8.egg-info
[5.706s] running install_scripts
[5.737s] Installing lidar_listener script to /home/pimpmobile/ros2_ws/install/lidar/lib/lidar
[5.738s] Installing lidar_talker script to /home/pimpmobile/ros2_ws/install/lidar/lib/lidar
[5.739s] writing list of installed files to '/home/pimpmobile/ros2_ws/build/lidar/install.log'
[6.037s] Invoked command in '/home/pimpmobile/ros2_ws/src/lidar' returned '0': PYTHONPATH=/home/pimpmobile/ros2_ws/build/lidar/prefix_override:/home/pimpmobile/ros2_ws/install/lidar/lib/python3.8/site-packages:${PYTHONPATH} /usr/bin/python3 setup.py egg_info --egg-base ../../build/lidar build --build-base /home/pimpmobile/ros2_ws/build/lidar/build install --record /home/pimpmobile/ros2_ws/build/lidar/install.log --install-scripts $base/lib/lidar --single-version-externally-managed
