[18.771s] Invoking command in '/home/pimpmobile/ros2_ws/src/lidar': PYTHONPATH=/home/pimpmobile/ros2_ws/build/lidar/prefix_override:/home/pimpmobile/ros2_ws/install/lidar/lib/python3.8/site-packages:${PYTHONPATH} /usr/bin/python3 setup.py egg_info --egg-base ../../build/lidar build --build-base /home/pimpmobile/ros2_ws/build/lidar/build install --record /home/pimpmobile/ros2_ws/build/lidar/install.log --install-scripts $base/lib/lidar --single-version-externally-managed
[19.079s] /home/pimpmobile/.local/lib/python3.8/site-packages/setuptools/dist.py:472: SetuptoolsDeprecationWarning: Invalid dash-separated options
[19.079s] !!
[19.079s] 
[19.079s]         ********************************************************************************
[19.079s]         Usage of dash-separated 'script-dir' will not be supported in future
[19.079s]         versions. Please use the underscore name 'script_dir' instead.
[19.079s] 
[19.079s]         By 2024-Sep-26, you need to update your project and remove deprecated calls
[19.079s]         or your builds will no longer be supported.
[19.080s] 
[19.080s]         See https://setuptools.pypa.io/en/latest/userguide/declarative_config.html for details.
[19.080s]         ********************************************************************************
[19.080s] 
[19.080s] !!
[19.080s]   opt = self.warn_dash_deprecation(opt, section)
[19.309s] running egg_info
[19.348s] writing ../../build/lidar/lidar.egg-info/PKG-INFO
[19.350s] writing dependency_links to ../../build/lidar/lidar.egg-info/dependency_links.txt
[19.351s] writing entry points to ../../build/lidar/lidar.egg-info/entry_points.txt
[19.351s] writing requirements to ../../build/lidar/lidar.egg-info/requires.txt
[19.352s] writing top-level names to ../../build/lidar/lidar.egg-info/top_level.txt
[19.663s] reading manifest file '../../build/lidar/lidar.egg-info/SOURCES.txt'
[19.665s] writing manifest file '../../build/lidar/lidar.egg-info/SOURCES.txt'
[19.666s] running build
[19.666s] running build_py
[19.666s] copying lidar/__init__.py -> /home/pimpmobile/ros2_ws/build/lidar/build/lib/lidar
[19.667s] copying lidar/lidarsubscriber.py -> /home/pimpmobile/ros2_ws/build/lidar/build/lib/lidar
[19.668s] copying lidar/publisher_member_function.py -> /home/pimpmobile/ros2_ws/build/lidar/build/lib/lidar
[19.669s] running install
[19.670s] /home/pimpmobile/.local/lib/python3.8/site-packages/setuptools/_distutils/cmd.py:66: SetuptoolsDeprecationWarning: setup.py install is deprecated.
[19.670s] !!
[19.670s] 
[19.670s]         ********************************************************************************
[19.670s]         Please avoid running ``setup.py`` directly.
[19.670s]         Instead, use pypa/build, pypa/installer or other
[19.670s]         standards-based tools.
[19.670s] 
[19.671s]         See https://blog.ganssle.io/articles/2021/10/setup-py-deprecated.html for details.
[19.671s]         ********************************************************************************
[19.671s] 
[19.671s] !!
[19.671s]   self.initialize_options()
[19.682s] running install_lib
[19.722s] running install_data
[19.762s] copying resource/lidar -> /home/pimpmobile/ros2_ws/install/lidar/share/ament_index/resource_index/packages
[19.763s] copying package.xml -> /home/pimpmobile/ros2_ws/install/lidar/share/lidar
[19.763s] running install_egg_info
[19.802s] removing '/home/pimpmobile/ros2_ws/install/lidar/lib/python3.8/site-packages/lidar-0.0.0-py3.8.egg-info' (and everything under it)
[19.803s] Copying ../../build/lidar/lidar.egg-info to /home/pimpmobile/ros2_ws/install/lidar/lib/python3.8/site-packages/lidar-0.0.0-py3.8.egg-info
[19.806s] running install_scripts
[19.928s] Installing lidar_listener script to /home/pimpmobile/ros2_ws/install/lidar/lib/lidar
[19.929s] Installing lidar_talker script to /home/pimpmobile/ros2_ws/install/lidar/lib/lidar
[19.930s] writing list of installed files to '/home/pimpmobile/ros2_ws/build/lidar/install.log'
[22.749s] Invoked command in '/home/pimpmobile/ros2_ws/src/lidar' returned '0': PYTHONPATH=/home/pimpmobile/ros2_ws/build/lidar/prefix_override:/home/pimpmobile/ros2_ws/install/lidar/lib/python3.8/site-packages:${PYTHONPATH} /usr/bin/python3 setup.py egg_info --egg-base ../../build/lidar build --build-base /home/pimpmobile/ros2_ws/build/lidar/build install --record /home/pimpmobile/ros2_ws/build/lidar/install.log --install-scripts $base/lib/lidar --single-version-externally-managed
