[3.171s] Invoking command in '/home/pimpmobile/ros2_ws/src/lidar': PYTHONPATH=/home/pimpmobile/ros2_ws/build/lidar/prefix_override:/home/pimpmobile/ros2_ws/install/lidar/lib/python3.8/site-packages:${PYTHONPATH} /usr/bin/python3 setup.py egg_info --egg-base ../../build/lidar build --build-base /home/pimpmobile/ros2_ws/build/lidar/build install --record /home/pimpmobile/ros2_ws/build/lidar/install.log --install-scripts $base/lib/lidar --single-version-externally-managed
[3.438s] /home/pimpmobile/.local/lib/python3.8/site-packages/setuptools/dist.py:472: SetuptoolsDeprecationWarning: Invalid dash-separated options
[3.438s] !!
[3.439s] 
[3.439s]         ********************************************************************************
[3.439s]         Usage of dash-separated 'script-dir' will not be supported in future
[3.439s]         versions. Please use the underscore name 'script_dir' instead.
[3.439s] 
[3.439s]         By 2024-Sep-26, you need to update your project and remove deprecated calls
[3.439s]         or your builds will no longer be supported.
[3.440s] 
[3.440s]         See https://setuptools.pypa.io/en/latest/userguide/declarative_config.html for details.
[3.440s]         ********************************************************************************
[3.440s] 
[3.440s] !!
[3.440s]   opt = self.warn_dash_deprecation(opt, section)
[3.649s] running egg_info
[3.682s] writing ../../build/lidar/lidar.egg-info/PKG-INFO
[3.683s] writing dependency_links to ../../build/lidar/lidar.egg-info/dependency_links.txt
[3.683s] writing entry points to ../../build/lidar/lidar.egg-info/entry_points.txt
[3.684s] writing requirements to ../../build/lidar/lidar.egg-info/requires.txt
[3.684s] writing top-level names to ../../build/lidar/lidar.egg-info/top_level.txt
[3.955s] reading manifest file '../../build/lidar/lidar.egg-info/SOURCES.txt'
[3.956s] writing manifest file '../../build/lidar/lidar.egg-info/SOURCES.txt'
[3.957s] running build
[3.957s] running build_py
[3.957s] copying lidar/__init__.py -> /home/pimpmobile/ros2_ws/build/lidar/build/lib/lidar
[3.958s] copying lidar/lidarsubscriber.py -> /home/pimpmobile/ros2_ws/build/lidar/build/lib/lidar
[3.958s] copying lidar/publisher_member_function.py -> /home/pimpmobile/ros2_ws/build/lidar/build/lib/lidar
[3.959s] running install
[3.959s] /home/pimpmobile/.local/lib/python3.8/site-packages/setuptools/_distutils/cmd.py:66: SetuptoolsDeprecationWarning: setup.py install is deprecated.
[3.959s] !!
[3.960s] 
[3.960s]         ********************************************************************************
[3.960s]         Please avoid running ``setup.py`` directly.
[3.960s]         Instead, use pypa/build, pypa/installer or other
[3.960s]         standards-based tools.
[3.960s] 
[3.960s]         See https://blog.ganssle.io/articles/2021/10/setup-py-deprecated.html for details.
[3.961s]         ********************************************************************************
[3.961s] 
[3.961s] !!
[3.961s]   self.initialize_options()
[3.970s] running install_lib
[4.006s] running install_data
[4.038s] copying resource/lidar -> /home/pimpmobile/ros2_ws/install/lidar/share/ament_index/resource_index/packages
[4.038s] copying package.xml -> /home/pimpmobile/ros2_ws/install/lidar/share/lidar
[4.039s] running install_egg_info
[4.074s] removing '/home/pimpmobile/ros2_ws/install/lidar/lib/python3.8/site-packages/lidar-0.0.0-py3.8.egg-info' (and everything under it)
[4.074s] Copying ../../build/lidar/lidar.egg-info to /home/pimpmobile/ros2_ws/install/lidar/lib/python3.8/site-packages/lidar-0.0.0-py3.8.egg-info
[4.076s] running install_scripts
[4.180s] Installing lidar_listener script to /home/pimpmobile/ros2_ws/install/lidar/lib/lidar
[4.180s] Installing lidar_talker script to /home/pimpmobile/ros2_ws/install/lidar/lib/lidar
[4.181s] writing list of installed files to '/home/pimpmobile/ros2_ws/build/lidar/install.log'
[4.254s] Invoked command in '/home/pimpmobile/ros2_ws/src/lidar' returned '0': PYTHONPATH=/home/pimpmobile/ros2_ws/build/lidar/prefix_override:/home/pimpmobile/ros2_ws/install/lidar/lib/python3.8/site-packages:${PYTHONPATH} /usr/bin/python3 setup.py egg_info --egg-base ../../build/lidar build --build-base /home/pimpmobile/ros2_ws/build/lidar/build install --record /home/pimpmobile/ros2_ws/build/lidar/install.log --install-scripts $base/lib/lidar --single-version-externally-managed
