[0.436s] Invoking command in '/home/pimpmobile/ros2_ws/build/turtlesim': CMAKE_PREFIX_PATH=${CMAKE_PREFIX_PATH}:/opt/ros/foxy:/home/pimpmobile/ros2_humble/install/rqt_bag_plugins:/home/pimpmobile/ros2_humble/install/rqt_bag:/home/pimpmobile/ros2_humble/install/ros2bag:/home/pimpmobile/ros2_humble/install/tracetools_test:/home/pimpmobile/ros2_humble/install/tracetools_launch:/home/pimpmobile/ros2_humble/install/topic_monitor:/home/pimpmobile/ros2_humble/install/tf2_tools:/home/pimpmobile/ros2_humble/install/examples_tf2_py:/home/pimpmobile/ros2_humble/install/tf2_ros_py:/home/pimpmobile/ros2_humble/install/sros2:/home/pimpmobile/ros2_humble/install/rqt_topic:/home/pimpmobile/ros2_humble/install/rqt_srv:/home/pimpmobile/ros2_humble/install/rqt_shell:/home/pimpmobile/ros2_humble/install/rqt_service_caller:/home/pimpmobile/ros2_humble/install/rqt_reconfigure:/home/pimpmobile/ros2_humble/install/rqt_py_console:/home/pimpmobile/ros2_humble/install/rqt_publisher:/home/pimpmobile/ros2_humble/install/rqt_plot:/home/pimpmobile/ros2_humble/install/rqt_action:/home/pimpmobile/ros2_humble/install/rqt_msg:/home/pimpmobile/ros2_humble/install/rqt_console:/home/pimpmobile/ros2_humble/install/rqt:/home/pimpmobile/ros2_humble/install/rqt_graph:/home/pimpmobile/ros2_humble/install/rqt_gui_py:/home/pimpmobile/ros2_humble/install/rqt_gui:/home/pimpmobile/ros2_humble/install/ros2trace:/home/pimpmobile/ros2_humble/install/ros2topic:/home/pimpmobile/ros2_humble/install/ros2test:/home/pimpmobile/ros2_humble/install/ros2component:/home/pimpmobile/ros2_humble/install/ros2param:/home/pimpmobile/ros2_humble/install/ros2lifecycle:/home/pimpmobile/ros2_humble/install/ros2service:/home/pimpmobile/ros2_humble/install/ros2run:/home/pimpmobile/ros2_humble/install/ros2launch:/home/pimpmobile/ros2_humble/install/ros2pkg:/home/pimpmobile/ros2_humble/install/ros2node:/home/pimpmobile/ros2_humble/install/ros2multicast:/home/pimpmobile/ros2_humble/install/ros2interface:/home/pimpmobile/ros2_humble/install/ros2doctor:/home/pimpmobile/ros2_humble/install/ros2action:/home/pimpmobile/ros2_humble/install/ros2cli:/home/pimpmobile/ros2_humble/install/quality_of_service_demo_py:/home/pimpmobile/ros2_humble/install/lifecycle_py:/home/pimpmobile/ros2_humble/install/launch_testing_ros:/home/pimpmobile/ros2_humble/install/launch_ros:/home/pimpmobile/ros2_humble/install/examples_rclpy_pointcloud_publisher:/home/pimpmobile/ros2_humble/install/examples_rclpy_minimal_subscriber:/home/pimpmobile/ros2_humble/install/examples_rclpy_minimal_service:/home/pimpmobile/ros2_humble/install/examples_rclpy_minimal_publisher:/home/pimpmobile/ros2_humble/install/examples_rclpy_minimal_client:/home/pimpmobile/ros2_humble/install/examples_rclpy_minimal_action_server:/home/pimpmobile/ros2_humble/install/examples_rclpy_minimal_action_client:/home/pimpmobile/ros2_humble/install/examples_rclpy_guard_conditions:/home/pimpmobile/ros2_humble/install/examples_rclpy_executors:/home/pimpmobile/ros2_humble/install/demo_nodes_py:/home/pimpmobile/ros2_humble/install/action_tutorials_py:/home/pimpmobile/ros2_humble/install/ament_uncrustify:/home/pimpmobile/ros2_humble/install/tracetools_trace:/home/pimpmobile/ros2_humble/install/tracetools_read:/home/pimpmobile/ros2_humble/install/test_tracetools_launch:/home/pimpmobile/ros2_humble/install/test_launch_ros:/home/pimpmobile/ros2_humble/install/sensor_msgs_py:/home/pimpmobile/ros2_humble/install/rpyutils:/home/pimpmobile/ros2_humble/install/rosidl_runtime_py:/home/pimpmobile/ros2_humble/install/rosidl_cli:/home/pimpmobile/ros2_humble/install/launch_pytest:/home/pimpmobile/ros2_humble/install/launch_testing:/home/pimpmobile/ros2_humble/install/launch_yaml:/home/pimpmobile/ros2_humble/install/launch_xml:/home/pimpmobile/ros2_humble/install/launch:/home/pimpmobile/ros2_humble/install/osrf_pycommon:/home/pimpmobile/ros2_humble/install/launch_testing_examples:/home/pimpmobile/ros2_humble/install/domain_coordinator:/home/pimpmobile/ros2_humble/install/ament_xmllint:/home/pimpmobile/ros2_humble/install/ament_pyflakes:/home/pimpmobile/ros2_humble/install/ament_pycodestyle:/home/pimpmobile/ros2_humble/install/ament_pep257:/home/pimpmobile/ros2_humble/install/ament_pclint:/home/pimpmobile/ros2_humble/install/ament_package:/home/pimpmobile/ros2_humble/install/ament_mypy:/home/pimpmobile/ros2_humble/install/ament_lint_cmake:/home/pimpmobile/ros2_humble/install/ament_flake8:/home/pimpmobile/ros2_humble/install/ament_copyright:/home/pimpmobile/ros2_humble/install/ament_lint:/home/pimpmobile/ros2_humble/install/ament_index_python:/home/pimpmobile/ros2_humble/install/ament_cpplint:/home/pimpmobile/ros2_humble/install/ament_cppcheck:/home/pimpmobile/ros2_humble/install/ament_clang_tidy:/home/pimpmobile/ros2_humble/install/ament_clang_format /usr/bin/cmake --build /home/pimpmobile/ros2_ws/build/turtlesim -- -j6 -l6
[0.592s] [  3%] Built target turtlesim__cpp
[0.592s] [ 11%] Built target turtlesim__rosidl_generator_c
[0.664s] [ 31%] Built target turtlesim__rosidl_typesupport_cpp
[0.665s] [ 31%] Built target turtlesim__rosidl_typesupport_c
[0.675s] [ 51%] Built target turtlesim__rosidl_typesupport_introspection_cpp
[0.675s] [ 51%] Built target turtlesim__rosidl_typesupport_introspection_c
[0.687s] [ 61%] Built target turtlesim__rosidl_typesupport_fastrtps_cpp
[0.771s] [ 71%] Built target turtlesim__rosidl_typesupport_fastrtps_c
[0.837s] [ 71%] Built target turtlesim
[0.908s] [ 72%] Built target turtlesim__py
[0.927s] [ 74%] Built target turtle_teleop_key
[0.930s] [ 76%] Built target draw_square
[0.943s] [ 78%] Built target mimic
[0.960s] [ 84%] Built target turtlesim_node
[0.991s] [ 93%] Built target turtlesim__python
[1.069s] [100%] Built target turtlesim__rosidl_typesupport_fastrtps_c__pyext
[1.070s] [100%] Built target turtlesim__rosidl_typesupport_introspection_c__pyext
[1.071s] [100%] Built target turtlesim__rosidl_typesupport_c__pyext
[1.163s] Invoked command in '/home/pimpmobile/ros2_ws/build/turtlesim' returned '0': CMAKE_PREFIX_PATH=${CMAKE_PREFIX_PATH}:/opt/ros/foxy:/home/pimpmobile/ros2_humble/install/rqt_bag_plugins:/home/pimpmobile/ros2_humble/install/rqt_bag:/home/pimpmobile/ros2_humble/install/ros2bag:/home/pimpmobile/ros2_humble/install/tracetools_test:/home/pimpmobile/ros2_humble/install/tracetools_launch:/home/pimpmobile/ros2_humble/install/topic_monitor:/home/pimpmobile/ros2_humble/install/tf2_tools:/home/pimpmobile/ros2_humble/install/examples_tf2_py:/home/pimpmobile/ros2_humble/install/tf2_ros_py:/home/pimpmobile/ros2_humble/install/sros2:/home/pimpmobile/ros2_humble/install/rqt_topic:/home/pimpmobile/ros2_humble/install/rqt_srv:/home/pimpmobile/ros2_humble/install/rqt_shell:/home/pimpmobile/ros2_humble/install/rqt_service_caller:/home/pimpmobile/ros2_humble/install/rqt_reconfigure:/home/pimpmobile/ros2_humble/install/rqt_py_console:/home/pimpmobile/ros2_humble/install/rqt_publisher:/home/pimpmobile/ros2_humble/install/rqt_plot:/home/pimpmobile/ros2_humble/install/rqt_action:/home/pimpmobile/ros2_humble/install/rqt_msg:/home/pimpmobile/ros2_humble/install/rqt_console:/home/pimpmobile/ros2_humble/install/rqt:/home/pimpmobile/ros2_humble/install/rqt_graph:/home/pimpmobile/ros2_humble/install/rqt_gui_py:/home/pimpmobile/ros2_humble/install/rqt_gui:/home/pimpmobile/ros2_humble/install/ros2trace:/home/pimpmobile/ros2_humble/install/ros2topic:/home/pimpmobile/ros2_humble/install/ros2test:/home/pimpmobile/ros2_humble/install/ros2component:/home/pimpmobile/ros2_humble/install/ros2param:/home/pimpmobile/ros2_humble/install/ros2lifecycle:/home/pimpmobile/ros2_humble/install/ros2service:/home/pimpmobile/ros2_humble/install/ros2run:/home/pimpmobile/ros2_humble/install/ros2launch:/home/pimpmobile/ros2_humble/install/ros2pkg:/home/pimpmobile/ros2_humble/install/ros2node:/home/pimpmobile/ros2_humble/install/ros2multicast:/home/pimpmobile/ros2_humble/install/ros2interface:/home/pimpmobile/ros2_humble/install/ros2doctor:/home/pimpmobile/ros2_humble/install/ros2action:/home/pimpmobile/ros2_humble/install/ros2cli:/home/pimpmobile/ros2_humble/install/quality_of_service_demo_py:/home/pimpmobile/ros2_humble/install/lifecycle_py:/home/pimpmobile/ros2_humble/install/launch_testing_ros:/home/pimpmobile/ros2_humble/install/launch_ros:/home/pimpmobile/ros2_humble/install/examples_rclpy_pointcloud_publisher:/home/pimpmobile/ros2_humble/install/examples_rclpy_minimal_subscriber:/home/pimpmobile/ros2_humble/install/examples_rclpy_minimal_service:/home/pimpmobile/ros2_humble/install/examples_rclpy_minimal_publisher:/home/pimpmobile/ros2_humble/install/examples_rclpy_minimal_client:/home/pimpmobile/ros2_humble/install/examples_rclpy_minimal_action_server:/home/pimpmobile/ros2_humble/install/examples_rclpy_minimal_action_client:/home/pimpmobile/ros2_humble/install/examples_rclpy_guard_conditions:/home/pimpmobile/ros2_humble/install/examples_rclpy_executors:/home/pimpmobile/ros2_humble/install/demo_nodes_py:/home/pimpmobile/ros2_humble/install/action_tutorials_py:/home/pimpmobile/ros2_humble/install/ament_uncrustify:/home/pimpmobile/ros2_humble/install/tracetools_trace:/home/pimpmobile/ros2_humble/install/tracetools_read:/home/pimpmobile/ros2_humble/install/test_tracetools_launch:/home/pimpmobile/ros2_humble/install/test_launch_ros:/home/pimpmobile/ros2_humble/install/sensor_msgs_py:/home/pimpmobile/ros2_humble/install/rpyutils:/home/pimpmobile/ros2_humble/install/rosidl_runtime_py:/home/pimpmobile/ros2_humble/install/rosidl_cli:/home/pimpmobile/ros2_humble/install/launch_pytest:/home/pimpmobile/ros2_humble/install/launch_testing:/home/pimpmobile/ros2_humble/install/launch_yaml:/home/pimpmobile/ros2_humble/install/launch_xml:/home/pimpmobile/ros2_humble/install/launch:/home/pimpmobile/ros2_humble/install/osrf_pycommon:/home/pimpmobile/ros2_humble/install/launch_testing_examples:/home/pimpmobile/ros2_humble/install/domain_coordinator:/home/pimpmobile/ros2_humble/install/ament_xmllint:/home/pimpmobile/ros2_humble/install/ament_pyflakes:/home/pimpmobile/ros2_humble/install/ament_pycodestyle:/home/pimpmobile/ros2_humble/install/ament_pep257:/home/pimpmobile/ros2_humble/install/ament_pclint:/home/pimpmobile/ros2_humble/install/ament_package:/home/pimpmobile/ros2_humble/install/ament_mypy:/home/pimpmobile/ros2_humble/install/ament_lint_cmake:/home/pimpmobile/ros2_humble/install/ament_flake8:/home/pimpmobile/ros2_humble/install/ament_copyright:/home/pimpmobile/ros2_humble/install/ament_lint:/home/pimpmobile/ros2_humble/install/ament_index_python:/home/pimpmobile/ros2_humble/install/ament_cpplint:/home/pimpmobile/ros2_humble/install/ament_cppcheck:/home/pimpmobile/ros2_humble/install/ament_clang_tidy:/home/pimpmobile/ros2_humble/install/ament_clang_format /usr/bin/cmake --build /home/pimpmobile/ros2_ws/build/turtlesim -- -j6 -l6
[2.429s] Invoking command in '/home/pimpmobile/ros2_ws/build/turtlesim': CMAKE_PREFIX_PATH=${CMAKE_PREFIX_PATH}:/opt/ros/foxy:/home/pimpmobile/ros2_humble/install/rqt_bag_plugins:/home/pimpmobile/ros2_humble/install/rqt_bag:/home/pimpmobile/ros2_humble/install/ros2bag:/home/pimpmobile/ros2_humble/install/tracetools_test:/home/pimpmobile/ros2_humble/install/tracetools_launch:/home/pimpmobile/ros2_humble/install/topic_monitor:/home/pimpmobile/ros2_humble/install/tf2_tools:/home/pimpmobile/ros2_humble/install/examples_tf2_py:/home/pimpmobile/ros2_humble/install/tf2_ros_py:/home/pimpmobile/ros2_humble/install/sros2:/home/pimpmobile/ros2_humble/install/rqt_topic:/home/pimpmobile/ros2_humble/install/rqt_srv:/home/pimpmobile/ros2_humble/install/rqt_shell:/home/pimpmobile/ros2_humble/install/rqt_service_caller:/home/pimpmobile/ros2_humble/install/rqt_reconfigure:/home/pimpmobile/ros2_humble/install/rqt_py_console:/home/pimpmobile/ros2_humble/install/rqt_publisher:/home/pimpmobile/ros2_humble/install/rqt_plot:/home/pimpmobile/ros2_humble/install/rqt_action:/home/pimpmobile/ros2_humble/install/rqt_msg:/home/pimpmobile/ros2_humble/install/rqt_console:/home/pimpmobile/ros2_humble/install/rqt:/home/pimpmobile/ros2_humble/install/rqt_graph:/home/pimpmobile/ros2_humble/install/rqt_gui_py:/home/pimpmobile/ros2_humble/install/rqt_gui:/home/pimpmobile/ros2_humble/install/ros2trace:/home/pimpmobile/ros2_humble/install/ros2topic:/home/pimpmobile/ros2_humble/install/ros2test:/home/pimpmobile/ros2_humble/install/ros2component:/home/pimpmobile/ros2_humble/install/ros2param:/home/pimpmobile/ros2_humble/install/ros2lifecycle:/home/pimpmobile/ros2_humble/install/ros2service:/home/pimpmobile/ros2_humble/install/ros2run:/home/pimpmobile/ros2_humble/install/ros2launch:/home/pimpmobile/ros2_humble/install/ros2pkg:/home/pimpmobile/ros2_humble/install/ros2node:/home/pimpmobile/ros2_humble/install/ros2multicast:/home/pimpmobile/ros2_humble/install/ros2interface:/home/pimpmobile/ros2_humble/install/ros2doctor:/home/pimpmobile/ros2_humble/install/ros2action:/home/pimpmobile/ros2_humble/install/ros2cli:/home/pimpmobile/ros2_humble/install/quality_of_service_demo_py:/home/pimpmobile/ros2_humble/install/lifecycle_py:/home/pimpmobile/ros2_humble/install/launch_testing_ros:/home/pimpmobile/ros2_humble/install/launch_ros:/home/pimpmobile/ros2_humble/install/examples_rclpy_pointcloud_publisher:/home/pimpmobile/ros2_humble/install/examples_rclpy_minimal_subscriber:/home/pimpmobile/ros2_humble/install/examples_rclpy_minimal_service:/home/pimpmobile/ros2_humble/install/examples_rclpy_minimal_publisher:/home/pimpmobile/ros2_humble/install/examples_rclpy_minimal_client:/home/pimpmobile/ros2_humble/install/examples_rclpy_minimal_action_server:/home/pimpmobile/ros2_humble/install/examples_rclpy_minimal_action_client:/home/pimpmobile/ros2_humble/install/examples_rclpy_guard_conditions:/home/pimpmobile/ros2_humble/install/examples_rclpy_executors:/home/pimpmobile/ros2_humble/install/demo_nodes_py:/home/pimpmobile/ros2_humble/install/action_tutorials_py:/home/pimpmobile/ros2_humble/install/ament_uncrustify:/home/pimpmobile/ros2_humble/install/tracetools_trace:/home/pimpmobile/ros2_humble/install/tracetools_read:/home/pimpmobile/ros2_humble/install/test_tracetools_launch:/home/pimpmobile/ros2_humble/install/test_launch_ros:/home/pimpmobile/ros2_humble/install/sensor_msgs_py:/home/pimpmobile/ros2_humble/install/rpyutils:/home/pimpmobile/ros2_humble/install/rosidl_runtime_py:/home/pimpmobile/ros2_humble/install/rosidl_cli:/home/pimpmobile/ros2_humble/install/launch_pytest:/home/pimpmobile/ros2_humble/install/launch_testing:/home/pimpmobile/ros2_humble/install/launch_yaml:/home/pimpmobile/ros2_humble/install/launch_xml:/home/pimpmobile/ros2_humble/install/launch:/home/pimpmobile/ros2_humble/install/osrf_pycommon:/home/pimpmobile/ros2_humble/install/launch_testing_examples:/home/pimpmobile/ros2_humble/install/domain_coordinator:/home/pimpmobile/ros2_humble/install/ament_xmllint:/home/pimpmobile/ros2_humble/install/ament_pyflakes:/home/pimpmobile/ros2_humble/install/ament_pycodestyle:/home/pimpmobile/ros2_humble/install/ament_pep257:/home/pimpmobile/ros2_humble/install/ament_pclint:/home/pimpmobile/ros2_humble/install/ament_package:/home/pimpmobile/ros2_humble/install/ament_mypy:/home/pimpmobile/ros2_humble/install/ament_lint_cmake:/home/pimpmobile/ros2_humble/install/ament_flake8:/home/pimpmobile/ros2_humble/install/ament_copyright:/home/pimpmobile/ros2_humble/install/ament_lint:/home/pimpmobile/ros2_humble/install/ament_index_python:/home/pimpmobile/ros2_humble/install/ament_cpplint:/home/pimpmobile/ros2_humble/install/ament_cppcheck:/home/pimpmobile/ros2_humble/install/ament_clang_tidy:/home/pimpmobile/ros2_humble/install/ament_clang_format /usr/bin/cmake --install /home/pimpmobile/ros2_ws/build/turtlesim
[2.453s] -- Install configuration: ""
[2.454s] -- Up-to-date: /home/pimpmobile/ros2_ws/install/turtlesim/share/ament_index/resource_index/rosidl_interfaces/turtlesim
[2.454s] -- Up-to-date: /home/pimpmobile/ros2_ws/install/turtlesim/include/turtlesim
[2.455s] -- Up-to-date: /home/pimpmobile/ros2_ws/install/turtlesim/include/turtlesim/msg
[2.455s] -- Up-to-date: /home/pimpmobile/ros2_ws/install/turtlesim/include/turtlesim/msg/rosidl_generator_c__visibility_control.h
[2.455s] -- Up-to-date: /home/pimpmobile/ros2_ws/install/turtlesim/include/turtlesim/msg/pose.h
[2.455s] -- Up-to-date: /home/pimpmobile/ros2_ws/install/turtlesim/include/turtlesim/msg/color.h
[2.456s] -- Up-to-date: /home/pimpmobile/ros2_ws/install/turtlesim/include/turtlesim/msg/detail
[2.456s] -- Up-to-date: /home/pimpmobile/ros2_ws/install/turtlesim/include/turtlesim/msg/detail/color__struct.h
[2.456s] -- Up-to-date: /home/pimpmobile/ros2_ws/install/turtlesim/include/turtlesim/msg/detail/pose__type_support.h
[2.456s] -- Up-to-date: /home/pimpmobile/ros2_ws/install/turtlesim/include/turtlesim/msg/detail/pose__functions.c
[2.457s] -- Up-to-date: /home/pimpmobile/ros2_ws/install/turtlesim/include/turtlesim/msg/detail/color__type_support.h
[2.457s] -- Up-to-date: /home/pimpmobile/ros2_ws/install/turtlesim/include/turtlesim/msg/detail/color__functions.h
[2.457s] -- Up-to-date: /home/pimpmobile/ros2_ws/install/turtlesim/include/turtlesim/msg/detail/pose__struct.h
[2.457s] -- Up-to-date: /home/pimpmobile/ros2_ws/install/turtlesim/include/turtlesim/msg/detail/pose__functions.h
[2.457s] -- Up-to-date: /home/pimpmobile/ros2_ws/install/turtlesim/include/turtlesim/msg/detail/color__functions.c
[2.457s] -- Up-to-date: /home/pimpmobile/ros2_ws/install/turtlesim/include/turtlesim/srv
[2.458s] -- Up-to-date: /home/pimpmobile/ros2_ws/install/turtlesim/include/turtlesim/srv/kill.h
[2.458s] -- Up-to-date: /home/pimpmobile/ros2_ws/install/turtlesim/include/turtlesim/srv/teleport_relative.h
[2.458s] -- Up-to-date: /home/pimpmobile/ros2_ws/install/turtlesim/include/turtlesim/srv/detail
[2.458s] -- Up-to-date: /home/pimpmobile/ros2_ws/install/turtlesim/include/turtlesim/srv/detail/teleport_relative__type_support.h
[2.458s] -- Up-to-date: /home/pimpmobile/ros2_ws/install/turtlesim/include/turtlesim/srv/detail/spawn__functions.h
[2.458s] -- Up-to-date: /home/pimpmobile/ros2_ws/install/turtlesim/include/turtlesim/srv/detail/spawn__struct.h
[2.458s] -- Up-to-date: /home/pimpmobile/ros2_ws/install/turtlesim/include/turtlesim/srv/detail/spawn__type_support.h
[2.459s] -- Up-to-date: /home/pimpmobile/ros2_ws/install/turtlesim/include/turtlesim/srv/detail/teleport_relative__functions.c
[2.459s] -- Up-to-date: /home/pimpmobile/ros2_ws/install/turtlesim/include/turtlesim/srv/detail/teleport_relative__functions.h
[2.459s] -- Up-to-date: /home/pimpmobile/ros2_ws/install/turtlesim/include/turtlesim/srv/detail/teleport_absolute__type_support.h
[2.459s] -- Up-to-date: /home/pimpmobile/ros2_ws/install/turtlesim/include/turtlesim/srv/detail/kill__functions.c
[2.460s] -- Up-to-date: /home/pimpmobile/ros2_ws/install/turtlesim/include/turtlesim/srv/detail/teleport_absolute__functions.c
[2.460s] -- Up-to-date: /home/pimpmobile/ros2_ws/install/turtlesim/include/turtlesim/srv/detail/kill__functions.h
[2.460s] -- Up-to-date: /home/pimpmobile/ros2_ws/install/turtlesim/include/turtlesim/srv/detail/spawn__functions.c
[2.460s] -- Up-to-date: /home/pimpmobile/ros2_ws/install/turtlesim/include/turtlesim/srv/detail/kill__struct.h
[2.460s] -- Up-to-date: /home/pimpmobile/ros2_ws/install/turtlesim/include/turtlesim/srv/detail/set_pen__functions.c
[2.460s] -- Up-to-date: /home/pimpmobile/ros2_ws/install/turtlesim/include/turtlesim/srv/detail/teleport_absolute__struct.h
[2.461s] -- Up-to-date: /home/pimpmobile/ros2_ws/install/turtlesim/include/turtlesim/srv/detail/teleport_absolute__functions.h
[2.461s] -- Up-to-date: /home/pimpmobile/ros2_ws/install/turtlesim/include/turtlesim/srv/detail/set_pen__functions.h
[2.461s] -- Up-to-date: /home/pimpmobile/ros2_ws/install/turtlesim/include/turtlesim/srv/detail/set_pen__struct.h
[2.461s] -- Up-to-date: /home/pimpmobile/ros2_ws/install/turtlesim/include/turtlesim/srv/detail/set_pen__type_support.h
[2.461s] -- Up-to-date: /home/pimpmobile/ros2_ws/install/turtlesim/include/turtlesim/srv/detail/teleport_relative__struct.h
[2.461s] -- Up-to-date: /home/pimpmobile/ros2_ws/install/turtlesim/include/turtlesim/srv/detail/kill__type_support.h
[2.461s] -- Up-to-date: /home/pimpmobile/ros2_ws/install/turtlesim/include/turtlesim/srv/spawn.h
[2.462s] -- Up-to-date: /home/pimpmobile/ros2_ws/install/turtlesim/include/turtlesim/srv/teleport_absolute.h
[2.462s] -- Up-to-date: /home/pimpmobile/ros2_ws/install/turtlesim/include/turtlesim/srv/set_pen.h
[2.462s] -- Up-to-date: /home/pimpmobile/ros2_ws/install/turtlesim/include/turtlesim/action
[2.462s] -- Up-to-date: /home/pimpmobile/ros2_ws/install/turtlesim/include/turtlesim/action/rotate_absolute.h
[2.463s] -- Up-to-date: /home/pimpmobile/ros2_ws/install/turtlesim/include/turtlesim/action/detail
[2.463s] -- Up-to-date: /home/pimpmobile/ros2_ws/install/turtlesim/include/turtlesim/action/detail/rotate_absolute__functions.h
[2.463s] -- Up-to-date: /home/pimpmobile/ros2_ws/install/turtlesim/include/turtlesim/action/detail/rotate_absolute__functions.c
[2.463s] -- Up-to-date: /home/pimpmobile/ros2_ws/install/turtlesim/include/turtlesim/action/detail/rotate_absolute__struct.h
[2.463s] -- Up-to-date: /home/pimpmobile/ros2_ws/install/turtlesim/include/turtlesim/action/detail/rotate_absolute__type_support.h
[2.463s] -- Up-to-date: /home/pimpmobile/ros2_ws/install/turtlesim/share/turtlesim/environment/library_path.sh
[2.463s] -- Up-to-date: /home/pimpmobile/ros2_ws/install/turtlesim/share/turtlesim/environment/library_path.dsv
[2.464s] -- Up-to-date: /home/pimpmobile/ros2_ws/install/turtlesim/lib/libturtlesim__rosidl_generator_c.so
[2.464s] -- Up-to-date: /home/pimpmobile/ros2_ws/install/turtlesim/include/turtlesim
[2.464s] -- Up-to-date: /home/pimpmobile/ros2_ws/install/turtlesim/include/turtlesim/msg
[2.464s] -- Up-to-date: /home/pimpmobile/ros2_ws/install/turtlesim/include/turtlesim/msg/rosidl_typesupport_fastrtps_c__visibility_control.h
[2.465s] -- Up-to-date: /home/pimpmobile/ros2_ws/install/turtlesim/include/turtlesim/msg/detail
[2.465s] -- Up-to-date: /home/pimpmobile/ros2_ws/install/turtlesim/include/turtlesim/msg/detail/color__rosidl_typesupport_fastrtps_c.h
[2.465s] -- Up-to-date: /home/pimpmobile/ros2_ws/install/turtlesim/include/turtlesim/msg/detail/pose__rosidl_typesupport_fastrtps_c.h
[2.465s] -- Up-to-date: /home/pimpmobile/ros2_ws/install/turtlesim/include/turtlesim/srv
[2.465s] -- Up-to-date: /home/pimpmobile/ros2_ws/install/turtlesim/include/turtlesim/srv/detail
[2.465s] -- Up-to-date: /home/pimpmobile/ros2_ws/install/turtlesim/include/turtlesim/srv/detail/set_pen__rosidl_typesupport_fastrtps_c.h
[2.465s] -- Up-to-date: /home/pimpmobile/ros2_ws/install/turtlesim/include/turtlesim/srv/detail/kill__rosidl_typesupport_fastrtps_c.h
[2.466s] -- Up-to-date: /home/pimpmobile/ros2_ws/install/turtlesim/include/turtlesim/srv/detail/teleport_absolute__rosidl_typesupport_fastrtps_c.h
[2.466s] -- Up-to-date: /home/pimpmobile/ros2_ws/install/turtlesim/include/turtlesim/srv/detail/teleport_relative__rosidl_typesupport_fastrtps_c.h
[2.466s] -- Up-to-date: /home/pimpmobile/ros2_ws/install/turtlesim/include/turtlesim/srv/detail/spawn__rosidl_typesupport_fastrtps_c.h
[2.466s] -- Up-to-date: /home/pimpmobile/ros2_ws/install/turtlesim/include/turtlesim/action
[2.466s] -- Up-to-date: /home/pimpmobile/ros2_ws/install/turtlesim/include/turtlesim/action/detail
[2.467s] -- Up-to-date: /home/pimpmobile/ros2_ws/install/turtlesim/include/turtlesim/action/detail/rotate_absolute__rosidl_typesupport_fastrtps_c.h
[2.467s] -- Up-to-date: /home/pimpmobile/ros2_ws/install/turtlesim/lib/libturtlesim__rosidl_typesupport_fastrtps_c.so
[2.467s] -- Up-to-date: /home/pimpmobile/ros2_ws/install/turtlesim/include/turtlesim
[2.467s] -- Up-to-date: /home/pimpmobile/ros2_ws/install/turtlesim/include/turtlesim/msg
[2.467s] -- Up-to-date: /home/pimpmobile/ros2_ws/install/turtlesim/include/turtlesim/msg/rosidl_typesupport_fastrtps_cpp__visibility_control.h
[2.468s] -- Up-to-date: /home/pimpmobile/ros2_ws/install/turtlesim/include/turtlesim/msg/detail
[2.468s] -- Up-to-date: /home/pimpmobile/ros2_ws/install/turtlesim/include/turtlesim/msg/detail/dds_fastrtps
[2.468s] -- Up-to-date: /home/pimpmobile/ros2_ws/install/turtlesim/include/turtlesim/msg/detail/pose__rosidl_typesupport_fastrtps_cpp.hpp
[2.468s] -- Up-to-date: /home/pimpmobile/ros2_ws/install/turtlesim/include/turtlesim/msg/detail/color__rosidl_typesupport_fastrtps_cpp.hpp
[2.468s] -- Up-to-date: /home/pimpmobile/ros2_ws/install/turtlesim/include/turtlesim/srv
[2.468s] -- Up-to-date: /home/pimpmobile/ros2_ws/install/turtlesim/include/turtlesim/srv/detail
[2.469s] -- Up-to-date: /home/pimpmobile/ros2_ws/install/turtlesim/include/turtlesim/srv/detail/dds_fastrtps
[2.469s] -- Up-to-date: /home/pimpmobile/ros2_ws/install/turtlesim/include/turtlesim/srv/detail/teleport_relative__rosidl_typesupport_fastrtps_cpp.hpp
[2.469s] -- Up-to-date: /home/pimpmobile/ros2_ws/install/turtlesim/include/turtlesim/srv/detail/set_pen__rosidl_typesupport_fastrtps_cpp.hpp
[2.469s] -- Up-to-date: /home/pimpmobile/ros2_ws/install/turtlesim/include/turtlesim/srv/detail/kill__rosidl_typesupport_fastrtps_cpp.hpp
[2.469s] -- Up-to-date: /home/pimpmobile/ros2_ws/install/turtlesim/include/turtlesim/srv/detail/teleport_absolute__rosidl_typesupport_fastrtps_cpp.hpp
[2.469s] -- Up-to-date: /home/pimpmobile/ros2_ws/install/turtlesim/include/turtlesim/srv/detail/spawn__rosidl_typesupport_fastrtps_cpp.hpp
[2.469s] -- Up-to-date: /home/pimpmobile/ros2_ws/install/turtlesim/include/turtlesim/action
[2.470s] -- Up-to-date: /home/pimpmobile/ros2_ws/install/turtlesim/include/turtlesim/action/detail
[2.470s] -- Up-to-date: /home/pimpmobile/ros2_ws/install/turtlesim/include/turtlesim/action/detail/rotate_absolute__rosidl_typesupport_fastrtps_cpp.hpp
[2.470s] -- Up-to-date: /home/pimpmobile/ros2_ws/install/turtlesim/include/turtlesim/action/detail/dds_fastrtps
[2.470s] -- Up-to-date: /home/pimpmobile/ros2_ws/install/turtlesim/lib/libturtlesim__rosidl_typesupport_fastrtps_cpp.so
[2.470s] -- Up-to-date: /home/pimpmobile/ros2_ws/install/turtlesim/include/turtlesim
[2.470s] -- Up-to-date: /home/pimpmobile/ros2_ws/install/turtlesim/include/turtlesim/msg
[2.470s] -- Up-to-date: /home/pimpmobile/ros2_ws/install/turtlesim/include/turtlesim/msg/rosidl_typesupport_introspection_c__visibility_control.h
[2.470s] -- Up-to-date: /home/pimpmobile/ros2_ws/install/turtlesim/include/turtlesim/msg/detail
[2.470s] -- Up-to-date: /home/pimpmobile/ros2_ws/install/turtlesim/include/turtlesim/msg/detail/color__rosidl_typesupport_introspection_c.h
[2.471s] -- Up-to-date: /home/pimpmobile/ros2_ws/install/turtlesim/include/turtlesim/msg/detail/color__type_support.c
[2.471s] -- Up-to-date: /home/pimpmobile/ros2_ws/install/turtlesim/include/turtlesim/msg/detail/pose__rosidl_typesupport_introspection_c.h
[2.471s] -- Up-to-date: /home/pimpmobile/ros2_ws/install/turtlesim/include/turtlesim/msg/detail/pose__type_support.c
[2.471s] -- Up-to-date: /home/pimpmobile/ros2_ws/install/turtlesim/include/turtlesim/srv
[2.471s] -- Up-to-date: /home/pimpmobile/ros2_ws/install/turtlesim/include/turtlesim/srv/detail
[2.471s] -- Up-to-date: /home/pimpmobile/ros2_ws/install/turtlesim/include/turtlesim/srv/detail/teleport_relative__rosidl_typesupport_introspection_c.h
[2.471s] -- Up-to-date: /home/pimpmobile/ros2_ws/install/turtlesim/include/turtlesim/srv/detail/kill__rosidl_typesupport_introspection_c.h
[2.471s] -- Up-to-date: /home/pimpmobile/ros2_ws/install/turtlesim/include/turtlesim/srv/detail/set_pen__rosidl_typesupport_introspection_c.h
[2.472s] -- Up-to-date: /home/pimpmobile/ros2_ws/install/turtlesim/include/turtlesim/srv/detail/spawn__type_support.c
[2.472s] -- Up-to-date: /home/pimpmobile/ros2_ws/install/turtlesim/include/turtlesim/srv/detail/kill__type_support.c
[2.472s] -- Up-to-date: /home/pimpmobile/ros2_ws/install/turtlesim/include/turtlesim/srv/detail/teleport_relative__type_support.c
[2.472s] -- Up-to-date: /home/pimpmobile/ros2_ws/install/turtlesim/include/turtlesim/srv/detail/spawn__rosidl_typesupport_introspection_c.h
[2.472s] -- Up-to-date: /home/pimpmobile/ros2_ws/install/turtlesim/include/turtlesim/srv/detail/set_pen__type_support.c
[2.472s] -- Up-to-date: /home/pimpmobile/ros2_ws/install/turtlesim/include/turtlesim/srv/detail/teleport_absolute__rosidl_typesupport_introspection_c.h
[2.472s] -- Up-to-date: /home/pimpmobile/ros2_ws/install/turtlesim/include/turtlesim/srv/detail/teleport_absolute__type_support.c
[2.472s] -- Up-to-date: /home/pimpmobile/ros2_ws/install/turtlesim/include/turtlesim/action
[2.473s] -- Up-to-date: /home/pimpmobile/ros2_ws/install/turtlesim/include/turtlesim/action/detail
[2.473s] -- Up-to-date: /home/pimpmobile/ros2_ws/install/turtlesim/include/turtlesim/action/detail/rotate_absolute__type_support.c
[2.473s] -- Up-to-date: /home/pimpmobile/ros2_ws/install/turtlesim/include/turtlesim/action/detail/rotate_absolute__rosidl_typesupport_introspection_c.h
[2.473s] -- Up-to-date: /home/pimpmobile/ros2_ws/install/turtlesim/lib/libturtlesim__rosidl_typesupport_introspection_c.so
[2.473s] -- Up-to-date: /home/pimpmobile/ros2_ws/install/turtlesim/lib/libturtlesim__rosidl_typesupport_c.so
[2.473s] -- Up-to-date: /home/pimpmobile/ros2_ws/install/turtlesim/include/turtlesim
[2.473s] -- Up-to-date: /home/pimpmobile/ros2_ws/install/turtlesim/include/turtlesim/msg
[2.473s] -- Up-to-date: /home/pimpmobile/ros2_ws/install/turtlesim/include/turtlesim/msg/color.hpp
[2.474s] -- Up-to-date: /home/pimpmobile/ros2_ws/install/turtlesim/include/turtlesim/msg/detail
[2.474s] -- Up-to-date: /home/pimpmobile/ros2_ws/install/turtlesim/include/turtlesim/msg/detail/pose__struct.hpp
[2.474s] -- Up-to-date: /home/pimpmobile/ros2_ws/install/turtlesim/include/turtlesim/msg/detail/color__traits.hpp
[2.474s] -- Up-to-date: /home/pimpmobile/ros2_ws/install/turtlesim/include/turtlesim/msg/detail/pose__builder.hpp
[2.474s] -- Up-to-date: /home/pimpmobile/ros2_ws/install/turtlesim/include/turtlesim/msg/detail/color__type_support.hpp
[2.474s] -- Up-to-date: /home/pimpmobile/ros2_ws/install/turtlesim/include/turtlesim/msg/detail/pose__type_support.hpp
[2.474s] -- Up-to-date: /home/pimpmobile/ros2_ws/install/turtlesim/include/turtlesim/msg/detail/color__struct.hpp
[2.474s] -- Up-to-date: /home/pimpmobile/ros2_ws/install/turtlesim/include/turtlesim/msg/detail/color__builder.hpp
[2.475s] -- Up-to-date: /home/pimpmobile/ros2_ws/install/turtlesim/include/turtlesim/msg/detail/pose__traits.hpp
[2.475s] -- Up-to-date: /home/pimpmobile/ros2_ws/install/turtlesim/include/turtlesim/msg/rosidl_generator_cpp__visibility_control.hpp
[2.475s] -- Up-to-date: /home/pimpmobile/ros2_ws/install/turtlesim/include/turtlesim/msg/pose.hpp
[2.475s] -- Up-to-date: /home/pimpmobile/ros2_ws/install/turtlesim/include/turtlesim/srv
[2.475s] -- Up-to-date: /home/pimpmobile/ros2_ws/install/turtlesim/include/turtlesim/srv/set_pen.hpp
[2.475s] -- Up-to-date: /home/pimpmobile/ros2_ws/install/turtlesim/include/turtlesim/srv/kill.hpp
[2.475s] -- Up-to-date: /home/pimpmobile/ros2_ws/install/turtlesim/include/turtlesim/srv/spawn.hpp
[2.475s] -- Up-to-date: /home/pimpmobile/ros2_ws/install/turtlesim/include/turtlesim/srv/teleport_relative.hpp
[2.476s] -- Up-to-date: /home/pimpmobile/ros2_ws/install/turtlesim/include/turtlesim/srv/detail
[2.476s] -- Up-to-date: /home/pimpmobile/ros2_ws/install/turtlesim/include/turtlesim/srv/detail/spawn__struct.hpp
[2.476s] -- Up-to-date: /home/pimpmobile/ros2_ws/install/turtlesim/include/turtlesim/srv/detail/spawn__traits.hpp
[2.476s] -- Up-to-date: /home/pimpmobile/ros2_ws/install/turtlesim/include/turtlesim/srv/detail/set_pen__traits.hpp
[2.476s] -- Up-to-date: /home/pimpmobile/ros2_ws/install/turtlesim/include/turtlesim/srv/detail/teleport_absolute__builder.hpp
[2.476s] -- Up-to-date: /home/pimpmobile/ros2_ws/install/turtlesim/include/turtlesim/srv/detail/spawn__builder.hpp
[2.476s] -- Up-to-date: /home/pimpmobile/ros2_ws/install/turtlesim/include/turtlesim/srv/detail/kill__struct.hpp
[2.476s] -- Up-to-date: /home/pimpmobile/ros2_ws/install/turtlesim/include/turtlesim/srv/detail/set_pen__type_support.hpp
[2.476s] -- Up-to-date: /home/pimpmobile/ros2_ws/install/turtlesim/include/turtlesim/srv/detail/teleport_absolute__struct.hpp
[2.477s] -- Up-to-date: /home/pimpmobile/ros2_ws/install/turtlesim/include/turtlesim/srv/detail/spawn__type_support.hpp
[2.477s] -- Up-to-date: /home/pimpmobile/ros2_ws/install/turtlesim/include/turtlesim/srv/detail/kill__builder.hpp
[2.477s] -- Up-to-date: /home/pimpmobile/ros2_ws/install/turtlesim/include/turtlesim/srv/detail/teleport_relative__traits.hpp
[2.477s] -- Up-to-date: /home/pimpmobile/ros2_ws/install/turtlesim/include/turtlesim/srv/detail/set_pen__struct.hpp
[2.477s] -- Up-to-date: /home/pimpmobile/ros2_ws/install/turtlesim/include/turtlesim/srv/detail/teleport_absolute__traits.hpp
[2.477s] -- Up-to-date: /home/pimpmobile/ros2_ws/install/turtlesim/include/turtlesim/srv/detail/teleport_absolute__type_support.hpp
[2.477s] -- Up-to-date: /home/pimpmobile/ros2_ws/install/turtlesim/include/turtlesim/srv/detail/teleport_relative__struct.hpp
[2.477s] -- Up-to-date: /home/pimpmobile/ros2_ws/install/turtlesim/include/turtlesim/srv/detail/kill__type_support.hpp
[2.478s] -- Up-to-date: /home/pimpmobile/ros2_ws/install/turtlesim/include/turtlesim/srv/detail/set_pen__builder.hpp
[2.478s] -- Up-to-date: /home/pimpmobile/ros2_ws/install/turtlesim/include/turtlesim/srv/detail/kill__traits.hpp
[2.478s] -- Up-to-date: /home/pimpmobile/ros2_ws/install/turtlesim/include/turtlesim/srv/detail/teleport_relative__builder.hpp
[2.478s] -- Up-to-date: /home/pimpmobile/ros2_ws/install/turtlesim/include/turtlesim/srv/detail/teleport_relative__type_support.hpp
[2.478s] -- Up-to-date: /home/pimpmobile/ros2_ws/install/turtlesim/include/turtlesim/srv/teleport_absolute.hpp
[2.478s] -- Up-to-date: /home/pimpmobile/ros2_ws/install/turtlesim/include/turtlesim/action
[2.478s] -- Up-to-date: /home/pimpmobile/ros2_ws/install/turtlesim/include/turtlesim/action/rotate_absolute.hpp
[2.478s] -- Up-to-date: /home/pimpmobile/ros2_ws/install/turtlesim/include/turtlesim/action/detail
[2.479s] -- Up-to-date: /home/pimpmobile/ros2_ws/install/turtlesim/include/turtlesim/action/detail/rotate_absolute__traits.hpp
[2.479s] -- Up-to-date: /home/pimpmobile/ros2_ws/install/turtlesim/include/turtlesim/action/detail/rotate_absolute__builder.hpp
[2.479s] -- Up-to-date: /home/pimpmobile/ros2_ws/install/turtlesim/include/turtlesim/action/detail/rotate_absolute__type_support.hpp
[2.479s] -- Up-to-date: /home/pimpmobile/ros2_ws/install/turtlesim/include/turtlesim/action/detail/rotate_absolute__struct.hpp
[2.479s] -- Up-to-date: /home/pimpmobile/ros2_ws/install/turtlesim/include/turtlesim
[2.479s] -- Up-to-date: /home/pimpmobile/ros2_ws/install/turtlesim/include/turtlesim/msg
[2.479s] -- Up-to-date: /home/pimpmobile/ros2_ws/install/turtlesim/include/turtlesim/msg/detail
[2.479s] -- Up-to-date: /home/pimpmobile/ros2_ws/install/turtlesim/include/turtlesim/msg/detail/color__rosidl_typesupport_introspection_cpp.hpp
[2.479s] -- Up-to-date: /home/pimpmobile/ros2_ws/install/turtlesim/include/turtlesim/msg/detail/color__type_support.cpp
[2.480s] -- Up-to-date: /home/pimpmobile/ros2_ws/install/turtlesim/include/turtlesim/msg/detail/pose__rosidl_typesupport_introspection_cpp.hpp
[2.480s] -- Up-to-date: /home/pimpmobile/ros2_ws/install/turtlesim/include/turtlesim/msg/detail/pose__type_support.cpp
[2.480s] -- Up-to-date: /home/pimpmobile/ros2_ws/install/turtlesim/include/turtlesim/srv
[2.480s] -- Up-to-date: /home/pimpmobile/ros2_ws/install/turtlesim/include/turtlesim/srv/detail
[2.480s] -- Up-to-date: /home/pimpmobile/ros2_ws/install/turtlesim/include/turtlesim/srv/detail/teleport_absolute__type_support.cpp
[2.480s] -- Up-to-date: /home/pimpmobile/ros2_ws/install/turtlesim/include/turtlesim/srv/detail/kill__rosidl_typesupport_introspection_cpp.hpp
[2.480s] -- Up-to-date: /home/pimpmobile/ros2_ws/install/turtlesim/include/turtlesim/srv/detail/teleport_absolute__rosidl_typesupport_introspection_cpp.hpp
[2.480s] -- Up-to-date: /home/pimpmobile/ros2_ws/install/turtlesim/include/turtlesim/srv/detail/spawn__rosidl_typesupport_introspection_cpp.hpp
[2.481s] -- Up-to-date: /home/pimpmobile/ros2_ws/install/turtlesim/include/turtlesim/srv/detail/set_pen__rosidl_typesupport_introspection_cpp.hpp
[2.481s] -- Up-to-date: /home/pimpmobile/ros2_ws/install/turtlesim/include/turtlesim/srv/detail/teleport_relative__type_support.cpp
[2.481s] -- Up-to-date: /home/pimpmobile/ros2_ws/install/turtlesim/include/turtlesim/srv/detail/set_pen__type_support.cpp
[2.481s] -- Up-to-date: /home/pimpmobile/ros2_ws/install/turtlesim/include/turtlesim/srv/detail/kill__type_support.cpp
[2.481s] -- Up-to-date: /home/pimpmobile/ros2_ws/install/turtlesim/include/turtlesim/srv/detail/spawn__type_support.cpp
[2.481s] -- Up-to-date: /home/pimpmobile/ros2_ws/install/turtlesim/include/turtlesim/srv/detail/teleport_relative__rosidl_typesupport_introspection_cpp.hpp
[2.481s] -- Up-to-date: /home/pimpmobile/ros2_ws/install/turtlesim/include/turtlesim/action
[2.481s] -- Up-to-date: /home/pimpmobile/ros2_ws/install/turtlesim/include/turtlesim/action/detail
[2.481s] -- Up-to-date: /home/pimpmobile/ros2_ws/install/turtlesim/include/turtlesim/action/detail/rotate_absolute__type_support.cpp
[2.482s] -- Up-to-date: /home/pimpmobile/ros2_ws/install/turtlesim/include/turtlesim/action/detail/rotate_absolute__rosidl_typesupport_introspection_cpp.hpp
[2.482s] -- Up-to-date: /home/pimpmobile/ros2_ws/install/turtlesim/lib/libturtlesim__rosidl_typesupport_introspection_cpp.so
[2.482s] -- Up-to-date: /home/pimpmobile/ros2_ws/install/turtlesim/lib/libturtlesim__rosidl_typesupport_cpp.so
[2.482s] -- Up-to-date: /home/pimpmobile/ros2_ws/install/turtlesim/share/turtlesim/environment/pythonpath.sh
[2.482s] -- Up-to-date: /home/pimpmobile/ros2_ws/install/turtlesim/share/turtlesim/environment/pythonpath.dsv
[2.482s] -- Up-to-date: /home/pimpmobile/ros2_ws/install/turtlesim/lib/python3.8/site-packages/turtlesim/__init__.py
[2.565s] -- Up-to-date: /home/pimpmobile/ros2_ws/install/turtlesim/lib/python3.8/site-packages/turtlesim/action
[2.565s] -- Up-to-date: /home/pimpmobile/ros2_ws/install/turtlesim/lib/python3.8/site-packages/turtlesim/action/_rotate_absolute_s.c
[2.566s] -- Up-to-date: /home/pimpmobile/ros2_ws/install/turtlesim/lib/python3.8/site-packages/turtlesim/action/__init__.py
[2.566s] -- Up-to-date: /home/pimpmobile/ros2_ws/install/turtlesim/lib/python3.8/site-packages/turtlesim/action/_rotate_absolute.py
[2.566s] -- Up-to-date: /home/pimpmobile/ros2_ws/install/turtlesim/lib/python3.8/site-packages/turtlesim/msg
[2.566s] -- Up-to-date: /home/pimpmobile/ros2_ws/install/turtlesim/lib/python3.8/site-packages/turtlesim/msg/_pose.py
[2.566s] -- Up-to-date: /home/pimpmobile/ros2_ws/install/turtlesim/lib/python3.8/site-packages/turtlesim/msg/__init__.py
[2.567s] -- Up-to-date: /home/pimpmobile/ros2_ws/install/turtlesim/lib/python3.8/site-packages/turtlesim/msg/_color.py
[2.567s] -- Up-to-date: /home/pimpmobile/ros2_ws/install/turtlesim/lib/python3.8/site-packages/turtlesim/msg/_pose_s.c
[2.567s] -- Up-to-date: /home/pimpmobile/ros2_ws/install/turtlesim/lib/python3.8/site-packages/turtlesim/msg/_color_s.c
[2.567s] -- Up-to-date: /home/pimpmobile/ros2_ws/install/turtlesim/lib/python3.8/site-packages/turtlesim/srv
[2.567s] -- Up-to-date: /home/pimpmobile/ros2_ws/install/turtlesim/lib/python3.8/site-packages/turtlesim/srv/_set_pen_s.c
[2.567s] -- Up-to-date: /home/pimpmobile/ros2_ws/install/turtlesim/lib/python3.8/site-packages/turtlesim/srv/_teleport_absolute_s.c
[2.567s] -- Up-to-date: /home/pimpmobile/ros2_ws/install/turtlesim/lib/python3.8/site-packages/turtlesim/srv/_teleport_relative.py
[2.567s] -- Up-to-date: /home/pimpmobile/ros2_ws/install/turtlesim/lib/python3.8/site-packages/turtlesim/srv/_set_pen.py
[2.568s] -- Up-to-date: /home/pimpmobile/ros2_ws/install/turtlesim/lib/python3.8/site-packages/turtlesim/srv/__init__.py
[2.568s] -- Up-to-date: /home/pimpmobile/ros2_ws/install/turtlesim/lib/python3.8/site-packages/turtlesim/srv/_kill.py
[2.568s] -- Up-to-date: /home/pimpmobile/ros2_ws/install/turtlesim/lib/python3.8/site-packages/turtlesim/srv/_spawn.py
[2.568s] -- Up-to-date: /home/pimpmobile/ros2_ws/install/turtlesim/lib/python3.8/site-packages/turtlesim/srv/_kill_s.c
[2.568s] -- Up-to-date: /home/pimpmobile/ros2_ws/install/turtlesim/lib/python3.8/site-packages/turtlesim/srv/_spawn_s.c
[2.568s] -- Up-to-date: /home/pimpmobile/ros2_ws/install/turtlesim/lib/python3.8/site-packages/turtlesim/srv/_teleport_absolute.py
[2.568s] -- Up-to-date: /home/pimpmobile/ros2_ws/install/turtlesim/lib/python3.8/site-packages/turtlesim/srv/_teleport_relative_s.c
[2.568s] -- Up-to-date: /home/pimpmobile/ros2_ws/install/turtlesim/lib/python3.8/site-packages/turtlesim/turtlesim_s__rosidl_typesupport_fastrtps_c.cpython-38-aarch64-linux-gnu.so
[2.569s] -- Up-to-date: /home/pimpmobile/ros2_ws/install/turtlesim/lib/python3.8/site-packages/turtlesim/turtlesim_s__rosidl_typesupport_introspection_c.cpython-38-aarch64-linux-gnu.so
[2.569s] -- Up-to-date: /home/pimpmobile/ros2_ws/install/turtlesim/lib/python3.8/site-packages/turtlesim/turtlesim_s__rosidl_typesupport_c.cpython-38-aarch64-linux-gnu.so
[2.570s] -- Up-to-date: /home/pimpmobile/ros2_ws/install/turtlesim/lib/libturtlesim__python.so
[2.570s] -- Up-to-date: /home/pimpmobile/ros2_ws/install/turtlesim/share/turtlesim/action/RotateAbsolute.idl
[2.570s] -- Up-to-date: /home/pimpmobile/ros2_ws/install/turtlesim/share/turtlesim/msg/Color.idl
[2.570s] -- Up-to-date: /home/pimpmobile/ros2_ws/install/turtlesim/share/turtlesim/msg/Pose.idl
[2.571s] -- Up-to-date: /home/pimpmobile/ros2_ws/install/turtlesim/share/turtlesim/srv/Kill.idl
[2.571s] -- Up-to-date: /home/pimpmobile/ros2_ws/install/turtlesim/share/turtlesim/srv/SetPen.idl
[2.571s] -- Up-to-date: /home/pimpmobile/ros2_ws/install/turtlesim/share/turtlesim/srv/Spawn.idl
[2.571s] -- Up-to-date: /home/pimpmobile/ros2_ws/install/turtlesim/share/turtlesim/srv/TeleportAbsolute.idl
[2.571s] -- Up-to-date: /home/pimpmobile/ros2_ws/install/turtlesim/share/turtlesim/srv/TeleportRelative.idl
[2.571s] -- Up-to-date: /home/pimpmobile/ros2_ws/install/turtlesim/share/turtlesim/action/RotateAbsolute.action
[2.572s] -- Up-to-date: /home/pimpmobile/ros2_ws/install/turtlesim/share/turtlesim/msg/Color.msg
[2.572s] -- Up-to-date: /home/pimpmobile/ros2_ws/install/turtlesim/share/turtlesim/msg/Pose.msg
[2.572s] -- Up-to-date: /home/pimpmobile/ros2_ws/install/turtlesim/share/turtlesim/srv/Kill.srv
[2.572s] -- Up-to-date: /home/pimpmobile/ros2_ws/install/turtlesim/share/turtlesim/srv/Kill_Request.msg
[2.572s] -- Up-to-date: /home/pimpmobile/ros2_ws/install/turtlesim/share/turtlesim/srv/Kill_Response.msg
[2.572s] -- Up-to-date: /home/pimpmobile/ros2_ws/install/turtlesim/share/turtlesim/srv/SetPen.srv
[2.573s] -- Up-to-date: /home/pimpmobile/ros2_ws/install/turtlesim/share/turtlesim/srv/SetPen_Request.msg
[2.573s] -- Up-to-date: /home/pimpmobile/ros2_ws/install/turtlesim/share/turtlesim/srv/SetPen_Response.msg
[2.573s] -- Up-to-date: /home/pimpmobile/ros2_ws/install/turtlesim/share/turtlesim/srv/Spawn.srv
[2.573s] -- Up-to-date: /home/pimpmobile/ros2_ws/install/turtlesim/share/turtlesim/srv/Spawn_Request.msg
[2.573s] -- Up-to-date: /home/pimpmobile/ros2_ws/install/turtlesim/share/turtlesim/srv/Spawn_Response.msg
[2.573s] -- Up-to-date: /home/pimpmobile/ros2_ws/install/turtlesim/share/turtlesim/srv/TeleportAbsolute.srv
[2.573s] -- Up-to-date: /home/pimpmobile/ros2_ws/install/turtlesim/share/turtlesim/srv/TeleportAbsolute_Request.msg
[2.574s] -- Up-to-date: /home/pimpmobile/ros2_ws/install/turtlesim/share/turtlesim/srv/TeleportAbsolute_Response.msg
[2.574s] -- Up-to-date: /home/pimpmobile/ros2_ws/install/turtlesim/share/turtlesim/srv/TeleportRelative.srv
[2.574s] -- Up-to-date: /home/pimpmobile/ros2_ws/install/turtlesim/share/turtlesim/srv/TeleportRelative_Request.msg
[2.574s] -- Up-to-date: /home/pimpmobile/ros2_ws/install/turtlesim/share/turtlesim/srv/TeleportRelative_Response.msg
[2.574s] -- Up-to-date: /home/pimpmobile/ros2_ws/install/turtlesim/lib/turtlesim/turtlesim_node
[2.574s] -- Up-to-date: /home/pimpmobile/ros2_ws/install/turtlesim/lib/turtlesim/turtle_teleop_key
[2.574s] -- Up-to-date: /home/pimpmobile/ros2_ws/install/turtlesim/lib/turtlesim/draw_square
[2.575s] -- Up-to-date: /home/pimpmobile/ros2_ws/install/turtlesim/lib/turtlesim/mimic
[2.575s] -- Up-to-date: /home/pimpmobile/ros2_ws/install/turtlesim/share/turtlesim/images
[2.576s] -- Up-to-date: /home/pimpmobile/ros2_ws/install/turtlesim/share/turtlesim/images/eloquent.png
[2.576s] -- Up-to-date: /home/pimpmobile/ros2_ws/install/turtlesim/share/turtlesim/images/ardent.png
[2.576s] -- Up-to-date: /home/pimpmobile/ros2_ws/install/turtlesim/share/turtlesim/images/dashing.png
[2.576s] -- Up-to-date: /home/pimpmobile/ros2_ws/install/turtlesim/share/turtlesim/images/crystal.png
[2.576s] -- Up-to-date: /home/pimpmobile/ros2_ws/install/turtlesim/share/turtlesim/images/foxy.png
[2.576s] -- Up-to-date: /home/pimpmobile/ros2_ws/install/turtlesim/share/turtlesim/images/bouncy.png
[2.577s] -- Up-to-date: /home/pimpmobile/ros2_ws/install/turtlesim/share/turtlesim/launch
[2.577s] -- Up-to-date: /home/pimpmobile/ros2_ws/install/turtlesim/share/turtlesim/launch/multisim.launch.py
[2.577s] -- Up-to-date: /home/pimpmobile/ros2_ws/install/turtlesim/share/ament_index/resource_index/package_run_dependencies/turtlesim
[2.577s] -- Up-to-date: /home/pimpmobile/ros2_ws/install/turtlesim/share/ament_index/resource_index/parent_prefix_path/turtlesim
[2.577s] -- Up-to-date: /home/pimpmobile/ros2_ws/install/turtlesim/share/turtlesim/environment/ament_prefix_path.sh
[2.577s] -- Up-to-date: /home/pimpmobile/ros2_ws/install/turtlesim/share/turtlesim/environment/ament_prefix_path.dsv
[2.578s] -- Up-to-date: /home/pimpmobile/ros2_ws/install/turtlesim/share/turtlesim/environment/path.sh
[2.578s] -- Up-to-date: /home/pimpmobile/ros2_ws/install/turtlesim/share/turtlesim/environment/path.dsv
[2.578s] -- Up-to-date: /home/pimpmobile/ros2_ws/install/turtlesim/share/turtlesim/local_setup.bash
[2.578s] -- Up-to-date: /home/pimpmobile/ros2_ws/install/turtlesim/share/turtlesim/local_setup.sh
[2.578s] -- Up-to-date: /home/pimpmobile/ros2_ws/install/turtlesim/share/turtlesim/local_setup.zsh
[2.578s] -- Up-to-date: /home/pimpmobile/ros2_ws/install/turtlesim/share/turtlesim/local_setup.dsv
[2.578s] -- Installing: /home/pimpmobile/ros2_ws/install/turtlesim/share/turtlesim/package.dsv
[2.579s] -- Up-to-date: /home/pimpmobile/ros2_ws/install/turtlesim/share/ament_index/resource_index/packages/turtlesim
[2.579s] -- Up-to-date: /home/pimpmobile/ros2_ws/install/turtlesim/share/turtlesim/cmake/turtlesim__rosidl_generator_cExport.cmake
[2.579s] -- Up-to-date: /home/pimpmobile/ros2_ws/install/turtlesim/share/turtlesim/cmake/turtlesim__rosidl_generator_cExport-noconfig.cmake
[2.579s] -- Up-to-date: /home/pimpmobile/ros2_ws/install/turtlesim/share/turtlesim/cmake/turtlesim__rosidl_typesupport_introspection_cExport.cmake
[2.579s] -- Up-to-date: /home/pimpmobile/ros2_ws/install/turtlesim/share/turtlesim/cmake/turtlesim__rosidl_typesupport_introspection_cExport-noconfig.cmake
[2.579s] -- Up-to-date: /home/pimpmobile/ros2_ws/install/turtlesim/share/turtlesim/cmake/turtlesim__rosidl_typesupport_cExport.cmake
[2.579s] -- Up-to-date: /home/pimpmobile/ros2_ws/install/turtlesim/share/turtlesim/cmake/turtlesim__rosidl_typesupport_cExport-noconfig.cmake
[2.580s] -- Up-to-date: /home/pimpmobile/ros2_ws/install/turtlesim/share/turtlesim/cmake/turtlesim__rosidl_generator_cppExport.cmake
[2.580s] -- Up-to-date: /home/pimpmobile/ros2_ws/install/turtlesim/share/turtlesim/cmake/turtlesim__rosidl_typesupport_introspection_cppExport.cmake
[2.580s] -- Up-to-date: /home/pimpmobile/ros2_ws/install/turtlesim/share/turtlesim/cmake/turtlesim__rosidl_typesupport_introspection_cppExport-noconfig.cmake
[2.580s] -- Up-to-date: /home/pimpmobile/ros2_ws/install/turtlesim/share/turtlesim/cmake/turtlesim__rosidl_typesupport_cppExport.cmake
[2.580s] -- Up-to-date: /home/pimpmobile/ros2_ws/install/turtlesim/share/turtlesim/cmake/turtlesim__rosidl_typesupport_cppExport-noconfig.cmake
[2.580s] -- Up-to-date: /home/pimpmobile/ros2_ws/install/turtlesim/share/turtlesim/cmake/rosidl_cmake-extras.cmake
[2.581s] -- Up-to-date: /home/pimpmobile/ros2_ws/install/turtlesim/share/turtlesim/cmake/ament_cmake_export_dependencies-extras.cmake
[2.581s] -- Up-to-date: /home/pimpmobile/ros2_ws/install/turtlesim/share/turtlesim/cmake/ament_cmake_export_libraries-extras.cmake
[2.581s] -- Up-to-date: /home/pimpmobile/ros2_ws/install/turtlesim/share/turtlesim/cmake/ament_cmake_export_targets-extras.cmake
[2.581s] -- Up-to-date: /home/pimpmobile/ros2_ws/install/turtlesim/share/turtlesim/cmake/ament_cmake_export_include_directories-extras.cmake
[2.581s] -- Up-to-date: /home/pimpmobile/ros2_ws/install/turtlesim/share/turtlesim/cmake/rosidl_cmake_export_typesupport_libraries-extras.cmake
[2.581s] -- Up-to-date: /home/pimpmobile/ros2_ws/install/turtlesim/share/turtlesim/cmake/rosidl_cmake_export_typesupport_targets-extras.cmake
[2.582s] -- Up-to-date: /home/pimpmobile/ros2_ws/install/turtlesim/share/turtlesim/cmake/turtlesimConfig.cmake
[2.582s] -- Up-to-date: /home/pimpmobile/ros2_ws/install/turtlesim/share/turtlesim/cmake/turtlesimConfig-version.cmake
[2.582s] -- Up-to-date: /home/pimpmobile/ros2_ws/install/turtlesim/share/turtlesim/package.xml
[2.588s] Invoked command in '/home/pimpmobile/ros2_ws/build/turtlesim' returned '0': CMAKE_PREFIX_PATH=${CMAKE_PREFIX_PATH}:/opt/ros/foxy:/home/pimpmobile/ros2_humble/install/rqt_bag_plugins:/home/pimpmobile/ros2_humble/install/rqt_bag:/home/pimpmobile/ros2_humble/install/ros2bag:/home/pimpmobile/ros2_humble/install/tracetools_test:/home/pimpmobile/ros2_humble/install/tracetools_launch:/home/pimpmobile/ros2_humble/install/topic_monitor:/home/pimpmobile/ros2_humble/install/tf2_tools:/home/pimpmobile/ros2_humble/install/examples_tf2_py:/home/pimpmobile/ros2_humble/install/tf2_ros_py:/home/pimpmobile/ros2_humble/install/sros2:/home/pimpmobile/ros2_humble/install/rqt_topic:/home/pimpmobile/ros2_humble/install/rqt_srv:/home/pimpmobile/ros2_humble/install/rqt_shell:/home/pimpmobile/ros2_humble/install/rqt_service_caller:/home/pimpmobile/ros2_humble/install/rqt_reconfigure:/home/pimpmobile/ros2_humble/install/rqt_py_console:/home/pimpmobile/ros2_humble/install/rqt_publisher:/home/pimpmobile/ros2_humble/install/rqt_plot:/home/pimpmobile/ros2_humble/install/rqt_action:/home/pimpmobile/ros2_humble/install/rqt_msg:/home/pimpmobile/ros2_humble/install/rqt_console:/home/pimpmobile/ros2_humble/install/rqt:/home/pimpmobile/ros2_humble/install/rqt_graph:/home/pimpmobile/ros2_humble/install/rqt_gui_py:/home/pimpmobile/ros2_humble/install/rqt_gui:/home/pimpmobile/ros2_humble/install/ros2trace:/home/pimpmobile/ros2_humble/install/ros2topic:/home/pimpmobile/ros2_humble/install/ros2test:/home/pimpmobile/ros2_humble/install/ros2component:/home/pimpmobile/ros2_humble/install/ros2param:/home/pimpmobile/ros2_humble/install/ros2lifecycle:/home/pimpmobile/ros2_humble/install/ros2service:/home/pimpmobile/ros2_humble/install/ros2run:/home/pimpmobile/ros2_humble/install/ros2launch:/home/pimpmobile/ros2_humble/install/ros2pkg:/home/pimpmobile/ros2_humble/install/ros2node:/home/pimpmobile/ros2_humble/install/ros2multicast:/home/pimpmobile/ros2_humble/install/ros2interface:/home/pimpmobile/ros2_humble/install/ros2doctor:/home/pimpmobile/ros2_humble/install/ros2action:/home/pimpmobile/ros2_humble/install/ros2cli:/home/pimpmobile/ros2_humble/install/quality_of_service_demo_py:/home/pimpmobile/ros2_humble/install/lifecycle_py:/home/pimpmobile/ros2_humble/install/launch_testing_ros:/home/pimpmobile/ros2_humble/install/launch_ros:/home/pimpmobile/ros2_humble/install/examples_rclpy_pointcloud_publisher:/home/pimpmobile/ros2_humble/install/examples_rclpy_minimal_subscriber:/home/pimpmobile/ros2_humble/install/examples_rclpy_minimal_service:/home/pimpmobile/ros2_humble/install/examples_rclpy_minimal_publisher:/home/pimpmobile/ros2_humble/install/examples_rclpy_minimal_client:/home/pimpmobile/ros2_humble/install/examples_rclpy_minimal_action_server:/home/pimpmobile/ros2_humble/install/examples_rclpy_minimal_action_client:/home/pimpmobile/ros2_humble/install/examples_rclpy_guard_conditions:/home/pimpmobile/ros2_humble/install/examples_rclpy_executors:/home/pimpmobile/ros2_humble/install/demo_nodes_py:/home/pimpmobile/ros2_humble/install/action_tutorials_py:/home/pimpmobile/ros2_humble/install/ament_uncrustify:/home/pimpmobile/ros2_humble/install/tracetools_trace:/home/pimpmobile/ros2_humble/install/tracetools_read:/home/pimpmobile/ros2_humble/install/test_tracetools_launch:/home/pimpmobile/ros2_humble/install/test_launch_ros:/home/pimpmobile/ros2_humble/install/sensor_msgs_py:/home/pimpmobile/ros2_humble/install/rpyutils:/home/pimpmobile/ros2_humble/install/rosidl_runtime_py:/home/pimpmobile/ros2_humble/install/rosidl_cli:/home/pimpmobile/ros2_humble/install/launch_pytest:/home/pimpmobile/ros2_humble/install/launch_testing:/home/pimpmobile/ros2_humble/install/launch_yaml:/home/pimpmobile/ros2_humble/install/launch_xml:/home/pimpmobile/ros2_humble/install/launch:/home/pimpmobile/ros2_humble/install/osrf_pycommon:/home/pimpmobile/ros2_humble/install/launch_testing_examples:/home/pimpmobile/ros2_humble/install/domain_coordinator:/home/pimpmobile/ros2_humble/install/ament_xmllint:/home/pimpmobile/ros2_humble/install/ament_pyflakes:/home/pimpmobile/ros2_humble/install/ament_pycodestyle:/home/pimpmobile/ros2_humble/install/ament_pep257:/home/pimpmobile/ros2_humble/install/ament_pclint:/home/pimpmobile/ros2_humble/install/ament_package:/home/pimpmobile/ros2_humble/install/ament_mypy:/home/pimpmobile/ros2_humble/install/ament_lint_cmake:/home/pimpmobile/ros2_humble/install/ament_flake8:/home/pimpmobile/ros2_humble/install/ament_copyright:/home/pimpmobile/ros2_humble/install/ament_lint:/home/pimpmobile/ros2_humble/install/ament_index_python:/home/pimpmobile/ros2_humble/install/ament_cpplint:/home/pimpmobile/ros2_humble/install/ament_cppcheck:/home/pimpmobile/ros2_humble/install/ament_clang_tidy:/home/pimpmobile/ros2_humble/install/ament_clang_format /usr/bin/cmake --install /home/pimpmobile/ros2_ws/build/turtlesim
