[13.325s] Invoking command in '/home/pimpmobile/ros2_ws/src/slam': PYTHONPATH=/home/pimpmobile/ros2_ws/build/slam/prefix_override:/home/pimpmobile/ros2_ws/install/slam/lib/python3.8/site-packages:${PYTHONPATH} /usr/bin/python3 setup.py egg_info --egg-base ../../build/slam build --build-base /home/pimpmobile/ros2_ws/build/slam/build install --record /home/pimpmobile/ros2_ws/build/slam/install.log --install-scripts $base/lib/slam --single-version-externally-managed
[13.656s] /home/pimpmobile/.local/lib/python3.8/site-packages/setuptools/dist.py:472: SetuptoolsDeprecationWarning: Invalid dash-separated options
[13.656s] !!
[13.656s] 
[13.656s]         ********************************************************************************
[13.656s]         Usage of dash-separated 'script-dir' will not be supported in future
[13.656s]         versions. Please use the underscore name 'script_dir' instead.
[13.657s] 
[13.657s]         By 2024-Sep-26, you need to update your project and remove deprecated calls
[13.657s]         or your builds will no longer be supported.
[13.657s] 
[13.657s]         See https://setuptools.pypa.io/en/latest/userguide/declarative_config.html for details.
[13.657s]         ********************************************************************************
[13.657s] 
[13.657s] !!
[13.658s]   opt = self.warn_dash_deprecation(opt, section)
[13.905s] running egg_info
[13.947s] writing ../../build/slam/slam.egg-info/PKG-INFO
[13.948s] writing dependency_links to ../../build/slam/slam.egg-info/dependency_links.txt
[13.949s] writing entry points to ../../build/slam/slam.egg-info/entry_points.txt
[13.949s] writing requirements to ../../build/slam/slam.egg-info/requires.txt
[13.950s] writing top-level names to ../../build/slam/slam.egg-info/top_level.txt
[14.267s] reading manifest file '../../build/slam/slam.egg-info/SOURCES.txt'
[14.269s] writing manifest file '../../build/slam/slam.egg-info/SOURCES.txt'
[14.270s] running build
[14.270s] running build_py
[14.270s] copying slam/__init__.py -> /home/pimpmobile/ros2_ws/build/slam/build/lib/slam
[14.270s] copying slam/odometry.py -> /home/pimpmobile/ros2_ws/build/slam/build/lib/slam
[14.271s] running install
[14.272s] /home/pimpmobile/.local/lib/python3.8/site-packages/setuptools/_distutils/cmd.py:66: SetuptoolsDeprecationWarning: setup.py install is deprecated.
[14.272s] !!
[14.272s] 
[14.272s]         ********************************************************************************
[14.272s]         Please avoid running ``setup.py`` directly.
[14.272s]         Instead, use pypa/build, pypa/installer or other
[14.272s]         standards-based tools.
[14.273s] 
[14.273s]         See https://blog.ganssle.io/articles/2021/10/setup-py-deprecated.html for details.
[14.273s]         ********************************************************************************
[14.273s] 
[14.273s] !!
[14.273s]   self.initialize_options()
[14.284s] running install_lib
[14.324s] byte-compiling /home/pimpmobile/ros2_ws/install/slam/lib/python3.8/site-packages/slam/odometry.py to odometry.cpython-38.pyc
[14.324s] Sorry: IndentationError: expected an indented block (odometry.py, line 28)
[14.324s] running install_data
[14.367s] copying resource/slam -> /home/pimpmobile/ros2_ws/install/slam/share/ament_index/resource_index/packages
[14.368s] copying package.xml -> /home/pimpmobile/ros2_ws/install/slam/share/slam
[14.368s] running install_egg_info
[14.407s] removing '/home/pimpmobile/ros2_ws/install/slam/lib/python3.8/site-packages/slam-0.0.0-py3.8.egg-info' (and everything under it)
[14.408s] Copying ../../build/slam/slam.egg-info to /home/pimpmobile/ros2_ws/install/slam/lib/python3.8/site-packages/slam-0.0.0-py3.8.egg-info
[14.410s] running install_scripts
[14.546s] Installing odometry script to /home/pimpmobile/ros2_ws/install/slam/lib/slam
[14.547s] writing list of installed files to '/home/pimpmobile/ros2_ws/build/slam/install.log'
[18.022s] Invoked command in '/home/pimpmobile/ros2_ws/src/slam' returned '0': PYTHONPATH=/home/pimpmobile/ros2_ws/build/slam/prefix_override:/home/pimpmobile/ros2_ws/install/slam/lib/python3.8/site-packages:${PYTHONPATH} /usr/bin/python3 setup.py egg_info --egg-base ../../build/slam build --build-base /home/pimpmobile/ros2_ws/build/slam/build install --record /home/pimpmobile/ros2_ws/build/slam/install.log --install-scripts $base/lib/slam --single-version-externally-managed
