[3.038s] Invoking command in '/home/pimpmobile/ros2_ws/src/gps_publisher': PYTHONPATH=/home/pimpmobile/ros2_ws/build/gps_publisher/prefix_override:/home/pimpmobile/ros2_ws/install/gps_publisher/lib/python3.8/site-packages:${PYTHONPATH} /usr/bin/python3 setup.py egg_info --egg-base ../../build/gps_publisher build --build-base /home/pimpmobile/ros2_ws/build/gps_publisher/build install --record /home/pimpmobile/ros2_ws/build/gps_publisher/install.log --install-scripts $base/lib/gps_publisher --single-version-externally-managed
[3.304s] /home/pimpmobile/.local/lib/python3.8/site-packages/setuptools/dist.py:472: SetuptoolsDeprecationWarning: Invalid dash-separated options
[3.304s] !!
[3.304s] 
[3.304s]         ********************************************************************************
[3.305s]         Usage of dash-separated 'script-dir' will not be supported in future
[3.305s]         versions. Please use the underscore name 'script_dir' instead.
[3.305s] 
[3.305s]         By 2024-Sep-26, you need to update your project and remove deprecated calls
[3.305s]         or your builds will no longer be supported.
[3.305s] 
[3.305s]         See https://setuptools.pypa.io/en/latest/userguide/declarative_config.html for details.
[3.306s]         ********************************************************************************
[3.306s] 
[3.306s] !!
[3.306s]   opt = self.warn_dash_deprecation(opt, section)
[3.514s] running egg_info
[3.547s] writing ../../build/gps_publisher/gps_publisher.egg-info/PKG-INFO
[3.548s] writing dependency_links to ../../build/gps_publisher/gps_publisher.egg-info/dependency_links.txt
[3.548s] writing entry points to ../../build/gps_publisher/gps_publisher.egg-info/entry_points.txt
[3.549s] writing requirements to ../../build/gps_publisher/gps_publisher.egg-info/requires.txt
[3.549s] writing top-level names to ../../build/gps_publisher/gps_publisher.egg-info/top_level.txt
[3.820s] reading manifest file '../../build/gps_publisher/gps_publisher.egg-info/SOURCES.txt'
[3.821s] writing manifest file '../../build/gps_publisher/gps_publisher.egg-info/SOURCES.txt'
[3.822s] running build
[3.822s] running build_py
[3.822s] copying gps_publisher/__init__.py -> /home/pimpmobile/ros2_ws/build/gps_publisher/build/lib/gps_publisher
[3.823s] copying gps_publisher/gps.py -> /home/pimpmobile/ros2_ws/build/gps_publisher/build/lib/gps_publisher
[3.823s] running install
[3.824s] /home/pimpmobile/.local/lib/python3.8/site-packages/setuptools/_distutils/cmd.py:66: SetuptoolsDeprecationWarning: setup.py install is deprecated.
[3.824s] !!
[3.824s] 
[3.824s]         ********************************************************************************
[3.824s]         Please avoid running ``setup.py`` directly.
[3.825s]         Instead, use pypa/build, pypa/installer or other
[3.825s]         standards-based tools.
[3.825s] 
[3.825s]         See https://blog.ganssle.io/articles/2021/10/setup-py-deprecated.html for details.
[3.825s]         ********************************************************************************
[3.825s] 
[3.825s] !!
[3.825s]   self.initialize_options()
[3.835s] running install_lib
[3.869s] running install_data
[3.901s] copying resource/gps_publisher -> /home/pimpmobile/ros2_ws/install/gps_publisher/share/ament_index/resource_index/packages
[3.902s] copying package.xml -> /home/pimpmobile/ros2_ws/install/gps_publisher/share/gps_publisher
[3.902s] running install_egg_info
[3.936s] removing '/home/pimpmobile/ros2_ws/install/gps_publisher/lib/python3.8/site-packages/gps_publisher-0.0.0-py3.8.egg-info' (and everything under it)
[3.937s] Copying ../../build/gps_publisher/gps_publisher.egg-info to /home/pimpmobile/ros2_ws/install/gps_publisher/lib/python3.8/site-packages/gps_publisher-0.0.0-py3.8.egg-info
[3.939s] running install_scripts
[4.042s] Installing gps script to /home/pimpmobile/ros2_ws/install/gps_publisher/lib/gps_publisher
[4.043s] writing list of installed files to '/home/pimpmobile/ros2_ws/build/gps_publisher/install.log'
[4.116s] Invoked command in '/home/pimpmobile/ros2_ws/src/gps_publisher' returned '0': PYTHONPATH=/home/pimpmobile/ros2_ws/build/gps_publisher/prefix_override:/home/pimpmobile/ros2_ws/install/gps_publisher/lib/python3.8/site-packages:${PYTHONPATH} /usr/bin/python3 setup.py egg_info --egg-base ../../build/gps_publisher build --build-base /home/pimpmobile/ros2_ws/build/gps_publisher/build install --record /home/pimpmobile/ros2_ws/build/gps_publisher/install.log --install-scripts $base/lib/gps_publisher --single-version-externally-managed
