[5.163s] Invoking command in '/home/pimpmobile/ros2_ws/src/lidar': PYTHONPATH=/home/pimpmobile/ros2_ws/build/lidar/prefix_override:/home/pimpmobile/ros2_ws/install/lidar/lib/python3.8/site-packages:${PYTHONPATH} /usr/bin/python3 setup.py egg_info --egg-base ../../build/lidar build --build-base /home/pimpmobile/ros2_ws/build/lidar/build install --record /home/pimpmobile/ros2_ws/build/lidar/install.log --install-scripts $base/lib/lidar --single-version-externally-managed
[5.641s] running egg_info
[5.642s] writing ../../build/lidar/lidar.egg-info/PKG-INFO
[5.643s] writing dependency_links to ../../build/lidar/lidar.egg-info/dependency_links.txt
[5.644s] writing entry points to ../../build/lidar/lidar.egg-info/entry_points.txt
[5.645s] writing requirements to ../../build/lidar/lidar.egg-info/requires.txt
[5.646s] writing top-level names to ../../build/lidar/lidar.egg-info/top_level.txt
[5.711s] reading manifest file '../../build/lidar/lidar.egg-info/SOURCES.txt'
[5.713s] writing manifest file '../../build/lidar/lidar.egg-info/SOURCES.txt'
[5.714s] running build
[5.715s] running build_py
[5.717s] running install
[5.719s] running install_lib
[5.725s] running install_data
[5.727s] running install_egg_info
[5.730s] removing '/home/pimpmobile/ros2_ws/install/lidar/lib/python3.8/site-packages/lidar-0.0.0-py3.8.egg-info' (and everything under it)
[5.731s] Copying ../../build/lidar/lidar.egg-info to /home/pimpmobile/ros2_ws/install/lidar/lib/python3.8/site-packages/lidar-0.0.0-py3.8.egg-info
[5.731s] running install_scripts
[5.766s] Installing lidar_listener script to /home/pimpmobile/ros2_ws/install/lidar/lib/lidar
[5.768s] Installing lidar_talker script to /home/pimpmobile/ros2_ws/install/lidar/lib/lidar
[5.770s] writing list of installed files to '/home/pimpmobile/ros2_ws/build/lidar/install.log'
[6.092s] Invoked command in '/home/pimpmobile/ros2_ws/src/lidar' returned '0': PYTHONPATH=/home/pimpmobile/ros2_ws/build/lidar/prefix_override:/home/pimpmobile/ros2_ws/install/lidar/lib/python3.8/site-packages:${PYTHONPATH} /usr/bin/python3 setup.py egg_info --egg-base ../../build/lidar build --build-base /home/pimpmobile/ros2_ws/build/lidar/build install --record /home/pimpmobile/ros2_ws/build/lidar/install.log --install-scripts $base/lib/lidar --single-version-externally-managed
