[4.600s] Invoking command in '/home/pimpmobile/ros2_ws/src/master': PYTHONPATH=/home/pimpmobile/ros2_ws/build/master/prefix_override:/home/pimpmobile/ros2_ws/install/master/lib/python3.8/site-packages:${PYTHONPATH} /usr/bin/python3 setup.py egg_info --egg-base ../../build/master build --build-base /home/pimpmobile/ros2_ws/build/master/build install --record /home/pimpmobile/ros2_ws/build/master/install.log --install-scripts $base/lib/master --single-version-externally-managed
[4.873s] /home/pimpmobile/.local/lib/python3.8/site-packages/setuptools/dist.py:472: SetuptoolsDeprecationWarning: Invalid dash-separated options
[4.873s] !!
[4.873s] 
[4.874s]         ********************************************************************************
[4.874s]         Usage of dash-separated 'script-dir' will not be supported in future
[4.874s]         versions. Please use the underscore name 'script_dir' instead.
[4.874s] 
[4.874s]         By 2024-Sep-26, you need to update your project and remove deprecated calls
[4.874s]         or your builds will no longer be supported.
[4.874s] 
[4.874s]         See https://setuptools.pypa.io/en/latest/userguide/declarative_config.html for details.
[4.875s]         ********************************************************************************
[4.875s] 
[4.875s] !!
[4.875s]   opt = self.warn_dash_deprecation(opt, section)
[5.125s] running egg_info
[5.161s] writing ../../build/master/master.egg-info/PKG-INFO
[5.162s] writing dependency_links to ../../build/master/master.egg-info/dependency_links.txt
[5.163s] writing entry points to ../../build/master/master.egg-info/entry_points.txt
[5.163s] writing requirements to ../../build/master/master.egg-info/requires.txt
[5.164s] writing top-level names to ../../build/master/master.egg-info/top_level.txt
[6.544s] writing manifest file '../../build/master/master.egg-info/SOURCES.txt'
[6.544s] running build
[6.544s] running build_py
[6.544s] copying master/__init__.py -> /home/pimpmobile/ros2_ws/build/master/build/lib/master
[6.545s] copying master/master_code.py -> /home/pimpmobile/ros2_ws/build/master/build/lib/master
[6.545s] copying master/odometry.py -> /home/pimpmobile/ros2_ws/build/master/build/lib/master
[6.546s] running install
[6.547s] /home/pimpmobile/.local/lib/python3.8/site-packages/setuptools/_distutils/cmd.py:66: SetuptoolsDeprecationWarning: setup.py install is deprecated.
[6.547s] !!
[6.547s] 
[6.547s]         ********************************************************************************
[6.548s]         Please avoid running ``setup.py`` directly.
[6.548s]         Instead, use pypa/build, pypa/installer or other
[6.548s]         standards-based tools.
[6.548s] 
[6.548s]         See https://blog.ganssle.io/articles/2021/10/setup-py-deprecated.html for details.
[6.548s]         ********************************************************************************
[6.548s] 
[6.548s] !!
[6.549s]   self.initialize_options()
[6.559s] running install_lib
[6.598s] copying /home/pimpmobile/ros2_ws/build/master/build/lib/master/master_code.py -> /home/pimpmobile/ros2_ws/install/master/lib/python3.8/site-packages/master
[6.599s] byte-compiling /home/pimpmobile/ros2_ws/install/master/lib/python3.8/site-packages/master/master_code.py to master_code.cpython-38.pyc
[6.600s] Sorry: IndentationError: expected an indented block (master_code.py, line 190)
[6.600s] running install_data
[6.637s] copying resource/master -> /home/pimpmobile/ros2_ws/install/master/share/ament_index/resource_index/packages
[6.637s] copying package.xml -> /home/pimpmobile/ros2_ws/install/master/share/master
[6.637s] running install_egg_info
[6.674s] removing '/home/pimpmobile/ros2_ws/install/master/lib/python3.8/site-packages/master-0.0.0-py3.8.egg-info' (and everything under it)
[6.674s] Copying ../../build/master/master.egg-info to /home/pimpmobile/ros2_ws/install/master/lib/python3.8/site-packages/master-0.0.0-py3.8.egg-info
[6.676s] running install_scripts
[6.783s] Installing master script to /home/pimpmobile/ros2_ws/install/master/lib/master
[6.785s] writing list of installed files to '/home/pimpmobile/ros2_ws/build/master/install.log'
[6.865s] Invoked command in '/home/pimpmobile/ros2_ws/src/master' returned '0': PYTHONPATH=/home/pimpmobile/ros2_ws/build/master/prefix_override:/home/pimpmobile/ros2_ws/install/master/lib/python3.8/site-packages:${PYTHONPATH} /usr/bin/python3 setup.py egg_info --egg-base ../../build/master build --build-base /home/pimpmobile/ros2_ws/build/master/build install --record /home/pimpmobile/ros2_ws/build/master/install.log --install-scripts $base/lib/master --single-version-externally-managed
