[4.476s] Invoking command in '/home/pimpmobile/ros2_ws/src/master': PYTHONPATH=/home/pimpmobile/ros2_ws/build/master/prefix_override:/home/pimpmobile/ros2_ws/install/master/lib/python3.8/site-packages:${PYTHONPATH} /usr/bin/python3 setup.py egg_info --egg-base ../../build/master build --build-base /home/pimpmobile/ros2_ws/build/master/build install --record /home/pimpmobile/ros2_ws/build/master/install.log --install-scripts $base/lib/master --single-version-externally-managed
[4.752s] /home/pimpmobile/.local/lib/python3.8/site-packages/setuptools/dist.py:472: SetuptoolsDeprecationWarning: Invalid dash-separated options
[4.752s] !!
[4.753s] 
[4.753s]         ********************************************************************************
[4.753s]         Usage of dash-separated 'script-dir' will not be supported in future
[4.753s]         versions. Please use the underscore name 'script_dir' instead.
[4.753s] 
[4.753s]         By 2024-Sep-26, you need to update your project and remove deprecated calls
[4.753s]         or your builds will no longer be supported.
[4.754s] 
[4.754s]         See https://setuptools.pypa.io/en/latest/userguide/declarative_config.html for details.
[4.754s]         ********************************************************************************
[4.754s] 
[4.754s] !!
[4.754s]   opt = self.warn_dash_deprecation(opt, section)
[4.999s] running egg_info
[5.034s] writing ../../build/master/master.egg-info/PKG-INFO
[5.035s] writing dependency_links to ../../build/master/master.egg-info/dependency_links.txt
[5.036s] writing entry points to ../../build/master/master.egg-info/entry_points.txt
[5.036s] writing requirements to ../../build/master/master.egg-info/requires.txt
[5.036s] writing top-level names to ../../build/master/master.egg-info/top_level.txt
[6.188s] writing manifest file '../../build/master/master.egg-info/SOURCES.txt'
[6.188s] running build
[6.188s] running build_py
[6.189s] copying master/stanley_controller.py -> /home/pimpmobile/ros2_ws/build/master/build/lib/master
[6.189s] copying master/__init__.py -> /home/pimpmobile/ros2_ws/build/master/build/lib/master
[6.189s] copying master/master_code.py -> /home/pimpmobile/ros2_ws/build/master/build/lib/master
[6.190s] copying master/odometry.py -> /home/pimpmobile/ros2_ws/build/master/build/lib/master
[6.190s] running install
[6.191s] /home/pimpmobile/.local/lib/python3.8/site-packages/setuptools/_distutils/cmd.py:66: SetuptoolsDeprecationWarning: setup.py install is deprecated.
[6.191s] !!
[6.192s] 
[6.192s]         ********************************************************************************
[6.192s]         Please avoid running ``setup.py`` directly.
[6.192s]         Instead, use pypa/build, pypa/installer or other
[6.193s]         standards-based tools.
[6.193s] 
[6.193s]         See https://blog.ganssle.io/articles/2021/10/setup-py-deprecated.html for details.
[6.193s]         ********************************************************************************
[6.194s] 
[6.194s] !!
[6.194s]   self.initialize_options()
[6.202s] running install_lib
[6.241s] copying /home/pimpmobile/ros2_ws/build/master/build/lib/master/stanley_controller.py -> /home/pimpmobile/ros2_ws/install/master/lib/python3.8/site-packages/master
[6.243s] byte-compiling /home/pimpmobile/ros2_ws/install/master/lib/python3.8/site-packages/master/stanley_controller.py to stanley_controller.cpython-38.pyc
[6.245s] running install_data
[6.281s] copying resource/master -> /home/pimpmobile/ros2_ws/install/master/share/ament_index/resource_index/packages
[6.282s] copying package.xml -> /home/pimpmobile/ros2_ws/install/master/share/master
[6.282s] running install_egg_info
[6.319s] removing '/home/pimpmobile/ros2_ws/install/master/lib/python3.8/site-packages/master-0.0.0-py3.8.egg-info' (and everything under it)
[6.319s] Copying ../../build/master/master.egg-info to /home/pimpmobile/ros2_ws/install/master/lib/python3.8/site-packages/master-0.0.0-py3.8.egg-info
[6.321s] running install_scripts
[6.449s] Installing master script to /home/pimpmobile/ros2_ws/install/master/lib/master
[6.450s] writing list of installed files to '/home/pimpmobile/ros2_ws/build/master/install.log'
[6.523s] Invoked command in '/home/pimpmobile/ros2_ws/src/master' returned '0': PYTHONPATH=/home/pimpmobile/ros2_ws/build/master/prefix_override:/home/pimpmobile/ros2_ws/install/master/lib/python3.8/site-packages:${PYTHONPATH} /usr/bin/python3 setup.py egg_info --egg-base ../../build/master build --build-base /home/pimpmobile/ros2_ws/build/master/build install --record /home/pimpmobile/ros2_ws/build/master/install.log --install-scripts $base/lib/master --single-version-externally-managed
