[0.224s] DEBUG:colcon:Command line arguments: ['/usr/bin/colcon', 'build']
[0.225s] DEBUG:colcon:Parsed command line arguments: Namespace(log_base=None, log_level=None, verb_name='build', build_base='build', install_base='install', merge_install=False, symlink_install=False, test_result_base=None, continue_on_error=False, executor='parallel', parallel_workers=6, event_handlers=None, ignore_user_meta=False, metas=['./colcon.meta'], base_paths=['.'], packages_ignore=None, packages_ignore_regex=None, paths=None, packages_up_to=None, packages_up_to_regex=None, packages_above=None, packages_above_and_dependencies=None, packages_above_depth=None, packages_select_by_dep=None, packages_skip_by_dep=None, packages_skip_up_to=None, packages_select_build_failed=False, packages_skip_build_finished=False, packages_select_test_failures=False, packages_skip_test_passed=False, packages_select=None, packages_skip=None, packages_select_regex=None, packages_skip_regex=None, packages_start=None, packages_end=None, allow_overriding=[], cmake_args=None, cmake_target=None, cmake_target_skip_unavailable=False, cmake_clean_cache=False, cmake_clean_first=False, cmake_force_configure=False, ament_cmake_args=None, catkin_cmake_args=None, catkin_skip_building_tests=False, verb_parser=<colcon_defaults.argument_parser.defaults.DefaultArgumentsDecorator object at 0xffff80329360>, verb_extension=<colcon_core.verb.build.BuildVerb object at 0xffff8051e890>, main=<bound method BuildVerb.main of <colcon_core.verb.build.BuildVerb object at 0xffff8051e890>>)
[0.566s] Level 1:colcon.colcon_core.package_discovery:discover_packages(colcon_meta) check parameters
[0.567s] Level 1:colcon.colcon_core.package_discovery:discover_packages(recursive) check parameters
[0.567s] Level 1:colcon.colcon_core.package_discovery:discover_packages(ignore) check parameters
[0.567s] Level 1:colcon.colcon_core.package_discovery:discover_packages(path) check parameters
[0.567s] Level 1:colcon.colcon_core.package_discovery:discover_packages(colcon_meta) discover
[0.567s] Level 1:colcon.colcon_core.package_discovery:discover_packages(recursive) discover
[0.567s] INFO:colcon.colcon_core.package_discovery:Crawling recursively for packages in '/home/pimpmobile/ros2_ws'
[0.567s] Level 1:colcon.colcon_core.package_identification:_identify(.) by extensions ['ignore', 'ignore_ament_install']
[0.568s] Level 1:colcon.colcon_core.package_identification:_identify(.) by extension 'ignore'
[0.568s] Level 1:colcon.colcon_core.package_identification:_identify(.) by extension 'ignore_ament_install'
[0.568s] Level 1:colcon.colcon_core.package_identification:_identify(.) by extensions ['colcon_pkg']
[0.568s] Level 1:colcon.colcon_core.package_identification:_identify(.) by extension 'colcon_pkg'
[0.568s] Level 1:colcon.colcon_core.package_identification:_identify(.) by extensions ['colcon_meta']
[0.568s] Level 1:colcon.colcon_core.package_identification:_identify(.) by extension 'colcon_meta'
[0.568s] Level 1:colcon.colcon_core.package_identification:_identify(.) by extensions ['ros']
[0.568s] Level 1:colcon.colcon_core.package_identification:_identify(.) by extension 'ros'
[0.591s] Level 1:colcon.colcon_core.package_identification:_identify(.) by extensions ['cmake', 'python']
[0.592s] Level 1:colcon.colcon_core.package_identification:_identify(.) by extension 'cmake'
[0.592s] Level 1:colcon.colcon_core.package_identification:_identify(.) by extension 'python'
[0.592s] Level 1:colcon.colcon_core.package_identification:_identify(.) by extensions ['python_setup_py']
[0.592s] Level 1:colcon.colcon_core.package_identification:_identify(.) by extension 'python_setup_py'
[0.592s] Level 1:colcon.colcon_core.package_identification:_identify(build) by extensions ['ignore', 'ignore_ament_install']
[0.593s] Level 1:colcon.colcon_core.package_identification:_identify(build) by extension 'ignore'
[0.593s] Level 1:colcon.colcon_core.package_identification:_identify(build) ignored
[0.593s] Level 1:colcon.colcon_core.package_identification:_identify(install) by extensions ['ignore', 'ignore_ament_install']
[0.593s] Level 1:colcon.colcon_core.package_identification:_identify(install) by extension 'ignore'
[0.593s] Level 1:colcon.colcon_core.package_identification:_identify(install) ignored
[0.595s] Level 1:colcon.colcon_core.package_identification:_identify(log) by extensions ['ignore', 'ignore_ament_install']
[0.595s] Level 1:colcon.colcon_core.package_identification:_identify(log) by extension 'ignore'
[0.595s] Level 1:colcon.colcon_core.package_identification:_identify(log) ignored
[0.595s] Level 1:colcon.colcon_core.package_identification:_identify(src) by extensions ['ignore', 'ignore_ament_install']
[0.595s] Level 1:colcon.colcon_core.package_identification:_identify(src) by extension 'ignore'
[0.595s] Level 1:colcon.colcon_core.package_identification:_identify(src) by extension 'ignore_ament_install'
[0.595s] Level 1:colcon.colcon_core.package_identification:_identify(src) by extensions ['colcon_pkg']
[0.596s] Level 1:colcon.colcon_core.package_identification:_identify(src) by extension 'colcon_pkg'
[0.596s] Level 1:colcon.colcon_core.package_identification:_identify(src) by extensions ['colcon_meta']
[0.596s] Level 1:colcon.colcon_core.package_identification:_identify(src) by extension 'colcon_meta'
[0.596s] Level 1:colcon.colcon_core.package_identification:_identify(src) by extensions ['ros']
[0.596s] Level 1:colcon.colcon_core.package_identification:_identify(src) by extension 'ros'
[0.596s] Level 1:colcon.colcon_core.package_identification:_identify(src) by extensions ['cmake', 'python']
[0.596s] Level 1:colcon.colcon_core.package_identification:_identify(src) by extension 'cmake'
[0.596s] Level 1:colcon.colcon_core.package_identification:_identify(src) by extension 'python'
[0.596s] Level 1:colcon.colcon_core.package_identification:_identify(src) by extensions ['python_setup_py']
[0.596s] Level 1:colcon.colcon_core.package_identification:_identify(src) by extension 'python_setup_py'
[0.597s] Level 1:colcon.colcon_core.package_identification:_identify(src/build) by extensions ['ignore', 'ignore_ament_install']
[0.597s] Level 1:colcon.colcon_core.package_identification:_identify(src/build) by extension 'ignore'
[0.597s] Level 1:colcon.colcon_core.package_identification:_identify(src/build) ignored
[0.597s] Level 1:colcon.colcon_core.package_identification:_identify(src/gps_publisher) by extensions ['ignore', 'ignore_ament_install']
[0.597s] Level 1:colcon.colcon_core.package_identification:_identify(src/gps_publisher) by extension 'ignore'
[0.597s] Level 1:colcon.colcon_core.package_identification:_identify(src/gps_publisher) by extension 'ignore_ament_install'
[0.598s] Level 1:colcon.colcon_core.package_identification:_identify(src/gps_publisher) by extensions ['colcon_pkg']
[0.598s] Level 1:colcon.colcon_core.package_identification:_identify(src/gps_publisher) by extension 'colcon_pkg'
[0.598s] Level 1:colcon.colcon_core.package_identification:_identify(src/gps_publisher) by extensions ['colcon_meta']
[0.598s] Level 1:colcon.colcon_core.package_identification:_identify(src/gps_publisher) by extension 'colcon_meta'
[0.598s] Level 1:colcon.colcon_core.package_identification:_identify(src/gps_publisher) by extensions ['ros']
[0.598s] Level 1:colcon.colcon_core.package_identification:_identify(src/gps_publisher) by extension 'ros'
[0.603s] DEBUG:colcon.colcon_core.package_identification:Package 'src/gps_publisher' with type 'ros.ament_python' and name 'gps_publisher'
[0.603s] Level 1:colcon.colcon_core.package_identification:_identify(src/install) by extensions ['ignore', 'ignore_ament_install']
[0.603s] Level 1:colcon.colcon_core.package_identification:_identify(src/install) by extension 'ignore'
[0.604s] Level 1:colcon.colcon_core.package_identification:_identify(src/install) ignored
[0.604s] Level 1:colcon.colcon_core.package_identification:_identify(src/lidar) by extensions ['ignore', 'ignore_ament_install']
[0.604s] Level 1:colcon.colcon_core.package_identification:_identify(src/lidar) by extension 'ignore'
[0.604s] Level 1:colcon.colcon_core.package_identification:_identify(src/lidar) by extension 'ignore_ament_install'
[0.604s] Level 1:colcon.colcon_core.package_identification:_identify(src/lidar) by extensions ['colcon_pkg']
[0.604s] Level 1:colcon.colcon_core.package_identification:_identify(src/lidar) by extension 'colcon_pkg'
[0.605s] Level 1:colcon.colcon_core.package_identification:_identify(src/lidar) by extensions ['colcon_meta']
[0.605s] Level 1:colcon.colcon_core.package_identification:_identify(src/lidar) by extension 'colcon_meta'
[0.605s] Level 1:colcon.colcon_core.package_identification:_identify(src/lidar) by extensions ['ros']
[0.605s] Level 1:colcon.colcon_core.package_identification:_identify(src/lidar) by extension 'ros'
[0.606s] DEBUG:colcon.colcon_core.package_identification:Package 'src/lidar' with type 'ros.ament_python' and name 'lidar'
[0.606s] Level 1:colcon.colcon_core.package_identification:_identify(src/log) by extensions ['ignore', 'ignore_ament_install']
[0.606s] Level 1:colcon.colcon_core.package_identification:_identify(src/log) by extension 'ignore'
[0.606s] Level 1:colcon.colcon_core.package_identification:_identify(src/log) ignored
[0.607s] Level 1:colcon.colcon_core.package_identification:_identify(src/master) by extensions ['ignore', 'ignore_ament_install']
[0.607s] Level 1:colcon.colcon_core.package_identification:_identify(src/master) by extension 'ignore'
[0.607s] Level 1:colcon.colcon_core.package_identification:_identify(src/master) by extension 'ignore_ament_install'
[0.607s] Level 1:colcon.colcon_core.package_identification:_identify(src/master) by extensions ['colcon_pkg']
[0.607s] Level 1:colcon.colcon_core.package_identification:_identify(src/master) by extension 'colcon_pkg'
[0.607s] Level 1:colcon.colcon_core.package_identification:_identify(src/master) by extensions ['colcon_meta']
[0.607s] Level 1:colcon.colcon_core.package_identification:_identify(src/master) by extension 'colcon_meta'
[0.607s] Level 1:colcon.colcon_core.package_identification:_identify(src/master) by extensions ['ros']
[0.607s] Level 1:colcon.colcon_core.package_identification:_identify(src/master) by extension 'ros'
[0.609s] DEBUG:colcon.colcon_core.package_identification:Package 'src/master' with type 'ros.ament_python' and name 'master'
[0.609s] Level 1:colcon.colcon_core.package_identification:_identify(src/ros_stream) by extensions ['ignore', 'ignore_ament_install']
[0.609s] Level 1:colcon.colcon_core.package_identification:_identify(src/ros_stream) by extension 'ignore'
[0.609s] Level 1:colcon.colcon_core.package_identification:_identify(src/ros_stream) by extension 'ignore_ament_install'
[0.609s] Level 1:colcon.colcon_core.package_identification:_identify(src/ros_stream) by extensions ['colcon_pkg']
[0.609s] Level 1:colcon.colcon_core.package_identification:_identify(src/ros_stream) by extension 'colcon_pkg'
[0.610s] Level 1:colcon.colcon_core.package_identification:_identify(src/ros_stream) by extensions ['colcon_meta']
[0.610s] Level 1:colcon.colcon_core.package_identification:_identify(src/ros_stream) by extension 'colcon_meta'
[0.610s] Level 1:colcon.colcon_core.package_identification:_identify(src/ros_stream) by extensions ['ros']
[0.610s] Level 1:colcon.colcon_core.package_identification:_identify(src/ros_stream) by extension 'ros'
[0.611s] DEBUG:colcon.colcon_core.package_identification:Package 'src/ros_stream' with type 'ros.ament_python' and name 'ros_stream'
[0.611s] Level 1:colcon.colcon_core.package_identification:_identify(src/ros_tutorials) by extensions ['ignore', 'ignore_ament_install']
[0.611s] Level 1:colcon.colcon_core.package_identification:_identify(src/ros_tutorials) by extension 'ignore'
[0.611s] Level 1:colcon.colcon_core.package_identification:_identify(src/ros_tutorials) by extension 'ignore_ament_install'
[0.611s] Level 1:colcon.colcon_core.package_identification:_identify(src/ros_tutorials) by extensions ['colcon_pkg']
[0.612s] Level 1:colcon.colcon_core.package_identification:_identify(src/ros_tutorials) by extension 'colcon_pkg'
[0.612s] Level 1:colcon.colcon_core.package_identification:_identify(src/ros_tutorials) by extensions ['colcon_meta']
[0.612s] Level 1:colcon.colcon_core.package_identification:_identify(src/ros_tutorials) by extension 'colcon_meta'
[0.612s] Level 1:colcon.colcon_core.package_identification:_identify(src/ros_tutorials) by extensions ['ros']
[0.612s] Level 1:colcon.colcon_core.package_identification:_identify(src/ros_tutorials) by extension 'ros'
[0.612s] Level 1:colcon.colcon_core.package_identification:_identify(src/ros_tutorials) by extensions ['cmake', 'python']
[0.612s] Level 1:colcon.colcon_core.package_identification:_identify(src/ros_tutorials) by extension 'cmake'
[0.612s] Level 1:colcon.colcon_core.package_identification:_identify(src/ros_tutorials) by extension 'python'
[0.612s] Level 1:colcon.colcon_core.package_identification:_identify(src/ros_tutorials) by extensions ['python_setup_py']
[0.612s] Level 1:colcon.colcon_core.package_identification:_identify(src/ros_tutorials) by extension 'python_setup_py'
[0.613s] Level 1:colcon.colcon_core.package_identification:_identify(src/slam) by extensions ['ignore', 'ignore_ament_install']
[0.613s] Level 1:colcon.colcon_core.package_identification:_identify(src/slam) by extension 'ignore'
[0.613s] Level 1:colcon.colcon_core.package_identification:_identify(src/slam) by extension 'ignore_ament_install'
[0.613s] Level 1:colcon.colcon_core.package_identification:_identify(src/slam) by extensions ['colcon_pkg']
[0.613s] Level 1:colcon.colcon_core.package_identification:_identify(src/slam) by extension 'colcon_pkg'
[0.613s] Level 1:colcon.colcon_core.package_identification:_identify(src/slam) by extensions ['colcon_meta']
[0.613s] Level 1:colcon.colcon_core.package_identification:_identify(src/slam) by extension 'colcon_meta'
[0.613s] Level 1:colcon.colcon_core.package_identification:_identify(src/slam) by extensions ['ros']
[0.613s] Level 1:colcon.colcon_core.package_identification:_identify(src/slam) by extension 'ros'
[0.615s] DEBUG:colcon.colcon_core.package_identification:Package 'src/slam' with type 'ros.ament_python' and name 'slam'
[0.615s] Level 1:colcon.colcon_core.package_identification:_identify(src/teleop_pm) by extensions ['ignore', 'ignore_ament_install']
[0.615s] Level 1:colcon.colcon_core.package_identification:_identify(src/teleop_pm) by extension 'ignore'
[0.615s] Level 1:colcon.colcon_core.package_identification:_identify(src/teleop_pm) by extension 'ignore_ament_install'
[0.615s] Level 1:colcon.colcon_core.package_identification:_identify(src/teleop_pm) by extensions ['colcon_pkg']
[0.615s] Level 1:colcon.colcon_core.package_identification:_identify(src/teleop_pm) by extension 'colcon_pkg'
[0.615s] Level 1:colcon.colcon_core.package_identification:_identify(src/teleop_pm) by extensions ['colcon_meta']
[0.616s] Level 1:colcon.colcon_core.package_identification:_identify(src/teleop_pm) by extension 'colcon_meta'
[0.616s] Level 1:colcon.colcon_core.package_identification:_identify(src/teleop_pm) by extensions ['ros']
[0.616s] Level 1:colcon.colcon_core.package_identification:_identify(src/teleop_pm) by extension 'ros'
[0.617s] DEBUG:colcon.colcon_core.package_identification:Package 'src/teleop_pm' with type 'ros.ament_python' and name 'teleop_pm'
[0.617s] Level 1:colcon.colcon_core.package_discovery:discover_packages(recursive) using defaults
[0.617s] Level 1:colcon.colcon_core.package_discovery:discover_packages(ignore) discover
[0.617s] Level 1:colcon.colcon_core.package_discovery:discover_packages(ignore) using defaults
[0.617s] Level 1:colcon.colcon_core.package_discovery:discover_packages(path) discover
[0.617s] Level 1:colcon.colcon_core.package_discovery:discover_packages(path) using defaults
[0.661s] Level 1:colcon.colcon_core.package_discovery:discover_packages(prefix_path) check parameters
[0.662s] Level 1:colcon.colcon_core.package_discovery:discover_packages(prefix_path) discover
[0.666s] DEBUG:colcon.colcon_installed_package_information.package_discovery:Found 7 installed packages in /home/pimpmobile/ros2_ws/install
[0.667s] DEBUG:colcon.colcon_installed_package_information.package_discovery:Found 1 installed packages in /home/pimpmobile/ldlidar_ros2_ws/install
[0.669s] DEBUG:colcon.colcon_installed_package_information.package_discovery:Found 270 installed packages in /opt/ros/humble
[0.700s] Level 1:colcon.colcon_core.package_discovery:discover_packages(prefix_path) using defaults
[0.777s] Level 5:colcon.colcon_core.verb:set package 'gps_publisher' build argument 'cmake_args' from command line to 'None'
[0.777s] Level 5:colcon.colcon_core.verb:set package 'gps_publisher' build argument 'cmake_target' from command line to 'None'
[0.777s] Level 5:colcon.colcon_core.verb:set package 'gps_publisher' build argument 'cmake_target_skip_unavailable' from command line to 'False'
[0.777s] Level 5:colcon.colcon_core.verb:set package 'gps_publisher' build argument 'cmake_clean_cache' from command line to 'False'
[0.777s] Level 5:colcon.colcon_core.verb:set package 'gps_publisher' build argument 'cmake_clean_first' from command line to 'False'
[0.778s] Level 5:colcon.colcon_core.verb:set package 'gps_publisher' build argument 'cmake_force_configure' from command line to 'False'
[0.778s] Level 5:colcon.colcon_core.verb:set package 'gps_publisher' build argument 'ament_cmake_args' from command line to 'None'
[0.778s] Level 5:colcon.colcon_core.verb:set package 'gps_publisher' build argument 'catkin_cmake_args' from command line to 'None'
[0.778s] Level 5:colcon.colcon_core.verb:set package 'gps_publisher' build argument 'catkin_skip_building_tests' from command line to 'False'
[0.778s] DEBUG:colcon.colcon_core.verb:Building package 'gps_publisher' with the following arguments: {'ament_cmake_args': None, 'build_base': '/home/pimpmobile/ros2_ws/build/gps_publisher', 'catkin_cmake_args': None, 'catkin_skip_building_tests': False, 'cmake_args': None, 'cmake_clean_cache': False, 'cmake_clean_first': False, 'cmake_force_configure': False, 'cmake_target': None, 'cmake_target_skip_unavailable': False, 'install_base': '/home/pimpmobile/ros2_ws/install/gps_publisher', 'merge_install': False, 'path': '/home/pimpmobile/ros2_ws/src/gps_publisher', 'symlink_install': False, 'test_result_base': None}
[0.778s] Level 5:colcon.colcon_core.verb:set package 'lidar' build argument 'cmake_args' from command line to 'None'
[0.779s] Level 5:colcon.colcon_core.verb:set package 'lidar' build argument 'cmake_target' from command line to 'None'
[0.779s] Level 5:colcon.colcon_core.verb:set package 'lidar' build argument 'cmake_target_skip_unavailable' from command line to 'False'
[0.779s] Level 5:colcon.colcon_core.verb:set package 'lidar' build argument 'cmake_clean_cache' from command line to 'False'
[0.779s] Level 5:colcon.colcon_core.verb:set package 'lidar' build argument 'cmake_clean_first' from command line to 'False'
[0.779s] Level 5:colcon.colcon_core.verb:set package 'lidar' build argument 'cmake_force_configure' from command line to 'False'
[0.779s] Level 5:colcon.colcon_core.verb:set package 'lidar' build argument 'ament_cmake_args' from command line to 'None'
[0.779s] Level 5:colcon.colcon_core.verb:set package 'lidar' build argument 'catkin_cmake_args' from command line to 'None'
[0.779s] Level 5:colcon.colcon_core.verb:set package 'lidar' build argument 'catkin_skip_building_tests' from command line to 'False'
[0.779s] DEBUG:colcon.colcon_core.verb:Building package 'lidar' with the following arguments: {'ament_cmake_args': None, 'build_base': '/home/pimpmobile/ros2_ws/build/lidar', 'catkin_cmake_args': None, 'catkin_skip_building_tests': False, 'cmake_args': None, 'cmake_clean_cache': False, 'cmake_clean_first': False, 'cmake_force_configure': False, 'cmake_target': None, 'cmake_target_skip_unavailable': False, 'install_base': '/home/pimpmobile/ros2_ws/install/lidar', 'merge_install': False, 'path': '/home/pimpmobile/ros2_ws/src/lidar', 'symlink_install': False, 'test_result_base': None}
[0.780s] Level 5:colcon.colcon_core.verb:set package 'master' build argument 'cmake_args' from command line to 'None'
[0.780s] Level 5:colcon.colcon_core.verb:set package 'master' build argument 'cmake_target' from command line to 'None'
[0.780s] Level 5:colcon.colcon_core.verb:set package 'master' build argument 'cmake_target_skip_unavailable' from command line to 'False'
[0.780s] Level 5:colcon.colcon_core.verb:set package 'master' build argument 'cmake_clean_cache' from command line to 'False'
[0.780s] Level 5:colcon.colcon_core.verb:set package 'master' build argument 'cmake_clean_first' from command line to 'False'
[0.780s] Level 5:colcon.colcon_core.verb:set package 'master' build argument 'cmake_force_configure' from command line to 'False'
[0.780s] Level 5:colcon.colcon_core.verb:set package 'master' build argument 'ament_cmake_args' from command line to 'None'
[0.780s] Level 5:colcon.colcon_core.verb:set package 'master' build argument 'catkin_cmake_args' from command line to 'None'
[0.780s] Level 5:colcon.colcon_core.verb:set package 'master' build argument 'catkin_skip_building_tests' from command line to 'False'
[0.780s] DEBUG:colcon.colcon_core.verb:Building package 'master' with the following arguments: {'ament_cmake_args': None, 'build_base': '/home/pimpmobile/ros2_ws/build/master', 'catkin_cmake_args': None, 'catkin_skip_building_tests': False, 'cmake_args': None, 'cmake_clean_cache': False, 'cmake_clean_first': False, 'cmake_force_configure': False, 'cmake_target': None, 'cmake_target_skip_unavailable': False, 'install_base': '/home/pimpmobile/ros2_ws/install/master', 'merge_install': False, 'path': '/home/pimpmobile/ros2_ws/src/master', 'symlink_install': False, 'test_result_base': None}
[0.781s] Level 5:colcon.colcon_core.verb:set package 'ros_stream' build argument 'cmake_args' from command line to 'None'
[0.781s] Level 5:colcon.colcon_core.verb:set package 'ros_stream' build argument 'cmake_target' from command line to 'None'
[0.781s] Level 5:colcon.colcon_core.verb:set package 'ros_stream' build argument 'cmake_target_skip_unavailable' from command line to 'False'
[0.781s] Level 5:colcon.colcon_core.verb:set package 'ros_stream' build argument 'cmake_clean_cache' from command line to 'False'
[0.781s] Level 5:colcon.colcon_core.verb:set package 'ros_stream' build argument 'cmake_clean_first' from command line to 'False'
[0.781s] Level 5:colcon.colcon_core.verb:set package 'ros_stream' build argument 'cmake_force_configure' from command line to 'False'
[0.781s] Level 5:colcon.colcon_core.verb:set package 'ros_stream' build argument 'ament_cmake_args' from command line to 'None'
[0.781s] Level 5:colcon.colcon_core.verb:set package 'ros_stream' build argument 'catkin_cmake_args' from command line to 'None'
[0.781s] Level 5:colcon.colcon_core.verb:set package 'ros_stream' build argument 'catkin_skip_building_tests' from command line to 'False'
[0.781s] DEBUG:colcon.colcon_core.verb:Building package 'ros_stream' with the following arguments: {'ament_cmake_args': None, 'build_base': '/home/pimpmobile/ros2_ws/build/ros_stream', 'catkin_cmake_args': None, 'catkin_skip_building_tests': False, 'cmake_args': None, 'cmake_clean_cache': False, 'cmake_clean_first': False, 'cmake_force_configure': False, 'cmake_target': None, 'cmake_target_skip_unavailable': False, 'install_base': '/home/pimpmobile/ros2_ws/install/ros_stream', 'merge_install': False, 'path': '/home/pimpmobile/ros2_ws/src/ros_stream', 'symlink_install': False, 'test_result_base': None}
[0.782s] Level 5:colcon.colcon_core.verb:set package 'slam' build argument 'cmake_args' from command line to 'None'
[0.782s] Level 5:colcon.colcon_core.verb:set package 'slam' build argument 'cmake_target' from command line to 'None'
[0.782s] Level 5:colcon.colcon_core.verb:set package 'slam' build argument 'cmake_target_skip_unavailable' from command line to 'False'
[0.782s] Level 5:colcon.colcon_core.verb:set package 'slam' build argument 'cmake_clean_cache' from command line to 'False'
[0.782s] Level 5:colcon.colcon_core.verb:set package 'slam' build argument 'cmake_clean_first' from command line to 'False'
[0.782s] Level 5:colcon.colcon_core.verb:set package 'slam' build argument 'cmake_force_configure' from command line to 'False'
[0.782s] Level 5:colcon.colcon_core.verb:set package 'slam' build argument 'ament_cmake_args' from command line to 'None'
[0.782s] Level 5:colcon.colcon_core.verb:set package 'slam' build argument 'catkin_cmake_args' from command line to 'None'
[0.782s] Level 5:colcon.colcon_core.verb:set package 'slam' build argument 'catkin_skip_building_tests' from command line to 'False'
[0.783s] DEBUG:colcon.colcon_core.verb:Building package 'slam' with the following arguments: {'ament_cmake_args': None, 'build_base': '/home/pimpmobile/ros2_ws/build/slam', 'catkin_cmake_args': None, 'catkin_skip_building_tests': False, 'cmake_args': None, 'cmake_clean_cache': False, 'cmake_clean_first': False, 'cmake_force_configure': False, 'cmake_target': None, 'cmake_target_skip_unavailable': False, 'install_base': '/home/pimpmobile/ros2_ws/install/slam', 'merge_install': False, 'path': '/home/pimpmobile/ros2_ws/src/slam', 'symlink_install': False, 'test_result_base': None}
[0.783s] Level 5:colcon.colcon_core.verb:set package 'teleop_pm' build argument 'cmake_args' from command line to 'None'
[0.783s] Level 5:colcon.colcon_core.verb:set package 'teleop_pm' build argument 'cmake_target' from command line to 'None'
[0.783s] Level 5:colcon.colcon_core.verb:set package 'teleop_pm' build argument 'cmake_target_skip_unavailable' from command line to 'False'
[0.783s] Level 5:colcon.colcon_core.verb:set package 'teleop_pm' build argument 'cmake_clean_cache' from command line to 'False'
[0.783s] Level 5:colcon.colcon_core.verb:set package 'teleop_pm' build argument 'cmake_clean_first' from command line to 'False'
[0.783s] Level 5:colcon.colcon_core.verb:set package 'teleop_pm' build argument 'cmake_force_configure' from command line to 'False'
[0.784s] Level 5:colcon.colcon_core.verb:set package 'teleop_pm' build argument 'ament_cmake_args' from command line to 'None'
[0.784s] Level 5:colcon.colcon_core.verb:set package 'teleop_pm' build argument 'catkin_cmake_args' from command line to 'None'
[0.784s] Level 5:colcon.colcon_core.verb:set package 'teleop_pm' build argument 'catkin_skip_building_tests' from command line to 'False'
[0.784s] DEBUG:colcon.colcon_core.verb:Building package 'teleop_pm' with the following arguments: {'ament_cmake_args': None, 'build_base': '/home/pimpmobile/ros2_ws/build/teleop_pm', 'catkin_cmake_args': None, 'catkin_skip_building_tests': False, 'cmake_args': None, 'cmake_clean_cache': False, 'cmake_clean_first': False, 'cmake_force_configure': False, 'cmake_target': None, 'cmake_target_skip_unavailable': False, 'install_base': '/home/pimpmobile/ros2_ws/install/teleop_pm', 'merge_install': False, 'path': '/home/pimpmobile/ros2_ws/src/teleop_pm', 'symlink_install': False, 'test_result_base': None}
[0.784s] INFO:colcon.colcon_core.executor:Executing jobs using 'parallel' executor
[0.786s] DEBUG:colcon.colcon_parallel_executor.executor.parallel:run_until_complete
[0.787s] INFO:colcon.colcon_ros.task.ament_python.build:Building ROS package in '/home/pimpmobile/ros2_ws/src/lidar' with build type 'ament_python'
[0.787s] Level 1:colcon.colcon_core.shell:create_environment_hook('lidar', 'ament_prefix_path')
[0.792s] INFO:colcon.colcon_core.plugin_system:Skipping extension 'colcon_core.shell.bat': Not used on non-Windows systems
[0.792s] INFO:colcon.colcon_core.shell:Creating environment hook '/home/pimpmobile/ros2_ws/install/lidar/share/lidar/hook/ament_prefix_path.ps1'
[0.794s] INFO:colcon.colcon_core.shell:Creating environment descriptor '/home/pimpmobile/ros2_ws/install/lidar/share/lidar/hook/ament_prefix_path.dsv'
[0.795s] INFO:colcon.colcon_core.shell:Creating environment hook '/home/pimpmobile/ros2_ws/install/lidar/share/lidar/hook/ament_prefix_path.sh'
[0.797s] INFO:colcon.colcon_core.shell:Skip shell extension 'powershell' for command environment: Not usable outside of PowerShell
[0.797s] DEBUG:colcon.colcon_core.shell:Skip shell extension 'dsv' for command environment
[0.804s] INFO:colcon.colcon_ros.task.ament_python.build:Building ROS package in '/home/pimpmobile/ros2_ws/src/gps_publisher' with build type 'ament_python'
[0.805s] Level 1:colcon.colcon_core.shell:create_environment_hook('gps_publisher', 'ament_prefix_path')
[0.805s] INFO:colcon.colcon_core.shell:Creating environment hook '/home/pimpmobile/ros2_ws/install/gps_publisher/share/gps_publisher/hook/ament_prefix_path.ps1'
[0.806s] INFO:colcon.colcon_core.shell:Creating environment descriptor '/home/pimpmobile/ros2_ws/install/gps_publisher/share/gps_publisher/hook/ament_prefix_path.dsv'
[0.807s] INFO:colcon.colcon_core.shell:Creating environment hook '/home/pimpmobile/ros2_ws/install/gps_publisher/share/gps_publisher/hook/ament_prefix_path.sh'
[0.808s] INFO:colcon.colcon_core.shell:Skip shell extension 'powershell' for command environment: Not usable outside of PowerShell
[0.808s] DEBUG:colcon.colcon_core.shell:Skip shell extension 'dsv' for command environment
[0.815s] INFO:colcon.colcon_ros.task.ament_python.build:Building ROS package in '/home/pimpmobile/ros2_ws/src/master' with build type 'ament_python'
[0.815s] Level 1:colcon.colcon_core.shell:create_environment_hook('master', 'ament_prefix_path')
[0.816s] INFO:colcon.colcon_core.shell:Creating environment hook '/home/pimpmobile/ros2_ws/install/master/share/master/hook/ament_prefix_path.ps1'
[0.817s] INFO:colcon.colcon_core.shell:Creating environment descriptor '/home/pimpmobile/ros2_ws/install/master/share/master/hook/ament_prefix_path.dsv'
[0.818s] INFO:colcon.colcon_core.shell:Creating environment hook '/home/pimpmobile/ros2_ws/install/master/share/master/hook/ament_prefix_path.sh'
[0.819s] INFO:colcon.colcon_core.shell:Skip shell extension 'powershell' for command environment: Not usable outside of PowerShell
[0.819s] DEBUG:colcon.colcon_core.shell:Skip shell extension 'dsv' for command environment
[0.826s] INFO:colcon.colcon_ros.task.ament_python.build:Building ROS package in '/home/pimpmobile/ros2_ws/src/ros_stream' with build type 'ament_python'
[0.826s] Level 1:colcon.colcon_core.shell:create_environment_hook('ros_stream', 'ament_prefix_path')
[0.827s] INFO:colcon.colcon_core.shell:Creating environment hook '/home/pimpmobile/ros2_ws/install/ros_stream/share/ros_stream/hook/ament_prefix_path.ps1'
[0.828s] INFO:colcon.colcon_core.shell:Creating environment descriptor '/home/pimpmobile/ros2_ws/install/ros_stream/share/ros_stream/hook/ament_prefix_path.dsv'
[0.829s] INFO:colcon.colcon_core.shell:Creating environment hook '/home/pimpmobile/ros2_ws/install/ros_stream/share/ros_stream/hook/ament_prefix_path.sh'
[0.830s] INFO:colcon.colcon_core.shell:Skip shell extension 'powershell' for command environment: Not usable outside of PowerShell
[0.830s] DEBUG:colcon.colcon_core.shell:Skip shell extension 'dsv' for command environment
[0.837s] INFO:colcon.colcon_ros.task.ament_python.build:Building ROS package in '/home/pimpmobile/ros2_ws/src/slam' with build type 'ament_python'
[0.838s] Level 1:colcon.colcon_core.shell:create_environment_hook('slam', 'ament_prefix_path')
[0.838s] INFO:colcon.colcon_core.shell:Creating environment hook '/home/pimpmobile/ros2_ws/install/slam/share/slam/hook/ament_prefix_path.ps1'
[0.839s] INFO:colcon.colcon_core.shell:Creating environment descriptor '/home/pimpmobile/ros2_ws/install/slam/share/slam/hook/ament_prefix_path.dsv'
[0.840s] INFO:colcon.colcon_core.shell:Creating environment hook '/home/pimpmobile/ros2_ws/install/slam/share/slam/hook/ament_prefix_path.sh'
[0.841s] INFO:colcon.colcon_core.shell:Skip shell extension 'powershell' for command environment: Not usable outside of PowerShell
[0.841s] DEBUG:colcon.colcon_core.shell:Skip shell extension 'dsv' for command environment
[1.393s] INFO:colcon.colcon_core.task.python.build:Building Python package in '/home/pimpmobile/ros2_ws/src/lidar'
[1.394s] INFO:colcon.colcon_core.shell:Skip shell extension 'powershell' for command environment: Not usable outside of PowerShell
[1.394s] DEBUG:colcon.colcon_core.shell:Skip shell extension 'dsv' for command environment
[1.951s] INFO:colcon.colcon_core.task.python.build:Building Python package in '/home/pimpmobile/ros2_ws/src/gps_publisher'
[1.952s] INFO:colcon.colcon_core.shell:Skip shell extension 'powershell' for command environment: Not usable outside of PowerShell
[1.953s] DEBUG:colcon.colcon_core.shell:Skip shell extension 'dsv' for command environment
[2.523s] INFO:colcon.colcon_core.task.python.build:Building Python package in '/home/pimpmobile/ros2_ws/src/master'
[2.524s] INFO:colcon.colcon_core.shell:Skip shell extension 'powershell' for command environment: Not usable outside of PowerShell
[2.524s] DEBUG:colcon.colcon_core.shell:Skip shell extension 'dsv' for command environment
[3.080s] INFO:colcon.colcon_core.task.python.build:Building Python package in '/home/pimpmobile/ros2_ws/src/ros_stream'
[3.081s] INFO:colcon.colcon_core.shell:Skip shell extension 'powershell' for command environment: Not usable outside of PowerShell
[3.081s] DEBUG:colcon.colcon_core.shell:Skip shell extension 'dsv' for command environment
[3.655s] INFO:colcon.colcon_core.task.python.build:Building Python package in '/home/pimpmobile/ros2_ws/src/slam'
[3.657s] INFO:colcon.colcon_core.shell:Skip shell extension 'powershell' for command environment: Not usable outside of PowerShell
[3.657s] DEBUG:colcon.colcon_core.shell:Skip shell extension 'dsv' for command environment
[4.559s] DEBUG:colcon.colcon_core.event_handler.log_command:Invoking command in '/home/pimpmobile/ros2_ws/src/lidar': PYTHONPATH=/home/pimpmobile/ros2_ws/build/lidar/prefix_override:/usr/lib/python3/dist-packages/colcon_core/task/python/colcon_distutils_commands:/home/pimpmobile/ros2_ws/install/lidar/lib/python3.10/site-packages:${PYTHONPATH} /usr/bin/python3 -W ignore:setup.py install is deprecated setup.py egg_info --egg-base ../../build/lidar build --build-base /home/pimpmobile/ros2_ws/build/lidar/build install --record /home/pimpmobile/ros2_ws/build/lidar/install.log --install-scripts $base/lib/lidar --single-version-externally-managed install_data
[4.564s] DEBUG:colcon.colcon_core.event_handler.log_command:Invoking command in '/home/pimpmobile/ros2_ws/src/ros_stream': PYTHONPATH=/home/pimpmobile/ros2_ws/build/ros_stream/prefix_override:/usr/lib/python3/dist-packages/colcon_core/task/python/colcon_distutils_commands:/home/pimpmobile/ros2_ws/install/ros_stream/lib/python3.10/site-packages:${PYTHONPATH} /usr/bin/python3 -W ignore:setup.py install is deprecated setup.py egg_info --egg-base ../../build/ros_stream build --build-base /home/pimpmobile/ros2_ws/build/ros_stream/build install --record /home/pimpmobile/ros2_ws/build/ros_stream/install.log --single-version-externally-managed install_data
[4.600s] DEBUG:colcon.colcon_core.event_handler.log_command:Invoking command in '/home/pimpmobile/ros2_ws/src/master': PYTHONPATH=/home/pimpmobile/ros2_ws/build/master/prefix_override:/usr/lib/python3/dist-packages/colcon_core/task/python/colcon_distutils_commands:/home/pimpmobile/ros2_ws/install/master/lib/python3.10/site-packages:${PYTHONPATH} /usr/bin/python3 -W ignore:setup.py install is deprecated setup.py egg_info --egg-base ../../build/master build --build-base /home/pimpmobile/ros2_ws/build/master/build install --record /home/pimpmobile/ros2_ws/build/master/install.log --install-scripts $base/lib/master --single-version-externally-managed install_data
[4.608s] DEBUG:colcon.colcon_core.event_handler.log_command:Invoking command in '/home/pimpmobile/ros2_ws/src/slam': PYTHONPATH=/home/pimpmobile/ros2_ws/build/slam/prefix_override:/usr/lib/python3/dist-packages/colcon_core/task/python/colcon_distutils_commands:/home/pimpmobile/ros2_ws/install/slam/lib/python3.10/site-packages:${PYTHONPATH} /usr/bin/python3 -W ignore:setup.py install is deprecated setup.py egg_info --egg-base ../../build/slam build --build-base /home/pimpmobile/ros2_ws/build/slam/build install --record /home/pimpmobile/ros2_ws/build/slam/install.log --install-scripts $base/lib/slam --single-version-externally-managed install_data
[4.616s] DEBUG:colcon.colcon_core.event_handler.log_command:Invoking command in '/home/pimpmobile/ros2_ws/src/gps_publisher': PYTHONPATH=/home/pimpmobile/ros2_ws/build/gps_publisher/prefix_override:/usr/lib/python3/dist-packages/colcon_core/task/python/colcon_distutils_commands:/home/pimpmobile/ros2_ws/install/gps_publisher/lib/python3.10/site-packages:${PYTHONPATH} /usr/bin/python3 -W ignore:setup.py install is deprecated setup.py egg_info --egg-base ../../build/gps_publisher build --build-base /home/pimpmobile/ros2_ws/build/gps_publisher/build install --record /home/pimpmobile/ros2_ws/build/gps_publisher/install.log --install-scripts $base/lib/gps_publisher --single-version-externally-managed install_data
[5.225s] DEBUG:colcon.colcon_core.event_handler.log_command:Invoked command in '/home/pimpmobile/ros2_ws/src/lidar' returned '0': PYTHONPATH=/home/pimpmobile/ros2_ws/build/lidar/prefix_override:/usr/lib/python3/dist-packages/colcon_core/task/python/colcon_distutils_commands:/home/pimpmobile/ros2_ws/install/lidar/lib/python3.10/site-packages:${PYTHONPATH} /usr/bin/python3 -W ignore:setup.py install is deprecated setup.py egg_info --egg-base ../../build/lidar build --build-base /home/pimpmobile/ros2_ws/build/lidar/build install --record /home/pimpmobile/ros2_ws/build/lidar/install.log --install-scripts $base/lib/lidar --single-version-externally-managed install_data
[5.231s] Level 1:colcon.colcon_core.environment:checking '/home/pimpmobile/ros2_ws/install/lidar' for CMake module files
[5.234s] Level 1:colcon.colcon_core.environment:checking '/home/pimpmobile/ros2_ws/install/lidar' for CMake config files
[5.236s] Level 1:colcon.colcon_core.environment:checking '/home/pimpmobile/ros2_ws/install/lidar/lib'
[5.236s] Level 1:colcon.colcon_core.environment:checking '/home/pimpmobile/ros2_ws/install/lidar/bin'
[5.237s] Level 1:colcon.colcon_core.environment:checking '/home/pimpmobile/ros2_ws/install/lidar/lib/pkgconfig/lidar.pc'
[5.237s] Level 1:colcon.colcon_core.environment:checking '/home/pimpmobile/ros2_ws/install/lidar/lib/python3.10/site-packages'
[5.237s] Level 1:colcon.colcon_core.shell:create_environment_hook('lidar', 'pythonpath')
[5.238s] INFO:colcon.colcon_core.shell:Creating environment hook '/home/pimpmobile/ros2_ws/install/lidar/share/lidar/hook/pythonpath.ps1'
[5.240s] INFO:colcon.colcon_core.shell:Creating environment descriptor '/home/pimpmobile/ros2_ws/install/lidar/share/lidar/hook/pythonpath.dsv'
[5.241s] INFO:colcon.colcon_core.shell:Creating environment hook '/home/pimpmobile/ros2_ws/install/lidar/share/lidar/hook/pythonpath.sh'
[5.244s] Level 1:colcon.colcon_core.environment:checking '/home/pimpmobile/ros2_ws/install/lidar/bin'
[5.245s] Level 1:colcon.colcon_core.environment:create_environment_scripts_only(lidar)
[5.245s] INFO:colcon.colcon_core.shell:Creating package script '/home/pimpmobile/ros2_ws/install/lidar/share/lidar/package.ps1'
[5.248s] INFO:colcon.colcon_core.shell:Creating package descriptor '/home/pimpmobile/ros2_ws/install/lidar/share/lidar/package.dsv'
[5.250s] INFO:colcon.colcon_core.shell:Creating package script '/home/pimpmobile/ros2_ws/install/lidar/share/lidar/package.sh'
[5.252s] INFO:colcon.colcon_core.shell:Creating package script '/home/pimpmobile/ros2_ws/install/lidar/share/lidar/package.bash'
[5.254s] INFO:colcon.colcon_core.shell:Creating package script '/home/pimpmobile/ros2_ws/install/lidar/share/lidar/package.zsh'
[5.256s] Level 1:colcon.colcon_core.environment:create_file_with_runtime_dependencies(/home/pimpmobile/ros2_ws/install/lidar/share/colcon-core/packages/lidar)
[5.259s] INFO:colcon.colcon_ros.task.ament_python.build:Building ROS package in '/home/pimpmobile/ros2_ws/src/teleop_pm' with build type 'ament_python'
[5.260s] Level 1:colcon.colcon_core.shell:create_environment_hook('teleop_pm', 'ament_prefix_path')
[5.261s] INFO:colcon.colcon_core.shell:Creating environment hook '/home/pimpmobile/ros2_ws/install/teleop_pm/share/teleop_pm/hook/ament_prefix_path.ps1'
[5.262s] INFO:colcon.colcon_core.shell:Creating environment descriptor '/home/pimpmobile/ros2_ws/install/teleop_pm/share/teleop_pm/hook/ament_prefix_path.dsv'
[5.267s] INFO:colcon.colcon_core.shell:Creating environment hook '/home/pimpmobile/ros2_ws/install/teleop_pm/share/teleop_pm/hook/ament_prefix_path.sh'
[5.269s] INFO:colcon.colcon_core.shell:Skip shell extension 'powershell' for command environment: Not usable outside of PowerShell
[5.269s] DEBUG:colcon.colcon_core.shell:Skip shell extension 'dsv' for command environment
[5.286s] Level 1:colcon.colcon_core.environment:checking '/home/pimpmobile/ros2_ws/install/ros_stream' for CMake module files
[5.287s] Level 1:colcon.colcon_core.environment:checking '/home/pimpmobile/ros2_ws/install/ros_stream' for CMake config files
[5.289s] Level 1:colcon.colcon_core.environment:checking '/home/pimpmobile/ros2_ws/install/ros_stream/lib'
[5.289s] Level 1:colcon.colcon_core.environment:checking '/home/pimpmobile/ros2_ws/install/ros_stream/bin'
[5.290s] Level 1:colcon.colcon_core.environment:checking '/home/pimpmobile/ros2_ws/install/ros_stream/lib/pkgconfig/ros_stream.pc'
[5.290s] Level 1:colcon.colcon_core.environment:checking '/home/pimpmobile/ros2_ws/install/ros_stream/lib/python3.10/site-packages'
[5.290s] Level 1:colcon.colcon_core.shell:create_environment_hook('ros_stream', 'pythonpath')
[5.291s] INFO:colcon.colcon_core.shell:Creating environment hook '/home/pimpmobile/ros2_ws/install/ros_stream/share/ros_stream/hook/pythonpath.ps1'
[5.293s] DEBUG:colcon.colcon_core.event_handler.log_command:Invoked command in '/home/pimpmobile/ros2_ws/src/ros_stream' returned '0': PYTHONPATH=/home/pimpmobile/ros2_ws/build/ros_stream/prefix_override:/usr/lib/python3/dist-packages/colcon_core/task/python/colcon_distutils_commands:/home/pimpmobile/ros2_ws/install/ros_stream/lib/python3.10/site-packages:${PYTHONPATH} /usr/bin/python3 -W ignore:setup.py install is deprecated setup.py egg_info --egg-base ../../build/ros_stream build --build-base /home/pimpmobile/ros2_ws/build/ros_stream/build install --record /home/pimpmobile/ros2_ws/build/ros_stream/install.log --single-version-externally-managed install_data
[5.294s] INFO:colcon.colcon_core.shell:Creating environment descriptor '/home/pimpmobile/ros2_ws/install/ros_stream/share/ros_stream/hook/pythonpath.dsv'
[5.295s] INFO:colcon.colcon_core.shell:Creating environment hook '/home/pimpmobile/ros2_ws/install/ros_stream/share/ros_stream/hook/pythonpath.sh'
[5.297s] Level 1:colcon.colcon_core.environment:checking '/home/pimpmobile/ros2_ws/install/ros_stream/bin'
[5.297s] Level 1:colcon.colcon_core.environment:create_environment_scripts_only(ros_stream)
[5.298s] INFO:colcon.colcon_core.shell:Creating package script '/home/pimpmobile/ros2_ws/install/ros_stream/share/ros_stream/package.ps1'
[5.300s] INFO:colcon.colcon_core.shell:Creating package descriptor '/home/pimpmobile/ros2_ws/install/ros_stream/share/ros_stream/package.dsv'
[5.302s] INFO:colcon.colcon_core.shell:Creating package script '/home/pimpmobile/ros2_ws/install/ros_stream/share/ros_stream/package.sh'
[5.303s] INFO:colcon.colcon_core.shell:Creating package script '/home/pimpmobile/ros2_ws/install/ros_stream/share/ros_stream/package.bash'
[5.304s] INFO:colcon.colcon_core.shell:Creating package script '/home/pimpmobile/ros2_ws/install/ros_stream/share/ros_stream/package.zsh'
[5.305s] Level 1:colcon.colcon_core.environment:create_file_with_runtime_dependencies(/home/pimpmobile/ros2_ws/install/ros_stream/share/colcon-core/packages/ros_stream)
[5.856s] INFO:colcon.colcon_core.task.python.build:Building Python package in '/home/pimpmobile/ros2_ws/src/teleop_pm'
[5.857s] INFO:colcon.colcon_core.shell:Skip shell extension 'powershell' for command environment: Not usable outside of PowerShell
[5.857s] DEBUG:colcon.colcon_core.shell:Skip shell extension 'dsv' for command environment
[5.870s] Level 1:colcon.colcon_core.environment:checking '/home/pimpmobile/ros2_ws/install/master' for CMake module files
[5.872s] DEBUG:colcon.colcon_core.event_handler.log_command:Invoked command in '/home/pimpmobile/ros2_ws/src/master' returned '0': PYTHONPATH=/home/pimpmobile/ros2_ws/build/master/prefix_override:/usr/lib/python3/dist-packages/colcon_core/task/python/colcon_distutils_commands:/home/pimpmobile/ros2_ws/install/master/lib/python3.10/site-packages:${PYTHONPATH} /usr/bin/python3 -W ignore:setup.py install is deprecated setup.py egg_info --egg-base ../../build/master build --build-base /home/pimpmobile/ros2_ws/build/master/build install --record /home/pimpmobile/ros2_ws/build/master/install.log --install-scripts $base/lib/master --single-version-externally-managed install_data
[5.873s] Level 1:colcon.colcon_core.environment:checking '/home/pimpmobile/ros2_ws/install/master' for CMake config files
[5.875s] Level 1:colcon.colcon_core.environment:checking '/home/pimpmobile/ros2_ws/install/master/lib'
[5.876s] Level 1:colcon.colcon_core.environment:checking '/home/pimpmobile/ros2_ws/install/master/bin'
[5.876s] Level 1:colcon.colcon_core.environment:checking '/home/pimpmobile/ros2_ws/install/master/lib/pkgconfig/master.pc'
[5.877s] Level 1:colcon.colcon_core.environment:checking '/home/pimpmobile/ros2_ws/install/master/lib/python3.10/site-packages'
[5.877s] Level 1:colcon.colcon_core.shell:create_environment_hook('master', 'pythonpath')
[5.878s] INFO:colcon.colcon_core.shell:Creating environment hook '/home/pimpmobile/ros2_ws/install/master/share/master/hook/pythonpath.ps1'
[5.880s] INFO:colcon.colcon_core.shell:Creating environment descriptor '/home/pimpmobile/ros2_ws/install/master/share/master/hook/pythonpath.dsv'
[5.881s] INFO:colcon.colcon_core.shell:Creating environment hook '/home/pimpmobile/ros2_ws/install/master/share/master/hook/pythonpath.sh'
[5.883s] Level 1:colcon.colcon_core.environment:checking '/home/pimpmobile/ros2_ws/install/master/bin'
[5.883s] Level 1:colcon.colcon_core.environment:create_environment_scripts_only(master)
[5.885s] INFO:colcon.colcon_core.shell:Creating package script '/home/pimpmobile/ros2_ws/install/master/share/master/package.ps1'
[5.886s] INFO:colcon.colcon_core.shell:Creating package descriptor '/home/pimpmobile/ros2_ws/install/master/share/master/package.dsv'
[5.888s] INFO:colcon.colcon_core.shell:Creating package script '/home/pimpmobile/ros2_ws/install/master/share/master/package.sh'
[5.890s] INFO:colcon.colcon_core.shell:Creating package script '/home/pimpmobile/ros2_ws/install/master/share/master/package.bash'
[5.891s] INFO:colcon.colcon_core.shell:Creating package script '/home/pimpmobile/ros2_ws/install/master/share/master/package.zsh'
[5.892s] Level 1:colcon.colcon_core.environment:create_file_with_runtime_dependencies(/home/pimpmobile/ros2_ws/install/master/share/colcon-core/packages/master)
[5.898s] Level 1:colcon.colcon_core.environment:checking '/home/pimpmobile/ros2_ws/install/slam' for CMake module files
[5.900s] DEBUG:colcon.colcon_core.event_handler.log_command:Invoked command in '/home/pimpmobile/ros2_ws/src/slam' returned '0': PYTHONPATH=/home/pimpmobile/ros2_ws/build/slam/prefix_override:/usr/lib/python3/dist-packages/colcon_core/task/python/colcon_distutils_commands:/home/pimpmobile/ros2_ws/install/slam/lib/python3.10/site-packages:${PYTHONPATH} /usr/bin/python3 -W ignore:setup.py install is deprecated setup.py egg_info --egg-base ../../build/slam build --build-base /home/pimpmobile/ros2_ws/build/slam/build install --record /home/pimpmobile/ros2_ws/build/slam/install.log --install-scripts $base/lib/slam --single-version-externally-managed install_data
[5.902s] Level 1:colcon.colcon_core.environment:checking '/home/pimpmobile/ros2_ws/install/slam' for CMake config files
[5.904s] Level 1:colcon.colcon_core.environment:checking '/home/pimpmobile/ros2_ws/install/slam/lib'
[5.904s] Level 1:colcon.colcon_core.environment:checking '/home/pimpmobile/ros2_ws/install/slam/bin'
[5.905s] Level 1:colcon.colcon_core.environment:checking '/home/pimpmobile/ros2_ws/install/slam/lib/pkgconfig/slam.pc'
[5.905s] Level 1:colcon.colcon_core.environment:checking '/home/pimpmobile/ros2_ws/install/slam/lib/python3.10/site-packages'
[5.906s] Level 1:colcon.colcon_core.shell:create_environment_hook('slam', 'pythonpath')
[5.906s] INFO:colcon.colcon_core.shell:Creating environment hook '/home/pimpmobile/ros2_ws/install/slam/share/slam/hook/pythonpath.ps1'
[5.908s] INFO:colcon.colcon_core.shell:Creating environment descriptor '/home/pimpmobile/ros2_ws/install/slam/share/slam/hook/pythonpath.dsv'
[5.909s] INFO:colcon.colcon_core.shell:Creating environment hook '/home/pimpmobile/ros2_ws/install/slam/share/slam/hook/pythonpath.sh'
[5.912s] Level 1:colcon.colcon_core.environment:checking '/home/pimpmobile/ros2_ws/install/slam/bin'
[5.912s] Level 1:colcon.colcon_core.environment:create_environment_scripts_only(slam)
[5.913s] INFO:colcon.colcon_core.shell:Creating package script '/home/pimpmobile/ros2_ws/install/slam/share/slam/package.ps1'
[5.915s] INFO:colcon.colcon_core.shell:Creating package descriptor '/home/pimpmobile/ros2_ws/install/slam/share/slam/package.dsv'
[5.917s] INFO:colcon.colcon_core.shell:Creating package script '/home/pimpmobile/ros2_ws/install/slam/share/slam/package.sh'
[5.919s] INFO:colcon.colcon_core.shell:Creating package script '/home/pimpmobile/ros2_ws/install/slam/share/slam/package.bash'
[5.920s] INFO:colcon.colcon_core.shell:Creating package script '/home/pimpmobile/ros2_ws/install/slam/share/slam/package.zsh'
[5.921s] Level 1:colcon.colcon_core.environment:create_file_with_runtime_dependencies(/home/pimpmobile/ros2_ws/install/slam/share/colcon-core/packages/slam)
[5.923s] Level 1:colcon.colcon_core.environment:checking '/home/pimpmobile/ros2_ws/install/gps_publisher' for CMake module files
[5.926s] Level 1:colcon.colcon_core.environment:checking '/home/pimpmobile/ros2_ws/install/gps_publisher' for CMake config files
[5.927s] DEBUG:colcon.colcon_core.event_handler.log_command:Invoked command in '/home/pimpmobile/ros2_ws/src/gps_publisher' returned '0': PYTHONPATH=/home/pimpmobile/ros2_ws/build/gps_publisher/prefix_override:/usr/lib/python3/dist-packages/colcon_core/task/python/colcon_distutils_commands:/home/pimpmobile/ros2_ws/install/gps_publisher/lib/python3.10/site-packages:${PYTHONPATH} /usr/bin/python3 -W ignore:setup.py install is deprecated setup.py egg_info --egg-base ../../build/gps_publisher build --build-base /home/pimpmobile/ros2_ws/build/gps_publisher/build install --record /home/pimpmobile/ros2_ws/build/gps_publisher/install.log --install-scripts $base/lib/gps_publisher --single-version-externally-managed install_data
[5.929s] Level 1:colcon.colcon_core.environment:checking '/home/pimpmobile/ros2_ws/install/gps_publisher/lib'
[5.930s] Level 1:colcon.colcon_core.environment:checking '/home/pimpmobile/ros2_ws/install/gps_publisher/bin'
[5.930s] Level 1:colcon.colcon_core.environment:checking '/home/pimpmobile/ros2_ws/install/gps_publisher/lib/pkgconfig/gps_publisher.pc'
[5.931s] Level 1:colcon.colcon_core.environment:checking '/home/pimpmobile/ros2_ws/install/gps_publisher/lib/python3.10/site-packages'
[5.931s] Level 1:colcon.colcon_core.shell:create_environment_hook('gps_publisher', 'pythonpath')
[5.932s] INFO:colcon.colcon_core.shell:Creating environment hook '/home/pimpmobile/ros2_ws/install/gps_publisher/share/gps_publisher/hook/pythonpath.ps1'
[5.933s] INFO:colcon.colcon_core.shell:Creating environment descriptor '/home/pimpmobile/ros2_ws/install/gps_publisher/share/gps_publisher/hook/pythonpath.dsv'
[5.935s] INFO:colcon.colcon_core.shell:Creating environment hook '/home/pimpmobile/ros2_ws/install/gps_publisher/share/gps_publisher/hook/pythonpath.sh'
[5.937s] Level 1:colcon.colcon_core.environment:checking '/home/pimpmobile/ros2_ws/install/gps_publisher/bin'
[5.937s] Level 1:colcon.colcon_core.environment:create_environment_scripts_only(gps_publisher)
[5.938s] INFO:colcon.colcon_core.shell:Creating package script '/home/pimpmobile/ros2_ws/install/gps_publisher/share/gps_publisher/package.ps1'
[5.940s] INFO:colcon.colcon_core.shell:Creating package descriptor '/home/pimpmobile/ros2_ws/install/gps_publisher/share/gps_publisher/package.dsv'
[5.942s] INFO:colcon.colcon_core.shell:Creating package script '/home/pimpmobile/ros2_ws/install/gps_publisher/share/gps_publisher/package.sh'
[5.943s] INFO:colcon.colcon_core.shell:Creating package script '/home/pimpmobile/ros2_ws/install/gps_publisher/share/gps_publisher/package.bash'
[5.945s] INFO:colcon.colcon_core.shell:Creating package script '/home/pimpmobile/ros2_ws/install/gps_publisher/share/gps_publisher/package.zsh'
[5.946s] Level 1:colcon.colcon_core.environment:create_file_with_runtime_dependencies(/home/pimpmobile/ros2_ws/install/gps_publisher/share/colcon-core/packages/gps_publisher)
[6.765s] DEBUG:colcon.colcon_core.event_handler.log_command:Invoking command in '/home/pimpmobile/ros2_ws/src/teleop_pm': AMENT_PREFIX_PATH=/home/pimpmobile/ros2_ws/install/lidar:/home/pimpmobile/ros2_ws/install/turtlesim:/home/pimpmobile/ros2_ws/install/teleop_pm:/home/pimpmobile/ros2_ws/install/slam:/home/pimpmobile/ros2_ws/install/ros_stream:/home/pimpmobile/ros2_ws/install/master:/home/pimpmobile/ros2_ws/install/gps_publisher:/home/pimpmobile/ldlidar_ros2_ws/install/ldlidar_stl_ros2:/opt/ros/humble PYTHONPATH=/home/pimpmobile/ros2_ws/build/teleop_pm/prefix_override:/usr/lib/python3/dist-packages/colcon_core/task/python/colcon_distutils_commands:/home/pimpmobile/ros2_ws/install/teleop_pm/lib/python3.10/site-packages:/home/pimpmobile/ros2_ws/install/lidar/lib/python3.10/site-packages:/home/pimpmobile/ros2_ws/install/turtlesim/lib/python3.8/site-packages:/home/pimpmobile/ros2_ws/install/teleop_pm/lib/python3.10/site-packages:/home/pimpmobile/ros2_ws/install/slam/lib/python3.10/site-packages:/home/pimpmobile/ros2_ws/install/ros_stream/lib/python3.10/site-packages:/home/pimpmobile/ros2_ws/install/master/lib/python3.10/site-packages:/home/pimpmobile/ros2_ws/install/gps_publisher/lib/python3.10/site-packages:/opt/ros/humble/lib/python3.10/site-packages:/opt/ros/humble/local/lib/python3.10/dist-packages /usr/bin/python3 -W ignore:setup.py install is deprecated setup.py egg_info --egg-base ../../build/teleop_pm build --build-base /home/pimpmobile/ros2_ws/build/teleop_pm/build install --record /home/pimpmobile/ros2_ws/build/teleop_pm/install.log --install-scripts $base/lib/teleop_pm --single-version-externally-managed install_data
[7.391s] Level 1:colcon.colcon_core.environment:checking '/home/pimpmobile/ros2_ws/install/teleop_pm' for CMake module files
[7.392s] DEBUG:colcon.colcon_core.event_handler.log_command:Invoked command in '/home/pimpmobile/ros2_ws/src/teleop_pm' returned '0': AMENT_PREFIX_PATH=/home/pimpmobile/ros2_ws/install/lidar:/home/pimpmobile/ros2_ws/install/turtlesim:/home/pimpmobile/ros2_ws/install/teleop_pm:/home/pimpmobile/ros2_ws/install/slam:/home/pimpmobile/ros2_ws/install/ros_stream:/home/pimpmobile/ros2_ws/install/master:/home/pimpmobile/ros2_ws/install/gps_publisher:/home/pimpmobile/ldlidar_ros2_ws/install/ldlidar_stl_ros2:/opt/ros/humble PYTHONPATH=/home/pimpmobile/ros2_ws/build/teleop_pm/prefix_override:/usr/lib/python3/dist-packages/colcon_core/task/python/colcon_distutils_commands:/home/pimpmobile/ros2_ws/install/teleop_pm/lib/python3.10/site-packages:/home/pimpmobile/ros2_ws/install/lidar/lib/python3.10/site-packages:/home/pimpmobile/ros2_ws/install/turtlesim/lib/python3.8/site-packages:/home/pimpmobile/ros2_ws/install/teleop_pm/lib/python3.10/site-packages:/home/pimpmobile/ros2_ws/install/slam/lib/python3.10/site-packages:/home/pimpmobile/ros2_ws/install/ros_stream/lib/python3.10/site-packages:/home/pimpmobile/ros2_ws/install/master/lib/python3.10/site-packages:/home/pimpmobile/ros2_ws/install/gps_publisher/lib/python3.10/site-packages:/opt/ros/humble/lib/python3.10/site-packages:/opt/ros/humble/local/lib/python3.10/dist-packages /usr/bin/python3 -W ignore:setup.py install is deprecated setup.py egg_info --egg-base ../../build/teleop_pm build --build-base /home/pimpmobile/ros2_ws/build/teleop_pm/build install --record /home/pimpmobile/ros2_ws/build/teleop_pm/install.log --install-scripts $base/lib/teleop_pm --single-version-externally-managed install_data
[7.393s] Level 1:colcon.colcon_core.environment:checking '/home/pimpmobile/ros2_ws/install/teleop_pm' for CMake config files
[7.396s] Level 1:colcon.colcon_core.environment:checking '/home/pimpmobile/ros2_ws/install/teleop_pm/lib'
[7.396s] Level 1:colcon.colcon_core.environment:checking '/home/pimpmobile/ros2_ws/install/teleop_pm/bin'
[7.396s] Level 1:colcon.colcon_core.environment:checking '/home/pimpmobile/ros2_ws/install/teleop_pm/lib/pkgconfig/teleop_pm.pc'
[7.397s] Level 1:colcon.colcon_core.environment:checking '/home/pimpmobile/ros2_ws/install/teleop_pm/lib/python3.10/site-packages'
[7.397s] Level 1:colcon.colcon_core.shell:create_environment_hook('teleop_pm', 'pythonpath')
[7.398s] INFO:colcon.colcon_core.shell:Creating environment hook '/home/pimpmobile/ros2_ws/install/teleop_pm/share/teleop_pm/hook/pythonpath.ps1'
[7.401s] INFO:colcon.colcon_core.shell:Creating environment descriptor '/home/pimpmobile/ros2_ws/install/teleop_pm/share/teleop_pm/hook/pythonpath.dsv'
[7.402s] INFO:colcon.colcon_core.shell:Creating environment hook '/home/pimpmobile/ros2_ws/install/teleop_pm/share/teleop_pm/hook/pythonpath.sh'
[7.405s] Level 1:colcon.colcon_core.environment:checking '/home/pimpmobile/ros2_ws/install/teleop_pm/bin'
[7.405s] Level 1:colcon.colcon_core.environment:create_environment_scripts_only(teleop_pm)
[7.406s] INFO:colcon.colcon_core.shell:Creating package script '/home/pimpmobile/ros2_ws/install/teleop_pm/share/teleop_pm/package.ps1'
[7.408s] INFO:colcon.colcon_core.shell:Creating package descriptor '/home/pimpmobile/ros2_ws/install/teleop_pm/share/teleop_pm/package.dsv'
[7.410s] INFO:colcon.colcon_core.shell:Creating package script '/home/pimpmobile/ros2_ws/install/teleop_pm/share/teleop_pm/package.sh'
[7.411s] INFO:colcon.colcon_core.shell:Creating package script '/home/pimpmobile/ros2_ws/install/teleop_pm/share/teleop_pm/package.bash'
[7.413s] INFO:colcon.colcon_core.shell:Creating package script '/home/pimpmobile/ros2_ws/install/teleop_pm/share/teleop_pm/package.zsh'
[7.414s] Level 1:colcon.colcon_core.environment:create_file_with_runtime_dependencies(/home/pimpmobile/ros2_ws/install/teleop_pm/share/colcon-core/packages/teleop_pm)
[7.415s] DEBUG:colcon.colcon_parallel_executor.executor.parallel:closing loop
[7.416s] DEBUG:colcon.colcon_parallel_executor.executor.parallel:loop closed
[7.416s] DEBUG:colcon.colcon_parallel_executor.executor.parallel:run_until_complete finished with '0'
[7.417s] DEBUG:colcon.colcon_core.event_reactor:joining thread
[7.437s] INFO:colcon.colcon_core.plugin_system:Skipping extension 'colcon_notification.desktop_notification.terminal_notifier': Not used on non-Darwin systems
[7.438s] INFO:colcon.colcon_core.plugin_system:Skipping extension 'colcon_notification.desktop_notification.win32': Not used on non-Windows systems
[7.438s] INFO:colcon.colcon_notification.desktop_notification:Sending desktop notification using 'notify2'
[7.470s] DEBUG:colcon.colcon_notification.desktop_notification.notify2:Failed to initialize notify2: org.freedesktop.DBus.Error.Spawn.ChildExited: Process org.freedesktop.Notifications exited with status 1
[7.470s] DEBUG:colcon.colcon_core.event_reactor:joined thread
[7.471s] INFO:colcon.colcon_core.shell:Creating prefix script '/home/pimpmobile/ros2_ws/install/local_setup.ps1'
[7.475s] INFO:colcon.colcon_core.shell:Creating prefix util module '/home/pimpmobile/ros2_ws/install/_local_setup_util_ps1.py'
[7.480s] INFO:colcon.colcon_core.shell:Creating prefix chain script '/home/pimpmobile/ros2_ws/install/setup.ps1'
[7.486s] INFO:colcon.colcon_core.shell:Creating prefix script '/home/pimpmobile/ros2_ws/install/local_setup.sh'
[7.488s] INFO:colcon.colcon_core.shell:Creating prefix util module '/home/pimpmobile/ros2_ws/install/_local_setup_util_sh.py'
[7.490s] INFO:colcon.colcon_core.shell:Creating prefix chain script '/home/pimpmobile/ros2_ws/install/setup.sh'
[7.495s] INFO:colcon.colcon_core.shell:Creating prefix script '/home/pimpmobile/ros2_ws/install/local_setup.bash'
[7.497s] INFO:colcon.colcon_core.shell:Creating prefix chain script '/home/pimpmobile/ros2_ws/install/setup.bash'
[7.502s] INFO:colcon.colcon_core.shell:Creating prefix script '/home/pimpmobile/ros2_ws/install/local_setup.zsh'
[7.503s] INFO:colcon.colcon_core.shell:Creating prefix chain script '/home/pimpmobile/ros2_ws/install/setup.zsh'
