[5.146s] DEBUG:colcon:Command line arguments: ['/usr/bin/colcon', 'build', '--packages-select', 'teleop_python']
[5.147s] DEBUG:colcon:Parsed command line arguments: Namespace(allow_overriding=[], ament_cmake_args=None, base_paths=['.'], build_base='build', catkin_cmake_args=None, catkin_skip_building_tests=False, cmake_args=None, cmake_clean_cache=False, cmake_clean_first=False, cmake_force_configure=False, cmake_target=None, cmake_target_skip_unavailable=False, continue_on_error=False, event_handlers=None, executor='parallel', ignore_user_meta=False, install_base='install', log_base=None, log_level=None, main=<bound method BuildVerb.main of <colcon_core.verb.build.BuildVerb object at 0xffff8d3e15b0>>, merge_install=False, metas=['./colcon.meta'], packages_above=None, packages_above_and_dependencies=None, packages_above_depth=None, packages_end=None, packages_ignore=None, packages_ignore_regex=None, packages_select=['teleop_python'], packages_select_build_failed=False, packages_select_by_dep=None, packages_select_regex=None, packages_select_test_failures=False, packages_skip=None, packages_skip_build_finished=False, packages_skip_by_dep=None, packages_skip_regex=None, packages_skip_test_passed=False, packages_skip_up_to=None, packages_start=None, packages_up_to=None, packages_up_to_regex=None, parallel_workers=6, paths=None, symlink_install=False, test_result_base=None, verb_extension=<colcon_core.verb.build.BuildVerb object at 0xffff8d3e15b0>, verb_name='build', verb_parser=<colcon_defaults.argument_parser.defaults.DefaultArgumentsDecorator object at 0xffff8d10baf0>)
[5.363s] Level 1:colcon.colcon_core.package_discovery:discover_packages(colcon_meta) check parameters
[5.364s] Level 1:colcon.colcon_core.package_discovery:discover_packages(recursive) check parameters
[5.364s] Level 1:colcon.colcon_core.package_discovery:discover_packages(ignore) check parameters
[5.364s] Level 1:colcon.colcon_core.package_discovery:discover_packages(path) check parameters
[5.364s] Level 1:colcon.colcon_core.package_discovery:discover_packages(colcon_meta) discover
[5.364s] Level 1:colcon.colcon_core.package_discovery:discover_packages(recursive) discover
[5.364s] INFO:colcon.colcon_core.package_discovery:Crawling recursively for packages in '/home/pimpmobile/ros2_ws'
[5.364s] Level 1:colcon.colcon_core.package_identification:_identify(.) by extensions ['ignore', 'ignore_ament_install']
[5.365s] Level 1:colcon.colcon_core.package_identification:_identify(.) by extension 'ignore'
[5.365s] Level 1:colcon.colcon_core.package_identification:_identify(.) by extension 'ignore_ament_install'
[5.365s] Level 1:colcon.colcon_core.package_identification:_identify(.) by extensions ['colcon_pkg']
[5.365s] Level 1:colcon.colcon_core.package_identification:_identify(.) by extension 'colcon_pkg'
[5.365s] Level 1:colcon.colcon_core.package_identification:_identify(.) by extensions ['colcon_meta']
[5.365s] Level 1:colcon.colcon_core.package_identification:_identify(.) by extension 'colcon_meta'
[5.365s] Level 1:colcon.colcon_core.package_identification:_identify(.) by extensions ['ros']
[5.365s] Level 1:colcon.colcon_core.package_identification:_identify(.) by extension 'ros'
[5.388s] Level 1:colcon.colcon_core.package_identification:_identify(.) by extensions ['cmake', 'python']
[5.388s] Level 1:colcon.colcon_core.package_identification:_identify(.) by extension 'cmake'
[5.388s] Level 1:colcon.colcon_core.package_identification:_identify(.) by extension 'python'
[5.388s] Level 1:colcon.colcon_core.package_identification:_identify(.) by extensions ['python_setup_py']
[5.388s] Level 1:colcon.colcon_core.package_identification:_identify(.) by extension 'python_setup_py'
[5.388s] Level 1:colcon.colcon_core.package_identification:_identify(build) by extensions ['ignore', 'ignore_ament_install']
[5.389s] Level 1:colcon.colcon_core.package_identification:_identify(build) by extension 'ignore'
[5.389s] Level 1:colcon.colcon_core.package_identification:_identify(build) ignored
[5.389s] Level 1:colcon.colcon_core.package_identification:_identify(install) by extensions ['ignore', 'ignore_ament_install']
[5.389s] Level 1:colcon.colcon_core.package_identification:_identify(install) by extension 'ignore'
[5.389s] Level 1:colcon.colcon_core.package_identification:_identify(install) ignored
[5.390s] Level 1:colcon.colcon_core.package_identification:_identify(log) by extensions ['ignore', 'ignore_ament_install']
[5.390s] Level 1:colcon.colcon_core.package_identification:_identify(log) by extension 'ignore'
[5.390s] Level 1:colcon.colcon_core.package_identification:_identify(log) ignored
[5.390s] Level 1:colcon.colcon_core.package_identification:_identify(src) by extensions ['ignore', 'ignore_ament_install']
[5.390s] Level 1:colcon.colcon_core.package_identification:_identify(src) by extension 'ignore'
[5.390s] Level 1:colcon.colcon_core.package_identification:_identify(src) by extension 'ignore_ament_install'
[5.390s] Level 1:colcon.colcon_core.package_identification:_identify(src) by extensions ['colcon_pkg']
[5.390s] Level 1:colcon.colcon_core.package_identification:_identify(src) by extension 'colcon_pkg'
[5.391s] Level 1:colcon.colcon_core.package_identification:_identify(src) by extensions ['colcon_meta']
[5.391s] Level 1:colcon.colcon_core.package_identification:_identify(src) by extension 'colcon_meta'
[5.391s] Level 1:colcon.colcon_core.package_identification:_identify(src) by extensions ['ros']
[5.391s] Level 1:colcon.colcon_core.package_identification:_identify(src) by extension 'ros'
[5.391s] Level 1:colcon.colcon_core.package_identification:_identify(src) by extensions ['cmake', 'python']
[5.391s] Level 1:colcon.colcon_core.package_identification:_identify(src) by extension 'cmake'
[5.391s] Level 1:colcon.colcon_core.package_identification:_identify(src) by extension 'python'
[5.391s] Level 1:colcon.colcon_core.package_identification:_identify(src) by extensions ['python_setup_py']
[5.391s] Level 1:colcon.colcon_core.package_identification:_identify(src) by extension 'python_setup_py'
[5.392s] Level 1:colcon.colcon_core.package_identification:_identify(src/ros_tutorials) by extensions ['ignore', 'ignore_ament_install']
[5.392s] Level 1:colcon.colcon_core.package_identification:_identify(src/ros_tutorials) by extension 'ignore'
[5.392s] Level 1:colcon.colcon_core.package_identification:_identify(src/ros_tutorials) by extension 'ignore_ament_install'
[5.392s] Level 1:colcon.colcon_core.package_identification:_identify(src/ros_tutorials) by extensions ['colcon_pkg']
[5.392s] Level 1:colcon.colcon_core.package_identification:_identify(src/ros_tutorials) by extension 'colcon_pkg'
[5.392s] Level 1:colcon.colcon_core.package_identification:_identify(src/ros_tutorials) by extensions ['colcon_meta']
[5.392s] Level 1:colcon.colcon_core.package_identification:_identify(src/ros_tutorials) by extension 'colcon_meta'
[5.392s] Level 1:colcon.colcon_core.package_identification:_identify(src/ros_tutorials) by extensions ['ros']
[5.392s] Level 1:colcon.colcon_core.package_identification:_identify(src/ros_tutorials) by extension 'ros'
[5.393s] Level 1:colcon.colcon_core.package_identification:_identify(src/ros_tutorials) by extensions ['cmake', 'python']
[5.393s] Level 1:colcon.colcon_core.package_identification:_identify(src/ros_tutorials) by extension 'cmake'
[5.393s] Level 1:colcon.colcon_core.package_identification:_identify(src/ros_tutorials) by extension 'python'
[5.393s] Level 1:colcon.colcon_core.package_identification:_identify(src/ros_tutorials) by extensions ['python_setup_py']
[5.393s] Level 1:colcon.colcon_core.package_identification:_identify(src/ros_tutorials) by extension 'python_setup_py'
[5.393s] Level 1:colcon.colcon_core.package_identification:_identify(src/ros_tutorials/ros_tutorials) by extensions ['ignore', 'ignore_ament_install']
[5.393s] Level 1:colcon.colcon_core.package_identification:_identify(src/ros_tutorials/ros_tutorials) by extension 'ignore'
[5.393s] Level 1:colcon.colcon_core.package_identification:_identify(src/ros_tutorials/ros_tutorials) ignored
[5.394s] Level 1:colcon.colcon_core.package_identification:_identify(src/ros_tutorials/roscpp_tutorials) by extensions ['ignore', 'ignore_ament_install']
[5.394s] Level 1:colcon.colcon_core.package_identification:_identify(src/ros_tutorials/roscpp_tutorials) by extension 'ignore'
[5.394s] Level 1:colcon.colcon_core.package_identification:_identify(src/ros_tutorials/roscpp_tutorials) ignored
[5.394s] Level 1:colcon.colcon_core.package_identification:_identify(src/ros_tutorials/rospy_tutorials) by extensions ['ignore', 'ignore_ament_install']
[5.394s] Level 1:colcon.colcon_core.package_identification:_identify(src/ros_tutorials/rospy_tutorials) by extension 'ignore'
[5.394s] Level 1:colcon.colcon_core.package_identification:_identify(src/ros_tutorials/rospy_tutorials) ignored
[5.395s] Level 1:colcon.colcon_core.package_identification:_identify(src/ros_tutorials/turtlesim) by extensions ['ignore', 'ignore_ament_install']
[5.395s] Level 1:colcon.colcon_core.package_identification:_identify(src/ros_tutorials/turtlesim) by extension 'ignore'
[5.395s] Level 1:colcon.colcon_core.package_identification:_identify(src/ros_tutorials/turtlesim) by extension 'ignore_ament_install'
[5.395s] Level 1:colcon.colcon_core.package_identification:_identify(src/ros_tutorials/turtlesim) by extensions ['colcon_pkg']
[5.395s] Level 1:colcon.colcon_core.package_identification:_identify(src/ros_tutorials/turtlesim) by extension 'colcon_pkg'
[5.395s] Level 1:colcon.colcon_core.package_identification:_identify(src/ros_tutorials/turtlesim) by extensions ['colcon_meta']
[5.395s] Level 1:colcon.colcon_core.package_identification:_identify(src/ros_tutorials/turtlesim) by extension 'colcon_meta'
[5.395s] Level 1:colcon.colcon_core.package_identification:_identify(src/ros_tutorials/turtlesim) by extensions ['ros']
[5.395s] Level 1:colcon.colcon_core.package_identification:_identify(src/ros_tutorials/turtlesim) by extension 'ros'
[5.401s] DEBUG:colcon.colcon_core.package_identification:Package 'src/ros_tutorials/turtlesim' with type 'ros.ament_cmake' and name 'turtlesim'
[5.402s] Level 1:colcon.colcon_core.package_identification:_identify(src/teleop) by extensions ['ignore', 'ignore_ament_install']
[5.402s] Level 1:colcon.colcon_core.package_identification:_identify(src/teleop) by extension 'ignore'
[5.402s] Level 1:colcon.colcon_core.package_identification:_identify(src/teleop) by extension 'ignore_ament_install'
[5.402s] Level 1:colcon.colcon_core.package_identification:_identify(src/teleop) by extensions ['colcon_pkg']
[5.402s] Level 1:colcon.colcon_core.package_identification:_identify(src/teleop) by extension 'colcon_pkg'
[5.402s] Level 1:colcon.colcon_core.package_identification:_identify(src/teleop) by extensions ['colcon_meta']
[5.402s] Level 1:colcon.colcon_core.package_identification:_identify(src/teleop) by extension 'colcon_meta'
[5.402s] Level 1:colcon.colcon_core.package_identification:_identify(src/teleop) by extensions ['ros']
[5.402s] Level 1:colcon.colcon_core.package_identification:_identify(src/teleop) by extension 'ros'
[5.404s] DEBUG:colcon.colcon_core.package_identification:Package 'src/teleop' with type 'ros.ament_cmake' and name 'teleop'
[5.404s] Level 1:colcon.colcon_core.package_identification:_identify(src/teleop_python) by extensions ['ignore', 'ignore_ament_install']
[5.404s] Level 1:colcon.colcon_core.package_identification:_identify(src/teleop_python) by extension 'ignore'
[5.404s] Level 1:colcon.colcon_core.package_identification:_identify(src/teleop_python) by extension 'ignore_ament_install'
[5.404s] Level 1:colcon.colcon_core.package_identification:_identify(src/teleop_python) by extensions ['colcon_pkg']
[5.404s] Level 1:colcon.colcon_core.package_identification:_identify(src/teleop_python) by extension 'colcon_pkg'
[5.405s] Level 1:colcon.colcon_core.package_identification:_identify(src/teleop_python) by extensions ['colcon_meta']
[5.405s] Level 1:colcon.colcon_core.package_identification:_identify(src/teleop_python) by extension 'colcon_meta'
[5.405s] Level 1:colcon.colcon_core.package_identification:_identify(src/teleop_python) by extensions ['ros']
[5.405s] Level 1:colcon.colcon_core.package_identification:_identify(src/teleop_python) by extension 'ros'
[5.406s] DEBUG:colcon.colcon_core.package_identification:Package 'src/teleop_python' with type 'ros.ament_python' and name 'teleop_python'
[5.406s] Level 1:colcon.colcon_core.package_discovery:discover_packages(recursive) using defaults
[5.406s] Level 1:colcon.colcon_core.package_discovery:discover_packages(ignore) discover
[5.406s] Level 1:colcon.colcon_core.package_discovery:discover_packages(ignore) using defaults
[5.406s] Level 1:colcon.colcon_core.package_discovery:discover_packages(path) discover
[5.406s] Level 1:colcon.colcon_core.package_discovery:discover_packages(path) using defaults
[5.700s] INFO:colcon.colcon_core.package_selection:Skipping not selected package 'teleop' in 'src/teleop'
[5.700s] INFO:colcon.colcon_core.package_selection:Skipping not selected package 'turtlesim' in 'src/ros_tutorials/turtlesim'
[5.873s] Level 1:colcon.colcon_core.package_discovery:discover_packages(prefix_path) check parameters
[5.873s] Level 1:colcon.colcon_core.package_discovery:discover_packages(prefix_path) discover
[6.080s] DEBUG:colcon.colcon_installed_package_information.package_discovery:Found 2 installed packages in /home/pimpmobile/ros2_ws/install
[6.168s] DEBUG:colcon.colcon_installed_package_information.package_discovery:Found 1 installed packages in /home/pimpmobile/ldlidar_ros2_ws/install
[6.256s] DEBUG:colcon.colcon_installed_package_information.package_discovery:Found 256 installed packages in /opt/ros/foxy
[6.259s] Level 1:colcon.colcon_core.package_discovery:discover_packages(prefix_path) using defaults
[6.567s] Level 5:colcon.colcon_core.verb:set package 'teleop_python' build argument 'cmake_args' from command line to 'None'
[6.568s] Level 5:colcon.colcon_core.verb:set package 'teleop_python' build argument 'cmake_target' from command line to 'None'
[6.568s] Level 5:colcon.colcon_core.verb:set package 'teleop_python' build argument 'cmake_target_skip_unavailable' from command line to 'False'
[6.568s] Level 5:colcon.colcon_core.verb:set package 'teleop_python' build argument 'cmake_clean_cache' from command line to 'False'
[6.568s] Level 5:colcon.colcon_core.verb:set package 'teleop_python' build argument 'cmake_clean_first' from command line to 'False'
[6.568s] Level 5:colcon.colcon_core.verb:set package 'teleop_python' build argument 'cmake_force_configure' from command line to 'False'
[6.568s] Level 5:colcon.colcon_core.verb:set package 'teleop_python' build argument 'ament_cmake_args' from command line to 'None'
[6.568s] Level 5:colcon.colcon_core.verb:set package 'teleop_python' build argument 'catkin_cmake_args' from command line to 'None'
[6.568s] Level 5:colcon.colcon_core.verb:set package 'teleop_python' build argument 'catkin_skip_building_tests' from command line to 'False'
[6.568s] DEBUG:colcon.colcon_core.verb:Building package 'teleop_python' with the following arguments: {'ament_cmake_args': None, 'build_base': '/home/pimpmobile/ros2_ws/build/teleop_python', 'catkin_cmake_args': None, 'catkin_skip_building_tests': False, 'cmake_args': None, 'cmake_clean_cache': False, 'cmake_clean_first': False, 'cmake_force_configure': False, 'cmake_target': None, 'cmake_target_skip_unavailable': False, 'install_base': '/home/pimpmobile/ros2_ws/install/teleop_python', 'merge_install': False, 'path': '/home/pimpmobile/ros2_ws/src/teleop_python', 'symlink_install': False, 'test_result_base': None}
[6.653s] INFO:colcon.colcon_core.executor:Executing jobs using 'parallel' executor
[6.740s] DEBUG:colcon.colcon_parallel_executor.executor.parallel:run_until_complete
[6.741s] INFO:colcon.colcon_ros.task.ament_python.build:Building ROS package in '/home/pimpmobile/ros2_ws/src/teleop_python' with build type 'ament_python'
[6.741s] Level 1:colcon.colcon_core.shell:create_environment_hook('teleop_python', 'ament_prefix_path')
[6.833s] INFO:colcon.colcon_core.plugin_system:Skipping extension 'colcon_core.shell.bat': Not used on non-Windows systems
[6.833s] INFO:colcon.colcon_core.shell:Creating environment hook '/home/pimpmobile/ros2_ws/install/teleop_python/share/teleop_python/hook/ament_prefix_path.ps1'
[6.835s] INFO:colcon.colcon_core.shell:Creating environment descriptor '/home/pimpmobile/ros2_ws/install/teleop_python/share/teleop_python/hook/ament_prefix_path.dsv'
[6.836s] INFO:colcon.colcon_core.shell:Creating environment hook '/home/pimpmobile/ros2_ws/install/teleop_python/share/teleop_python/hook/ament_prefix_path.sh'
[6.958s] INFO:colcon.colcon_core.shell:Skip shell extension 'powershell' for command environment: Not usable outside of PowerShell
[6.958s] DEBUG:colcon.colcon_core.shell:Skip shell extension 'dsv' for command environment
[7.824s] INFO:colcon.colcon_core.task.python.build:Building Python package in '/home/pimpmobile/ros2_ws/src/teleop_python'
[7.916s] INFO:colcon.colcon_core.shell:Skip shell extension 'powershell' for command environment: Not usable outside of PowerShell
[7.916s] DEBUG:colcon.colcon_core.shell:Skip shell extension 'dsv' for command environment
[9.258s] DEBUG:colcon.colcon_core.event_handler.log_command:Invoking command in '/home/pimpmobile/ros2_ws/src/teleop_python': PYTHONPATH=/home/pimpmobile/ros2_ws/build/teleop_python/prefix_override:/home/pimpmobile/ros2_ws/install/teleop_python/lib/python3.8/site-packages:${PYTHONPATH} /usr/bin/python3 setup.py egg_info --egg-base ../../build/teleop_python build --build-base /home/pimpmobile/ros2_ws/build/teleop_python/build install --record /home/pimpmobile/ros2_ws/build/teleop_python/install.log --install-scripts $base/lib/teleop_python --single-version-externally-managed
[9.871s] DEBUG:colcon.colcon_core.event_handler.log_command:Invoked command in '/home/pimpmobile/ros2_ws/src/teleop_python' returned '0': PYTHONPATH=/home/pimpmobile/ros2_ws/build/teleop_python/prefix_override:/home/pimpmobile/ros2_ws/install/teleop_python/lib/python3.8/site-packages:${PYTHONPATH} /usr/bin/python3 setup.py egg_info --egg-base ../../build/teleop_python build --build-base /home/pimpmobile/ros2_ws/build/teleop_python/build install --record /home/pimpmobile/ros2_ws/build/teleop_python/install.log --install-scripts $base/lib/teleop_python --single-version-externally-managed
[9.982s] Level 1:colcon.colcon_core.environment:checking '/home/pimpmobile/ros2_ws/install/teleop_python' for CMake module files
[9.982s] Level 1:colcon.colcon_core.environment:checking '/home/pimpmobile/ros2_ws/install/teleop_python' for CMake config files
[9.984s] Level 1:colcon.colcon_core.environment:checking '/home/pimpmobile/ros2_ws/install/teleop_python/lib'
[9.984s] Level 1:colcon.colcon_core.environment:checking '/home/pimpmobile/ros2_ws/install/teleop_python/bin'
[9.985s] Level 1:colcon.colcon_core.environment:checking '/home/pimpmobile/ros2_ws/install/teleop_python/lib/pkgconfig/teleop_python.pc'
[9.985s] Level 1:colcon.colcon_core.environment:checking '/home/pimpmobile/ros2_ws/install/teleop_python/lib/python3.8/site-packages'
[9.985s] Level 1:colcon.colcon_core.shell:create_environment_hook('teleop_python', 'pythonpath')
[10.074s] INFO:colcon.colcon_core.shell:Creating environment hook '/home/pimpmobile/ros2_ws/install/teleop_python/share/teleop_python/hook/pythonpath.ps1'
[10.076s] INFO:colcon.colcon_core.shell:Creating environment descriptor '/home/pimpmobile/ros2_ws/install/teleop_python/share/teleop_python/hook/pythonpath.dsv'
[10.076s] INFO:colcon.colcon_core.shell:Creating environment hook '/home/pimpmobile/ros2_ws/install/teleop_python/share/teleop_python/hook/pythonpath.sh'
[10.077s] Level 1:colcon.colcon_core.environment:checking '/home/pimpmobile/ros2_ws/install/teleop_python/bin'
[10.077s] Level 1:colcon.colcon_core.environment:create_environment_scripts_only(teleop_python)
[10.166s] INFO:colcon.colcon_core.shell:Creating package script '/home/pimpmobile/ros2_ws/install/teleop_python/share/teleop_python/package.ps1'
[10.167s] INFO:colcon.colcon_core.shell:Creating package descriptor '/home/pimpmobile/ros2_ws/install/teleop_python/share/teleop_python/package.dsv'
[10.168s] INFO:colcon.colcon_core.shell:Creating package script '/home/pimpmobile/ros2_ws/install/teleop_python/share/teleop_python/package.sh'
[10.170s] INFO:colcon.colcon_core.shell:Creating package script '/home/pimpmobile/ros2_ws/install/teleop_python/share/teleop_python/package.bash'
[10.171s] INFO:colcon.colcon_core.shell:Creating package script '/home/pimpmobile/ros2_ws/install/teleop_python/share/teleop_python/package.zsh'
[10.172s] Level 1:colcon.colcon_core.environment:create_file_with_runtime_dependencies(/home/pimpmobile/ros2_ws/install/teleop_python/share/colcon-core/packages/teleop_python)
[10.173s] DEBUG:colcon.colcon_parallel_executor.executor.parallel:closing loop
[10.174s] DEBUG:colcon.colcon_parallel_executor.executor.parallel:loop closed
[10.174s] DEBUG:colcon.colcon_parallel_executor.executor.parallel:run_until_complete finished with '0'
[10.174s] DEBUG:colcon.colcon_core.event_reactor:joining thread
[10.274s] INFO:colcon.colcon_core.plugin_system:Skipping extension 'colcon_notification.desktop_notification.terminal_notifier': Not used on non-Darwin systems
[10.274s] INFO:colcon.colcon_core.plugin_system:Skipping extension 'colcon_notification.desktop_notification.win32': Not used on non-Windows systems
[10.274s] INFO:colcon.colcon_notification.desktop_notification:Sending desktop notification using 'notify2'
[10.310s] DEBUG:colcon.colcon_core.event_reactor:joined thread
[10.401s] INFO:colcon.colcon_core.shell:Creating prefix script '/home/pimpmobile/ros2_ws/install/local_setup.ps1'
[10.403s] INFO:colcon.colcon_core.shell:Creating prefix util module '/home/pimpmobile/ros2_ws/install/_local_setup_util_ps1.py'
[10.406s] INFO:colcon.colcon_core.shell:Creating prefix chain script '/home/pimpmobile/ros2_ws/install/setup.ps1'
[10.498s] INFO:colcon.colcon_core.shell:Creating prefix script '/home/pimpmobile/ros2_ws/install/local_setup.sh'
[10.499s] INFO:colcon.colcon_core.shell:Creating prefix util module '/home/pimpmobile/ros2_ws/install/_local_setup_util_sh.py'
[10.500s] INFO:colcon.colcon_core.shell:Creating prefix chain script '/home/pimpmobile/ros2_ws/install/setup.sh'
[10.590s] INFO:colcon.colcon_core.shell:Creating prefix script '/home/pimpmobile/ros2_ws/install/local_setup.bash'
[10.591s] INFO:colcon.colcon_core.shell:Creating prefix chain script '/home/pimpmobile/ros2_ws/install/setup.bash'
[10.680s] INFO:colcon.colcon_core.shell:Creating prefix script '/home/pimpmobile/ros2_ws/install/local_setup.zsh'
[10.681s] INFO:colcon.colcon_core.shell:Creating prefix chain script '/home/pimpmobile/ros2_ws/install/setup.zsh'
