[16.554s] Invoking command in '/home/pimpmobile/ros2_ws/src/gps_publisher': PYTHONPATH=/home/pimpmobile/ros2_ws/build/gps_publisher/prefix_override:/home/pimpmobile/ros2_ws/install/gps_publisher/lib/python3.8/site-packages:${PYTHONPATH} /usr/bin/python3 setup.py egg_info --egg-base ../../build/gps_publisher build --build-base /home/pimpmobile/ros2_ws/build/gps_publisher/build install --record /home/pimpmobile/ros2_ws/build/gps_publisher/install.log --install-scripts $base/lib/gps_publisher --single-version-externally-managed
[16.887s] /home/pimpmobile/.local/lib/python3.8/site-packages/setuptools/dist.py:472: SetuptoolsDeprecationWarning: Invalid dash-separated options
[16.887s] !!
[16.887s] 
[16.887s]         ********************************************************************************
[16.888s]         Usage of dash-separated 'script-dir' will not be supported in future
[16.888s]         versions. Please use the underscore name 'script_dir' instead.
[16.888s] 
[16.888s]         By 2024-Sep-26, you need to update your project and remove deprecated calls
[16.888s]         or your builds will no longer be supported.
[16.888s] 
[16.888s]         See https://setuptools.pypa.io/en/latest/userguide/declarative_config.html for details.
[16.889s]         ********************************************************************************
[16.889s] 
[16.889s] !!
[16.889s]   opt = self.warn_dash_deprecation(opt, section)
[17.116s] running egg_info
[17.156s] writing ../../build/gps_publisher/gps_publisher.egg-info/PKG-INFO
[17.156s] writing dependency_links to ../../build/gps_publisher/gps_publisher.egg-info/dependency_links.txt
[17.156s] writing entry points to ../../build/gps_publisher/gps_publisher.egg-info/entry_points.txt
[17.156s] writing requirements to ../../build/gps_publisher/gps_publisher.egg-info/requires.txt
[17.156s] writing top-level names to ../../build/gps_publisher/gps_publisher.egg-info/top_level.txt
[17.447s] reading manifest file '../../build/gps_publisher/gps_publisher.egg-info/SOURCES.txt'
[17.450s] writing manifest file '../../build/gps_publisher/gps_publisher.egg-info/SOURCES.txt'
[17.450s] running build
[17.451s] running build_py
[17.451s] copying gps_publisher/__init__.py -> /home/pimpmobile/ros2_ws/build/gps_publisher/build/lib/gps_publisher
[17.451s] copying gps_publisher/gps.py -> /home/pimpmobile/ros2_ws/build/gps_publisher/build/lib/gps_publisher
[17.452s] running install
[17.453s] /home/pimpmobile/.local/lib/python3.8/site-packages/setuptools/_distutils/cmd.py:66: SetuptoolsDeprecationWarning: setup.py install is deprecated.
[17.453s] !!
[17.453s] 
[17.453s]         ********************************************************************************
[17.453s]         Please avoid running ``setup.py`` directly.
[17.453s]         Instead, use pypa/build, pypa/installer or other
[17.453s]         standards-based tools.
[17.454s] 
[17.454s]         See https://blog.ganssle.io/articles/2021/10/setup-py-deprecated.html for details.
[17.454s]         ********************************************************************************
[17.454s] 
[17.454s] !!
[17.454s]   self.initialize_options()
[17.466s] running install_lib
[17.507s] running install_data
[17.539s] copying resource/gps_publisher -> /home/pimpmobile/ros2_ws/install/gps_publisher/share/ament_index/resource_index/packages
[17.539s] copying package.xml -> /home/pimpmobile/ros2_ws/install/gps_publisher/share/gps_publisher
[17.540s] running install_egg_info
[17.578s] removing '/home/pimpmobile/ros2_ws/install/gps_publisher/lib/python3.8/site-packages/gps_publisher-0.0.0-py3.8.egg-info' (and everything under it)
[17.578s] Copying ../../build/gps_publisher/gps_publisher.egg-info to /home/pimpmobile/ros2_ws/install/gps_publisher/lib/python3.8/site-packages/gps_publisher-0.0.0-py3.8.egg-info
[17.581s] running install_scripts
[17.693s] Installing gps script to /home/pimpmobile/ros2_ws/install/gps_publisher/lib/gps_publisher
[17.694s] writing list of installed files to '/home/pimpmobile/ros2_ws/build/gps_publisher/install.log'
[19.281s] Invoked command in '/home/pimpmobile/ros2_ws/src/gps_publisher' returned '0': PYTHONPATH=/home/pimpmobile/ros2_ws/build/gps_publisher/prefix_override:/home/pimpmobile/ros2_ws/install/gps_publisher/lib/python3.8/site-packages:${PYTHONPATH} /usr/bin/python3 setup.py egg_info --egg-base ../../build/gps_publisher build --build-base /home/pimpmobile/ros2_ws/build/gps_publisher/build install --record /home/pimpmobile/ros2_ws/build/gps_publisher/install.log --install-scripts $base/lib/gps_publisher --single-version-externally-managed
