[7.559s] Invoking command in '/home/pimpmobile/ros2_ws/build/turtlesim': CMAKE_PREFIX_PATH=${CMAKE_PREFIX_PATH}:/home/pimpmobile/ros2_ws/install/teleop_pm:/home/pimpmobile/ros2_ws/install/slam:/home/pimpmobile/ros2_ws/install/odometry:/home/pimpmobile/ros2_ws/install/master:/home/pimpmobile/ros2_ws/install/lidar:/home/pimpmobile/ros2_ws/install/gps_publisher:/opt/ros/foxy /usr/bin/cmake --build /home/pimpmobile/ros2_ws/build/turtlesim -- -j6 -l6
[7.692s] [  1%] Built target turtlesim__cpp
[7.693s] [ 11%] Built target turtlesim__rosidl_generator_c
[7.784s] [ 21%] Built target turtlesim__rosidl_typesupport_cpp
[7.790s] [ 31%] Built target turtlesim__rosidl_typesupport_fastrtps_cpp
[7.817s] [ 41%] Built target turtlesim__rosidl_typesupport_introspection_c
[7.820s] [ 51%] Built target turtlesim__rosidl_typesupport_introspection_cpp
[7.849s] [ 61%] Built target turtlesim__rosidl_typesupport_c
[7.884s] [ 71%] Built target turtlesim__rosidl_typesupport_fastrtps_c
[7.928s] [ 71%] Built target turtlesim
[8.029s] [ 73%] Built target draw_square
[8.054s] [ 75%] Built target mimic
[8.057s] [ 76%] Built target turtlesim__py
[8.083s] [ 78%] Built target turtle_teleop_key
[8.084s] [ 84%] Built target turtlesim_node
[8.134s] [ 93%] Built target turtlesim__python
[8.214s] [ 95%] Built target turtlesim__rosidl_typesupport_fastrtps_c__pyext
[8.220s] [ 97%] Built target turtlesim__rosidl_typesupport_introspection_c__pyext
[8.225s] [100%] Built target turtlesim__rosidl_typesupport_c__pyext
[8.256s] Invoked command in '/home/pimpmobile/ros2_ws/build/turtlesim' returned '0': CMAKE_PREFIX_PATH=${CMAKE_PREFIX_PATH}:/home/pimpmobile/ros2_ws/install/teleop_pm:/home/pimpmobile/ros2_ws/install/slam:/home/pimpmobile/ros2_ws/install/odometry:/home/pimpmobile/ros2_ws/install/master:/home/pimpmobile/ros2_ws/install/lidar:/home/pimpmobile/ros2_ws/install/gps_publisher:/opt/ros/foxy /usr/bin/cmake --build /home/pimpmobile/ros2_ws/build/turtlesim -- -j6 -l6
[8.617s] Invoking command in '/home/pimpmobile/ros2_ws/build/turtlesim': CMAKE_PREFIX_PATH=${CMAKE_PREFIX_PATH}:/home/pimpmobile/ros2_ws/install/teleop_pm:/home/pimpmobile/ros2_ws/install/slam:/home/pimpmobile/ros2_ws/install/odometry:/home/pimpmobile/ros2_ws/install/master:/home/pimpmobile/ros2_ws/install/lidar:/home/pimpmobile/ros2_ws/install/gps_publisher:/opt/ros/foxy /usr/bin/cmake --install /home/pimpmobile/ros2_ws/build/turtlesim
[8.641s] -- Install configuration: ""
[8.642s] -- Up-to-date: /home/pimpmobile/ros2_ws/install/turtlesim/share/ament_index/resource_index/rosidl_interfaces/turtlesim
[8.642s] -- Up-to-date: /home/pimpmobile/ros2_ws/install/turtlesim/include/turtlesim
[8.642s] -- Up-to-date: /home/pimpmobile/ros2_ws/install/turtlesim/include/turtlesim/msg
[8.642s] -- Up-to-date: /home/pimpmobile/ros2_ws/install/turtlesim/include/turtlesim/msg/rosidl_generator_c__visibility_control.h
[8.643s] -- Up-to-date: /home/pimpmobile/ros2_ws/install/turtlesim/include/turtlesim/msg/pose.h
[8.643s] -- Up-to-date: /home/pimpmobile/ros2_ws/install/turtlesim/include/turtlesim/msg/color.h
[8.643s] -- Up-to-date: /home/pimpmobile/ros2_ws/install/turtlesim/include/turtlesim/msg/detail
[8.643s] -- Up-to-date: /home/pimpmobile/ros2_ws/install/turtlesim/include/turtlesim/msg/detail/color__struct.h
[8.643s] -- Up-to-date: /home/pimpmobile/ros2_ws/install/turtlesim/include/turtlesim/msg/detail/pose__type_support.h
[8.643s] -- Up-to-date: /home/pimpmobile/ros2_ws/install/turtlesim/include/turtlesim/msg/detail/pose__functions.c
[8.643s] -- Up-to-date: /home/pimpmobile/ros2_ws/install/turtlesim/include/turtlesim/msg/detail/color__type_support.h
[8.644s] -- Up-to-date: /home/pimpmobile/ros2_ws/install/turtlesim/include/turtlesim/msg/detail/color__functions.h
[8.644s] -- Up-to-date: /home/pimpmobile/ros2_ws/install/turtlesim/include/turtlesim/msg/detail/pose__struct.h
[8.644s] -- Up-to-date: /home/pimpmobile/ros2_ws/install/turtlesim/include/turtlesim/msg/detail/pose__functions.h
[8.644s] -- Up-to-date: /home/pimpmobile/ros2_ws/install/turtlesim/include/turtlesim/msg/detail/color__functions.c
[8.644s] -- Up-to-date: /home/pimpmobile/ros2_ws/install/turtlesim/include/turtlesim/srv
[8.644s] -- Up-to-date: /home/pimpmobile/ros2_ws/install/turtlesim/include/turtlesim/srv/kill.h
[8.644s] -- Up-to-date: /home/pimpmobile/ros2_ws/install/turtlesim/include/turtlesim/srv/teleport_relative.h
[8.644s] -- Up-to-date: /home/pimpmobile/ros2_ws/install/turtlesim/include/turtlesim/srv/detail
[8.645s] -- Up-to-date: /home/pimpmobile/ros2_ws/install/turtlesim/include/turtlesim/srv/detail/teleport_relative__type_support.h
[8.645s] -- Up-to-date: /home/pimpmobile/ros2_ws/install/turtlesim/include/turtlesim/srv/detail/spawn__functions.h
[8.645s] -- Up-to-date: /home/pimpmobile/ros2_ws/install/turtlesim/include/turtlesim/srv/detail/spawn__struct.h
[8.645s] -- Up-to-date: /home/pimpmobile/ros2_ws/install/turtlesim/include/turtlesim/srv/detail/spawn__type_support.h
[8.645s] -- Up-to-date: /home/pimpmobile/ros2_ws/install/turtlesim/include/turtlesim/srv/detail/teleport_relative__functions.c
[8.645s] -- Up-to-date: /home/pimpmobile/ros2_ws/install/turtlesim/include/turtlesim/srv/detail/teleport_relative__functions.h
[8.646s] -- Up-to-date: /home/pimpmobile/ros2_ws/install/turtlesim/include/turtlesim/srv/detail/teleport_absolute__type_support.h
[8.646s] -- Up-to-date: /home/pimpmobile/ros2_ws/install/turtlesim/include/turtlesim/srv/detail/kill__functions.c
[8.646s] -- Up-to-date: /home/pimpmobile/ros2_ws/install/turtlesim/include/turtlesim/srv/detail/teleport_absolute__functions.c
[8.647s] -- Up-to-date: /home/pimpmobile/ros2_ws/install/turtlesim/include/turtlesim/srv/detail/kill__functions.h
[8.647s] -- Up-to-date: /home/pimpmobile/ros2_ws/install/turtlesim/include/turtlesim/srv/detail/spawn__functions.c
[8.647s] -- Up-to-date: /home/pimpmobile/ros2_ws/install/turtlesim/include/turtlesim/srv/detail/kill__struct.h
[8.647s] -- Up-to-date: /home/pimpmobile/ros2_ws/install/turtlesim/include/turtlesim/srv/detail/set_pen__functions.c
[8.648s] -- Up-to-date: /home/pimpmobile/ros2_ws/install/turtlesim/include/turtlesim/srv/detail/teleport_absolute__struct.h
[8.648s] -- Up-to-date: /home/pimpmobile/ros2_ws/install/turtlesim/include/turtlesim/srv/detail/teleport_absolute__functions.h
[8.648s] -- Up-to-date: /home/pimpmobile/ros2_ws/install/turtlesim/include/turtlesim/srv/detail/set_pen__functions.h
[8.648s] -- Up-to-date: /home/pimpmobile/ros2_ws/install/turtlesim/include/turtlesim/srv/detail/set_pen__struct.h
[8.649s] -- Up-to-date: /home/pimpmobile/ros2_ws/install/turtlesim/include/turtlesim/srv/detail/set_pen__type_support.h
[8.649s] -- Up-to-date: /home/pimpmobile/ros2_ws/install/turtlesim/include/turtlesim/srv/detail/teleport_relative__struct.h
[8.649s] -- Up-to-date: /home/pimpmobile/ros2_ws/install/turtlesim/include/turtlesim/srv/detail/kill__type_support.h
[8.649s] -- Up-to-date: /home/pimpmobile/ros2_ws/install/turtlesim/include/turtlesim/srv/spawn.h
[8.650s] -- Up-to-date: /home/pimpmobile/ros2_ws/install/turtlesim/include/turtlesim/srv/teleport_absolute.h
[8.650s] -- Up-to-date: /home/pimpmobile/ros2_ws/install/turtlesim/include/turtlesim/srv/set_pen.h
[8.650s] -- Up-to-date: /home/pimpmobile/ros2_ws/install/turtlesim/include/turtlesim/action
[8.651s] -- Up-to-date: /home/pimpmobile/ros2_ws/install/turtlesim/include/turtlesim/action/rotate_absolute.h
[8.651s] -- Up-to-date: /home/pimpmobile/ros2_ws/install/turtlesim/include/turtlesim/action/detail
[8.651s] -- Up-to-date: /home/pimpmobile/ros2_ws/install/turtlesim/include/turtlesim/action/detail/rotate_absolute__functions.h
[8.651s] -- Up-to-date: /home/pimpmobile/ros2_ws/install/turtlesim/include/turtlesim/action/detail/rotate_absolute__functions.c
[8.651s] -- Up-to-date: /home/pimpmobile/ros2_ws/install/turtlesim/include/turtlesim/action/detail/rotate_absolute__struct.h
[8.651s] -- Up-to-date: /home/pimpmobile/ros2_ws/install/turtlesim/include/turtlesim/action/detail/rotate_absolute__type_support.h
[8.651s] -- Up-to-date: /home/pimpmobile/ros2_ws/install/turtlesim/share/turtlesim/environment/library_path.sh
[8.652s] -- Up-to-date: /home/pimpmobile/ros2_ws/install/turtlesim/share/turtlesim/environment/library_path.dsv
[8.652s] -- Up-to-date: /home/pimpmobile/ros2_ws/install/turtlesim/lib/libturtlesim__rosidl_generator_c.so
[8.652s] -- Up-to-date: /home/pimpmobile/ros2_ws/install/turtlesim/include/turtlesim
[8.652s] -- Up-to-date: /home/pimpmobile/ros2_ws/install/turtlesim/include/turtlesim/msg
[8.653s] -- Up-to-date: /home/pimpmobile/ros2_ws/install/turtlesim/include/turtlesim/msg/rosidl_typesupport_fastrtps_c__visibility_control.h
[8.653s] -- Up-to-date: /home/pimpmobile/ros2_ws/install/turtlesim/include/turtlesim/msg/detail
[8.654s] -- Up-to-date: /home/pimpmobile/ros2_ws/install/turtlesim/include/turtlesim/msg/detail/color__rosidl_typesupport_fastrtps_c.h
[8.655s] -- Up-to-date: /home/pimpmobile/ros2_ws/install/turtlesim/include/turtlesim/msg/detail/pose__rosidl_typesupport_fastrtps_c.h
[8.655s] -- Up-to-date: /home/pimpmobile/ros2_ws/install/turtlesim/include/turtlesim/srv
[8.655s] -- Up-to-date: /home/pimpmobile/ros2_ws/install/turtlesim/include/turtlesim/srv/detail
[8.656s] -- Up-to-date: /home/pimpmobile/ros2_ws/install/turtlesim/include/turtlesim/srv/detail/set_pen__rosidl_typesupport_fastrtps_c.h
[8.656s] -- Up-to-date: /home/pimpmobile/ros2_ws/install/turtlesim/include/turtlesim/srv/detail/kill__rosidl_typesupport_fastrtps_c.h
[8.656s] -- Up-to-date: /home/pimpmobile/ros2_ws/install/turtlesim/include/turtlesim/srv/detail/teleport_absolute__rosidl_typesupport_fastrtps_c.h
[8.657s] -- Up-to-date: /home/pimpmobile/ros2_ws/install/turtlesim/include/turtlesim/srv/detail/teleport_relative__rosidl_typesupport_fastrtps_c.h
[8.657s] -- Up-to-date: /home/pimpmobile/ros2_ws/install/turtlesim/include/turtlesim/srv/detail/spawn__rosidl_typesupport_fastrtps_c.h
[8.657s] -- Up-to-date: /home/pimpmobile/ros2_ws/install/turtlesim/include/turtlesim/action
[8.657s] -- Up-to-date: /home/pimpmobile/ros2_ws/install/turtlesim/include/turtlesim/action/detail
[8.657s] -- Up-to-date: /home/pimpmobile/ros2_ws/install/turtlesim/include/turtlesim/action/detail/rotate_absolute__rosidl_typesupport_fastrtps_c.h
[8.658s] -- Up-to-date: /home/pimpmobile/ros2_ws/install/turtlesim/lib/libturtlesim__rosidl_typesupport_fastrtps_c.so
[8.658s] -- Up-to-date: /home/pimpmobile/ros2_ws/install/turtlesim/include/turtlesim
[8.658s] -- Up-to-date: /home/pimpmobile/ros2_ws/install/turtlesim/include/turtlesim/msg
[8.658s] -- Up-to-date: /home/pimpmobile/ros2_ws/install/turtlesim/include/turtlesim/msg/rosidl_typesupport_fastrtps_cpp__visibility_control.h
[8.658s] -- Up-to-date: /home/pimpmobile/ros2_ws/install/turtlesim/include/turtlesim/msg/detail
[8.659s] -- Up-to-date: /home/pimpmobile/ros2_ws/install/turtlesim/include/turtlesim/msg/detail/dds_fastrtps
[8.659s] -- Up-to-date: /home/pimpmobile/ros2_ws/install/turtlesim/include/turtlesim/msg/detail/pose__rosidl_typesupport_fastrtps_cpp.hpp
[8.659s] -- Up-to-date: /home/pimpmobile/ros2_ws/install/turtlesim/include/turtlesim/msg/detail/color__rosidl_typesupport_fastrtps_cpp.hpp
[8.659s] -- Up-to-date: /home/pimpmobile/ros2_ws/install/turtlesim/include/turtlesim/srv
[8.659s] -- Up-to-date: /home/pimpmobile/ros2_ws/install/turtlesim/include/turtlesim/srv/detail
[8.659s] -- Up-to-date: /home/pimpmobile/ros2_ws/install/turtlesim/include/turtlesim/srv/detail/dds_fastrtps
[8.659s] -- Up-to-date: /home/pimpmobile/ros2_ws/install/turtlesim/include/turtlesim/srv/detail/teleport_relative__rosidl_typesupport_fastrtps_cpp.hpp
[8.659s] -- Up-to-date: /home/pimpmobile/ros2_ws/install/turtlesim/include/turtlesim/srv/detail/set_pen__rosidl_typesupport_fastrtps_cpp.hpp
[8.660s] -- Up-to-date: /home/pimpmobile/ros2_ws/install/turtlesim/include/turtlesim/srv/detail/kill__rosidl_typesupport_fastrtps_cpp.hpp
[8.660s] -- Up-to-date: /home/pimpmobile/ros2_ws/install/turtlesim/include/turtlesim/srv/detail/teleport_absolute__rosidl_typesupport_fastrtps_cpp.hpp
[8.660s] -- Up-to-date: /home/pimpmobile/ros2_ws/install/turtlesim/include/turtlesim/srv/detail/spawn__rosidl_typesupport_fastrtps_cpp.hpp
[8.660s] -- Up-to-date: /home/pimpmobile/ros2_ws/install/turtlesim/include/turtlesim/action
[8.660s] -- Up-to-date: /home/pimpmobile/ros2_ws/install/turtlesim/include/turtlesim/action/detail
[8.660s] -- Up-to-date: /home/pimpmobile/ros2_ws/install/turtlesim/include/turtlesim/action/detail/rotate_absolute__rosidl_typesupport_fastrtps_cpp.hpp
[8.660s] -- Up-to-date: /home/pimpmobile/ros2_ws/install/turtlesim/include/turtlesim/action/detail/dds_fastrtps
[8.660s] -- Up-to-date: /home/pimpmobile/ros2_ws/install/turtlesim/lib/libturtlesim__rosidl_typesupport_fastrtps_cpp.so
[8.661s] -- Up-to-date: /home/pimpmobile/ros2_ws/install/turtlesim/include/turtlesim
[8.661s] -- Up-to-date: /home/pimpmobile/ros2_ws/install/turtlesim/include/turtlesim/msg
[8.661s] -- Up-to-date: /home/pimpmobile/ros2_ws/install/turtlesim/include/turtlesim/msg/rosidl_typesupport_introspection_c__visibility_control.h
[8.661s] -- Up-to-date: /home/pimpmobile/ros2_ws/install/turtlesim/include/turtlesim/msg/detail
[8.661s] -- Up-to-date: /home/pimpmobile/ros2_ws/install/turtlesim/include/turtlesim/msg/detail/color__rosidl_typesupport_introspection_c.h
[8.661s] -- Up-to-date: /home/pimpmobile/ros2_ws/install/turtlesim/include/turtlesim/msg/detail/color__type_support.c
[8.661s] -- Up-to-date: /home/pimpmobile/ros2_ws/install/turtlesim/include/turtlesim/msg/detail/pose__rosidl_typesupport_introspection_c.h
[8.661s] -- Up-to-date: /home/pimpmobile/ros2_ws/install/turtlesim/include/turtlesim/msg/detail/pose__type_support.c
[8.662s] -- Up-to-date: /home/pimpmobile/ros2_ws/install/turtlesim/include/turtlesim/srv
[8.662s] -- Up-to-date: /home/pimpmobile/ros2_ws/install/turtlesim/include/turtlesim/srv/detail
[8.662s] -- Up-to-date: /home/pimpmobile/ros2_ws/install/turtlesim/include/turtlesim/srv/detail/teleport_relative__rosidl_typesupport_introspection_c.h
[8.662s] -- Up-to-date: /home/pimpmobile/ros2_ws/install/turtlesim/include/turtlesim/srv/detail/kill__rosidl_typesupport_introspection_c.h
[8.662s] -- Up-to-date: /home/pimpmobile/ros2_ws/install/turtlesim/include/turtlesim/srv/detail/set_pen__rosidl_typesupport_introspection_c.h
[8.662s] -- Up-to-date: /home/pimpmobile/ros2_ws/install/turtlesim/include/turtlesim/srv/detail/spawn__type_support.c
[8.662s] -- Up-to-date: /home/pimpmobile/ros2_ws/install/turtlesim/include/turtlesim/srv/detail/kill__type_support.c
[8.663s] -- Up-to-date: /home/pimpmobile/ros2_ws/install/turtlesim/include/turtlesim/srv/detail/teleport_relative__type_support.c
[8.663s] -- Up-to-date: /home/pimpmobile/ros2_ws/install/turtlesim/include/turtlesim/srv/detail/spawn__rosidl_typesupport_introspection_c.h
[8.663s] -- Up-to-date: /home/pimpmobile/ros2_ws/install/turtlesim/include/turtlesim/srv/detail/set_pen__type_support.c
[8.663s] -- Up-to-date: /home/pimpmobile/ros2_ws/install/turtlesim/include/turtlesim/srv/detail/teleport_absolute__rosidl_typesupport_introspection_c.h
[8.663s] -- Up-to-date: /home/pimpmobile/ros2_ws/install/turtlesim/include/turtlesim/srv/detail/teleport_absolute__type_support.c
[8.663s] -- Up-to-date: /home/pimpmobile/ros2_ws/install/turtlesim/include/turtlesim/action
[8.663s] -- Up-to-date: /home/pimpmobile/ros2_ws/install/turtlesim/include/turtlesim/action/detail
[8.664s] -- Up-to-date: /home/pimpmobile/ros2_ws/install/turtlesim/include/turtlesim/action/detail/rotate_absolute__type_support.c
[8.664s] -- Up-to-date: /home/pimpmobile/ros2_ws/install/turtlesim/include/turtlesim/action/detail/rotate_absolute__rosidl_typesupport_introspection_c.h
[8.664s] -- Up-to-date: /home/pimpmobile/ros2_ws/install/turtlesim/lib/libturtlesim__rosidl_typesupport_introspection_c.so
[8.664s] -- Up-to-date: /home/pimpmobile/ros2_ws/install/turtlesim/lib/libturtlesim__rosidl_typesupport_c.so
[8.664s] -- Up-to-date: /home/pimpmobile/ros2_ws/install/turtlesim/include/turtlesim
[8.664s] -- Up-to-date: /home/pimpmobile/ros2_ws/install/turtlesim/include/turtlesim/msg
[8.664s] -- Up-to-date: /home/pimpmobile/ros2_ws/install/turtlesim/include/turtlesim/msg/color.hpp
[8.664s] -- Up-to-date: /home/pimpmobile/ros2_ws/install/turtlesim/include/turtlesim/msg/detail
[8.665s] -- Up-to-date: /home/pimpmobile/ros2_ws/install/turtlesim/include/turtlesim/msg/detail/pose__struct.hpp
[8.665s] -- Up-to-date: /home/pimpmobile/ros2_ws/install/turtlesim/include/turtlesim/msg/detail/color__traits.hpp
[8.665s] -- Up-to-date: /home/pimpmobile/ros2_ws/install/turtlesim/include/turtlesim/msg/detail/pose__builder.hpp
[8.665s] -- Up-to-date: /home/pimpmobile/ros2_ws/install/turtlesim/include/turtlesim/msg/detail/color__type_support.hpp
[8.665s] -- Up-to-date: /home/pimpmobile/ros2_ws/install/turtlesim/include/turtlesim/msg/detail/pose__type_support.hpp
[8.665s] -- Up-to-date: /home/pimpmobile/ros2_ws/install/turtlesim/include/turtlesim/msg/detail/color__struct.hpp
[8.665s] -- Up-to-date: /home/pimpmobile/ros2_ws/install/turtlesim/include/turtlesim/msg/detail/color__builder.hpp
[8.665s] -- Up-to-date: /home/pimpmobile/ros2_ws/install/turtlesim/include/turtlesim/msg/detail/pose__traits.hpp
[8.666s] -- Up-to-date: /home/pimpmobile/ros2_ws/install/turtlesim/include/turtlesim/msg/rosidl_generator_cpp__visibility_control.hpp
[8.666s] -- Up-to-date: /home/pimpmobile/ros2_ws/install/turtlesim/include/turtlesim/msg/pose.hpp
[8.666s] -- Up-to-date: /home/pimpmobile/ros2_ws/install/turtlesim/include/turtlesim/srv
[8.666s] -- Up-to-date: /home/pimpmobile/ros2_ws/install/turtlesim/include/turtlesim/srv/set_pen.hpp
[8.666s] -- Up-to-date: /home/pimpmobile/ros2_ws/install/turtlesim/include/turtlesim/srv/kill.hpp
[8.666s] -- Up-to-date: /home/pimpmobile/ros2_ws/install/turtlesim/include/turtlesim/srv/spawn.hpp
[8.666s] -- Up-to-date: /home/pimpmobile/ros2_ws/install/turtlesim/include/turtlesim/srv/teleport_relative.hpp
[8.666s] -- Up-to-date: /home/pimpmobile/ros2_ws/install/turtlesim/include/turtlesim/srv/detail
[8.667s] -- Up-to-date: /home/pimpmobile/ros2_ws/install/turtlesim/include/turtlesim/srv/detail/spawn__struct.hpp
[8.667s] -- Up-to-date: /home/pimpmobile/ros2_ws/install/turtlesim/include/turtlesim/srv/detail/spawn__traits.hpp
[8.667s] -- Up-to-date: /home/pimpmobile/ros2_ws/install/turtlesim/include/turtlesim/srv/detail/set_pen__traits.hpp
[8.667s] -- Up-to-date: /home/pimpmobile/ros2_ws/install/turtlesim/include/turtlesim/srv/detail/teleport_absolute__builder.hpp
[8.667s] -- Up-to-date: /home/pimpmobile/ros2_ws/install/turtlesim/include/turtlesim/srv/detail/spawn__builder.hpp
[8.667s] -- Up-to-date: /home/pimpmobile/ros2_ws/install/turtlesim/include/turtlesim/srv/detail/kill__struct.hpp
[8.667s] -- Up-to-date: /home/pimpmobile/ros2_ws/install/turtlesim/include/turtlesim/srv/detail/set_pen__type_support.hpp
[8.668s] -- Up-to-date: /home/pimpmobile/ros2_ws/install/turtlesim/include/turtlesim/srv/detail/teleport_absolute__struct.hpp
[8.668s] -- Up-to-date: /home/pimpmobile/ros2_ws/install/turtlesim/include/turtlesim/srv/detail/spawn__type_support.hpp
[8.668s] -- Up-to-date: /home/pimpmobile/ros2_ws/install/turtlesim/include/turtlesim/srv/detail/kill__builder.hpp
[8.668s] -- Up-to-date: /home/pimpmobile/ros2_ws/install/turtlesim/include/turtlesim/srv/detail/teleport_relative__traits.hpp
[8.668s] -- Up-to-date: /home/pimpmobile/ros2_ws/install/turtlesim/include/turtlesim/srv/detail/set_pen__struct.hpp
[8.668s] -- Up-to-date: /home/pimpmobile/ros2_ws/install/turtlesim/include/turtlesim/srv/detail/teleport_absolute__traits.hpp
[8.668s] -- Up-to-date: /home/pimpmobile/ros2_ws/install/turtlesim/include/turtlesim/srv/detail/teleport_absolute__type_support.hpp
[8.668s] -- Up-to-date: /home/pimpmobile/ros2_ws/install/turtlesim/include/turtlesim/srv/detail/teleport_relative__struct.hpp
[8.669s] -- Up-to-date: /home/pimpmobile/ros2_ws/install/turtlesim/include/turtlesim/srv/detail/kill__type_support.hpp
[8.669s] -- Up-to-date: /home/pimpmobile/ros2_ws/install/turtlesim/include/turtlesim/srv/detail/set_pen__builder.hpp
[8.669s] -- Up-to-date: /home/pimpmobile/ros2_ws/install/turtlesim/include/turtlesim/srv/detail/kill__traits.hpp
[8.669s] -- Up-to-date: /home/pimpmobile/ros2_ws/install/turtlesim/include/turtlesim/srv/detail/teleport_relative__builder.hpp
[8.669s] -- Up-to-date: /home/pimpmobile/ros2_ws/install/turtlesim/include/turtlesim/srv/detail/teleport_relative__type_support.hpp
[8.669s] -- Up-to-date: /home/pimpmobile/ros2_ws/install/turtlesim/include/turtlesim/srv/teleport_absolute.hpp
[8.669s] -- Up-to-date: /home/pimpmobile/ros2_ws/install/turtlesim/include/turtlesim/action
[8.669s] -- Up-to-date: /home/pimpmobile/ros2_ws/install/turtlesim/include/turtlesim/action/rotate_absolute.hpp
[8.670s] -- Up-to-date: /home/pimpmobile/ros2_ws/install/turtlesim/include/turtlesim/action/detail
[8.670s] -- Up-to-date: /home/pimpmobile/ros2_ws/install/turtlesim/include/turtlesim/action/detail/rotate_absolute__traits.hpp
[8.670s] -- Up-to-date: /home/pimpmobile/ros2_ws/install/turtlesim/include/turtlesim/action/detail/rotate_absolute__builder.hpp
[8.670s] -- Up-to-date: /home/pimpmobile/ros2_ws/install/turtlesim/include/turtlesim/action/detail/rotate_absolute__type_support.hpp
[8.670s] -- Up-to-date: /home/pimpmobile/ros2_ws/install/turtlesim/include/turtlesim/action/detail/rotate_absolute__struct.hpp
[8.670s] -- Up-to-date: /home/pimpmobile/ros2_ws/install/turtlesim/include/turtlesim
[8.670s] -- Up-to-date: /home/pimpmobile/ros2_ws/install/turtlesim/include/turtlesim/msg
[8.670s] -- Up-to-date: /home/pimpmobile/ros2_ws/install/turtlesim/include/turtlesim/msg/detail
[8.671s] -- Up-to-date: /home/pimpmobile/ros2_ws/install/turtlesim/include/turtlesim/msg/detail/color__rosidl_typesupport_introspection_cpp.hpp
[8.671s] -- Up-to-date: /home/pimpmobile/ros2_ws/install/turtlesim/include/turtlesim/msg/detail/color__type_support.cpp
[8.671s] -- Up-to-date: /home/pimpmobile/ros2_ws/install/turtlesim/include/turtlesim/msg/detail/pose__rosidl_typesupport_introspection_cpp.hpp
[8.671s] -- Up-to-date: /home/pimpmobile/ros2_ws/install/turtlesim/include/turtlesim/msg/detail/pose__type_support.cpp
[8.671s] -- Up-to-date: /home/pimpmobile/ros2_ws/install/turtlesim/include/turtlesim/srv
[8.671s] -- Up-to-date: /home/pimpmobile/ros2_ws/install/turtlesim/include/turtlesim/srv/detail
[8.671s] -- Up-to-date: /home/pimpmobile/ros2_ws/install/turtlesim/include/turtlesim/srv/detail/teleport_absolute__type_support.cpp
[8.671s] -- Up-to-date: /home/pimpmobile/ros2_ws/install/turtlesim/include/turtlesim/srv/detail/kill__rosidl_typesupport_introspection_cpp.hpp
[8.672s] -- Up-to-date: /home/pimpmobile/ros2_ws/install/turtlesim/include/turtlesim/srv/detail/teleport_absolute__rosidl_typesupport_introspection_cpp.hpp
[8.672s] -- Up-to-date: /home/pimpmobile/ros2_ws/install/turtlesim/include/turtlesim/srv/detail/spawn__rosidl_typesupport_introspection_cpp.hpp
[8.672s] -- Up-to-date: /home/pimpmobile/ros2_ws/install/turtlesim/include/turtlesim/srv/detail/set_pen__rosidl_typesupport_introspection_cpp.hpp
[8.672s] -- Up-to-date: /home/pimpmobile/ros2_ws/install/turtlesim/include/turtlesim/srv/detail/teleport_relative__type_support.cpp
[8.672s] -- Up-to-date: /home/pimpmobile/ros2_ws/install/turtlesim/include/turtlesim/srv/detail/set_pen__type_support.cpp
[8.672s] -- Up-to-date: /home/pimpmobile/ros2_ws/install/turtlesim/include/turtlesim/srv/detail/kill__type_support.cpp
[8.672s] -- Up-to-date: /home/pimpmobile/ros2_ws/install/turtlesim/include/turtlesim/srv/detail/spawn__type_support.cpp
[8.672s] -- Up-to-date: /home/pimpmobile/ros2_ws/install/turtlesim/include/turtlesim/srv/detail/teleport_relative__rosidl_typesupport_introspection_cpp.hpp
[8.673s] -- Up-to-date: /home/pimpmobile/ros2_ws/install/turtlesim/include/turtlesim/action
[8.673s] -- Up-to-date: /home/pimpmobile/ros2_ws/install/turtlesim/include/turtlesim/action/detail
[8.673s] -- Up-to-date: /home/pimpmobile/ros2_ws/install/turtlesim/include/turtlesim/action/detail/rotate_absolute__type_support.cpp
[8.673s] -- Up-to-date: /home/pimpmobile/ros2_ws/install/turtlesim/include/turtlesim/action/detail/rotate_absolute__rosidl_typesupport_introspection_cpp.hpp
[8.673s] -- Up-to-date: /home/pimpmobile/ros2_ws/install/turtlesim/lib/libturtlesim__rosidl_typesupport_introspection_cpp.so
[8.673s] -- Up-to-date: /home/pimpmobile/ros2_ws/install/turtlesim/lib/libturtlesim__rosidl_typesupport_cpp.so
[8.673s] -- Up-to-date: /home/pimpmobile/ros2_ws/install/turtlesim/share/turtlesim/environment/pythonpath.sh
[8.673s] -- Up-to-date: /home/pimpmobile/ros2_ws/install/turtlesim/share/turtlesim/environment/pythonpath.dsv
[8.674s] -- Up-to-date: /home/pimpmobile/ros2_ws/install/turtlesim/lib/python3.8/site-packages/turtlesim/__init__.py
[8.736s] -- Up-to-date: /home/pimpmobile/ros2_ws/install/turtlesim/lib/python3.8/site-packages/turtlesim/action
[8.736s] -- Up-to-date: /home/pimpmobile/ros2_ws/install/turtlesim/lib/python3.8/site-packages/turtlesim/action/_rotate_absolute_s.c
[8.736s] -- Up-to-date: /home/pimpmobile/ros2_ws/install/turtlesim/lib/python3.8/site-packages/turtlesim/action/__init__.py
[8.737s] -- Up-to-date: /home/pimpmobile/ros2_ws/install/turtlesim/lib/python3.8/site-packages/turtlesim/action/_rotate_absolute.py
[8.737s] -- Up-to-date: /home/pimpmobile/ros2_ws/install/turtlesim/lib/python3.8/site-packages/turtlesim/msg
[8.737s] -- Up-to-date: /home/pimpmobile/ros2_ws/install/turtlesim/lib/python3.8/site-packages/turtlesim/msg/_pose.py
[8.737s] -- Up-to-date: /home/pimpmobile/ros2_ws/install/turtlesim/lib/python3.8/site-packages/turtlesim/msg/__init__.py
[8.737s] -- Up-to-date: /home/pimpmobile/ros2_ws/install/turtlesim/lib/python3.8/site-packages/turtlesim/msg/_color.py
[8.738s] -- Up-to-date: /home/pimpmobile/ros2_ws/install/turtlesim/lib/python3.8/site-packages/turtlesim/msg/_pose_s.c
[8.738s] -- Up-to-date: /home/pimpmobile/ros2_ws/install/turtlesim/lib/python3.8/site-packages/turtlesim/msg/_color_s.c
[8.738s] -- Up-to-date: /home/pimpmobile/ros2_ws/install/turtlesim/lib/python3.8/site-packages/turtlesim/srv
[8.738s] -- Up-to-date: /home/pimpmobile/ros2_ws/install/turtlesim/lib/python3.8/site-packages/turtlesim/srv/_set_pen_s.c
[8.738s] -- Up-to-date: /home/pimpmobile/ros2_ws/install/turtlesim/lib/python3.8/site-packages/turtlesim/srv/_teleport_absolute_s.c
[8.738s] -- Up-to-date: /home/pimpmobile/ros2_ws/install/turtlesim/lib/python3.8/site-packages/turtlesim/srv/_teleport_relative.py
[8.739s] -- Up-to-date: /home/pimpmobile/ros2_ws/install/turtlesim/lib/python3.8/site-packages/turtlesim/srv/_set_pen.py
[8.739s] -- Up-to-date: /home/pimpmobile/ros2_ws/install/turtlesim/lib/python3.8/site-packages/turtlesim/srv/__init__.py
[8.739s] -- Up-to-date: /home/pimpmobile/ros2_ws/install/turtlesim/lib/python3.8/site-packages/turtlesim/srv/_kill.py
[8.740s] -- Up-to-date: /home/pimpmobile/ros2_ws/install/turtlesim/lib/python3.8/site-packages/turtlesim/srv/_spawn.py
[8.740s] -- Up-to-date: /home/pimpmobile/ros2_ws/install/turtlesim/lib/python3.8/site-packages/turtlesim/srv/_kill_s.c
[8.741s] -- Up-to-date: /home/pimpmobile/ros2_ws/install/turtlesim/lib/python3.8/site-packages/turtlesim/srv/_spawn_s.c
[8.741s] -- Up-to-date: /home/pimpmobile/ros2_ws/install/turtlesim/lib/python3.8/site-packages/turtlesim/srv/_teleport_absolute.py
[8.741s] -- Up-to-date: /home/pimpmobile/ros2_ws/install/turtlesim/lib/python3.8/site-packages/turtlesim/srv/_teleport_relative_s.c
[8.742s] -- Up-to-date: /home/pimpmobile/ros2_ws/install/turtlesim/lib/python3.8/site-packages/turtlesim/turtlesim_s__rosidl_typesupport_fastrtps_c.cpython-38-aarch64-linux-gnu.so
[8.742s] -- Up-to-date: /home/pimpmobile/ros2_ws/install/turtlesim/lib/python3.8/site-packages/turtlesim/turtlesim_s__rosidl_typesupport_introspection_c.cpython-38-aarch64-linux-gnu.so
[8.742s] -- Up-to-date: /home/pimpmobile/ros2_ws/install/turtlesim/lib/python3.8/site-packages/turtlesim/turtlesim_s__rosidl_typesupport_c.cpython-38-aarch64-linux-gnu.so
[8.743s] -- Up-to-date: /home/pimpmobile/ros2_ws/install/turtlesim/lib/libturtlesim__python.so
[8.743s] -- Up-to-date: /home/pimpmobile/ros2_ws/install/turtlesim/share/turtlesim/action/RotateAbsolute.idl
[8.743s] -- Up-to-date: /home/pimpmobile/ros2_ws/install/turtlesim/share/turtlesim/msg/Color.idl
[8.743s] -- Up-to-date: /home/pimpmobile/ros2_ws/install/turtlesim/share/turtlesim/msg/Pose.idl
[8.743s] -- Up-to-date: /home/pimpmobile/ros2_ws/install/turtlesim/share/turtlesim/srv/Kill.idl
[8.743s] -- Up-to-date: /home/pimpmobile/ros2_ws/install/turtlesim/share/turtlesim/srv/SetPen.idl
[8.744s] -- Up-to-date: /home/pimpmobile/ros2_ws/install/turtlesim/share/turtlesim/srv/Spawn.idl
[8.744s] -- Up-to-date: /home/pimpmobile/ros2_ws/install/turtlesim/share/turtlesim/srv/TeleportAbsolute.idl
[8.744s] -- Up-to-date: /home/pimpmobile/ros2_ws/install/turtlesim/share/turtlesim/srv/TeleportRelative.idl
[8.744s] -- Up-to-date: /home/pimpmobile/ros2_ws/install/turtlesim/share/turtlesim/action/RotateAbsolute.action
[8.744s] -- Up-to-date: /home/pimpmobile/ros2_ws/install/turtlesim/share/turtlesim/msg/Color.msg
[8.744s] -- Up-to-date: /home/pimpmobile/ros2_ws/install/turtlesim/share/turtlesim/msg/Pose.msg
[8.745s] -- Up-to-date: /home/pimpmobile/ros2_ws/install/turtlesim/share/turtlesim/srv/Kill.srv
[8.745s] -- Up-to-date: /home/pimpmobile/ros2_ws/install/turtlesim/share/turtlesim/srv/Kill_Request.msg
[8.745s] -- Up-to-date: /home/pimpmobile/ros2_ws/install/turtlesim/share/turtlesim/srv/Kill_Response.msg
[8.746s] -- Up-to-date: /home/pimpmobile/ros2_ws/install/turtlesim/share/turtlesim/srv/SetPen.srv
[8.746s] -- Up-to-date: /home/pimpmobile/ros2_ws/install/turtlesim/share/turtlesim/srv/SetPen_Request.msg
[8.746s] -- Up-to-date: /home/pimpmobile/ros2_ws/install/turtlesim/share/turtlesim/srv/SetPen_Response.msg
[8.746s] -- Up-to-date: /home/pimpmobile/ros2_ws/install/turtlesim/share/turtlesim/srv/Spawn.srv
[8.747s] -- Up-to-date: /home/pimpmobile/ros2_ws/install/turtlesim/share/turtlesim/srv/Spawn_Request.msg
[8.747s] -- Up-to-date: /home/pimpmobile/ros2_ws/install/turtlesim/share/turtlesim/srv/Spawn_Response.msg
[8.747s] -- Up-to-date: /home/pimpmobile/ros2_ws/install/turtlesim/share/turtlesim/srv/TeleportAbsolute.srv
[8.747s] -- Up-to-date: /home/pimpmobile/ros2_ws/install/turtlesim/share/turtlesim/srv/TeleportAbsolute_Request.msg
[8.747s] -- Up-to-date: /home/pimpmobile/ros2_ws/install/turtlesim/share/turtlesim/srv/TeleportAbsolute_Response.msg
[8.747s] -- Up-to-date: /home/pimpmobile/ros2_ws/install/turtlesim/share/turtlesim/srv/TeleportRelative.srv
[8.748s] -- Up-to-date: /home/pimpmobile/ros2_ws/install/turtlesim/share/turtlesim/srv/TeleportRelative_Request.msg
[8.748s] -- Up-to-date: /home/pimpmobile/ros2_ws/install/turtlesim/share/turtlesim/srv/TeleportRelative_Response.msg
[8.748s] -- Up-to-date: /home/pimpmobile/ros2_ws/install/turtlesim/lib/turtlesim/turtlesim_node
[8.748s] -- Up-to-date: /home/pimpmobile/ros2_ws/install/turtlesim/lib/turtlesim/turtle_teleop_key
[8.748s] -- Up-to-date: /home/pimpmobile/ros2_ws/install/turtlesim/lib/turtlesim/draw_square
[8.749s] -- Up-to-date: /home/pimpmobile/ros2_ws/install/turtlesim/lib/turtlesim/mimic
[8.749s] -- Up-to-date: /home/pimpmobile/ros2_ws/install/turtlesim/share/turtlesim/images
[8.749s] -- Up-to-date: /home/pimpmobile/ros2_ws/install/turtlesim/share/turtlesim/images/eloquent.png
[8.749s] -- Up-to-date: /home/pimpmobile/ros2_ws/install/turtlesim/share/turtlesim/images/ardent.png
[8.749s] -- Up-to-date: /home/pimpmobile/ros2_ws/install/turtlesim/share/turtlesim/images/dashing.png
[8.749s] -- Up-to-date: /home/pimpmobile/ros2_ws/install/turtlesim/share/turtlesim/images/crystal.png
[8.750s] -- Up-to-date: /home/pimpmobile/ros2_ws/install/turtlesim/share/turtlesim/images/foxy.png
[8.750s] -- Up-to-date: /home/pimpmobile/ros2_ws/install/turtlesim/share/turtlesim/images/bouncy.png
[8.750s] -- Up-to-date: /home/pimpmobile/ros2_ws/install/turtlesim/share/turtlesim/launch
[8.750s] -- Up-to-date: /home/pimpmobile/ros2_ws/install/turtlesim/share/turtlesim/launch/multisim.launch.py
[8.751s] -- Up-to-date: /home/pimpmobile/ros2_ws/install/turtlesim/share/ament_index/resource_index/package_run_dependencies/turtlesim
[8.751s] -- Up-to-date: /home/pimpmobile/ros2_ws/install/turtlesim/share/ament_index/resource_index/parent_prefix_path/turtlesim
[8.751s] -- Up-to-date: /home/pimpmobile/ros2_ws/install/turtlesim/share/turtlesim/environment/ament_prefix_path.sh
[8.751s] -- Up-to-date: /home/pimpmobile/ros2_ws/install/turtlesim/share/turtlesim/environment/ament_prefix_path.dsv
[8.752s] -- Up-to-date: /home/pimpmobile/ros2_ws/install/turtlesim/share/turtlesim/environment/path.sh
[8.752s] -- Up-to-date: /home/pimpmobile/ros2_ws/install/turtlesim/share/turtlesim/environment/path.dsv
[8.752s] -- Up-to-date: /home/pimpmobile/ros2_ws/install/turtlesim/share/turtlesim/local_setup.bash
[8.752s] -- Up-to-date: /home/pimpmobile/ros2_ws/install/turtlesim/share/turtlesim/local_setup.sh
[8.752s] -- Up-to-date: /home/pimpmobile/ros2_ws/install/turtlesim/share/turtlesim/local_setup.zsh
[8.753s] -- Up-to-date: /home/pimpmobile/ros2_ws/install/turtlesim/share/turtlesim/local_setup.dsv
[8.753s] -- Installing: /home/pimpmobile/ros2_ws/install/turtlesim/share/turtlesim/package.dsv
[8.753s] -- Up-to-date: /home/pimpmobile/ros2_ws/install/turtlesim/share/ament_index/resource_index/packages/turtlesim
[8.753s] -- Up-to-date: /home/pimpmobile/ros2_ws/install/turtlesim/share/turtlesim/cmake/turtlesim__rosidl_generator_cExport.cmake
[8.753s] -- Up-to-date: /home/pimpmobile/ros2_ws/install/turtlesim/share/turtlesim/cmake/turtlesim__rosidl_generator_cExport-noconfig.cmake
[8.753s] -- Up-to-date: /home/pimpmobile/ros2_ws/install/turtlesim/share/turtlesim/cmake/turtlesim__rosidl_typesupport_introspection_cExport.cmake
[8.753s] -- Up-to-date: /home/pimpmobile/ros2_ws/install/turtlesim/share/turtlesim/cmake/turtlesim__rosidl_typesupport_introspection_cExport-noconfig.cmake
[8.753s] -- Up-to-date: /home/pimpmobile/ros2_ws/install/turtlesim/share/turtlesim/cmake/turtlesim__rosidl_typesupport_cExport.cmake
[8.754s] -- Up-to-date: /home/pimpmobile/ros2_ws/install/turtlesim/share/turtlesim/cmake/turtlesim__rosidl_typesupport_cExport-noconfig.cmake
[8.754s] -- Up-to-date: /home/pimpmobile/ros2_ws/install/turtlesim/share/turtlesim/cmake/turtlesim__rosidl_generator_cppExport.cmake
[8.754s] -- Up-to-date: /home/pimpmobile/ros2_ws/install/turtlesim/share/turtlesim/cmake/turtlesim__rosidl_typesupport_introspection_cppExport.cmake
[8.754s] -- Up-to-date: /home/pimpmobile/ros2_ws/install/turtlesim/share/turtlesim/cmake/turtlesim__rosidl_typesupport_introspection_cppExport-noconfig.cmake
[8.754s] -- Up-to-date: /home/pimpmobile/ros2_ws/install/turtlesim/share/turtlesim/cmake/turtlesim__rosidl_typesupport_cppExport.cmake
[8.754s] -- Up-to-date: /home/pimpmobile/ros2_ws/install/turtlesim/share/turtlesim/cmake/turtlesim__rosidl_typesupport_cppExport-noconfig.cmake
[8.754s] -- Up-to-date: /home/pimpmobile/ros2_ws/install/turtlesim/share/turtlesim/cmake/rosidl_cmake-extras.cmake
[8.754s] -- Up-to-date: /home/pimpmobile/ros2_ws/install/turtlesim/share/turtlesim/cmake/ament_cmake_export_dependencies-extras.cmake
[8.754s] -- Up-to-date: /home/pimpmobile/ros2_ws/install/turtlesim/share/turtlesim/cmake/ament_cmake_export_libraries-extras.cmake
[8.755s] -- Up-to-date: /home/pimpmobile/ros2_ws/install/turtlesim/share/turtlesim/cmake/ament_cmake_export_targets-extras.cmake
[8.755s] -- Up-to-date: /home/pimpmobile/ros2_ws/install/turtlesim/share/turtlesim/cmake/ament_cmake_export_include_directories-extras.cmake
[8.755s] -- Up-to-date: /home/pimpmobile/ros2_ws/install/turtlesim/share/turtlesim/cmake/rosidl_cmake_export_typesupport_libraries-extras.cmake
[8.755s] -- Up-to-date: /home/pimpmobile/ros2_ws/install/turtlesim/share/turtlesim/cmake/rosidl_cmake_export_typesupport_targets-extras.cmake
[8.755s] -- Up-to-date: /home/pimpmobile/ros2_ws/install/turtlesim/share/turtlesim/cmake/turtlesimConfig.cmake
[8.756s] -- Up-to-date: /home/pimpmobile/ros2_ws/install/turtlesim/share/turtlesim/cmake/turtlesimConfig-version.cmake
[8.769s] -- Up-to-date: /home/pimpmobile/ros2_ws/install/turtlesim/share/turtlesim/package.xml
[8.770s] Invoked command in '/home/pimpmobile/ros2_ws/build/turtlesim' returned '0': CMAKE_PREFIX_PATH=${CMAKE_PREFIX_PATH}:/home/pimpmobile/ros2_ws/install/teleop_pm:/home/pimpmobile/ros2_ws/install/slam:/home/pimpmobile/ros2_ws/install/odometry:/home/pimpmobile/ros2_ws/install/master:/home/pimpmobile/ros2_ws/install/lidar:/home/pimpmobile/ros2_ws/install/gps_publisher:/opt/ros/foxy /usr/bin/cmake --install /home/pimpmobile/ros2_ws/build/turtlesim
