[13.197s] Invoking command in '/home/pimpmobile/ros2_ws/src/slam': PYTHONPATH=/home/pimpmobile/ros2_ws/build/slam/prefix_override:/home/pimpmobile/ros2_ws/install/slam/lib/python3.8/site-packages:${PYTHONPATH} /usr/bin/python3 setup.py egg_info --egg-base ../../build/slam build --build-base /home/pimpmobile/ros2_ws/build/slam/build install --record /home/pimpmobile/ros2_ws/build/slam/install.log --install-scripts $base/lib/slam --single-version-externally-managed
[13.499s] /home/pimpmobile/.local/lib/python3.8/site-packages/setuptools/dist.py:472: SetuptoolsDeprecationWarning: Invalid dash-separated options
[13.499s] !!
[13.500s] 
[13.500s]         ********************************************************************************
[13.500s]         Usage of dash-separated 'script-dir' will not be supported in future
[13.500s]         versions. Please use the underscore name 'script_dir' instead.
[13.500s] 
[13.500s]         By 2024-Sep-26, you need to update your project and remove deprecated calls
[13.500s]         or your builds will no longer be supported.
[13.501s] 
[13.501s]         See https://setuptools.pypa.io/en/latest/userguide/declarative_config.html for details.
[13.501s]         ********************************************************************************
[13.501s] 
[13.501s] !!
[13.501s]   opt = self.warn_dash_deprecation(opt, section)
[13.729s] running egg_info
[13.764s] writing ../../build/slam/slam.egg-info/PKG-INFO
[13.765s] writing dependency_links to ../../build/slam/slam.egg-info/dependency_links.txt
[13.765s] writing entry points to ../../build/slam/slam.egg-info/entry_points.txt
[13.766s] writing requirements to ../../build/slam/slam.egg-info/requires.txt
[13.766s] writing top-level names to ../../build/slam/slam.egg-info/top_level.txt
[14.057s] reading manifest file '../../build/slam/slam.egg-info/SOURCES.txt'
[14.057s] writing manifest file '../../build/slam/slam.egg-info/SOURCES.txt'
[14.061s] running build
[14.061s] running build_py
[14.061s] copying slam/__init__.py -> /home/pimpmobile/ros2_ws/build/slam/build/lib/slam
[14.061s] copying slam/odometry.py -> /home/pimpmobile/ros2_ws/build/slam/build/lib/slam
[14.061s] running install
[14.061s] /home/pimpmobile/.local/lib/python3.8/site-packages/setuptools/_distutils/cmd.py:66: SetuptoolsDeprecationWarning: setup.py install is deprecated.
[14.061s] !!
[14.062s] 
[14.062s]         ********************************************************************************
[14.062s]         Please avoid running ``setup.py`` directly.
[14.062s]         Instead, use pypa/build, pypa/installer or other
[14.062s]         standards-based tools.
[14.062s] 
[14.062s]         See https://blog.ganssle.io/articles/2021/10/setup-py-deprecated.html for details.
[14.062s]         ********************************************************************************
[14.063s] 
[14.063s] !!
[14.063s]   self.initialize_options()
[14.073s] running install_lib
[14.111s] Sorry: IndentationError: expected an indented block (odometry.py, line 28)
[14.111s] byte-compiling /home/pimpmobile/ros2_ws/install/slam/lib/python3.8/site-packages/slam/odometry.py to odometry.cpython-38.pyc
[14.111s] running install_data
[14.147s] copying resource/slam -> /home/pimpmobile/ros2_ws/install/slam/share/ament_index/resource_index/packages
[14.147s] copying package.xml -> /home/pimpmobile/ros2_ws/install/slam/share/slam
[14.147s] running install_egg_info
[14.184s] removing '/home/pimpmobile/ros2_ws/install/slam/lib/python3.8/site-packages/slam-0.0.0-py3.8.egg-info' (and everything under it)
[14.186s] Copying ../../build/slam/slam.egg-info to /home/pimpmobile/ros2_ws/install/slam/lib/python3.8/site-packages/slam-0.0.0-py3.8.egg-info
[14.188s] running install_scripts
[14.300s] Installing odometry script to /home/pimpmobile/ros2_ws/install/slam/lib/slam
[14.301s] writing list of installed files to '/home/pimpmobile/ros2_ws/build/slam/install.log'
[15.854s] Invoked command in '/home/pimpmobile/ros2_ws/src/slam' returned '0': PYTHONPATH=/home/pimpmobile/ros2_ws/build/slam/prefix_override:/home/pimpmobile/ros2_ws/install/slam/lib/python3.8/site-packages:${PYTHONPATH} /usr/bin/python3 setup.py egg_info --egg-base ../../build/slam build --build-base /home/pimpmobile/ros2_ws/build/slam/build install --record /home/pimpmobile/ros2_ws/build/slam/install.log --install-scripts $base/lib/slam --single-version-externally-managed
