[19.815s] Invoking command in '/home/pimpmobile/ros2_ws/src/lidar': PYTHONPATH=/home/pimpmobile/ros2_ws/build/lidar/prefix_override:/home/pimpmobile/ros2_ws/install/lidar/lib/python3.8/site-packages:${PYTHONPATH} /usr/bin/python3 setup.py egg_info --egg-base ../../build/lidar build --build-base /home/pimpmobile/ros2_ws/build/lidar/build install --record /home/pimpmobile/ros2_ws/build/lidar/install.log --install-scripts $base/lib/lidar --single-version-externally-managed
[20.095s] /home/pimpmobile/.local/lib/python3.8/site-packages/setuptools/dist.py:472: SetuptoolsDeprecationWarning: Invalid dash-separated options
[20.095s] !!
[20.096s] 
[20.096s]         ********************************************************************************
[20.096s]         Usage of dash-separated 'script-dir' will not be supported in future
[20.096s]         versions. Please use the underscore name 'script_dir' instead.
[20.096s] 
[20.096s]         By 2024-Sep-26, you need to update your project and remove deprecated calls
[20.096s]         or your builds will no longer be supported.
[20.096s] 
[20.097s]         See https://setuptools.pypa.io/en/latest/userguide/declarative_config.html for details.
[20.097s]         ********************************************************************************
[20.098s] 
[20.098s] !!
[20.099s]   opt = self.warn_dash_deprecation(opt, section)
[20.323s] running egg_info
[20.359s] writing ../../build/lidar/lidar.egg-info/PKG-INFO
[20.361s] writing dependency_links to ../../build/lidar/lidar.egg-info/dependency_links.txt
[20.361s] writing entry points to ../../build/lidar/lidar.egg-info/entry_points.txt
[20.361s] writing requirements to ../../build/lidar/lidar.egg-info/requires.txt
[20.361s] writing top-level names to ../../build/lidar/lidar.egg-info/top_level.txt
[20.649s] reading manifest file '../../build/lidar/lidar.egg-info/SOURCES.txt'
[20.651s] writing manifest file '../../build/lidar/lidar.egg-info/SOURCES.txt'
[20.652s] running build
[20.652s] running build_py
[20.653s] copying lidar/__init__.py -> /home/pimpmobile/ros2_ws/build/lidar/build/lib/lidar
[20.654s] copying lidar/lidarsubscriber.py -> /home/pimpmobile/ros2_ws/build/lidar/build/lib/lidar
[20.656s] copying lidar/publisher_member_function.py -> /home/pimpmobile/ros2_ws/build/lidar/build/lib/lidar
[20.656s] /home/pimpmobile/.local/lib/python3.8/site-packages/setuptools/_distutils/cmd.py:66: SetuptoolsDeprecationWarning: setup.py install is deprecated.
[20.657s] !!
[20.657s] 
[20.658s]         ********************************************************************************
[20.658s]         Please avoid running ``setup.py`` directly.
[20.659s]         Instead, use pypa/build, pypa/installer or other
[20.659s]         standards-based tools.
[20.660s] 
[20.660s]         See https://blog.ganssle.io/articles/2021/10/setup-py-deprecated.html for details.
[20.661s]         ********************************************************************************
[20.662s] 
[20.662s] !!
[20.664s]   self.initialize_options()
[20.665s] running install
[20.667s] running install_lib
[20.712s] running install_data
[20.741s] copying resource/lidar -> /home/pimpmobile/ros2_ws/install/lidar/share/ament_index/resource_index/packages
[20.742s] copying package.xml -> /home/pimpmobile/ros2_ws/install/lidar/share/lidar
[20.742s] running install_egg_info
[20.782s] removing '/home/pimpmobile/ros2_ws/install/lidar/lib/python3.8/site-packages/lidar-0.0.0-py3.8.egg-info' (and everything under it)
[20.782s] Copying ../../build/lidar/lidar.egg-info to /home/pimpmobile/ros2_ws/install/lidar/lib/python3.8/site-packages/lidar-0.0.0-py3.8.egg-info
[20.782s] running install_scripts
[20.892s] Installing lidar_listener script to /home/pimpmobile/ros2_ws/install/lidar/lib/lidar
[20.898s] Installing lidar_talker script to /home/pimpmobile/ros2_ws/install/lidar/lib/lidar
[20.899s] writing list of installed files to '/home/pimpmobile/ros2_ws/build/lidar/install.log'
[21.409s] Invoked command in '/home/pimpmobile/ros2_ws/src/lidar' returned '0': PYTHONPATH=/home/pimpmobile/ros2_ws/build/lidar/prefix_override:/home/pimpmobile/ros2_ws/install/lidar/lib/python3.8/site-packages:${PYTHONPATH} /usr/bin/python3 setup.py egg_info --egg-base ../../build/lidar build --build-base /home/pimpmobile/ros2_ws/build/lidar/build install --record /home/pimpmobile/ros2_ws/build/lidar/install.log --install-scripts $base/lib/lidar --single-version-externally-managed
