[3.201s] Invoking command in '/home/pimpmobile/ros2_ws/src/teleop_pm': PYTHONPATH=/home/pimpmobile/ros2_ws/build/teleop_pm/prefix_override:/home/pimpmobile/ros2_ws/install/teleop_pm/lib/python3.8/site-packages:${PYTHONPATH} /usr/bin/python3 setup.py egg_info --egg-base ../../build/teleop_pm build --build-base /home/pimpmobile/ros2_ws/build/teleop_pm/build install --record /home/pimpmobile/ros2_ws/build/teleop_pm/install.log --install-scripts $base/lib/teleop_pm --single-version-externally-managed
[3.645s] running egg_info
[3.647s] writing ../../build/teleop_pm/teleop_pm.egg-info/PKG-INFO
[3.648s] writing dependency_links to ../../build/teleop_pm/teleop_pm.egg-info/dependency_links.txt
[3.649s] writing entry points to ../../build/teleop_pm/teleop_pm.egg-info/entry_points.txt
[3.650s] writing requirements to ../../build/teleop_pm/teleop_pm.egg-info/requires.txt
[3.650s] writing top-level names to ../../build/teleop_pm/teleop_pm.egg-info/top_level.txt
[3.715s] reading manifest file '../../build/teleop_pm/teleop_pm.egg-info/SOURCES.txt'
[3.716s] writing manifest file '../../build/teleop_pm/teleop_pm.egg-info/SOURCES.txt'
[3.716s] running build
[3.717s] running build_py
[3.717s] copying teleop_pm/subscriber_member_function.py -> /home/pimpmobile/ros2_ws/build/teleop_pm/build/lib/teleop_pm
[3.718s] running install
[3.719s] running install_lib
[3.721s] copying /home/pimpmobile/ros2_ws/build/teleop_pm/build/lib/teleop_pm/subscriber_member_function.py -> /home/pimpmobile/ros2_ws/install/teleop_pm/lib/python3.8/site-packages/teleop_pm
[3.723s] byte-compiling /home/pimpmobile/ros2_ws/install/teleop_pm/lib/python3.8/site-packages/teleop_pm/subscriber_member_function.py to subscriber_member_function.cpython-38.pyc
[3.726s] running install_data
[3.727s] running install_egg_info
[3.730s] removing '/home/pimpmobile/ros2_ws/install/teleop_pm/lib/python3.8/site-packages/teleop_pm-0.0.0-py3.8.egg-info' (and everything under it)
[3.731s] Copying ../../build/teleop_pm/teleop_pm.egg-info to /home/pimpmobile/ros2_ws/install/teleop_pm/lib/python3.8/site-packages/teleop_pm-0.0.0-py3.8.egg-info
[3.733s] running install_scripts
[3.770s] Installing teleop_pm_sub script to /home/pimpmobile/ros2_ws/install/teleop_pm/lib/teleop_pm
[3.771s] writing list of installed files to '/home/pimpmobile/ros2_ws/build/teleop_pm/install.log'
[3.834s] Invoked command in '/home/pimpmobile/ros2_ws/src/teleop_pm' returned '0': PYTHONPATH=/home/pimpmobile/ros2_ws/build/teleop_pm/prefix_override:/home/pimpmobile/ros2_ws/install/teleop_pm/lib/python3.8/site-packages:${PYTHONPATH} /usr/bin/python3 setup.py egg_info --egg-base ../../build/teleop_pm build --build-base /home/pimpmobile/ros2_ws/build/teleop_pm/build install --record /home/pimpmobile/ros2_ws/build/teleop_pm/install.log --install-scripts $base/lib/teleop_pm --single-version-externally-managed
