[2.079s] Invoking command in '/home/pimpmobile/ros2_ws/src/master': PYTHONPATH=/home/pimpmobile/ros2_ws/build/master/prefix_override:/usr/lib/python3/dist-packages/colcon_core/task/python/colcon_distutils_commands:/home/pimpmobile/ros2_ws/install/master/lib/python3.8/site-packages:${PYTHONPATH} /usr/bin/python3 -W ignore:setup.py install is deprecated setup.py egg_info --egg-base ../../build/master build --build-base /home/pimpmobile/ros2_ws/build/master/build install --record /home/pimpmobile/ros2_ws/build/master/install.log --install-scripts $base/lib/master --single-version-externally-managed install_data
[2.361s] /home/pimpmobile/.local/lib/python3.8/site-packages/setuptools/dist.py:472: SetuptoolsDeprecationWarning: Invalid dash-separated options
[2.362s] !!
[2.362s] 
[2.362s]         ********************************************************************************
[2.362s]         Usage of dash-separated 'script-dir' will not be supported in future
[2.363s]         versions. Please use the underscore name 'script_dir' instead.
[2.363s] 
[2.363s]         This deprecation is overdue, please update your project and remove deprecated
[2.363s]         calls to avoid build errors in the future.
[2.364s] 
[2.364s]         See https://setuptools.pypa.io/en/latest/userguide/declarative_config.html for details.
[2.364s]         ********************************************************************************
[2.364s] 
[2.365s] !!
[2.365s]   opt = self.warn_dash_deprecation(opt, section)
[2.671s] running egg_info
[2.710s] writing ../../build/master/master.egg-info/PKG-INFO
[2.711s] writing dependency_links to ../../build/master/master.egg-info/dependency_links.txt
[2.712s] writing entry points to ../../build/master/master.egg-info/entry_points.txt
[2.712s] writing requirements to ../../build/master/master.egg-info/requires.txt
[2.712s] writing top-level names to ../../build/master/master.egg-info/top_level.txt
[4.071s] writing manifest file '../../build/master/master.egg-info/SOURCES.txt'
[4.071s] running build
[4.071s] running build_py
[4.071s] copying master/stanley_controller.py -> /home/pimpmobile/ros2_ws/build/master/build/lib/master
[4.072s] copying master/pid.py -> /home/pimpmobile/ros2_ws/build/master/build/lib/master
[4.072s] copying master/__init__.py -> /home/pimpmobile/ros2_ws/build/master/build/lib/master
[4.073s] copying master/gstreamer_host.py -> /home/pimpmobile/ros2_ws/build/master/build/lib/master
[4.073s] copying master/master_code.py -> /home/pimpmobile/ros2_ws/build/master/build/lib/master
[4.073s] copying master/odometry.py -> /home/pimpmobile/ros2_ws/build/master/build/lib/master
[4.074s] running install
[4.086s] running install_lib
[4.130s] copying /home/pimpmobile/ros2_ws/build/master/build/lib/master/gstreamer_host.py -> /home/pimpmobile/ros2_ws/install/master/lib/python3.8/site-packages/master
[4.130s] copying /home/pimpmobile/ros2_ws/build/master/build/lib/master/master_code.py -> /home/pimpmobile/ros2_ws/install/master/lib/python3.8/site-packages/master
[4.132s] byte-compiling /home/pimpmobile/ros2_ws/install/master/lib/python3.8/site-packages/master/gstreamer_host.py to gstreamer_host.cpython-38.pyc
[4.134s] byte-compiling /home/pimpmobile/ros2_ws/install/master/lib/python3.8/site-packages/master/master_code.py to master_code.cpython-38.pyc
[4.137s] running install_data
[4.138s] copying resource/master -> /home/pimpmobile/ros2_ws/install/master/share/ament_index/resource_index/packages
[4.138s] copying package.xml -> /home/pimpmobile/ros2_ws/install/master/share/master
[4.138s] running install_egg_info
[4.200s] removing '/home/pimpmobile/ros2_ws/install/master/lib/python3.8/site-packages/master-0.0.0-py3.8.egg-info' (and everything under it)
[4.201s] Copying ../../build/master/master.egg-info to /home/pimpmobile/ros2_ws/install/master/lib/python3.8/site-packages/master-0.0.0-py3.8.egg-info
[4.203s] running install_scripts
[4.323s] Installing master script to /home/pimpmobile/ros2_ws/install/master/lib/master
[4.324s] writing list of installed files to '/home/pimpmobile/ros2_ws/build/master/install.log'
[4.405s] Invoked command in '/home/pimpmobile/ros2_ws/src/master' returned '0': PYTHONPATH=/home/pimpmobile/ros2_ws/build/master/prefix_override:/usr/lib/python3/dist-packages/colcon_core/task/python/colcon_distutils_commands:/home/pimpmobile/ros2_ws/install/master/lib/python3.8/site-packages:${PYTHONPATH} /usr/bin/python3 -W ignore:setup.py install is deprecated setup.py egg_info --egg-base ../../build/master build --build-base /home/pimpmobile/ros2_ws/build/master/build install --record /home/pimpmobile/ros2_ws/build/master/install.log --install-scripts $base/lib/master --single-version-externally-managed install_data
