[4.340s] Invoking command in '/home/pimpmobile/ros2_ws/src/master': PYTHONPATH=/home/pimpmobile/ros2_ws/build/master/prefix_override:/home/pimpmobile/ros2_ws/install/master/lib/python3.8/site-packages:${PYTHONPATH} /usr/bin/python3 setup.py egg_info --egg-base ../../build/master build --build-base /home/pimpmobile/ros2_ws/build/master/build install --record /home/pimpmobile/ros2_ws/build/master/install.log --install-scripts $base/lib/master --single-version-externally-managed
[4.613s] /home/pimpmobile/.local/lib/python3.8/site-packages/setuptools/dist.py:472: SetuptoolsDeprecationWarning: Invalid dash-separated options
[4.613s] !!
[4.613s] 
[4.613s]         ********************************************************************************
[4.613s]         Usage of dash-separated 'script-dir' will not be supported in future
[4.613s]         versions. Please use the underscore name 'script_dir' instead.
[4.613s] 
[4.614s]         By 2024-Sep-26, you need to update your project and remove deprecated calls
[4.614s]         or your builds will no longer be supported.
[4.614s] 
[4.614s]         See https://setuptools.pypa.io/en/latest/userguide/declarative_config.html for details.
[4.614s]         ********************************************************************************
[4.614s] 
[4.614s] !!
[4.614s]   opt = self.warn_dash_deprecation(opt, section)
[4.830s] running egg_info
[4.864s] writing ../../build/master/master.egg-info/PKG-INFO
[4.865s] writing dependency_links to ../../build/master/master.egg-info/dependency_links.txt
[4.866s] writing entry points to ../../build/master/master.egg-info/entry_points.txt
[4.866s] writing requirements to ../../build/master/master.egg-info/requires.txt
[4.866s] writing top-level names to ../../build/master/master.egg-info/top_level.txt
[5.148s] reading manifest file '../../build/master/master.egg-info/SOURCES.txt'
[5.150s] writing manifest file '../../build/master/master.egg-info/SOURCES.txt'
[5.150s] running build
[5.151s] running build_py
[5.151s] copying master/__init__.py -> /home/pimpmobile/ros2_ws/build/master/build/lib/master
[5.151s] copying master/master_code.py -> /home/pimpmobile/ros2_ws/build/master/build/lib/master
[5.151s] copying master/odometry.py -> /home/pimpmobile/ros2_ws/build/master/build/lib/master
[5.152s] running install
[5.152s] /home/pimpmobile/.local/lib/python3.8/site-packages/setuptools/_distutils/cmd.py:66: SetuptoolsDeprecationWarning: setup.py install is deprecated.
[5.153s] !!
[5.153s] 
[5.153s]         ********************************************************************************
[5.153s]         Please avoid running ``setup.py`` directly.
[5.154s]         Instead, use pypa/build, pypa/installer or other
[5.154s]         standards-based tools.
[5.154s] 
[5.154s]         See https://blog.ganssle.io/articles/2021/10/setup-py-deprecated.html for details.
[5.155s]         ********************************************************************************
[5.155s] 
[5.155s] !!
[5.156s]   self.initialize_options()
[5.164s] running install_lib
[5.199s] copying /home/pimpmobile/ros2_ws/build/master/build/lib/master/master_code.py -> /home/pimpmobile/ros2_ws/install/master/lib/python3.8/site-packages/master
[5.200s] byte-compiling /home/pimpmobile/ros2_ws/install/master/lib/python3.8/site-packages/master/master_code.py to master_code.cpython-38.pyc
[5.202s] running install_data
[5.237s] copying resource/master -> /home/pimpmobile/ros2_ws/install/master/share/ament_index/resource_index/packages
[5.238s] copying package.xml -> /home/pimpmobile/ros2_ws/install/master/share/master
[5.238s] running install_egg_info
[5.274s] removing '/home/pimpmobile/ros2_ws/install/master/lib/python3.8/site-packages/master-0.0.0-py3.8.egg-info' (and everything under it)
[5.275s] Copying ../../build/master/master.egg-info to /home/pimpmobile/ros2_ws/install/master/lib/python3.8/site-packages/master-0.0.0-py3.8.egg-info
[5.277s] running install_scripts
[5.382s] Installing master script to /home/pimpmobile/ros2_ws/install/master/lib/master
[5.383s] writing list of installed files to '/home/pimpmobile/ros2_ws/build/master/install.log'
[5.455s] Invoked command in '/home/pimpmobile/ros2_ws/src/master' returned '0': PYTHONPATH=/home/pimpmobile/ros2_ws/build/master/prefix_override:/home/pimpmobile/ros2_ws/install/master/lib/python3.8/site-packages:${PYTHONPATH} /usr/bin/python3 setup.py egg_info --egg-base ../../build/master build --build-base /home/pimpmobile/ros2_ws/build/master/build install --record /home/pimpmobile/ros2_ws/build/master/install.log --install-scripts $base/lib/master --single-version-externally-managed
