[17.998s] Invoking command in '/home/pimpmobile/ros2_ws/src/lidar': PYTHONPATH=/home/pimpmobile/ros2_ws/build/lidar/prefix_override:/home/pimpmobile/ros2_ws/install/lidar/lib/python3.8/site-packages:${PYTHONPATH} /usr/bin/python3 setup.py egg_info --egg-base ../../build/lidar build --build-base /home/pimpmobile/ros2_ws/build/lidar/build install --record /home/pimpmobile/ros2_ws/build/lidar/install.log --install-scripts $base/lib/lidar --single-version-externally-managed
[18.281s] /home/pimpmobile/.local/lib/python3.8/site-packages/setuptools/dist.py:472: SetuptoolsDeprecationWarning: Invalid dash-separated options
[18.281s] !!
[18.281s] 
[18.281s]         ********************************************************************************
[18.282s]         Usage of dash-separated 'script-dir' will not be supported in future
[18.282s]         versions. Please use the underscore name 'script_dir' instead.
[18.282s] 
[18.282s]         By 2024-Sep-26, you need to update your project and remove deprecated calls
[18.282s]         or your builds will no longer be supported.
[18.282s] 
[18.282s]         See https://setuptools.pypa.io/en/latest/userguide/declarative_config.html for details.
[18.282s]         ********************************************************************************
[18.283s] 
[18.283s] !!
[18.283s]   opt = self.warn_dash_deprecation(opt, section)
[18.510s] running egg_info
[18.547s] writing ../../build/lidar/lidar.egg-info/PKG-INFO
[18.548s] writing dependency_links to ../../build/lidar/lidar.egg-info/dependency_links.txt
[18.549s] writing entry points to ../../build/lidar/lidar.egg-info/entry_points.txt
[18.550s] writing requirements to ../../build/lidar/lidar.egg-info/requires.txt
[18.550s] writing top-level names to ../../build/lidar/lidar.egg-info/top_level.txt
[18.837s] reading manifest file '../../build/lidar/lidar.egg-info/SOURCES.txt'
[18.839s] writing manifest file '../../build/lidar/lidar.egg-info/SOURCES.txt'
[18.839s] running build
[18.839s] running build_py
[18.840s] copying lidar/__init__.py -> /home/pimpmobile/ros2_ws/build/lidar/build/lib/lidar
[18.840s] copying lidar/lidarsubscriber.py -> /home/pimpmobile/ros2_ws/build/lidar/build/lib/lidar
[18.841s] copying lidar/publisher_member_function.py -> /home/pimpmobile/ros2_ws/build/lidar/build/lib/lidar
[18.844s] running install
[18.844s] /home/pimpmobile/.local/lib/python3.8/site-packages/setuptools/_distutils/cmd.py:66: SetuptoolsDeprecationWarning: setup.py install is deprecated.
[18.844s] !!
[18.844s] 
[18.844s]         ********************************************************************************
[18.844s]         Please avoid running ``setup.py`` directly.
[18.844s]         Instead, use pypa/build, pypa/installer or other
[18.845s]         standards-based tools.
[18.845s] 
[18.845s]         See https://blog.ganssle.io/articles/2021/10/setup-py-deprecated.html for details.
[18.845s]         ********************************************************************************
[18.845s] 
[18.845s] !!
[18.845s]   self.initialize_options()
[18.856s] running install_lib
[18.896s] running install_data
[18.928s] copying resource/lidar -> /home/pimpmobile/ros2_ws/install/lidar/share/ament_index/resource_index/packages
[18.929s] copying package.xml -> /home/pimpmobile/ros2_ws/install/lidar/share/lidar
[18.929s] running install_egg_info
[18.967s] removing '/home/pimpmobile/ros2_ws/install/lidar/lib/python3.8/site-packages/lidar-0.0.0-py3.8.egg-info' (and everything under it)
[18.968s] Copying ../../build/lidar/lidar.egg-info to /home/pimpmobile/ros2_ws/install/lidar/lib/python3.8/site-packages/lidar-0.0.0-py3.8.egg-info
[18.970s] running install_scripts
[19.083s] Installing lidar_listener script to /home/pimpmobile/ros2_ws/install/lidar/lib/lidar
[19.083s] Installing lidar_talker script to /home/pimpmobile/ros2_ws/install/lidar/lib/lidar
[19.084s] writing list of installed files to '/home/pimpmobile/ros2_ws/build/lidar/install.log'
[19.970s] Invoked command in '/home/pimpmobile/ros2_ws/src/lidar' returned '0': PYTHONPATH=/home/pimpmobile/ros2_ws/build/lidar/prefix_override:/home/pimpmobile/ros2_ws/install/lidar/lib/python3.8/site-packages:${PYTHONPATH} /usr/bin/python3 setup.py egg_info --egg-base ../../build/lidar build --build-base /home/pimpmobile/ros2_ws/build/lidar/build install --record /home/pimpmobile/ros2_ws/build/lidar/install.log --install-scripts $base/lib/lidar --single-version-externally-managed
