[2.055s] Invoking command in '/home/pimpmobile/ros2_ws/src/master': PYTHONPATH=/home/pimpmobile/ros2_ws/build/master/prefix_override:/usr/lib/python3/dist-packages/colcon_core/task/python/colcon_distutils_commands:/home/pimpmobile/ros2_ws/install/master/lib/python3.8/site-packages:${PYTHONPATH} /usr/bin/python3 -W ignore:setup.py install is deprecated setup.py egg_info --egg-base ../../build/master build --build-base /home/pimpmobile/ros2_ws/build/master/build install --record /home/pimpmobile/ros2_ws/build/master/install.log --install-scripts $base/lib/master --single-version-externally-managed install_data
[2.334s] /home/pimpmobile/.local/lib/python3.8/site-packages/setuptools/dist.py:472: SetuptoolsDeprecationWarning: Invalid dash-separated options
[2.334s] !!
[2.334s] 
[2.334s]         ********************************************************************************
[2.335s]         Usage of dash-separated 'script-dir' will not be supported in future
[2.335s]         versions. Please use the underscore name 'script_dir' instead.
[2.335s] 
[2.335s]         By 2024-Sep-26, you need to update your project and remove deprecated calls
[2.335s]         or your builds will no longer be supported.
[2.335s] 
[2.335s]         See https://setuptools.pypa.io/en/latest/userguide/declarative_config.html for details.
[2.336s]         ********************************************************************************
[2.336s] 
[2.336s] !!
[2.336s]   opt = self.warn_dash_deprecation(opt, section)
[2.652s] running egg_info
[2.692s] writing ../../build/master/master.egg-info/PKG-INFO
[2.693s] writing dependency_links to ../../build/master/master.egg-info/dependency_links.txt
[2.693s] writing entry points to ../../build/master/master.egg-info/entry_points.txt
[2.694s] writing requirements to ../../build/master/master.egg-info/requires.txt
[2.694s] writing top-level names to ../../build/master/master.egg-info/top_level.txt
[3.930s] writing manifest file '../../build/master/master.egg-info/SOURCES.txt'
[3.930s] running build
[3.930s] running build_py
[3.931s] copying master/stanley_controller.py -> /home/pimpmobile/ros2_ws/build/master/build/lib/master
[3.931s] copying master/__init__.py -> /home/pimpmobile/ros2_ws/build/master/build/lib/master
[3.932s] copying master/gstreamer_host.py -> /home/pimpmobile/ros2_ws/build/master/build/lib/master
[3.932s] copying master/master_code.py -> /home/pimpmobile/ros2_ws/build/master/build/lib/master
[3.932s] copying master/odometry.py -> /home/pimpmobile/ros2_ws/build/master/build/lib/master
[3.933s] running install
[3.945s] running install_lib
[3.989s] copying /home/pimpmobile/ros2_ws/build/master/build/lib/master/master_code.py -> /home/pimpmobile/ros2_ws/install/master/lib/python3.8/site-packages/master
[3.991s] byte-compiling /home/pimpmobile/ros2_ws/install/master/lib/python3.8/site-packages/master/master_code.py to master_code.cpython-38.pyc
[3.993s] running install_data
[3.994s] copying resource/master -> /home/pimpmobile/ros2_ws/install/master/share/ament_index/resource_index/packages
[3.994s] copying package.xml -> /home/pimpmobile/ros2_ws/install/master/share/master
[3.994s] running install_egg_info
[4.036s] removing '/home/pimpmobile/ros2_ws/install/master/lib/python3.8/site-packages/master-0.0.0-py3.8.egg-info' (and everything under it)
[4.037s] Copying ../../build/master/master.egg-info to /home/pimpmobile/ros2_ws/install/master/lib/python3.8/site-packages/master-0.0.0-py3.8.egg-info
[4.039s] running install_scripts
[4.175s] Installing master script to /home/pimpmobile/ros2_ws/install/master/lib/master
[4.176s] writing list of installed files to '/home/pimpmobile/ros2_ws/build/master/install.log'
[4.254s] Invoked command in '/home/pimpmobile/ros2_ws/src/master' returned '0': PYTHONPATH=/home/pimpmobile/ros2_ws/build/master/prefix_override:/usr/lib/python3/dist-packages/colcon_core/task/python/colcon_distutils_commands:/home/pimpmobile/ros2_ws/install/master/lib/python3.8/site-packages:${PYTHONPATH} /usr/bin/python3 -W ignore:setup.py install is deprecated setup.py egg_info --egg-base ../../build/master build --build-base /home/pimpmobile/ros2_ws/build/master/build install --record /home/pimpmobile/ros2_ws/build/master/install.log --install-scripts $base/lib/master --single-version-externally-managed install_data
