running egg_info
creating ../../build/teleop_pm/teleop_pm.egg-info
writing ../../build/teleop_pm/teleop_pm.egg-info/PKG-INFO
writing dependency_links to ../../build/teleop_pm/teleop_pm.egg-info/dependency_links.txt
writing entry points to ../../build/teleop_pm/teleop_pm.egg-info/entry_points.txt
writing requirements to ../../build/teleop_pm/teleop_pm.egg-info/requires.txt
writing top-level names to ../../build/teleop_pm/teleop_pm.egg-info/top_level.txt
writing manifest file '../../build/teleop_pm/teleop_pm.egg-info/SOURCES.txt'
reading manifest file '../../build/teleop_pm/teleop_pm.egg-info/SOURCES.txt'
writing manifest file '../../build/teleop_pm/teleop_pm.egg-info/SOURCES.txt'
running build
running build_py
creating /home/pimpmobile/ros2_ws/build/teleop_pm/build
creating /home/pimpmobile/ros2_ws/build/teleop_pm/build/lib
creating /home/pimpmobile/ros2_ws/build/teleop_pm/build/lib/teleop_pm
copying teleop_pm/__init__.py -> /home/pimpmobile/ros2_ws/build/teleop_pm/build/lib/teleop_pm
copying teleop_pm/subscriber_member_function.py -> /home/pimpmobile/ros2_ws/build/teleop_pm/build/lib/teleop_pm
running install
running install_lib
creating /home/pimpmobile/ros2_ws/install/teleop_pm/lib/python3.8/site-packages/teleop_pm
copying /home/pimpmobile/ros2_ws/build/teleop_pm/build/lib/teleop_pm/__init__.py -> /home/pimpmobile/ros2_ws/install/teleop_pm/lib/python3.8/site-packages/teleop_pm
copying /home/pimpmobile/ros2_ws/build/teleop_pm/build/lib/teleop_pm/subscriber_member_function.py -> /home/pimpmobile/ros2_ws/install/teleop_pm/lib/python3.8/site-packages/teleop_pm
byte-compiling /home/pimpmobile/ros2_ws/install/teleop_pm/lib/python3.8/site-packages/teleop_pm/__init__.py to __init__.cpython-38.pyc
byte-compiling /home/pimpmobile/ros2_ws/install/teleop_pm/lib/python3.8/site-packages/teleop_pm/subscriber_member_function.py to subscriber_member_function.cpython-38.pyc
running install_data
creating /home/pimpmobile/ros2_ws/install/teleop_pm/share/ament_index
creating /home/pimpmobile/ros2_ws/install/teleop_pm/share/ament_index/resource_index
creating /home/pimpmobile/ros2_ws/install/teleop_pm/share/ament_index/resource_index/packages
copying resource/teleop_pm -> /home/pimpmobile/ros2_ws/install/teleop_pm/share/ament_index/resource_index/packages
copying package.xml -> /home/pimpmobile/ros2_ws/install/teleop_pm/share/teleop_pm
running install_egg_info
Copying ../../build/teleop_pm/teleop_pm.egg-info to /home/pimpmobile/ros2_ws/install/teleop_pm/lib/python3.8/site-packages/teleop_pm-0.0.0-py3.8.egg-info
running install_scripts
Installing teleop_pm_sub script to /home/pimpmobile/ros2_ws/install/teleop_pm/lib/teleop_pm
writing list of installed files to '/home/pimpmobile/ros2_ws/build/teleop_pm/install.log'
