[2.493s] Invoking command in '/home/pimpmobile/ros2_ws/src/teleop_pm': PYTHONPATH=/home/pimpmobile/ros2_ws/build/teleop_pm/prefix_override:/home/pimpmobile/ros2_ws/install/teleop_pm/lib/python3.8/site-packages:${PYTHONPATH} /usr/bin/python3 setup.py egg_info --egg-base ../../build/teleop_pm build --build-base /home/pimpmobile/ros2_ws/build/teleop_pm/build install --record /home/pimpmobile/ros2_ws/build/teleop_pm/install.log --install-scripts $base/lib/teleop_pm --single-version-externally-managed
[2.957s] running egg_info
[2.959s] creating ../../build/teleop_pm/teleop_pm.egg-info
[2.959s] writing ../../build/teleop_pm/teleop_pm.egg-info/PKG-INFO
[2.960s] writing dependency_links to ../../build/teleop_pm/teleop_pm.egg-info/dependency_links.txt
[2.960s] writing entry points to ../../build/teleop_pm/teleop_pm.egg-info/entry_points.txt
[2.961s] writing requirements to ../../build/teleop_pm/teleop_pm.egg-info/requires.txt
[2.961s] writing top-level names to ../../build/teleop_pm/teleop_pm.egg-info/top_level.txt
[2.963s] writing manifest file '../../build/teleop_pm/teleop_pm.egg-info/SOURCES.txt'
[3.023s] reading manifest file '../../build/teleop_pm/teleop_pm.egg-info/SOURCES.txt'
[3.025s] writing manifest file '../../build/teleop_pm/teleop_pm.egg-info/SOURCES.txt'
[3.026s] running build
[3.026s] running build_py
[3.027s] creating /home/pimpmobile/ros2_ws/build/teleop_pm/build
[3.027s] creating /home/pimpmobile/ros2_ws/build/teleop_pm/build/lib
[3.027s] creating /home/pimpmobile/ros2_ws/build/teleop_pm/build/lib/teleop_pm
[3.027s] copying teleop_pm/__init__.py -> /home/pimpmobile/ros2_ws/build/teleop_pm/build/lib/teleop_pm
[3.028s] copying teleop_pm/subscriber_member_function.py -> /home/pimpmobile/ros2_ws/build/teleop_pm/build/lib/teleop_pm
[3.028s] running install
[3.028s] running install_lib
[3.029s] creating /home/pimpmobile/ros2_ws/install/teleop_pm/lib/python3.8/site-packages/teleop_pm
[3.030s] copying /home/pimpmobile/ros2_ws/build/teleop_pm/build/lib/teleop_pm/__init__.py -> /home/pimpmobile/ros2_ws/install/teleop_pm/lib/python3.8/site-packages/teleop_pm
[3.030s] copying /home/pimpmobile/ros2_ws/build/teleop_pm/build/lib/teleop_pm/subscriber_member_function.py -> /home/pimpmobile/ros2_ws/install/teleop_pm/lib/python3.8/site-packages/teleop_pm
[3.031s] byte-compiling /home/pimpmobile/ros2_ws/install/teleop_pm/lib/python3.8/site-packages/teleop_pm/__init__.py to __init__.cpython-38.pyc
[3.033s] byte-compiling /home/pimpmobile/ros2_ws/install/teleop_pm/lib/python3.8/site-packages/teleop_pm/subscriber_member_function.py to subscriber_member_function.cpython-38.pyc
[3.034s] running install_data
[3.035s] creating /home/pimpmobile/ros2_ws/install/teleop_pm/share/ament_index
[3.035s] creating /home/pimpmobile/ros2_ws/install/teleop_pm/share/ament_index/resource_index
[3.035s] creating /home/pimpmobile/ros2_ws/install/teleop_pm/share/ament_index/resource_index/packages
[3.036s] copying resource/teleop_pm -> /home/pimpmobile/ros2_ws/install/teleop_pm/share/ament_index/resource_index/packages
[3.036s] copying package.xml -> /home/pimpmobile/ros2_ws/install/teleop_pm/share/teleop_pm
[3.036s] running install_egg_info
[3.038s] Copying ../../build/teleop_pm/teleop_pm.egg-info to /home/pimpmobile/ros2_ws/install/teleop_pm/lib/python3.8/site-packages/teleop_pm-0.0.0-py3.8.egg-info
[3.040s] running install_scripts
[3.077s] Installing teleop_pm_sub script to /home/pimpmobile/ros2_ws/install/teleop_pm/lib/teleop_pm
[3.077s] writing list of installed files to '/home/pimpmobile/ros2_ws/build/teleop_pm/install.log'
[3.132s] Invoked command in '/home/pimpmobile/ros2_ws/src/teleop_pm' returned '0': PYTHONPATH=/home/pimpmobile/ros2_ws/build/teleop_pm/prefix_override:/home/pimpmobile/ros2_ws/install/teleop_pm/lib/python3.8/site-packages:${PYTHONPATH} /usr/bin/python3 setup.py egg_info --egg-base ../../build/teleop_pm build --build-base /home/pimpmobile/ros2_ws/build/teleop_pm/build install --record /home/pimpmobile/ros2_ws/build/teleop_pm/install.log --install-scripts $base/lib/teleop_pm --single-version-externally-managed
