running egg_info
creating ../../build/ros_stream/ros_stream.egg-info
writing ../../build/ros_stream/ros_stream.egg-info/PKG-INFO
writing dependency_links to ../../build/ros_stream/ros_stream.egg-info/dependency_links.txt
writing entry points to ../../build/ros_stream/ros_stream.egg-info/entry_points.txt
writing requirements to ../../build/ros_stream/ros_stream.egg-info/requires.txt
writing top-level names to ../../build/ros_stream/ros_stream.egg-info/top_level.txt
writing manifest file '../../build/ros_stream/ros_stream.egg-info/SOURCES.txt'
reading manifest file '../../build/ros_stream/ros_stream.egg-info/SOURCES.txt'
writing manifest file '../../build/ros_stream/ros_stream.egg-info/SOURCES.txt'
running build
running build_py
creating /home/pimpmobile/ros2_ws/build/ros_stream/build
creating /home/pimpmobile/ros2_ws/build/ros_stream/build/lib
creating /home/pimpmobile/ros2_ws/build/ros_stream/build/lib/ros_stream
copying ros_stream/__init__.py -> /home/pimpmobile/ros2_ws/build/ros_stream/build/lib/ros_stream
copying ros_stream/stream_host_test.py -> /home/pimpmobile/ros2_ws/build/ros_stream/build/lib/ros_stream
running install
running install_lib
creating /home/pimpmobile/ros2_ws/install/ros_stream/lib/python3.10/site-packages/ros_stream
copying /home/pimpmobile/ros2_ws/build/ros_stream/build/lib/ros_stream/__init__.py -> /home/pimpmobile/ros2_ws/install/ros_stream/lib/python3.10/site-packages/ros_stream
copying /home/pimpmobile/ros2_ws/build/ros_stream/build/lib/ros_stream/stream_host_test.py -> /home/pimpmobile/ros2_ws/install/ros_stream/lib/python3.10/site-packages/ros_stream
byte-compiling /home/pimpmobile/ros2_ws/install/ros_stream/lib/python3.10/site-packages/ros_stream/__init__.py to __init__.cpython-310.pyc
byte-compiling /home/pimpmobile/ros2_ws/install/ros_stream/lib/python3.10/site-packages/ros_stream/stream_host_test.py to stream_host_test.cpython-310.pyc
running install_data
creating /home/pimpmobile/ros2_ws/install/ros_stream/share/ament_index
creating /home/pimpmobile/ros2_ws/install/ros_stream/share/ament_index/resource_index
creating /home/pimpmobile/ros2_ws/install/ros_stream/share/ament_index/resource_index/packages
copying resource/ros_stream -> /home/pimpmobile/ros2_ws/install/ros_stream/share/ament_index/resource_index/packages
copying package.xml -> /home/pimpmobile/ros2_ws/install/ros_stream/share/ros_stream
running install_egg_info
Copying ../../build/ros_stream/ros_stream.egg-info to /home/pimpmobile/ros2_ws/install/ros_stream/lib/python3.10/site-packages/ros_stream-0.0.0-py3.10.egg-info
running install_scripts
Installing video_stream script to /home/pimpmobile/ros2_ws/install/ros_stream/lib/ros_stream
writing list of installed files to '/home/pimpmobile/ros2_ws/build/ros_stream/install.log'
