[4.641s] Invoking command in '/home/pimpmobile/ros2_ws/src/master': PYTHONPATH=/home/pimpmobile/ros2_ws/build/master/prefix_override:/home/pimpmobile/ros2_ws/install/master/lib/python3.8/site-packages:${PYTHONPATH} /usr/bin/python3 setup.py egg_info --egg-base ../../build/master build --build-base /home/pimpmobile/ros2_ws/build/master/build install --record /home/pimpmobile/ros2_ws/build/master/install.log --install-scripts $base/lib/master --single-version-externally-managed
[4.924s] /home/pimpmobile/.local/lib/python3.8/site-packages/setuptools/dist.py:472: SetuptoolsDeprecationWarning: Invalid dash-separated options
[4.925s] !!
[4.925s] 
[4.925s]         ********************************************************************************
[4.926s]         Usage of dash-separated 'script-dir' will not be supported in future
[4.926s]         versions. Please use the underscore name 'script_dir' instead.
[4.926s] 
[4.926s]         By 2024-Sep-26, you need to update your project and remove deprecated calls
[4.927s]         or your builds will no longer be supported.
[4.927s] 
[4.927s]         See https://setuptools.pypa.io/en/latest/userguide/declarative_config.html for details.
[4.927s]         ********************************************************************************
[4.928s] 
[4.928s] !!
[4.928s]   opt = self.warn_dash_deprecation(opt, section)
[5.177s] running egg_info
[5.215s] writing ../../build/master/master.egg-info/PKG-INFO
[5.216s] writing dependency_links to ../../build/master/master.egg-info/dependency_links.txt
[5.216s] writing entry points to ../../build/master/master.egg-info/entry_points.txt
[5.217s] writing requirements to ../../build/master/master.egg-info/requires.txt
[5.217s] writing top-level names to ../../build/master/master.egg-info/top_level.txt
[6.912s] writing manifest file '../../build/master/master.egg-info/SOURCES.txt'
[6.913s] running build
[6.913s] running build_py
[6.913s] copying master/stanley_controller.py -> /home/pimpmobile/ros2_ws/build/master/build/lib/master
[6.914s] copying master/__init__.py -> /home/pimpmobile/ros2_ws/build/master/build/lib/master
[6.914s] copying master/master_code.py -> /home/pimpmobile/ros2_ws/build/master/build/lib/master
[6.914s] copying master/odometry.py -> /home/pimpmobile/ros2_ws/build/master/build/lib/master
[6.916s] running install
[6.916s] /home/pimpmobile/.local/lib/python3.8/site-packages/setuptools/_distutils/cmd.py:66: SetuptoolsDeprecationWarning: setup.py install is deprecated.
[6.917s] !!
[6.917s] 
[6.917s]         ********************************************************************************
[6.918s]         Please avoid running ``setup.py`` directly.
[6.918s]         Instead, use pypa/build, pypa/installer or other
[6.918s]         standards-based tools.
[6.918s] 
[6.919s]         See https://blog.ganssle.io/articles/2021/10/setup-py-deprecated.html for details.
[6.919s]         ********************************************************************************
[6.919s] 
[6.919s] !!
[6.920s]   self.initialize_options()
[6.928s] running install_lib
[6.967s] copying /home/pimpmobile/ros2_ws/build/master/build/lib/master/stanley_controller.py -> /home/pimpmobile/ros2_ws/install/master/lib/python3.8/site-packages/master
[6.968s] copying /home/pimpmobile/ros2_ws/build/master/build/lib/master/master_code.py -> /home/pimpmobile/ros2_ws/install/master/lib/python3.8/site-packages/master
[6.969s] byte-compiling /home/pimpmobile/ros2_ws/install/master/lib/python3.8/site-packages/master/stanley_controller.py to stanley_controller.cpython-38.pyc
[6.971s] byte-compiling /home/pimpmobile/ros2_ws/install/master/lib/python3.8/site-packages/master/master_code.py to master_code.cpython-38.pyc
[6.973s] running install_data
[7.010s] copying resource/master -> /home/pimpmobile/ros2_ws/install/master/share/ament_index/resource_index/packages
[7.010s] copying package.xml -> /home/pimpmobile/ros2_ws/install/master/share/master
[7.011s] running install_egg_info
[7.048s] removing '/home/pimpmobile/ros2_ws/install/master/lib/python3.8/site-packages/master-0.0.0-py3.8.egg-info' (and everything under it)
[7.048s] Copying ../../build/master/master.egg-info to /home/pimpmobile/ros2_ws/install/master/lib/python3.8/site-packages/master-0.0.0-py3.8.egg-info
[7.051s] running install_scripts
[7.180s] Installing master script to /home/pimpmobile/ros2_ws/install/master/lib/master
[7.181s] writing list of installed files to '/home/pimpmobile/ros2_ws/build/master/install.log'
[7.258s] Invoked command in '/home/pimpmobile/ros2_ws/src/master' returned '0': PYTHONPATH=/home/pimpmobile/ros2_ws/build/master/prefix_override:/home/pimpmobile/ros2_ws/install/master/lib/python3.8/site-packages:${PYTHONPATH} /usr/bin/python3 setup.py egg_info --egg-base ../../build/master build --build-base /home/pimpmobile/ros2_ws/build/master/build install --record /home/pimpmobile/ros2_ws/build/master/install.log --install-scripts $base/lib/master --single-version-externally-managed
