running egg_info
writing ../../build/slam/slam.egg-info/PKG-INFO
writing dependency_links to ../../build/slam/slam.egg-info/dependency_links.txt
writing entry points to ../../build/slam/slam.egg-info/entry_points.txt
writing requirements to ../../build/slam/slam.egg-info/requires.txt
writing top-level names to ../../build/slam/slam.egg-info/top_level.txt
writing manifest file '../../build/slam/slam.egg-info/SOURCES.txt'
running build
running build_py
copying slam/__init__.py -> /home/pimpmobile/ros2_ws/build/slam/build/lib/slam
copying slam/odometry.py -> /home/pimpmobile/ros2_ws/build/slam/build/lib/slam
running install
running install_lib
byte-compiling /home/pimpmobile/ros2_ws/install/slam/lib/python3.8/site-packages/slam/odometry.py to odometry.cpython-38.pyc
running install_data
copying resource/slam -> /home/pimpmobile/ros2_ws/install/slam/share/ament_index/resource_index/packages
copying package.xml -> /home/pimpmobile/ros2_ws/install/slam/share/slam
running install_egg_info
removing '/home/pimpmobile/ros2_ws/install/slam/lib/python3.8/site-packages/slam-0.0.0-py3.8.egg-info' (and everything under it)
Copying ../../build/slam/slam.egg-info to /home/pimpmobile/ros2_ws/install/slam/lib/python3.8/site-packages/slam-0.0.0-py3.8.egg-info
running install_scripts
Installing odometry script to /home/pimpmobile/ros2_ws/install/slam/lib/slam
writing list of installed files to '/home/pimpmobile/ros2_ws/build/slam/install.log'
