[3.137s] Invoking command in '/home/pimpmobile/ros2_ws/src/lidar': PYTHONPATH=/home/pimpmobile/ros2_ws/build/lidar/prefix_override:/home/pimpmobile/ros2_ws/install/lidar/lib/python3.8/site-packages:${PYTHONPATH} /usr/bin/python3 setup.py egg_info --egg-base ../../build/lidar build --build-base /home/pimpmobile/ros2_ws/build/lidar/build install --record /home/pimpmobile/ros2_ws/build/lidar/install.log --install-scripts $base/lib/lidar --single-version-externally-managed
[3.404s] /home/pimpmobile/.local/lib/python3.8/site-packages/setuptools/dist.py:472: SetuptoolsDeprecationWarning: Invalid dash-separated options
[3.405s] !!
[3.405s] 
[3.405s]         ********************************************************************************
[3.406s]         Usage of dash-separated 'script-dir' will not be supported in future
[3.406s]         versions. Please use the underscore name 'script_dir' instead.
[3.406s] 
[3.406s]         By 2024-Sep-26, you need to update your project and remove deprecated calls
[3.407s]         or your builds will no longer be supported.
[3.407s] 
[3.407s]         See https://setuptools.pypa.io/en/latest/userguide/declarative_config.html for details.
[3.407s]         ********************************************************************************
[3.407s] 
[3.408s] !!
[3.408s]   opt = self.warn_dash_deprecation(opt, section)
[3.626s] running egg_info
[3.661s] writing ../../build/lidar/lidar.egg-info/PKG-INFO
[3.662s] writing dependency_links to ../../build/lidar/lidar.egg-info/dependency_links.txt
[3.662s] writing entry points to ../../build/lidar/lidar.egg-info/entry_points.txt
[3.663s] writing requirements to ../../build/lidar/lidar.egg-info/requires.txt
[3.663s] writing top-level names to ../../build/lidar/lidar.egg-info/top_level.txt
[3.941s] reading manifest file '../../build/lidar/lidar.egg-info/SOURCES.txt'
[3.942s] writing manifest file '../../build/lidar/lidar.egg-info/SOURCES.txt'
[3.943s] running build
[3.943s] running build_py
[3.943s] copying lidar/__init__.py -> /home/pimpmobile/ros2_ws/build/lidar/build/lib/lidar
[3.944s] copying lidar/lidarsubscriber.py -> /home/pimpmobile/ros2_ws/build/lidar/build/lib/lidar
[3.944s] copying lidar/publisher_member_function.py -> /home/pimpmobile/ros2_ws/build/lidar/build/lib/lidar
[3.945s] running install
[3.945s] /home/pimpmobile/.local/lib/python3.8/site-packages/setuptools/_distutils/cmd.py:66: SetuptoolsDeprecationWarning: setup.py install is deprecated.
[3.945s] !!
[3.946s] 
[3.946s]         ********************************************************************************
[3.946s]         Please avoid running ``setup.py`` directly.
[3.946s]         Instead, use pypa/build, pypa/installer or other
[3.947s]         standards-based tools.
[3.947s] 
[3.947s]         See https://blog.ganssle.io/articles/2021/10/setup-py-deprecated.html for details.
[3.947s]         ********************************************************************************
[3.947s] 
[3.948s] !!
[3.948s]   self.initialize_options()
[3.956s] running install_lib
[3.992s] copying /home/pimpmobile/ros2_ws/build/lidar/build/lib/lidar/lidarsubscriber.py -> /home/pimpmobile/ros2_ws/install/lidar/lib/python3.8/site-packages/lidar
[3.993s] byte-compiling /home/pimpmobile/ros2_ws/install/lidar/lib/python3.8/site-packages/lidar/lidarsubscriber.py to lidarsubscriber.cpython-38.pyc
[3.995s] running install_data
[4.029s] copying resource/lidar -> /home/pimpmobile/ros2_ws/install/lidar/share/ament_index/resource_index/packages
[4.029s] copying package.xml -> /home/pimpmobile/ros2_ws/install/lidar/share/lidar
[4.029s] running install_egg_info
[4.066s] removing '/home/pimpmobile/ros2_ws/install/lidar/lib/python3.8/site-packages/lidar-0.0.0-py3.8.egg-info' (and everything under it)
[4.066s] Copying ../../build/lidar/lidar.egg-info to /home/pimpmobile/ros2_ws/install/lidar/lib/python3.8/site-packages/lidar-0.0.0-py3.8.egg-info
[4.068s] running install_scripts
[4.174s] Installing lidar_listener script to /home/pimpmobile/ros2_ws/install/lidar/lib/lidar
[4.174s] Installing lidar_talker script to /home/pimpmobile/ros2_ws/install/lidar/lib/lidar
[4.175s] writing list of installed files to '/home/pimpmobile/ros2_ws/build/lidar/install.log'
[4.251s] Invoked command in '/home/pimpmobile/ros2_ws/src/lidar' returned '0': PYTHONPATH=/home/pimpmobile/ros2_ws/build/lidar/prefix_override:/home/pimpmobile/ros2_ws/install/lidar/lib/python3.8/site-packages:${PYTHONPATH} /usr/bin/python3 setup.py egg_info --egg-base ../../build/lidar build --build-base /home/pimpmobile/ros2_ws/build/lidar/build install --record /home/pimpmobile/ros2_ws/build/lidar/install.log --install-scripts $base/lib/lidar --single-version-externally-managed
