[2.442s] Invoking command in '/home/pimpmobile/ros2_ws/src/teleop_pimpmobile': PYTHONPATH=/home/pimpmobile/ros2_ws/build/teleop_pimpmobile/prefix_override:/home/pimpmobile/ros2_ws/install/teleop_pimpmobile/lib/python3.8/site-packages:${PYTHONPATH} /usr/bin/python3 setup.py egg_info --egg-base ../../build/teleop_pimpmobile build --build-base /home/pimpmobile/ros2_ws/build/teleop_pimpmobile/build install --record /home/pimpmobile/ros2_ws/build/teleop_pimpmobile/install.log --install-scripts $base/lib/teleop_pimpmobile --single-version-externally-managed
[2.889s] running egg_info
[2.890s] writing ../../build/teleop_pimpmobile/teleop_pimpmobile.egg-info/PKG-INFO
[2.891s] writing dependency_links to ../../build/teleop_pimpmobile/teleop_pimpmobile.egg-info/dependency_links.txt
[2.891s] writing entry points to ../../build/teleop_pimpmobile/teleop_pimpmobile.egg-info/entry_points.txt
[2.891s] writing requirements to ../../build/teleop_pimpmobile/teleop_pimpmobile.egg-info/requires.txt
[2.892s] writing top-level names to ../../build/teleop_pimpmobile/teleop_pimpmobile.egg-info/top_level.txt
[2.954s] reading manifest file '../../build/teleop_pimpmobile/teleop_pimpmobile.egg-info/SOURCES.txt'
[2.956s] writing manifest file '../../build/teleop_pimpmobile/teleop_pimpmobile.egg-info/SOURCES.txt'
[2.956s] running build
[2.956s] running build_py
[2.957s] running install
[2.958s] running install_lib
[2.961s] running install_data
[2.962s] running install_egg_info
[2.965s] removing '/home/pimpmobile/ros2_ws/install/teleop_pimpmobile/lib/python3.8/site-packages/teleop_pimpmobile-0.0.0-py3.8.egg-info' (and everything under it)
[2.966s] Copying ../../build/teleop_pimpmobile/teleop_pimpmobile.egg-info to /home/pimpmobile/ros2_ws/install/teleop_pimpmobile/lib/python3.8/site-packages/teleop_pimpmobile-0.0.0-py3.8.egg-info
[2.968s] running install_scripts
[3.002s] Installing pm_teleop script to /home/pimpmobile/ros2_ws/install/teleop_pimpmobile/lib/teleop_pimpmobile
[3.003s] writing list of installed files to '/home/pimpmobile/ros2_ws/build/teleop_pimpmobile/install.log'
[3.056s] Invoked command in '/home/pimpmobile/ros2_ws/src/teleop_pimpmobile' returned '0': PYTHONPATH=/home/pimpmobile/ros2_ws/build/teleop_pimpmobile/prefix_override:/home/pimpmobile/ros2_ws/install/teleop_pimpmobile/lib/python3.8/site-packages:${PYTHONPATH} /usr/bin/python3 setup.py egg_info --egg-base ../../build/teleop_pimpmobile build --build-base /home/pimpmobile/ros2_ws/build/teleop_pimpmobile/build install --record /home/pimpmobile/ros2_ws/build/teleop_pimpmobile/install.log --install-scripts $base/lib/teleop_pimpmobile --single-version-externally-managed
