[35m[1mScanning dependencies of target listener[0m
[ 50%] Built target talker
[ 75%] [32mBuilding CXX object CMakeFiles/listener.dir/src/subscriber_member_function.cpp.o[0m
[100%] [32m[1mLinking CXX executable listener[0m
[100%] Built target listener
-- Install configuration: ""
-- Up-to-date: /home/pimpmobile/ros2_ws/install/teleop/lib/teleop/talker
-- Installing: /home/pimpmobile/ros2_ws/install/teleop/lib/teleop/listener
-- Set runtime path of "/home/pimpmobile/ros2_ws/install/teleop/lib/teleop/listener" to ""
-- Up-to-date: /home/pimpmobile/ros2_ws/install/teleop/share/ament_index/resource_index/package_run_dependencies/teleop
-- Up-to-date: /home/pimpmobile/ros2_ws/install/teleop/share/ament_index/resource_index/parent_prefix_path/teleop
-- Up-to-date: /home/pimpmobile/ros2_ws/install/teleop/share/teleop/environment/ament_prefix_path.sh
-- Up-to-date: /home/pimpmobile/ros2_ws/install/teleop/share/teleop/environment/ament_prefix_path.dsv
-- Up-to-date: /home/pimpmobile/ros2_ws/install/teleop/share/teleop/environment/path.sh
-- Up-to-date: /home/pimpmobile/ros2_ws/install/teleop/share/teleop/environment/path.dsv
-- Up-to-date: /home/pimpmobile/ros2_ws/install/teleop/share/teleop/local_setup.bash
-- Up-to-date: /home/pimpmobile/ros2_ws/install/teleop/share/teleop/local_setup.sh
-- Up-to-date: /home/pimpmobile/ros2_ws/install/teleop/share/teleop/local_setup.zsh
-- Up-to-date: /home/pimpmobile/ros2_ws/install/teleop/share/teleop/local_setup.dsv
-- Installing: /home/pimpmobile/ros2_ws/install/teleop/share/teleop/package.dsv
-- Up-to-date: /home/pimpmobile/ros2_ws/install/teleop/share/ament_index/resource_index/packages/teleop
-- Up-to-date: /home/pimpmobile/ros2_ws/install/teleop/share/teleop/cmake/teleopConfig.cmake
-- Up-to-date: /home/pimpmobile/ros2_ws/install/teleop/share/teleop/cmake/teleopConfig-version.cmake
-- Up-to-date: /home/pimpmobile/ros2_ws/install/teleop/share/teleop/package.xml
