[1.411s] Invoking command in '/home/pimpmobile/ros2_ws/src/master': PYTHONPATH=/home/pimpmobile/ros2_ws/build/master/prefix_override:/usr/lib/python3/dist-packages/colcon_core/task/python/colcon_distutils_commands:/home/pimpmobile/ros2_ws/install/master/lib/python3.10/site-packages:${PYTHONPATH} /usr/bin/python3 -W ignore:setup.py install is deprecated setup.py egg_info --egg-base ../../build/master build --build-base /home/pimpmobile/ros2_ws/build/master/build install --record /home/pimpmobile/ros2_ws/build/master/install.log --install-scripts $base/lib/master --single-version-externally-managed install_data
[1.936s] /usr/lib/python3/dist-packages/setuptools/dist.py:723: UserWarning: Usage of dash-separated 'script-dir' will not be supported in future versions. Please use the underscore name 'script_dir' instead
[1.936s]   warnings.warn(
[1.955s] running egg_info
[1.957s] writing ../../build/master/master.egg-info/PKG-INFO
[1.958s] writing dependency_links to ../../build/master/master.egg-info/dependency_links.txt
[1.958s] writing entry points to ../../build/master/master.egg-info/entry_points.txt
[1.959s] writing requirements to ../../build/master/master.egg-info/requires.txt
[1.961s] writing top-level names to ../../build/master/master.egg-info/top_level.txt
[1.963s] reading manifest file '../../build/master/master.egg-info/SOURCES.txt'
[1.965s] writing manifest file '../../build/master/master.egg-info/SOURCES.txt'
[1.966s] running build
[1.966s] running build_py
[1.967s] copying master/gstreamer_host.py -> /home/pimpmobile/ros2_ws/build/master/build/lib/master
[1.967s] running install
[1.968s] running install_lib
[1.970s] copying /home/pimpmobile/ros2_ws/build/master/build/lib/master/gstreamer_host.py -> /home/pimpmobile/ros2_ws/install/master/lib/python3.10/site-packages/master
[1.972s] byte-compiling /home/pimpmobile/ros2_ws/install/master/lib/python3.10/site-packages/master/gstreamer_host.py to gstreamer_host.cpython-310.pyc
[1.974s] running install_data
[1.975s] running install_egg_info
[1.980s] removing '/home/pimpmobile/ros2_ws/install/master/lib/python3.10/site-packages/master-0.0.0-py3.10.egg-info' (and everything under it)
[1.980s] Copying ../../build/master/master.egg-info to /home/pimpmobile/ros2_ws/install/master/lib/python3.10/site-packages/master-0.0.0-py3.10.egg-info
[1.982s] running install_scripts
[2.032s] Installing master script to /home/pimpmobile/ros2_ws/install/master/lib/master
[2.033s] writing list of installed files to '/home/pimpmobile/ros2_ws/build/master/install.log'
[2.109s] Invoked command in '/home/pimpmobile/ros2_ws/src/master' returned '0': PYTHONPATH=/home/pimpmobile/ros2_ws/build/master/prefix_override:/usr/lib/python3/dist-packages/colcon_core/task/python/colcon_distutils_commands:/home/pimpmobile/ros2_ws/install/master/lib/python3.10/site-packages:${PYTHONPATH} /usr/bin/python3 -W ignore:setup.py install is deprecated setup.py egg_info --egg-base ../../build/master build --build-base /home/pimpmobile/ros2_ws/build/master/build install --record /home/pimpmobile/ros2_ws/build/master/install.log --install-scripts $base/lib/master --single-version-externally-managed install_data
