[14.789s] Invoking command in '/home/pimpmobile/ros2_ws/src/gps_publisher': PYTHONPATH=/home/pimpmobile/ros2_ws/build/gps_publisher/prefix_override:/home/pimpmobile/ros2_ws/install/gps_publisher/lib/python3.8/site-packages:${PYTHONPATH} /usr/bin/python3 setup.py egg_info --egg-base ../../build/gps_publisher build --build-base /home/pimpmobile/ros2_ws/build/gps_publisher/build install --record /home/pimpmobile/ros2_ws/build/gps_publisher/install.log --install-scripts $base/lib/gps_publisher --single-version-externally-managed
[15.085s] /home/pimpmobile/.local/lib/python3.8/site-packages/setuptools/dist.py:472: SetuptoolsDeprecationWarning: Invalid dash-separated options
[15.085s] !!
[15.085s] 
[15.086s]         ********************************************************************************
[15.086s]         Usage of dash-separated 'script-dir' will not be supported in future
[15.086s]         versions. Please use the underscore name 'script_dir' instead.
[15.086s] 
[15.086s]         By 2024-Sep-26, you need to update your project and remove deprecated calls
[15.086s]         or your builds will no longer be supported.
[15.086s] 
[15.086s]         See https://setuptools.pypa.io/en/latest/userguide/declarative_config.html for details.
[15.087s]         ********************************************************************************
[15.087s] 
[15.087s] !!
[15.087s]   opt = self.warn_dash_deprecation(opt, section)
[15.351s] running egg_info
[15.389s] writing ../../build/gps_publisher/gps_publisher.egg-info/PKG-INFO
[15.392s] writing dependency_links to ../../build/gps_publisher/gps_publisher.egg-info/dependency_links.txt
[15.393s] writing entry points to ../../build/gps_publisher/gps_publisher.egg-info/entry_points.txt
[15.393s] writing requirements to ../../build/gps_publisher/gps_publisher.egg-info/requires.txt
[15.394s] writing top-level names to ../../build/gps_publisher/gps_publisher.egg-info/top_level.txt
[16.862s] writing manifest file '../../build/gps_publisher/gps_publisher.egg-info/SOURCES.txt'
[16.863s] running build
[16.863s] running build_py
[16.864s] copying gps_publisher/__init__.py -> /home/pimpmobile/ros2_ws/build/gps_publisher/build/lib/gps_publisher
[16.864s] copying gps_publisher/gps.py -> /home/pimpmobile/ros2_ws/build/gps_publisher/build/lib/gps_publisher
[16.865s] copying gps_publisher/GPS_log.py -> /home/pimpmobile/ros2_ws/build/gps_publisher/build/lib/gps_publisher
[16.868s] running install
[16.869s] /home/pimpmobile/.local/lib/python3.8/site-packages/setuptools/_distutils/cmd.py:66: SetuptoolsDeprecationWarning: setup.py install is deprecated.
[16.869s] !!
[16.869s] 
[16.869s]         ********************************************************************************
[16.869s]         Please avoid running ``setup.py`` directly.
[16.869s]         Instead, use pypa/build, pypa/installer or other
[16.869s]         standards-based tools.
[16.869s] 
[16.870s]         See https://blog.ganssle.io/articles/2021/10/setup-py-deprecated.html for details.
[16.870s]         ********************************************************************************
[16.870s] 
[16.870s] !!
[16.870s]   self.initialize_options()
[16.878s] running install_lib
[16.917s] copying /home/pimpmobile/ros2_ws/build/gps_publisher/build/lib/gps_publisher/gps.py -> /home/pimpmobile/ros2_ws/install/gps_publisher/lib/python3.8/site-packages/gps_publisher
[16.918s] byte-compiling /home/pimpmobile/ros2_ws/install/gps_publisher/lib/python3.8/site-packages/gps_publisher/gps.py to gps.cpython-38.pyc
[16.920s] running install_data
[16.958s] copying resource/gps_publisher -> /home/pimpmobile/ros2_ws/install/gps_publisher/share/ament_index/resource_index/packages
[16.958s] copying package.xml -> /home/pimpmobile/ros2_ws/install/gps_publisher/share/gps_publisher
[16.958s] running install_egg_info
[16.996s] removing '/home/pimpmobile/ros2_ws/install/gps_publisher/lib/python3.8/site-packages/gps_publisher-0.0.0-py3.8.egg-info' (and everything under it)
[16.996s] Copying ../../build/gps_publisher/gps_publisher.egg-info to /home/pimpmobile/ros2_ws/install/gps_publisher/lib/python3.8/site-packages/gps_publisher-0.0.0-py3.8.egg-info
[16.999s] running install_scripts
[17.136s] Installing gps script to /home/pimpmobile/ros2_ws/install/gps_publisher/lib/gps_publisher
[17.137s] Installing gps_log script to /home/pimpmobile/ros2_ws/install/gps_publisher/lib/gps_publisher
[17.138s] writing list of installed files to '/home/pimpmobile/ros2_ws/build/gps_publisher/install.log'
[17.237s] Invoked command in '/home/pimpmobile/ros2_ws/src/gps_publisher' returned '0': PYTHONPATH=/home/pimpmobile/ros2_ws/build/gps_publisher/prefix_override:/home/pimpmobile/ros2_ws/install/gps_publisher/lib/python3.8/site-packages:${PYTHONPATH} /usr/bin/python3 setup.py egg_info --egg-base ../../build/gps_publisher build --build-base /home/pimpmobile/ros2_ws/build/gps_publisher/build install --record /home/pimpmobile/ros2_ws/build/gps_publisher/install.log --install-scripts $base/lib/gps_publisher --single-version-externally-managed
