[5.544s] DEBUG:colcon:Command line arguments: ['/usr/bin/colcon', 'build', '--packages-select', 'teleop_pm']
[5.544s] DEBUG:colcon:Parsed command line arguments: Namespace(allow_overriding=[], ament_cmake_args=None, base_paths=['.'], build_base='build', catkin_cmake_args=None, catkin_skip_building_tests=False, cmake_args=None, cmake_clean_cache=False, cmake_clean_first=False, cmake_force_configure=False, cmake_target=None, cmake_target_skip_unavailable=False, continue_on_error=False, event_handlers=None, executor='parallel', ignore_user_meta=False, install_base='install', log_base=None, log_level=None, main=<bound method BuildVerb.main of <colcon_core.verb.build.BuildVerb object at 0xffff97a2c550>>, merge_install=False, metas=['./colcon.meta'], packages_above=None, packages_above_and_dependencies=None, packages_above_depth=None, packages_end=None, packages_ignore=None, packages_ignore_regex=None, packages_select=['teleop_pm'], packages_select_build_failed=False, packages_select_by_dep=None, packages_select_regex=None, packages_select_test_failures=False, packages_skip=None, packages_skip_build_finished=False, packages_skip_by_dep=None, packages_skip_regex=None, packages_skip_test_passed=False, packages_skip_up_to=None, packages_start=None, packages_up_to=None, packages_up_to_regex=None, parallel_workers=6, paths=None, symlink_install=False, test_result_base=None, verb_extension=<colcon_core.verb.build.BuildVerb object at 0xffff97a2c550>, verb_name='build', verb_parser=<colcon_defaults.argument_parser.defaults.DefaultArgumentsDecorator object at 0xffff97a2ca60>)
[5.772s] Level 1:colcon.colcon_core.package_discovery:discover_packages(colcon_meta) check parameters
[5.772s] Level 1:colcon.colcon_core.package_discovery:discover_packages(recursive) check parameters
[5.772s] Level 1:colcon.colcon_core.package_discovery:discover_packages(ignore) check parameters
[5.772s] Level 1:colcon.colcon_core.package_discovery:discover_packages(path) check parameters
[5.773s] Level 1:colcon.colcon_core.package_discovery:discover_packages(colcon_meta) discover
[5.773s] Level 1:colcon.colcon_core.package_discovery:discover_packages(recursive) discover
[5.773s] INFO:colcon.colcon_core.package_discovery:Crawling recursively for packages in '/home/pimpmobile/ros2_ws'
[5.773s] Level 1:colcon.colcon_core.package_identification:_identify(.) by extensions ['ignore', 'ignore_ament_install']
[5.773s] Level 1:colcon.colcon_core.package_identification:_identify(.) by extension 'ignore'
[5.773s] Level 1:colcon.colcon_core.package_identification:_identify(.) by extension 'ignore_ament_install'
[5.774s] Level 1:colcon.colcon_core.package_identification:_identify(.) by extensions ['colcon_pkg']
[5.774s] Level 1:colcon.colcon_core.package_identification:_identify(.) by extension 'colcon_pkg'
[5.774s] Level 1:colcon.colcon_core.package_identification:_identify(.) by extensions ['colcon_meta']
[5.774s] Level 1:colcon.colcon_core.package_identification:_identify(.) by extension 'colcon_meta'
[5.774s] Level 1:colcon.colcon_core.package_identification:_identify(.) by extensions ['ros']
[5.774s] Level 1:colcon.colcon_core.package_identification:_identify(.) by extension 'ros'
[5.805s] Level 1:colcon.colcon_core.package_identification:_identify(.) by extensions ['cmake', 'python']
[5.805s] Level 1:colcon.colcon_core.package_identification:_identify(.) by extension 'cmake'
[5.805s] Level 1:colcon.colcon_core.package_identification:_identify(.) by extension 'python'
[5.806s] Level 1:colcon.colcon_core.package_identification:_identify(.) by extensions ['python_setup_py']
[5.806s] Level 1:colcon.colcon_core.package_identification:_identify(.) by extension 'python_setup_py'
[5.806s] Level 1:colcon.colcon_core.package_identification:_identify(build) by extensions ['ignore', 'ignore_ament_install']
[5.806s] Level 1:colcon.colcon_core.package_identification:_identify(build) by extension 'ignore'
[5.806s] Level 1:colcon.colcon_core.package_identification:_identify(build) ignored
[5.807s] Level 1:colcon.colcon_core.package_identification:_identify(install) by extensions ['ignore', 'ignore_ament_install']
[5.807s] Level 1:colcon.colcon_core.package_identification:_identify(install) by extension 'ignore'
[5.807s] Level 1:colcon.colcon_core.package_identification:_identify(install) ignored
[5.807s] Level 1:colcon.colcon_core.package_identification:_identify(log) by extensions ['ignore', 'ignore_ament_install']
[5.807s] Level 1:colcon.colcon_core.package_identification:_identify(log) by extension 'ignore'
[5.808s] Level 1:colcon.colcon_core.package_identification:_identify(log) ignored
[5.808s] Level 1:colcon.colcon_core.package_identification:_identify(src) by extensions ['ignore', 'ignore_ament_install']
[5.808s] Level 1:colcon.colcon_core.package_identification:_identify(src) by extension 'ignore'
[5.808s] Level 1:colcon.colcon_core.package_identification:_identify(src) by extension 'ignore_ament_install'
[5.808s] Level 1:colcon.colcon_core.package_identification:_identify(src) by extensions ['colcon_pkg']
[5.808s] Level 1:colcon.colcon_core.package_identification:_identify(src) by extension 'colcon_pkg'
[5.808s] Level 1:colcon.colcon_core.package_identification:_identify(src) by extensions ['colcon_meta']
[5.808s] Level 1:colcon.colcon_core.package_identification:_identify(src) by extension 'colcon_meta'
[5.809s] Level 1:colcon.colcon_core.package_identification:_identify(src) by extensions ['ros']
[5.809s] Level 1:colcon.colcon_core.package_identification:_identify(src) by extension 'ros'
[5.809s] Level 1:colcon.colcon_core.package_identification:_identify(src) by extensions ['cmake', 'python']
[5.809s] Level 1:colcon.colcon_core.package_identification:_identify(src) by extension 'cmake'
[5.809s] Level 1:colcon.colcon_core.package_identification:_identify(src) by extension 'python'
[5.809s] Level 1:colcon.colcon_core.package_identification:_identify(src) by extensions ['python_setup_py']
[5.809s] Level 1:colcon.colcon_core.package_identification:_identify(src) by extension 'python_setup_py'
[5.809s] Level 1:colcon.colcon_core.package_identification:_identify(src/gps_publisher) by extensions ['ignore', 'ignore_ament_install']
[5.810s] Level 1:colcon.colcon_core.package_identification:_identify(src/gps_publisher) by extension 'ignore'
[5.810s] Level 1:colcon.colcon_core.package_identification:_identify(src/gps_publisher) by extension 'ignore_ament_install'
[5.810s] Level 1:colcon.colcon_core.package_identification:_identify(src/gps_publisher) by extensions ['colcon_pkg']
[5.810s] Level 1:colcon.colcon_core.package_identification:_identify(src/gps_publisher) by extension 'colcon_pkg'
[5.810s] Level 1:colcon.colcon_core.package_identification:_identify(src/gps_publisher) by extensions ['colcon_meta']
[5.810s] Level 1:colcon.colcon_core.package_identification:_identify(src/gps_publisher) by extension 'colcon_meta'
[5.810s] Level 1:colcon.colcon_core.package_identification:_identify(src/gps_publisher) by extensions ['ros']
[5.810s] Level 1:colcon.colcon_core.package_identification:_identify(src/gps_publisher) by extension 'ros'
[5.816s] DEBUG:colcon.colcon_core.package_identification:Package 'src/gps_publisher' with type 'ros.ament_python' and name 'gps_publisher'
[5.817s] Level 1:colcon.colcon_core.package_identification:_identify(src/lidar) by extensions ['ignore', 'ignore_ament_install']
[5.817s] Level 1:colcon.colcon_core.package_identification:_identify(src/lidar) by extension 'ignore'
[5.817s] Level 1:colcon.colcon_core.package_identification:_identify(src/lidar) by extension 'ignore_ament_install'
[5.817s] Level 1:colcon.colcon_core.package_identification:_identify(src/lidar) by extensions ['colcon_pkg']
[5.817s] Level 1:colcon.colcon_core.package_identification:_identify(src/lidar) by extension 'colcon_pkg'
[5.817s] Level 1:colcon.colcon_core.package_identification:_identify(src/lidar) by extensions ['colcon_meta']
[5.817s] Level 1:colcon.colcon_core.package_identification:_identify(src/lidar) by extension 'colcon_meta'
[5.818s] Level 1:colcon.colcon_core.package_identification:_identify(src/lidar) by extensions ['ros']
[5.818s] Level 1:colcon.colcon_core.package_identification:_identify(src/lidar) by extension 'ros'
[5.819s] DEBUG:colcon.colcon_core.package_identification:Package 'src/lidar' with type 'ros.ament_python' and name 'lidar'
[5.819s] Level 1:colcon.colcon_core.package_identification:_identify(src/ros_tutorials) by extensions ['ignore', 'ignore_ament_install']
[5.819s] Level 1:colcon.colcon_core.package_identification:_identify(src/ros_tutorials) by extension 'ignore'
[5.819s] Level 1:colcon.colcon_core.package_identification:_identify(src/ros_tutorials) by extension 'ignore_ament_install'
[5.820s] Level 1:colcon.colcon_core.package_identification:_identify(src/ros_tutorials) by extensions ['colcon_pkg']
[5.820s] Level 1:colcon.colcon_core.package_identification:_identify(src/ros_tutorials) by extension 'colcon_pkg'
[5.820s] Level 1:colcon.colcon_core.package_identification:_identify(src/ros_tutorials) by extensions ['colcon_meta']
[5.820s] Level 1:colcon.colcon_core.package_identification:_identify(src/ros_tutorials) by extension 'colcon_meta'
[5.820s] Level 1:colcon.colcon_core.package_identification:_identify(src/ros_tutorials) by extensions ['ros']
[5.820s] Level 1:colcon.colcon_core.package_identification:_identify(src/ros_tutorials) by extension 'ros'
[5.820s] Level 1:colcon.colcon_core.package_identification:_identify(src/ros_tutorials) by extensions ['cmake', 'python']
[5.820s] Level 1:colcon.colcon_core.package_identification:_identify(src/ros_tutorials) by extension 'cmake'
[5.820s] Level 1:colcon.colcon_core.package_identification:_identify(src/ros_tutorials) by extension 'python'
[5.820s] Level 1:colcon.colcon_core.package_identification:_identify(src/ros_tutorials) by extensions ['python_setup_py']
[5.821s] Level 1:colcon.colcon_core.package_identification:_identify(src/ros_tutorials) by extension 'python_setup_py'
[5.821s] Level 1:colcon.colcon_core.package_identification:_identify(src/ros_tutorials/ros_tutorials) by extensions ['ignore', 'ignore_ament_install']
[5.821s] Level 1:colcon.colcon_core.package_identification:_identify(src/ros_tutorials/ros_tutorials) by extension 'ignore'
[5.821s] Level 1:colcon.colcon_core.package_identification:_identify(src/ros_tutorials/ros_tutorials) ignored
[5.822s] Level 1:colcon.colcon_core.package_identification:_identify(src/ros_tutorials/roscpp_tutorials) by extensions ['ignore', 'ignore_ament_install']
[5.822s] Level 1:colcon.colcon_core.package_identification:_identify(src/ros_tutorials/roscpp_tutorials) by extension 'ignore'
[5.822s] Level 1:colcon.colcon_core.package_identification:_identify(src/ros_tutorials/roscpp_tutorials) ignored
[5.822s] Level 1:colcon.colcon_core.package_identification:_identify(src/ros_tutorials/rospy_tutorials) by extensions ['ignore', 'ignore_ament_install']
[5.822s] Level 1:colcon.colcon_core.package_identification:_identify(src/ros_tutorials/rospy_tutorials) by extension 'ignore'
[5.822s] Level 1:colcon.colcon_core.package_identification:_identify(src/ros_tutorials/rospy_tutorials) ignored
[5.823s] Level 1:colcon.colcon_core.package_identification:_identify(src/ros_tutorials/turtlesim) by extensions ['ignore', 'ignore_ament_install']
[5.823s] Level 1:colcon.colcon_core.package_identification:_identify(src/ros_tutorials/turtlesim) by extension 'ignore'
[5.823s] Level 1:colcon.colcon_core.package_identification:_identify(src/ros_tutorials/turtlesim) by extension 'ignore_ament_install'
[5.823s] Level 1:colcon.colcon_core.package_identification:_identify(src/ros_tutorials/turtlesim) by extensions ['colcon_pkg']
[5.823s] Level 1:colcon.colcon_core.package_identification:_identify(src/ros_tutorials/turtlesim) by extension 'colcon_pkg'
[5.823s] Level 1:colcon.colcon_core.package_identification:_identify(src/ros_tutorials/turtlesim) by extensions ['colcon_meta']
[5.823s] Level 1:colcon.colcon_core.package_identification:_identify(src/ros_tutorials/turtlesim) by extension 'colcon_meta'
[5.823s] Level 1:colcon.colcon_core.package_identification:_identify(src/ros_tutorials/turtlesim) by extensions ['ros']
[5.823s] Level 1:colcon.colcon_core.package_identification:_identify(src/ros_tutorials/turtlesim) by extension 'ros'
[5.826s] DEBUG:colcon.colcon_core.package_identification:Package 'src/ros_tutorials/turtlesim' with type 'ros.ament_cmake' and name 'turtlesim'
[5.826s] Level 1:colcon.colcon_core.package_identification:_identify(src/slam) by extensions ['ignore', 'ignore_ament_install']
[5.826s] Level 1:colcon.colcon_core.package_identification:_identify(src/slam) by extension 'ignore'
[5.827s] Level 1:colcon.colcon_core.package_identification:_identify(src/slam) by extension 'ignore_ament_install'
[5.827s] Level 1:colcon.colcon_core.package_identification:_identify(src/slam) by extensions ['colcon_pkg']
[5.827s] Level 1:colcon.colcon_core.package_identification:_identify(src/slam) by extension 'colcon_pkg'
[5.827s] Level 1:colcon.colcon_core.package_identification:_identify(src/slam) by extensions ['colcon_meta']
[5.827s] Level 1:colcon.colcon_core.package_identification:_identify(src/slam) by extension 'colcon_meta'
[5.827s] Level 1:colcon.colcon_core.package_identification:_identify(src/slam) by extensions ['ros']
[5.827s] Level 1:colcon.colcon_core.package_identification:_identify(src/slam) by extension 'ros'
[5.828s] DEBUG:colcon.colcon_core.package_identification:Package 'src/slam' with type 'ros.ament_python' and name 'slam'
[5.828s] Level 1:colcon.colcon_core.package_identification:_identify(src/teleop_pm) by extensions ['ignore', 'ignore_ament_install']
[5.829s] Level 1:colcon.colcon_core.package_identification:_identify(src/teleop_pm) by extension 'ignore'
[5.829s] Level 1:colcon.colcon_core.package_identification:_identify(src/teleop_pm) by extension 'ignore_ament_install'
[5.829s] Level 1:colcon.colcon_core.package_identification:_identify(src/teleop_pm) by extensions ['colcon_pkg']
[5.829s] Level 1:colcon.colcon_core.package_identification:_identify(src/teleop_pm) by extension 'colcon_pkg'
[5.829s] Level 1:colcon.colcon_core.package_identification:_identify(src/teleop_pm) by extensions ['colcon_meta']
[5.829s] Level 1:colcon.colcon_core.package_identification:_identify(src/teleop_pm) by extension 'colcon_meta'
[5.829s] Level 1:colcon.colcon_core.package_identification:_identify(src/teleop_pm) by extensions ['ros']
[5.829s] Level 1:colcon.colcon_core.package_identification:_identify(src/teleop_pm) by extension 'ros'
[5.830s] DEBUG:colcon.colcon_core.package_identification:Package 'src/teleop_pm' with type 'ros.ament_python' and name 'teleop_pm'
[5.831s] Level 1:colcon.colcon_core.package_discovery:discover_packages(recursive) using defaults
[5.831s] Level 1:colcon.colcon_core.package_discovery:discover_packages(ignore) discover
[5.831s] Level 1:colcon.colcon_core.package_discovery:discover_packages(ignore) using defaults
[5.831s] Level 1:colcon.colcon_core.package_discovery:discover_packages(path) discover
[5.831s] Level 1:colcon.colcon_core.package_discovery:discover_packages(path) using defaults
[5.960s] INFO:colcon.colcon_core.package_selection:Skipping not selected package 'gps_publisher' in 'src/gps_publisher'
[5.960s] INFO:colcon.colcon_core.package_selection:Skipping not selected package 'lidar' in 'src/lidar'
[5.961s] INFO:colcon.colcon_core.package_selection:Skipping not selected package 'slam' in 'src/slam'
[5.961s] INFO:colcon.colcon_core.package_selection:Skipping not selected package 'turtlesim' in 'src/ros_tutorials/turtlesim'
[6.015s] Level 1:colcon.colcon_core.package_discovery:discover_packages(prefix_path) check parameters
[6.015s] Level 1:colcon.colcon_core.package_discovery:discover_packages(prefix_path) discover
[6.073s] DEBUG:colcon.colcon_installed_package_information.package_discovery:Found 1 installed packages in /home/pimpmobile/ldlidar_ros2_ws/install
[6.099s] DEBUG:colcon.colcon_installed_package_information.package_discovery:Found 4 installed packages in /home/pimpmobile/ros2_ws/install
[6.127s] DEBUG:colcon.colcon_installed_package_information.package_discovery:Found 256 installed packages in /opt/ros/foxy
[6.130s] Level 1:colcon.colcon_core.package_discovery:discover_packages(prefix_path) using defaults
[6.288s] Level 5:colcon.colcon_core.verb:set package 'teleop_pm' build argument 'cmake_args' from command line to 'None'
[6.288s] Level 5:colcon.colcon_core.verb:set package 'teleop_pm' build argument 'cmake_target' from command line to 'None'
[6.288s] Level 5:colcon.colcon_core.verb:set package 'teleop_pm' build argument 'cmake_target_skip_unavailable' from command line to 'False'
[6.288s] Level 5:colcon.colcon_core.verb:set package 'teleop_pm' build argument 'cmake_clean_cache' from command line to 'False'
[6.288s] Level 5:colcon.colcon_core.verb:set package 'teleop_pm' build argument 'cmake_clean_first' from command line to 'False'
[6.288s] Level 5:colcon.colcon_core.verb:set package 'teleop_pm' build argument 'cmake_force_configure' from command line to 'False'
[6.288s] Level 5:colcon.colcon_core.verb:set package 'teleop_pm' build argument 'ament_cmake_args' from command line to 'None'
[6.288s] Level 5:colcon.colcon_core.verb:set package 'teleop_pm' build argument 'catkin_cmake_args' from command line to 'None'
[6.288s] Level 5:colcon.colcon_core.verb:set package 'teleop_pm' build argument 'catkin_skip_building_tests' from command line to 'False'
[6.288s] DEBUG:colcon.colcon_core.verb:Building package 'teleop_pm' with the following arguments: {'ament_cmake_args': None, 'build_base': '/home/pimpmobile/ros2_ws/build/teleop_pm', 'catkin_cmake_args': None, 'catkin_skip_building_tests': False, 'cmake_args': None, 'cmake_clean_cache': False, 'cmake_clean_first': False, 'cmake_force_configure': False, 'cmake_target': None, 'cmake_target_skip_unavailable': False, 'install_base': '/home/pimpmobile/ros2_ws/install/teleop_pm', 'merge_install': False, 'path': '/home/pimpmobile/ros2_ws/src/teleop_pm', 'symlink_install': False, 'test_result_base': None}
[6.345s] INFO:colcon.colcon_core.executor:Executing jobs using 'parallel' executor
[6.375s] DEBUG:colcon.colcon_parallel_executor.executor.parallel:run_until_complete
[6.375s] INFO:colcon.colcon_ros.task.ament_python.build:Building ROS package in '/home/pimpmobile/ros2_ws/src/teleop_pm' with build type 'ament_python'
[6.376s] Level 1:colcon.colcon_core.shell:create_environment_hook('teleop_pm', 'ament_prefix_path')
[6.410s] INFO:colcon.colcon_core.plugin_system:Skipping extension 'colcon_core.shell.bat': Not used on non-Windows systems
[6.410s] INFO:colcon.colcon_core.shell:Creating environment hook '/home/pimpmobile/ros2_ws/install/teleop_pm/share/teleop_pm/hook/ament_prefix_path.ps1'
[6.412s] INFO:colcon.colcon_core.shell:Creating environment descriptor '/home/pimpmobile/ros2_ws/install/teleop_pm/share/teleop_pm/hook/ament_prefix_path.dsv'
[6.413s] INFO:colcon.colcon_core.shell:Creating environment hook '/home/pimpmobile/ros2_ws/install/teleop_pm/share/teleop_pm/hook/ament_prefix_path.sh'
[6.441s] INFO:colcon.colcon_core.shell:Skip shell extension 'powershell' for command environment: Not usable outside of PowerShell
[6.441s] DEBUG:colcon.colcon_core.shell:Skip shell extension 'dsv' for command environment
[6.997s] INFO:colcon.colcon_core.task.python.build:Building Python package in '/home/pimpmobile/ros2_ws/src/teleop_pm'
[7.026s] INFO:colcon.colcon_core.shell:Skip shell extension 'powershell' for command environment: Not usable outside of PowerShell
[7.026s] DEBUG:colcon.colcon_core.shell:Skip shell extension 'dsv' for command environment
[8.583s] DEBUG:colcon.colcon_core.event_handler.log_command:Invoking command in '/home/pimpmobile/ros2_ws/src/teleop_pm': AMENT_PREFIX_PATH=/home/pimpmobile/ros2_ws/install/lidar:/home/pimpmobile/ldlidar_ros2_ws/install/ldlidar_stl_ros2:/home/pimpmobile/ros2_ws/install/turtlesim:/home/pimpmobile/ros2_ws/install/teleop_pm:/home/pimpmobile/ros2_ws/install/gps_publisher:/opt/ros/foxy PYTHONPATH=/home/pimpmobile/ros2_ws/build/teleop_pm/prefix_override:/home/pimpmobile/ros2_ws/install/teleop_pm/lib/python3.8/site-packages:/home/pimpmobile/ros2_ws/install/lidar/lib/python3.8/site-packages:/home/pimpmobile/ros2_ws/install/turtlesim/lib/python3.8/site-packages:/home/pimpmobile/ros2_ws/install/teleop_pm/lib/python3.8/site-packages:/home/pimpmobile/ros2_ws/install/gps_publisher/lib/python3.8/site-packages:/opt/ros/foxy/lib/python3.8/site-packages /usr/bin/python3 setup.py egg_info --egg-base ../../build/teleop_pm build --build-base /home/pimpmobile/ros2_ws/build/teleop_pm/build install --record /home/pimpmobile/ros2_ws/build/teleop_pm/install.log --install-scripts $base/lib/teleop_pm --single-version-externally-managed
[9.698s] DEBUG:colcon.colcon_core.event_handler.log_command:Invoked command in '/home/pimpmobile/ros2_ws/src/teleop_pm' returned '0': AMENT_PREFIX_PATH=/home/pimpmobile/ros2_ws/install/lidar:/home/pimpmobile/ldlidar_ros2_ws/install/ldlidar_stl_ros2:/home/pimpmobile/ros2_ws/install/turtlesim:/home/pimpmobile/ros2_ws/install/teleop_pm:/home/pimpmobile/ros2_ws/install/gps_publisher:/opt/ros/foxy PYTHONPATH=/home/pimpmobile/ros2_ws/build/teleop_pm/prefix_override:/home/pimpmobile/ros2_ws/install/teleop_pm/lib/python3.8/site-packages:/home/pimpmobile/ros2_ws/install/lidar/lib/python3.8/site-packages:/home/pimpmobile/ros2_ws/install/turtlesim/lib/python3.8/site-packages:/home/pimpmobile/ros2_ws/install/teleop_pm/lib/python3.8/site-packages:/home/pimpmobile/ros2_ws/install/gps_publisher/lib/python3.8/site-packages:/opt/ros/foxy/lib/python3.8/site-packages /usr/bin/python3 setup.py egg_info --egg-base ../../build/teleop_pm build --build-base /home/pimpmobile/ros2_ws/build/teleop_pm/build install --record /home/pimpmobile/ros2_ws/build/teleop_pm/install.log --install-scripts $base/lib/teleop_pm --single-version-externally-managed
[9.749s] Level 1:colcon.colcon_core.environment:checking '/home/pimpmobile/ros2_ws/install/teleop_pm' for CMake module files
[9.750s] Level 1:colcon.colcon_core.environment:checking '/home/pimpmobile/ros2_ws/install/teleop_pm' for CMake config files
[9.752s] Level 1:colcon.colcon_core.environment:checking '/home/pimpmobile/ros2_ws/install/teleop_pm/lib'
[9.753s] Level 1:colcon.colcon_core.environment:checking '/home/pimpmobile/ros2_ws/install/teleop_pm/bin'
[9.753s] Level 1:colcon.colcon_core.environment:checking '/home/pimpmobile/ros2_ws/install/teleop_pm/lib/pkgconfig/teleop_pm.pc'
[9.753s] Level 1:colcon.colcon_core.environment:checking '/home/pimpmobile/ros2_ws/install/teleop_pm/lib/python3.8/site-packages'
[9.754s] Level 1:colcon.colcon_core.shell:create_environment_hook('teleop_pm', 'pythonpath')
[9.782s] INFO:colcon.colcon_core.shell:Creating environment hook '/home/pimpmobile/ros2_ws/install/teleop_pm/share/teleop_pm/hook/pythonpath.ps1'
[9.784s] INFO:colcon.colcon_core.shell:Creating environment descriptor '/home/pimpmobile/ros2_ws/install/teleop_pm/share/teleop_pm/hook/pythonpath.dsv'
[9.785s] INFO:colcon.colcon_core.shell:Creating environment hook '/home/pimpmobile/ros2_ws/install/teleop_pm/share/teleop_pm/hook/pythonpath.sh'
[9.786s] Level 1:colcon.colcon_core.environment:checking '/home/pimpmobile/ros2_ws/install/teleop_pm/bin'
[9.786s] Level 1:colcon.colcon_core.environment:create_environment_scripts_only(teleop_pm)
[9.814s] INFO:colcon.colcon_core.shell:Creating package script '/home/pimpmobile/ros2_ws/install/teleop_pm/share/teleop_pm/package.ps1'
[9.816s] INFO:colcon.colcon_core.shell:Creating package descriptor '/home/pimpmobile/ros2_ws/install/teleop_pm/share/teleop_pm/package.dsv'
[9.818s] INFO:colcon.colcon_core.shell:Creating package script '/home/pimpmobile/ros2_ws/install/teleop_pm/share/teleop_pm/package.sh'
[9.819s] INFO:colcon.colcon_core.shell:Creating package script '/home/pimpmobile/ros2_ws/install/teleop_pm/share/teleop_pm/package.bash'
[9.821s] INFO:colcon.colcon_core.shell:Creating package script '/home/pimpmobile/ros2_ws/install/teleop_pm/share/teleop_pm/package.zsh'
[9.822s] Level 1:colcon.colcon_core.environment:create_file_with_runtime_dependencies(/home/pimpmobile/ros2_ws/install/teleop_pm/share/colcon-core/packages/teleop_pm)
[9.823s] DEBUG:colcon.colcon_parallel_executor.executor.parallel:closing loop
[9.824s] DEBUG:colcon.colcon_parallel_executor.executor.parallel:loop closed
[9.824s] DEBUG:colcon.colcon_parallel_executor.executor.parallel:run_until_complete finished with '0'
[9.825s] DEBUG:colcon.colcon_core.event_reactor:joining thread
[9.885s] INFO:colcon.colcon_core.plugin_system:Skipping extension 'colcon_notification.desktop_notification.terminal_notifier': Not used on non-Darwin systems
[9.885s] INFO:colcon.colcon_core.plugin_system:Skipping extension 'colcon_notification.desktop_notification.win32': Not used on non-Windows systems
[9.885s] INFO:colcon.colcon_notification.desktop_notification:Sending desktop notification using 'notify2'
[9.944s] DEBUG:colcon.colcon_core.event_reactor:joined thread
[9.973s] INFO:colcon.colcon_core.shell:Creating prefix script '/home/pimpmobile/ros2_ws/install/local_setup.ps1'
[9.975s] INFO:colcon.colcon_core.shell:Creating prefix util module '/home/pimpmobile/ros2_ws/install/_local_setup_util_ps1.py'
[9.978s] INFO:colcon.colcon_core.shell:Creating prefix chain script '/home/pimpmobile/ros2_ws/install/setup.ps1'
[10.007s] INFO:colcon.colcon_core.shell:Creating prefix script '/home/pimpmobile/ros2_ws/install/local_setup.sh'
[10.008s] INFO:colcon.colcon_core.shell:Creating prefix util module '/home/pimpmobile/ros2_ws/install/_local_setup_util_sh.py'
[10.009s] INFO:colcon.colcon_core.shell:Creating prefix chain script '/home/pimpmobile/ros2_ws/install/setup.sh'
[10.039s] INFO:colcon.colcon_core.shell:Creating prefix script '/home/pimpmobile/ros2_ws/install/local_setup.bash'
[10.040s] INFO:colcon.colcon_core.shell:Creating prefix chain script '/home/pimpmobile/ros2_ws/install/setup.bash'
[10.070s] INFO:colcon.colcon_core.shell:Creating prefix script '/home/pimpmobile/ros2_ws/install/local_setup.zsh'
[10.071s] INFO:colcon.colcon_core.shell:Creating prefix chain script '/home/pimpmobile/ros2_ws/install/setup.zsh'
