[18.429s] Invoking command in '/home/pimpmobile/ros2_ws/src/gps_publisher': PYTHONPATH=/home/pimpmobile/ros2_ws/build/gps_publisher/prefix_override:/home/pimpmobile/ros2_ws/install/gps_publisher/lib/python3.8/site-packages:${PYTHONPATH} /usr/bin/python3 setup.py egg_info --egg-base ../../build/gps_publisher build --build-base /home/pimpmobile/ros2_ws/build/gps_publisher/build install --record /home/pimpmobile/ros2_ws/build/gps_publisher/install.log --install-scripts $base/lib/gps_publisher --single-version-externally-managed
[18.715s] /home/pimpmobile/.local/lib/python3.8/site-packages/setuptools/dist.py:472: SetuptoolsDeprecationWarning: Invalid dash-separated options
[18.715s] !!
[18.715s] 
[18.715s]         ********************************************************************************
[18.716s]         Usage of dash-separated 'script-dir' will not be supported in future
[18.716s]         versions. Please use the underscore name 'script_dir' instead.
[18.716s] 
[18.716s]         By 2024-Sep-26, you need to update your project and remove deprecated calls
[18.716s]         or your builds will no longer be supported.
[18.716s] 
[18.716s]         See https://setuptools.pypa.io/en/latest/userguide/declarative_config.html for details.
[18.717s]         ********************************************************************************
[18.717s] 
[18.717s] !!
[18.717s]   opt = self.warn_dash_deprecation(opt, section)
[18.951s] running egg_info
[18.985s] writing ../../build/gps_publisher/gps_publisher.egg-info/PKG-INFO
[18.987s] writing dependency_links to ../../build/gps_publisher/gps_publisher.egg-info/dependency_links.txt
[18.988s] writing entry points to ../../build/gps_publisher/gps_publisher.egg-info/entry_points.txt
[18.988s] writing requirements to ../../build/gps_publisher/gps_publisher.egg-info/requires.txt
[18.989s] writing top-level names to ../../build/gps_publisher/gps_publisher.egg-info/top_level.txt
[19.278s] reading manifest file '../../build/gps_publisher/gps_publisher.egg-info/SOURCES.txt'
[19.282s] writing manifest file '../../build/gps_publisher/gps_publisher.egg-info/SOURCES.txt'
[19.283s] running build
[19.284s] running build_py
[19.285s] copying gps_publisher/__init__.py -> /home/pimpmobile/ros2_ws/build/gps_publisher/build/lib/gps_publisher
[19.287s] copying gps_publisher/gps.py -> /home/pimpmobile/ros2_ws/build/gps_publisher/build/lib/gps_publisher
[19.298s] running install
[19.298s] /home/pimpmobile/.local/lib/python3.8/site-packages/setuptools/_distutils/cmd.py:66: SetuptoolsDeprecationWarning: setup.py install is deprecated.
[19.299s] !!
[19.301s] 
[19.302s]         ********************************************************************************
[19.302s]         Please avoid running ``setup.py`` directly.
[19.303s]         Instead, use pypa/build, pypa/installer or other
[19.304s]         standards-based tools.
[19.305s] 
[19.306s]         See https://blog.ganssle.io/articles/2021/10/setup-py-deprecated.html for details.
[19.306s]         ********************************************************************************
[19.306s] 
[19.307s] !!
[19.307s]   self.initialize_options()
[19.308s] running install_lib
[19.332s] copying /home/pimpmobile/ros2_ws/build/gps_publisher/build/lib/gps_publisher/gps.py -> /home/pimpmobile/ros2_ws/install/gps_publisher/lib/python3.8/site-packages/gps_publisher
[19.334s] byte-compiling /home/pimpmobile/ros2_ws/install/gps_publisher/lib/python3.8/site-packages/gps_publisher/gps.py to gps.cpython-38.pyc
[19.334s] running install_data
[19.371s] copying resource/gps_publisher -> /home/pimpmobile/ros2_ws/install/gps_publisher/share/ament_index/resource_index/packages
[19.371s] copying package.xml -> /home/pimpmobile/ros2_ws/install/gps_publisher/share/gps_publisher
[19.373s] running install_egg_info
[19.411s] removing '/home/pimpmobile/ros2_ws/install/gps_publisher/lib/python3.8/site-packages/gps_publisher-0.0.0-py3.8.egg-info' (and everything under it)
[19.411s] Copying ../../build/gps_publisher/gps_publisher.egg-info to /home/pimpmobile/ros2_ws/install/gps_publisher/lib/python3.8/site-packages/gps_publisher-0.0.0-py3.8.egg-info
[19.414s] running install_scripts
[19.529s] Installing gps script to /home/pimpmobile/ros2_ws/install/gps_publisher/lib/gps_publisher
[19.530s] writing list of installed files to '/home/pimpmobile/ros2_ws/build/gps_publisher/install.log'
[21.444s] Invoked command in '/home/pimpmobile/ros2_ws/src/gps_publisher' returned '0': PYTHONPATH=/home/pimpmobile/ros2_ws/build/gps_publisher/prefix_override:/home/pimpmobile/ros2_ws/install/gps_publisher/lib/python3.8/site-packages:${PYTHONPATH} /usr/bin/python3 setup.py egg_info --egg-base ../../build/gps_publisher build --build-base /home/pimpmobile/ros2_ws/build/gps_publisher/build install --record /home/pimpmobile/ros2_ws/build/gps_publisher/install.log --install-scripts $base/lib/gps_publisher --single-version-externally-managed
