[14.992s] Invoking command in '/home/pimpmobile/ros2_ws/src/gps_publisher': PYTHONPATH=/home/pimpmobile/ros2_ws/build/gps_publisher/prefix_override:/home/pimpmobile/ros2_ws/install/gps_publisher/lib/python3.8/site-packages:${PYTHONPATH} /usr/bin/python3 setup.py egg_info --egg-base ../../build/gps_publisher build --build-base /home/pimpmobile/ros2_ws/build/gps_publisher/build install --record /home/pimpmobile/ros2_ws/build/gps_publisher/install.log --install-scripts $base/lib/gps_publisher --single-version-externally-managed
[15.305s] /home/pimpmobile/.local/lib/python3.8/site-packages/setuptools/dist.py:472: SetuptoolsDeprecationWarning: Invalid dash-separated options
[15.305s] !!
[15.306s] 
[15.306s]         ********************************************************************************
[15.307s]         Usage of dash-separated 'script-dir' will not be supported in future
[15.307s]         versions. Please use the underscore name 'script_dir' instead.
[15.307s] 
[15.307s]         By 2024-Sep-26, you need to update your project and remove deprecated calls
[15.307s]         or your builds will no longer be supported.
[15.307s] 
[15.308s]         See https://setuptools.pypa.io/en/latest/userguide/declarative_config.html for details.
[15.308s]         ********************************************************************************
[15.308s] 
[15.308s] !!
[15.308s]   opt = self.warn_dash_deprecation(opt, section)
[15.599s] running egg_info
[15.640s] writing ../../build/gps_publisher/gps_publisher.egg-info/PKG-INFO
[15.643s] writing dependency_links to ../../build/gps_publisher/gps_publisher.egg-info/dependency_links.txt
[15.644s] writing entry points to ../../build/gps_publisher/gps_publisher.egg-info/entry_points.txt
[15.645s] writing requirements to ../../build/gps_publisher/gps_publisher.egg-info/requires.txt
[15.647s] writing top-level names to ../../build/gps_publisher/gps_publisher.egg-info/top_level.txt
[18.128s] writing manifest file '../../build/gps_publisher/gps_publisher.egg-info/SOURCES.txt'
[18.128s] running build
[18.129s] running build_py
[18.130s] copying gps_publisher/__init__.py -> /home/pimpmobile/ros2_ws/build/gps_publisher/build/lib/gps_publisher
[18.135s] copying gps_publisher/gps.py -> /home/pimpmobile/ros2_ws/build/gps_publisher/build/lib/gps_publisher
[18.137s] copying gps_publisher/GPS_log.py -> /home/pimpmobile/ros2_ws/build/gps_publisher/build/lib/gps_publisher
[18.138s] /home/pimpmobile/.local/lib/python3.8/site-packages/setuptools/_distutils/cmd.py:66: SetuptoolsDeprecationWarning: setup.py install is deprecated.
[18.138s] !!
[18.138s] 
[18.139s]         ********************************************************************************
[18.139s]         Please avoid running ``setup.py`` directly.
[18.139s]         Instead, use pypa/build, pypa/installer or other
[18.139s]         standards-based tools.
[18.139s] 
[18.139s]         See https://blog.ganssle.io/articles/2021/10/setup-py-deprecated.html for details.
[18.139s]         ********************************************************************************
[18.139s] 
[18.140s] !!
[18.140s]   self.initialize_options()
[18.141s] running install
[18.159s] running install_lib
[18.185s] copying /home/pimpmobile/ros2_ws/build/gps_publisher/build/lib/gps_publisher/gps.py -> /home/pimpmobile/ros2_ws/install/gps_publisher/lib/python3.8/site-packages/gps_publisher
[18.188s] byte-compiling /home/pimpmobile/ros2_ws/install/gps_publisher/lib/python3.8/site-packages/gps_publisher/gps.py to gps.cpython-38.pyc
[18.189s] running install_data
[18.228s] copying resource/gps_publisher -> /home/pimpmobile/ros2_ws/install/gps_publisher/share/ament_index/resource_index/packages
[18.229s] copying package.xml -> /home/pimpmobile/ros2_ws/install/gps_publisher/share/gps_publisher
[18.229s] running install_egg_info
[18.268s] removing '/home/pimpmobile/ros2_ws/install/gps_publisher/lib/python3.8/site-packages/gps_publisher-0.0.0-py3.8.egg-info' (and everything under it)
[18.269s] Copying ../../build/gps_publisher/gps_publisher.egg-info to /home/pimpmobile/ros2_ws/install/gps_publisher/lib/python3.8/site-packages/gps_publisher-0.0.0-py3.8.egg-info
[18.271s] running install_scripts
[18.421s] Installing gps script to /home/pimpmobile/ros2_ws/install/gps_publisher/lib/gps_publisher
[18.422s] Installing gps_log script to /home/pimpmobile/ros2_ws/install/gps_publisher/lib/gps_publisher
[18.423s] writing list of installed files to '/home/pimpmobile/ros2_ws/build/gps_publisher/install.log'
[18.554s] Invoked command in '/home/pimpmobile/ros2_ws/src/gps_publisher' returned '0': PYTHONPATH=/home/pimpmobile/ros2_ws/build/gps_publisher/prefix_override:/home/pimpmobile/ros2_ws/install/gps_publisher/lib/python3.8/site-packages:${PYTHONPATH} /usr/bin/python3 setup.py egg_info --egg-base ../../build/gps_publisher build --build-base /home/pimpmobile/ros2_ws/build/gps_publisher/build install --record /home/pimpmobile/ros2_ws/build/gps_publisher/install.log --install-scripts $base/lib/gps_publisher --single-version-externally-managed
