[2.183s] Invoking command in '/home/pimpmobile/ros2_ws/src/master': PYTHONPATH=/home/pimpmobile/ros2_ws/build/master/prefix_override:/usr/lib/python3/dist-packages/colcon_core/task/python/colcon_distutils_commands:/home/pimpmobile/ros2_ws/install/master/lib/python3.8/site-packages:${PYTHONPATH} /usr/bin/python3 -W ignore:setup.py install is deprecated setup.py egg_info --egg-base ../../build/master build --build-base /home/pimpmobile/ros2_ws/build/master/build install --record /home/pimpmobile/ros2_ws/build/master/install.log --install-scripts $base/lib/master --single-version-externally-managed install_data
[2.474s] /home/pimpmobile/.local/lib/python3.8/site-packages/setuptools/dist.py:472: SetuptoolsDeprecationWarning: Invalid dash-separated options
[2.474s] !!
[2.474s] 
[2.474s]         ********************************************************************************
[2.475s]         Usage of dash-separated 'script-dir' will not be supported in future
[2.475s]         versions. Please use the underscore name 'script_dir' instead.
[2.475s] 
[2.475s]         This deprecation is overdue, please update your project and remove deprecated
[2.475s]         calls to avoid build errors in the future.
[2.475s] 
[2.476s]         See https://setuptools.pypa.io/en/latest/userguide/declarative_config.html for details.
[2.476s]         ********************************************************************************
[2.476s] 
[2.476s] !!
[2.476s]   opt = self.warn_dash_deprecation(opt, section)
[2.805s] running egg_info
[2.847s] writing ../../build/master/master.egg-info/PKG-INFO
[2.848s] writing dependency_links to ../../build/master/master.egg-info/dependency_links.txt
[2.849s] writing entry points to ../../build/master/master.egg-info/entry_points.txt
[2.850s] writing requirements to ../../build/master/master.egg-info/requires.txt
[2.850s] writing top-level names to ../../build/master/master.egg-info/top_level.txt
[4.279s] writing manifest file '../../build/master/master.egg-info/SOURCES.txt'
[4.280s] running build
[4.281s] running build_py
[4.281s] copying master/pathsave.py -> /home/pimpmobile/ros2_ws/build/master/build/lib/master
[4.281s] copying master/cairo_gui_updater.py -> /home/pimpmobile/ros2_ws/build/master/build/lib/master
[4.282s] copying master/stanley_controller.py -> /home/pimpmobile/ros2_ws/build/master/build/lib/master
[4.282s] copying master/pid.py -> /home/pimpmobile/ros2_ws/build/master/build/lib/master
[4.283s] copying master/__init__.py -> /home/pimpmobile/ros2_ws/build/master/build/lib/master
[4.283s] copying master/gstreamer_host.py -> /home/pimpmobile/ros2_ws/build/master/build/lib/master
[4.284s] copying master/master_code.py -> /home/pimpmobile/ros2_ws/build/master/build/lib/master
[4.284s] copying master/odometry.py -> /home/pimpmobile/ros2_ws/build/master/build/lib/master
[4.284s] running install
[4.296s] running install_lib
[4.362s] copying /home/pimpmobile/ros2_ws/build/master/build/lib/master/gstreamer_host.py -> /home/pimpmobile/ros2_ws/install/master/lib/python3.8/site-packages/master
[4.364s] byte-compiling /home/pimpmobile/ros2_ws/install/master/lib/python3.8/site-packages/master/gstreamer_host.py to gstreamer_host.cpython-38.pyc
[4.366s] running install_data
[4.367s] copying resource/master -> /home/pimpmobile/ros2_ws/install/master/share/ament_index/resource_index/packages
[4.367s] copying package.xml -> /home/pimpmobile/ros2_ws/install/master/share/master
[4.368s] running install_egg_info
[4.409s] removing '/home/pimpmobile/ros2_ws/install/master/lib/python3.8/site-packages/master-0.0.0-py3.8.egg-info' (and everything under it)
[4.410s] Copying ../../build/master/master.egg-info to /home/pimpmobile/ros2_ws/install/master/lib/python3.8/site-packages/master-0.0.0-py3.8.egg-info
[4.412s] running install_scripts
[4.531s] Installing master script to /home/pimpmobile/ros2_ws/install/master/lib/master
[4.532s] writing list of installed files to '/home/pimpmobile/ros2_ws/build/master/install.log'
[4.612s] Invoked command in '/home/pimpmobile/ros2_ws/src/master' returned '0': PYTHONPATH=/home/pimpmobile/ros2_ws/build/master/prefix_override:/usr/lib/python3/dist-packages/colcon_core/task/python/colcon_distutils_commands:/home/pimpmobile/ros2_ws/install/master/lib/python3.8/site-packages:${PYTHONPATH} /usr/bin/python3 -W ignore:setup.py install is deprecated setup.py egg_info --egg-base ../../build/master build --build-base /home/pimpmobile/ros2_ws/build/master/build install --record /home/pimpmobile/ros2_ws/build/master/install.log --install-scripts $base/lib/master --single-version-externally-managed install_data
