[6.101s] Invoking command in '/home/pimpmobile/ros2_ws/src/teleop_pm': AMENT_PREFIX_PATH=/home/pimpmobile/ros2_ws/install/lidar:/home/pimpmobile/ldlidar_ros2_ws/install/ldlidar_stl_ros2:/home/pimpmobile/ros2_ws/install/turtlesim:/home/pimpmobile/ros2_ws/install/teleop_pm:/home/pimpmobile/ros2_ws/install/slam:/home/pimpmobile/ros2_ws/install/odometry:/home/pimpmobile/ros2_ws/install/master:/home/pimpmobile/ros2_ws/install/gps_publisher:/opt/ros/foxy PYTHONPATH=/home/pimpmobile/ros2_ws/build/teleop_pm/prefix_override:/home/pimpmobile/ros2_ws/install/teleop_pm/lib/python3.8/site-packages:/home/pimpmobile/ros2_ws/install/lidar/lib/python3.8/site-packages:/home/pimpmobile/ros2_ws/install/turtlesim/lib/python3.8/site-packages:/home/pimpmobile/ros2_ws/install/teleop_pm/lib/python3.8/site-packages:/home/pimpmobile/ros2_ws/install/slam/lib/python3.8/site-packages:/home/pimpmobile/ros2_ws/install/odometry/lib/python3.8/site-packages:/home/pimpmobile/ros2_ws/install/master/lib/python3.8/site-packages:/home/pimpmobile/ros2_ws/install/gps_publisher/lib/python3.8/site-packages:/opt/ros/foxy/lib/python3.8/site-packages /usr/bin/python3 setup.py egg_info --egg-base ../../build/teleop_pm build --build-base /home/pimpmobile/ros2_ws/build/teleop_pm/build install --record /home/pimpmobile/ros2_ws/build/teleop_pm/install.log --install-scripts $base/lib/teleop_pm --single-version-externally-managed
[6.367s] /home/pimpmobile/.local/lib/python3.8/site-packages/setuptools/dist.py:472: SetuptoolsDeprecationWarning: Invalid dash-separated options
[6.368s] !!
[6.368s] 
[6.368s]         ********************************************************************************
[6.368s]         Usage of dash-separated 'script-dir' will not be supported in future
[6.368s]         versions. Please use the underscore name 'script_dir' instead.
[6.368s] 
[6.368s]         By 2024-Sep-26, you need to update your project and remove deprecated calls
[6.368s]         or your builds will no longer be supported.
[6.368s] 
[6.369s]         See https://setuptools.pypa.io/en/latest/userguide/declarative_config.html for details.
[6.369s]         ********************************************************************************
[6.369s] 
[6.369s] !!
[6.369s]   opt = self.warn_dash_deprecation(opt, section)
[6.585s] running egg_info
[6.620s] writing ../../build/teleop_pm/teleop_pm.egg-info/PKG-INFO
[6.621s] writing dependency_links to ../../build/teleop_pm/teleop_pm.egg-info/dependency_links.txt
[6.621s] writing entry points to ../../build/teleop_pm/teleop_pm.egg-info/entry_points.txt
[6.622s] writing requirements to ../../build/teleop_pm/teleop_pm.egg-info/requires.txt
[6.622s] writing top-level names to ../../build/teleop_pm/teleop_pm.egg-info/top_level.txt
[6.906s] reading manifest file '../../build/teleop_pm/teleop_pm.egg-info/SOURCES.txt'
[6.908s] writing manifest file '../../build/teleop_pm/teleop_pm.egg-info/SOURCES.txt'
[6.908s] running build
[6.909s] running build_py
[6.909s] copying teleop_pm/__init__.py -> /home/pimpmobile/ros2_ws/build/teleop_pm/build/lib/teleop_pm
[6.909s] copying teleop_pm/teleopserial.py -> /home/pimpmobile/ros2_ws/build/teleop_pm/build/lib/teleop_pm
[6.910s] running install
[6.910s] /home/pimpmobile/.local/lib/python3.8/site-packages/setuptools/_distutils/cmd.py:66: SetuptoolsDeprecationWarning: setup.py install is deprecated.
[6.911s] !!
[6.911s] 
[6.911s]         ********************************************************************************
[6.911s]         Please avoid running ``setup.py`` directly.
[6.911s]         Instead, use pypa/build, pypa/installer or other
[6.911s]         standards-based tools.
[6.911s] 
[6.911s]         See https://blog.ganssle.io/articles/2021/10/setup-py-deprecated.html for details.
[6.912s]         ********************************************************************************
[6.912s] 
[6.912s] !!
[6.912s]   self.initialize_options()
[6.922s] running install_lib
[6.959s] running install_data
[6.994s] copying resource/teleop_pm -> /home/pimpmobile/ros2_ws/install/teleop_pm/share/ament_index/resource_index/packages
[6.994s] copying package.xml -> /home/pimpmobile/ros2_ws/install/teleop_pm/share/teleop_pm
[6.994s] running install_egg_info
[7.031s] removing '/home/pimpmobile/ros2_ws/install/teleop_pm/lib/python3.8/site-packages/teleop_pm-0.0.0-py3.8.egg-info' (and everything under it)
[7.031s] Copying ../../build/teleop_pm/teleop_pm.egg-info to /home/pimpmobile/ros2_ws/install/teleop_pm/lib/python3.8/site-packages/teleop_pm-0.0.0-py3.8.egg-info
[7.033s] running install_scripts
[7.141s] Installing tops script to /home/pimpmobile/ros2_ws/install/teleop_pm/lib/teleop_pm
[7.142s] writing list of installed files to '/home/pimpmobile/ros2_ws/build/teleop_pm/install.log'
[7.219s] Invoked command in '/home/pimpmobile/ros2_ws/src/teleop_pm' returned '0': AMENT_PREFIX_PATH=/home/pimpmobile/ros2_ws/install/lidar:/home/pimpmobile/ldlidar_ros2_ws/install/ldlidar_stl_ros2:/home/pimpmobile/ros2_ws/install/turtlesim:/home/pimpmobile/ros2_ws/install/teleop_pm:/home/pimpmobile/ros2_ws/install/slam:/home/pimpmobile/ros2_ws/install/odometry:/home/pimpmobile/ros2_ws/install/master:/home/pimpmobile/ros2_ws/install/gps_publisher:/opt/ros/foxy PYTHONPATH=/home/pimpmobile/ros2_ws/build/teleop_pm/prefix_override:/home/pimpmobile/ros2_ws/install/teleop_pm/lib/python3.8/site-packages:/home/pimpmobile/ros2_ws/install/lidar/lib/python3.8/site-packages:/home/pimpmobile/ros2_ws/install/turtlesim/lib/python3.8/site-packages:/home/pimpmobile/ros2_ws/install/teleop_pm/lib/python3.8/site-packages:/home/pimpmobile/ros2_ws/install/slam/lib/python3.8/site-packages:/home/pimpmobile/ros2_ws/install/odometry/lib/python3.8/site-packages:/home/pimpmobile/ros2_ws/install/master/lib/python3.8/site-packages:/home/pimpmobile/ros2_ws/install/gps_publisher/lib/python3.8/site-packages:/opt/ros/foxy/lib/python3.8/site-packages /usr/bin/python3 setup.py egg_info --egg-base ../../build/teleop_pm build --build-base /home/pimpmobile/ros2_ws/build/teleop_pm/build install --record /home/pimpmobile/ros2_ws/build/teleop_pm/install.log --install-scripts $base/lib/teleop_pm --single-version-externally-managed
