[4.427s] Invoking command in '/home/pimpmobile/ros2_ws/src/master': PYTHONPATH=/home/pimpmobile/ros2_ws/build/master/prefix_override:/home/pimpmobile/ros2_ws/install/master/lib/python3.8/site-packages:${PYTHONPATH} /usr/bin/python3 setup.py egg_info --egg-base ../../build/master build --build-base /home/pimpmobile/ros2_ws/build/master/build install --record /home/pimpmobile/ros2_ws/build/master/install.log --install-scripts $base/lib/master --single-version-externally-managed
[4.694s] /home/pimpmobile/.local/lib/python3.8/site-packages/setuptools/dist.py:472: SetuptoolsDeprecationWarning: Invalid dash-separated options
[4.694s] !!
[4.694s] 
[4.695s]         ********************************************************************************
[4.695s]         Usage of dash-separated 'script-dir' will not be supported in future
[4.695s]         versions. Please use the underscore name 'script_dir' instead.
[4.695s] 
[4.696s]         By 2024-Sep-26, you need to update your project and remove deprecated calls
[4.696s]         or your builds will no longer be supported.
[4.696s] 
[4.696s]         See https://setuptools.pypa.io/en/latest/userguide/declarative_config.html for details.
[4.696s]         ********************************************************************************
[4.697s] 
[4.697s] !!
[4.697s]   opt = self.warn_dash_deprecation(opt, section)
[4.910s] running egg_info
[4.944s] writing ../../build/master/master.egg-info/PKG-INFO
[4.945s] writing dependency_links to ../../build/master/master.egg-info/dependency_links.txt
[4.945s] writing entry points to ../../build/master/master.egg-info/entry_points.txt
[4.946s] writing requirements to ../../build/master/master.egg-info/requires.txt
[4.946s] writing top-level names to ../../build/master/master.egg-info/top_level.txt
[5.227s] reading manifest file '../../build/master/master.egg-info/SOURCES.txt'
[5.229s] writing manifest file '../../build/master/master.egg-info/SOURCES.txt'
[5.229s] running build
[5.229s] running build_py
[5.230s] copying master/__init__.py -> /home/pimpmobile/ros2_ws/build/master/build/lib/master
[5.230s] copying master/master_code.py -> /home/pimpmobile/ros2_ws/build/master/build/lib/master
[5.230s] copying master/odometry.py -> /home/pimpmobile/ros2_ws/build/master/build/lib/master
[5.231s] running install
[5.231s] /home/pimpmobile/.local/lib/python3.8/site-packages/setuptools/_distutils/cmd.py:66: SetuptoolsDeprecationWarning: setup.py install is deprecated.
[5.232s] !!
[5.232s] 
[5.232s]         ********************************************************************************
[5.232s]         Please avoid running ``setup.py`` directly.
[5.232s]         Instead, use pypa/build, pypa/installer or other
[5.232s]         standards-based tools.
[5.232s] 
[5.232s]         See https://blog.ganssle.io/articles/2021/10/setup-py-deprecated.html for details.
[5.232s]         ********************************************************************************
[5.233s] 
[5.233s] !!
[5.233s]   self.initialize_options()
[5.242s] running install_lib
[5.278s] copying /home/pimpmobile/ros2_ws/build/master/build/lib/master/master_code.py -> /home/pimpmobile/ros2_ws/install/master/lib/python3.8/site-packages/master
[5.279s] byte-compiling /home/pimpmobile/ros2_ws/install/master/lib/python3.8/site-packages/master/master_code.py to master_code.cpython-38.pyc
[5.281s] running install_data
[5.316s] copying resource/master -> /home/pimpmobile/ros2_ws/install/master/share/ament_index/resource_index/packages
[5.317s] copying package.xml -> /home/pimpmobile/ros2_ws/install/master/share/master
[5.317s] running install_egg_info
[5.353s] removing '/home/pimpmobile/ros2_ws/install/master/lib/python3.8/site-packages/master-0.0.0-py3.8.egg-info' (and everything under it)
[5.353s] Copying ../../build/master/master.egg-info to /home/pimpmobile/ros2_ws/install/master/lib/python3.8/site-packages/master-0.0.0-py3.8.egg-info
[5.355s] running install_scripts
[5.462s] Installing master script to /home/pimpmobile/ros2_ws/install/master/lib/master
[5.463s] writing list of installed files to '/home/pimpmobile/ros2_ws/build/master/install.log'
[5.536s] Invoked command in '/home/pimpmobile/ros2_ws/src/master' returned '0': PYTHONPATH=/home/pimpmobile/ros2_ws/build/master/prefix_override:/home/pimpmobile/ros2_ws/install/master/lib/python3.8/site-packages:${PYTHONPATH} /usr/bin/python3 setup.py egg_info --egg-base ../../build/master build --build-base /home/pimpmobile/ros2_ws/build/master/build install --record /home/pimpmobile/ros2_ws/build/master/install.log --install-scripts $base/lib/master --single-version-externally-managed
