[13.288s] DEBUG:colcon:Command line arguments: ['/usr/bin/colcon', 'build', '--packages-select', 'gps_publisher']
[13.288s] DEBUG:colcon:Parsed command line arguments: Namespace(allow_overriding=[], ament_cmake_args=None, base_paths=['.'], build_base='build', catkin_cmake_args=None, catkin_skip_building_tests=False, cmake_args=None, cmake_clean_cache=False, cmake_clean_first=False, cmake_force_configure=False, cmake_target=None, cmake_target_skip_unavailable=False, continue_on_error=False, event_handlers=None, executor='parallel', ignore_user_meta=False, install_base='install', log_base=None, log_level=None, main=<bound method BuildVerb.main of <colcon_core.verb.build.BuildVerb object at 0xffff834d1250>>, merge_install=False, metas=['./colcon.meta'], packages_above=None, packages_above_and_dependencies=None, packages_above_depth=None, packages_end=None, packages_ignore=None, packages_ignore_regex=None, packages_select=['gps_publisher'], packages_select_build_failed=False, packages_select_by_dep=None, packages_select_regex=None, packages_select_test_failures=False, packages_skip=None, packages_skip_build_finished=False, packages_skip_by_dep=None, packages_skip_regex=None, packages_skip_test_passed=False, packages_skip_up_to=None, packages_start=None, packages_up_to=None, packages_up_to_regex=None, parallel_workers=6, paths=None, symlink_install=False, test_result_base=None, verb_extension=<colcon_core.verb.build.BuildVerb object at 0xffff834d1250>, verb_name='build', verb_parser=<colcon_defaults.argument_parser.defaults.DefaultArgumentsDecorator object at 0xffff834d1760>)
[13.859s] Level 1:colcon.colcon_core.package_discovery:discover_packages(colcon_meta) check parameters
[13.859s] Level 1:colcon.colcon_core.package_discovery:discover_packages(recursive) check parameters
[13.859s] Level 1:colcon.colcon_core.package_discovery:discover_packages(ignore) check parameters
[13.859s] Level 1:colcon.colcon_core.package_discovery:discover_packages(path) check parameters
[13.859s] Level 1:colcon.colcon_core.package_discovery:discover_packages(colcon_meta) discover
[13.859s] Level 1:colcon.colcon_core.package_discovery:discover_packages(recursive) discover
[13.860s] INFO:colcon.colcon_core.package_discovery:Crawling recursively for packages in '/home/pimpmobile/ros2_ws'
[13.860s] Level 1:colcon.colcon_core.package_identification:_identify(.) by extensions ['ignore', 'ignore_ament_install']
[13.860s] Level 1:colcon.colcon_core.package_identification:_identify(.) by extension 'ignore'
[13.860s] Level 1:colcon.colcon_core.package_identification:_identify(.) by extension 'ignore_ament_install'
[13.860s] Level 1:colcon.colcon_core.package_identification:_identify(.) by extensions ['colcon_pkg']
[13.860s] Level 1:colcon.colcon_core.package_identification:_identify(.) by extension 'colcon_pkg'
[13.860s] Level 1:colcon.colcon_core.package_identification:_identify(.) by extensions ['colcon_meta']
[13.861s] Level 1:colcon.colcon_core.package_identification:_identify(.) by extension 'colcon_meta'
[13.861s] Level 1:colcon.colcon_core.package_identification:_identify(.) by extensions ['ros']
[13.861s] Level 1:colcon.colcon_core.package_identification:_identify(.) by extension 'ros'
[13.888s] Level 1:colcon.colcon_core.package_identification:_identify(.) by extensions ['cmake', 'python']
[13.888s] Level 1:colcon.colcon_core.package_identification:_identify(.) by extension 'cmake'
[13.889s] Level 1:colcon.colcon_core.package_identification:_identify(.) by extension 'python'
[13.889s] Level 1:colcon.colcon_core.package_identification:_identify(.) by extensions ['python_setup_py']
[13.889s] Level 1:colcon.colcon_core.package_identification:_identify(.) by extension 'python_setup_py'
[13.889s] Level 1:colcon.colcon_core.package_identification:_identify(build) by extensions ['ignore', 'ignore_ament_install']
[13.889s] Level 1:colcon.colcon_core.package_identification:_identify(build) by extension 'ignore'
[13.889s] Level 1:colcon.colcon_core.package_identification:_identify(build) ignored
[13.890s] Level 1:colcon.colcon_core.package_identification:_identify(install) by extensions ['ignore', 'ignore_ament_install']
[13.890s] Level 1:colcon.colcon_core.package_identification:_identify(install) by extension 'ignore'
[13.890s] Level 1:colcon.colcon_core.package_identification:_identify(install) ignored
[13.891s] Level 1:colcon.colcon_core.package_identification:_identify(log) by extensions ['ignore', 'ignore_ament_install']
[13.891s] Level 1:colcon.colcon_core.package_identification:_identify(log) by extension 'ignore'
[13.891s] Level 1:colcon.colcon_core.package_identification:_identify(log) ignored
[13.891s] Level 1:colcon.colcon_core.package_identification:_identify(src) by extensions ['ignore', 'ignore_ament_install']
[13.891s] Level 1:colcon.colcon_core.package_identification:_identify(src) by extension 'ignore'
[13.891s] Level 1:colcon.colcon_core.package_identification:_identify(src) by extension 'ignore_ament_install'
[13.891s] Level 1:colcon.colcon_core.package_identification:_identify(src) by extensions ['colcon_pkg']
[13.891s] Level 1:colcon.colcon_core.package_identification:_identify(src) by extension 'colcon_pkg'
[13.892s] Level 1:colcon.colcon_core.package_identification:_identify(src) by extensions ['colcon_meta']
[13.892s] Level 1:colcon.colcon_core.package_identification:_identify(src) by extension 'colcon_meta'
[13.892s] Level 1:colcon.colcon_core.package_identification:_identify(src) by extensions ['ros']
[13.892s] Level 1:colcon.colcon_core.package_identification:_identify(src) by extension 'ros'
[13.892s] Level 1:colcon.colcon_core.package_identification:_identify(src) by extensions ['cmake', 'python']
[13.892s] Level 1:colcon.colcon_core.package_identification:_identify(src) by extension 'cmake'
[13.892s] Level 1:colcon.colcon_core.package_identification:_identify(src) by extension 'python'
[13.892s] Level 1:colcon.colcon_core.package_identification:_identify(src) by extensions ['python_setup_py']
[13.892s] Level 1:colcon.colcon_core.package_identification:_identify(src) by extension 'python_setup_py'
[13.893s] Level 1:colcon.colcon_core.package_identification:_identify(src/build) by extensions ['ignore', 'ignore_ament_install']
[13.893s] Level 1:colcon.colcon_core.package_identification:_identify(src/build) by extension 'ignore'
[13.893s] Level 1:colcon.colcon_core.package_identification:_identify(src/build) ignored
[13.893s] Level 1:colcon.colcon_core.package_identification:_identify(src/gps_publisher) by extensions ['ignore', 'ignore_ament_install']
[13.893s] Level 1:colcon.colcon_core.package_identification:_identify(src/gps_publisher) by extension 'ignore'
[13.893s] Level 1:colcon.colcon_core.package_identification:_identify(src/gps_publisher) by extension 'ignore_ament_install'
[13.893s] Level 1:colcon.colcon_core.package_identification:_identify(src/gps_publisher) by extensions ['colcon_pkg']
[13.893s] Level 1:colcon.colcon_core.package_identification:_identify(src/gps_publisher) by extension 'colcon_pkg'
[13.894s] Level 1:colcon.colcon_core.package_identification:_identify(src/gps_publisher) by extensions ['colcon_meta']
[13.894s] Level 1:colcon.colcon_core.package_identification:_identify(src/gps_publisher) by extension 'colcon_meta'
[13.894s] Level 1:colcon.colcon_core.package_identification:_identify(src/gps_publisher) by extensions ['ros']
[13.894s] Level 1:colcon.colcon_core.package_identification:_identify(src/gps_publisher) by extension 'ros'
[13.899s] DEBUG:colcon.colcon_core.package_identification:Package 'src/gps_publisher' with type 'ros.ament_python' and name 'gps_publisher'
[13.899s] Level 1:colcon.colcon_core.package_identification:_identify(src/install) by extensions ['ignore', 'ignore_ament_install']
[13.899s] Level 1:colcon.colcon_core.package_identification:_identify(src/install) by extension 'ignore'
[13.899s] Level 1:colcon.colcon_core.package_identification:_identify(src/install) ignored
[13.899s] Level 1:colcon.colcon_core.package_identification:_identify(src/lidar) by extensions ['ignore', 'ignore_ament_install']
[13.900s] Level 1:colcon.colcon_core.package_identification:_identify(src/lidar) by extension 'ignore'
[13.900s] Level 1:colcon.colcon_core.package_identification:_identify(src/lidar) by extension 'ignore_ament_install'
[13.900s] Level 1:colcon.colcon_core.package_identification:_identify(src/lidar) by extensions ['colcon_pkg']
[13.900s] Level 1:colcon.colcon_core.package_identification:_identify(src/lidar) by extension 'colcon_pkg'
[13.900s] Level 1:colcon.colcon_core.package_identification:_identify(src/lidar) by extensions ['colcon_meta']
[13.900s] Level 1:colcon.colcon_core.package_identification:_identify(src/lidar) by extension 'colcon_meta'
[13.900s] Level 1:colcon.colcon_core.package_identification:_identify(src/lidar) by extensions ['ros']
[13.900s] Level 1:colcon.colcon_core.package_identification:_identify(src/lidar) by extension 'ros'
[13.901s] DEBUG:colcon.colcon_core.package_identification:Package 'src/lidar' with type 'ros.ament_python' and name 'lidar'
[13.902s] Level 1:colcon.colcon_core.package_identification:_identify(src/log) by extensions ['ignore', 'ignore_ament_install']
[13.902s] Level 1:colcon.colcon_core.package_identification:_identify(src/log) by extension 'ignore'
[13.902s] Level 1:colcon.colcon_core.package_identification:_identify(src/log) ignored
[13.902s] Level 1:colcon.colcon_core.package_identification:_identify(src/master) by extensions ['ignore', 'ignore_ament_install']
[13.902s] Level 1:colcon.colcon_core.package_identification:_identify(src/master) by extension 'ignore'
[13.902s] Level 1:colcon.colcon_core.package_identification:_identify(src/master) by extension 'ignore_ament_install'
[13.902s] Level 1:colcon.colcon_core.package_identification:_identify(src/master) by extensions ['colcon_pkg']
[13.903s] Level 1:colcon.colcon_core.package_identification:_identify(src/master) by extension 'colcon_pkg'
[13.903s] Level 1:colcon.colcon_core.package_identification:_identify(src/master) by extensions ['colcon_meta']
[13.903s] Level 1:colcon.colcon_core.package_identification:_identify(src/master) by extension 'colcon_meta'
[13.903s] Level 1:colcon.colcon_core.package_identification:_identify(src/master) by extensions ['ros']
[13.903s] Level 1:colcon.colcon_core.package_identification:_identify(src/master) by extension 'ros'
[13.904s] DEBUG:colcon.colcon_core.package_identification:Package 'src/master' with type 'ros.ament_python' and name 'master'
[13.904s] Level 1:colcon.colcon_core.package_identification:_identify(src/ros_tutorials) by extensions ['ignore', 'ignore_ament_install']
[13.904s] Level 1:colcon.colcon_core.package_identification:_identify(src/ros_tutorials) by extension 'ignore'
[13.904s] Level 1:colcon.colcon_core.package_identification:_identify(src/ros_tutorials) by extension 'ignore_ament_install'
[13.904s] Level 1:colcon.colcon_core.package_identification:_identify(src/ros_tutorials) by extensions ['colcon_pkg']
[13.905s] Level 1:colcon.colcon_core.package_identification:_identify(src/ros_tutorials) by extension 'colcon_pkg'
[13.905s] Level 1:colcon.colcon_core.package_identification:_identify(src/ros_tutorials) by extensions ['colcon_meta']
[13.905s] Level 1:colcon.colcon_core.package_identification:_identify(src/ros_tutorials) by extension 'colcon_meta'
[13.905s] Level 1:colcon.colcon_core.package_identification:_identify(src/ros_tutorials) by extensions ['ros']
[13.905s] Level 1:colcon.colcon_core.package_identification:_identify(src/ros_tutorials) by extension 'ros'
[13.905s] Level 1:colcon.colcon_core.package_identification:_identify(src/ros_tutorials) by extensions ['cmake', 'python']
[13.905s] Level 1:colcon.colcon_core.package_identification:_identify(src/ros_tutorials) by extension 'cmake'
[13.905s] Level 1:colcon.colcon_core.package_identification:_identify(src/ros_tutorials) by extension 'python'
[13.905s] Level 1:colcon.colcon_core.package_identification:_identify(src/ros_tutorials) by extensions ['python_setup_py']
[13.905s] Level 1:colcon.colcon_core.package_identification:_identify(src/ros_tutorials) by extension 'python_setup_py'
[13.906s] Level 1:colcon.colcon_core.package_identification:_identify(src/ros_tutorials/ros_tutorials) by extensions ['ignore', 'ignore_ament_install']
[13.906s] Level 1:colcon.colcon_core.package_identification:_identify(src/ros_tutorials/ros_tutorials) by extension 'ignore'
[13.906s] Level 1:colcon.colcon_core.package_identification:_identify(src/ros_tutorials/ros_tutorials) ignored
[13.906s] Level 1:colcon.colcon_core.package_identification:_identify(src/ros_tutorials/roscpp_tutorials) by extensions ['ignore', 'ignore_ament_install']
[13.906s] Level 1:colcon.colcon_core.package_identification:_identify(src/ros_tutorials/roscpp_tutorials) by extension 'ignore'
[13.906s] Level 1:colcon.colcon_core.package_identification:_identify(src/ros_tutorials/roscpp_tutorials) ignored
[13.907s] Level 1:colcon.colcon_core.package_identification:_identify(src/ros_tutorials/rospy_tutorials) by extensions ['ignore', 'ignore_ament_install']
[13.907s] Level 1:colcon.colcon_core.package_identification:_identify(src/ros_tutorials/rospy_tutorials) by extension 'ignore'
[13.907s] Level 1:colcon.colcon_core.package_identification:_identify(src/ros_tutorials/rospy_tutorials) ignored
[13.907s] Level 1:colcon.colcon_core.package_identification:_identify(src/ros_tutorials/turtlesim) by extensions ['ignore', 'ignore_ament_install']
[13.907s] Level 1:colcon.colcon_core.package_identification:_identify(src/ros_tutorials/turtlesim) by extension 'ignore'
[13.907s] Level 1:colcon.colcon_core.package_identification:_identify(src/ros_tutorials/turtlesim) by extension 'ignore_ament_install'
[13.907s] Level 1:colcon.colcon_core.package_identification:_identify(src/ros_tutorials/turtlesim) by extensions ['colcon_pkg']
[13.907s] Level 1:colcon.colcon_core.package_identification:_identify(src/ros_tutorials/turtlesim) by extension 'colcon_pkg'
[13.908s] Level 1:colcon.colcon_core.package_identification:_identify(src/ros_tutorials/turtlesim) by extensions ['colcon_meta']
[13.908s] Level 1:colcon.colcon_core.package_identification:_identify(src/ros_tutorials/turtlesim) by extension 'colcon_meta'
[13.908s] Level 1:colcon.colcon_core.package_identification:_identify(src/ros_tutorials/turtlesim) by extensions ['ros']
[13.908s] Level 1:colcon.colcon_core.package_identification:_identify(src/ros_tutorials/turtlesim) by extension 'ros'
[13.912s] DEBUG:colcon.colcon_core.package_identification:Package 'src/ros_tutorials/turtlesim' with type 'ros.ament_cmake' and name 'turtlesim'
[13.912s] Level 1:colcon.colcon_core.package_identification:_identify(src/slam) by extensions ['ignore', 'ignore_ament_install']
[13.912s] Level 1:colcon.colcon_core.package_identification:_identify(src/slam) by extension 'ignore'
[13.912s] Level 1:colcon.colcon_core.package_identification:_identify(src/slam) by extension 'ignore_ament_install'
[13.913s] Level 1:colcon.colcon_core.package_identification:_identify(src/slam) by extensions ['colcon_pkg']
[13.913s] Level 1:colcon.colcon_core.package_identification:_identify(src/slam) by extension 'colcon_pkg'
[13.913s] Level 1:colcon.colcon_core.package_identification:_identify(src/slam) by extensions ['colcon_meta']
[13.913s] Level 1:colcon.colcon_core.package_identification:_identify(src/slam) by extension 'colcon_meta'
[13.913s] Level 1:colcon.colcon_core.package_identification:_identify(src/slam) by extensions ['ros']
[13.913s] Level 1:colcon.colcon_core.package_identification:_identify(src/slam) by extension 'ros'
[13.914s] DEBUG:colcon.colcon_core.package_identification:Package 'src/slam' with type 'ros.ament_python' and name 'slam'
[13.914s] Level 1:colcon.colcon_core.package_identification:_identify(src/teleop_pm) by extensions ['ignore', 'ignore_ament_install']
[13.914s] Level 1:colcon.colcon_core.package_identification:_identify(src/teleop_pm) by extension 'ignore'
[13.914s] Level 1:colcon.colcon_core.package_identification:_identify(src/teleop_pm) by extension 'ignore_ament_install'
[13.915s] Level 1:colcon.colcon_core.package_identification:_identify(src/teleop_pm) by extensions ['colcon_pkg']
[13.915s] Level 1:colcon.colcon_core.package_identification:_identify(src/teleop_pm) by extension 'colcon_pkg'
[13.915s] Level 1:colcon.colcon_core.package_identification:_identify(src/teleop_pm) by extensions ['colcon_meta']
[13.915s] Level 1:colcon.colcon_core.package_identification:_identify(src/teleop_pm) by extension 'colcon_meta'
[13.915s] Level 1:colcon.colcon_core.package_identification:_identify(src/teleop_pm) by extensions ['ros']
[13.915s] Level 1:colcon.colcon_core.package_identification:_identify(src/teleop_pm) by extension 'ros'
[13.916s] DEBUG:colcon.colcon_core.package_identification:Package 'src/teleop_pm' with type 'ros.ament_python' and name 'teleop_pm'
[13.916s] Level 1:colcon.colcon_core.package_discovery:discover_packages(recursive) using defaults
[13.916s] Level 1:colcon.colcon_core.package_discovery:discover_packages(ignore) discover
[13.916s] Level 1:colcon.colcon_core.package_discovery:discover_packages(ignore) using defaults
[13.916s] Level 1:colcon.colcon_core.package_discovery:discover_packages(path) discover
[13.916s] Level 1:colcon.colcon_core.package_discovery:discover_packages(path) using defaults
[14.634s] INFO:colcon.colcon_core.package_selection:Skipping not selected package 'lidar' in 'src/lidar'
[14.634s] INFO:colcon.colcon_core.package_selection:Skipping not selected package 'master' in 'src/master'
[14.635s] INFO:colcon.colcon_core.package_selection:Skipping not selected package 'slam' in 'src/slam'
[14.635s] INFO:colcon.colcon_core.package_selection:Skipping not selected package 'turtlesim' in 'src/ros_tutorials/turtlesim'
[14.635s] INFO:colcon.colcon_core.package_selection:Skipping not selected package 'teleop_pm' in 'src/teleop_pm'
[15.082s] Level 1:colcon.colcon_core.package_discovery:discover_packages(prefix_path) check parameters
[15.082s] Level 1:colcon.colcon_core.package_discovery:discover_packages(prefix_path) discover
[15.533s] DEBUG:colcon.colcon_installed_package_information.package_discovery:Found 1 installed packages in /home/pimpmobile/ldlidar_ros2_ws/install
[15.758s] DEBUG:colcon.colcon_installed_package_information.package_discovery:Found 6 installed packages in /home/pimpmobile/ros2_ws/install
[15.983s] DEBUG:colcon.colcon_installed_package_information.package_discovery:Found 276 installed packages in /opt/ros/foxy
[15.987s] Level 1:colcon.colcon_core.package_discovery:discover_packages(prefix_path) using defaults
[16.539s] Level 5:colcon.colcon_core.verb:set package 'gps_publisher' build argument 'cmake_args' from command line to 'None'
[16.539s] Level 5:colcon.colcon_core.verb:set package 'gps_publisher' build argument 'cmake_target' from command line to 'None'
[16.539s] Level 5:colcon.colcon_core.verb:set package 'gps_publisher' build argument 'cmake_target_skip_unavailable' from command line to 'False'
[16.539s] Level 5:colcon.colcon_core.verb:set package 'gps_publisher' build argument 'cmake_clean_cache' from command line to 'False'
[16.539s] Level 5:colcon.colcon_core.verb:set package 'gps_publisher' build argument 'cmake_clean_first' from command line to 'False'
[16.539s] Level 5:colcon.colcon_core.verb:set package 'gps_publisher' build argument 'cmake_force_configure' from command line to 'False'
[16.539s] Level 5:colcon.colcon_core.verb:set package 'gps_publisher' build argument 'ament_cmake_args' from command line to 'None'
[16.539s] Level 5:colcon.colcon_core.verb:set package 'gps_publisher' build argument 'catkin_cmake_args' from command line to 'None'
[16.539s] Level 5:colcon.colcon_core.verb:set package 'gps_publisher' build argument 'catkin_skip_building_tests' from command line to 'False'
[16.540s] DEBUG:colcon.colcon_core.verb:Building package 'gps_publisher' with the following arguments: {'ament_cmake_args': None, 'build_base': '/home/pimpmobile/ros2_ws/build/gps_publisher', 'catkin_cmake_args': None, 'catkin_skip_building_tests': False, 'cmake_args': None, 'cmake_clean_cache': False, 'cmake_clean_first': False, 'cmake_force_configure': False, 'cmake_target': None, 'cmake_target_skip_unavailable': False, 'install_base': '/home/pimpmobile/ros2_ws/install/gps_publisher', 'merge_install': False, 'path': '/home/pimpmobile/ros2_ws/src/gps_publisher', 'symlink_install': False, 'test_result_base': None}
[16.764s] INFO:colcon.colcon_core.executor:Executing jobs using 'parallel' executor
[16.993s] DEBUG:colcon.colcon_parallel_executor.executor.parallel:run_until_complete
[16.994s] INFO:colcon.colcon_ros.task.ament_python.build:Building ROS package in '/home/pimpmobile/ros2_ws/src/gps_publisher' with build type 'ament_python'
[16.994s] Level 1:colcon.colcon_core.shell:create_environment_hook('gps_publisher', 'ament_prefix_path')
[17.227s] INFO:colcon.colcon_core.plugin_system:Skipping extension 'colcon_core.shell.bat': Not used on non-Windows systems
[17.228s] INFO:colcon.colcon_core.shell:Creating environment hook '/home/pimpmobile/ros2_ws/install/gps_publisher/share/gps_publisher/hook/ament_prefix_path.ps1'
[17.229s] INFO:colcon.colcon_core.shell:Creating environment descriptor '/home/pimpmobile/ros2_ws/install/gps_publisher/share/gps_publisher/hook/ament_prefix_path.dsv'
[17.230s] INFO:colcon.colcon_core.shell:Creating environment hook '/home/pimpmobile/ros2_ws/install/gps_publisher/share/gps_publisher/hook/ament_prefix_path.sh'
[17.460s] INFO:colcon.colcon_core.shell:Skip shell extension 'powershell' for command environment: Not usable outside of PowerShell
[17.460s] DEBUG:colcon.colcon_core.shell:Skip shell extension 'dsv' for command environment
[18.831s] INFO:colcon.colcon_core.task.python.build:Building Python package in '/home/pimpmobile/ros2_ws/src/gps_publisher'
[19.062s] INFO:colcon.colcon_core.shell:Skip shell extension 'powershell' for command environment: Not usable outside of PowerShell
[19.062s] DEBUG:colcon.colcon_core.shell:Skip shell extension 'dsv' for command environment
[21.408s] DEBUG:colcon.colcon_core.event_handler.log_command:Invoking command in '/home/pimpmobile/ros2_ws/src/gps_publisher': PYTHONPATH=/home/pimpmobile/ros2_ws/build/gps_publisher/prefix_override:/home/pimpmobile/ros2_ws/install/gps_publisher/lib/python3.8/site-packages:${PYTHONPATH} /usr/bin/python3 setup.py egg_info --egg-base ../../build/gps_publisher build --build-base /home/pimpmobile/ros2_ws/build/gps_publisher/build install --record /home/pimpmobile/ros2_ws/build/gps_publisher/install.log --install-scripts $base/lib/gps_publisher --single-version-externally-managed
[22.548s] DEBUG:colcon.colcon_core.event_handler.log_command:Invoked command in '/home/pimpmobile/ros2_ws/src/gps_publisher' returned '0': PYTHONPATH=/home/pimpmobile/ros2_ws/build/gps_publisher/prefix_override:/home/pimpmobile/ros2_ws/install/gps_publisher/lib/python3.8/site-packages:${PYTHONPATH} /usr/bin/python3 setup.py egg_info --egg-base ../../build/gps_publisher build --build-base /home/pimpmobile/ros2_ws/build/gps_publisher/build install --record /home/pimpmobile/ros2_ws/build/gps_publisher/install.log --install-scripts $base/lib/gps_publisher --single-version-externally-managed
[22.798s] Level 1:colcon.colcon_core.environment:checking '/home/pimpmobile/ros2_ws/install/gps_publisher' for CMake module files
[22.799s] Level 1:colcon.colcon_core.environment:checking '/home/pimpmobile/ros2_ws/install/gps_publisher' for CMake config files
[22.801s] Level 1:colcon.colcon_core.environment:checking '/home/pimpmobile/ros2_ws/install/gps_publisher/lib'
[22.801s] Level 1:colcon.colcon_core.environment:checking '/home/pimpmobile/ros2_ws/install/gps_publisher/bin'
[22.802s] Level 1:colcon.colcon_core.environment:checking '/home/pimpmobile/ros2_ws/install/gps_publisher/lib/pkgconfig/gps_publisher.pc'
[22.802s] Level 1:colcon.colcon_core.environment:checking '/home/pimpmobile/ros2_ws/install/gps_publisher/lib/python3.8/site-packages'
[22.802s] Level 1:colcon.colcon_core.shell:create_environment_hook('gps_publisher', 'pythonpath')
[23.031s] INFO:colcon.colcon_core.shell:Creating environment hook '/home/pimpmobile/ros2_ws/install/gps_publisher/share/gps_publisher/hook/pythonpath.ps1'
[23.032s] INFO:colcon.colcon_core.shell:Creating environment descriptor '/home/pimpmobile/ros2_ws/install/gps_publisher/share/gps_publisher/hook/pythonpath.dsv'
[23.033s] INFO:colcon.colcon_core.shell:Creating environment hook '/home/pimpmobile/ros2_ws/install/gps_publisher/share/gps_publisher/hook/pythonpath.sh'
[23.034s] Level 1:colcon.colcon_core.environment:checking '/home/pimpmobile/ros2_ws/install/gps_publisher/bin'
[23.034s] Level 1:colcon.colcon_core.environment:create_environment_scripts_only(gps_publisher)
[23.262s] INFO:colcon.colcon_core.shell:Creating package script '/home/pimpmobile/ros2_ws/install/gps_publisher/share/gps_publisher/package.ps1'
[23.264s] INFO:colcon.colcon_core.shell:Creating package descriptor '/home/pimpmobile/ros2_ws/install/gps_publisher/share/gps_publisher/package.dsv'
[23.265s] INFO:colcon.colcon_core.shell:Creating package script '/home/pimpmobile/ros2_ws/install/gps_publisher/share/gps_publisher/package.sh'
[23.266s] INFO:colcon.colcon_core.shell:Creating package script '/home/pimpmobile/ros2_ws/install/gps_publisher/share/gps_publisher/package.bash'
[23.267s] INFO:colcon.colcon_core.shell:Creating package script '/home/pimpmobile/ros2_ws/install/gps_publisher/share/gps_publisher/package.zsh'
[23.268s] Level 1:colcon.colcon_core.environment:create_file_with_runtime_dependencies(/home/pimpmobile/ros2_ws/install/gps_publisher/share/colcon-core/packages/gps_publisher)
[23.269s] DEBUG:colcon.colcon_parallel_executor.executor.parallel:closing loop
[23.270s] DEBUG:colcon.colcon_parallel_executor.executor.parallel:loop closed
[23.270s] DEBUG:colcon.colcon_parallel_executor.executor.parallel:run_until_complete finished with '0'
[23.270s] DEBUG:colcon.colcon_core.event_reactor:joining thread
[23.528s] INFO:colcon.colcon_core.plugin_system:Skipping extension 'colcon_notification.desktop_notification.terminal_notifier': Not used on non-Darwin systems
[23.528s] INFO:colcon.colcon_core.plugin_system:Skipping extension 'colcon_notification.desktop_notification.win32': Not used on non-Windows systems
[23.529s] INFO:colcon.colcon_notification.desktop_notification:Sending desktop notification using 'notify2'
[23.575s] DEBUG:colcon.colcon_core.event_reactor:joined thread
[23.805s] INFO:colcon.colcon_core.shell:Creating prefix script '/home/pimpmobile/ros2_ws/install/local_setup.ps1'
[23.807s] INFO:colcon.colcon_core.shell:Creating prefix util module '/home/pimpmobile/ros2_ws/install/_local_setup_util_ps1.py'
[23.809s] INFO:colcon.colcon_core.shell:Creating prefix chain script '/home/pimpmobile/ros2_ws/install/setup.ps1'
[24.035s] INFO:colcon.colcon_core.shell:Creating prefix script '/home/pimpmobile/ros2_ws/install/local_setup.sh'
[24.037s] INFO:colcon.colcon_core.shell:Creating prefix util module '/home/pimpmobile/ros2_ws/install/_local_setup_util_sh.py'
[24.037s] INFO:colcon.colcon_core.shell:Creating prefix chain script '/home/pimpmobile/ros2_ws/install/setup.sh'
[24.266s] INFO:colcon.colcon_core.shell:Creating prefix script '/home/pimpmobile/ros2_ws/install/local_setup.bash'
[24.267s] INFO:colcon.colcon_core.shell:Creating prefix chain script '/home/pimpmobile/ros2_ws/install/setup.bash'
[24.494s] INFO:colcon.colcon_core.shell:Creating prefix script '/home/pimpmobile/ros2_ws/install/local_setup.zsh'
[24.495s] INFO:colcon.colcon_core.shell:Creating prefix chain script '/home/pimpmobile/ros2_ws/install/setup.zsh'
