[2.105s] Invoking command in '/home/pimpmobile/ros2_ws/src/master': PYTHONPATH=/home/pimpmobile/ros2_ws/build/master/prefix_override:/usr/lib/python3/dist-packages/colcon_core/task/python/colcon_distutils_commands:/home/pimpmobile/ros2_ws/install/master/lib/python3.8/site-packages:${PYTHONPATH} /usr/bin/python3 -W ignore:setup.py install is deprecated setup.py egg_info --egg-base ../../build/master build --build-base /home/pimpmobile/ros2_ws/build/master/build install --record /home/pimpmobile/ros2_ws/build/master/install.log --install-scripts $base/lib/master --single-version-externally-managed install_data
[2.385s] /home/pimpmobile/.local/lib/python3.8/site-packages/setuptools/dist.py:472: SetuptoolsDeprecationWarning: Invalid dash-separated options
[2.386s] !!
[2.386s] 
[2.386s]         ********************************************************************************
[2.386s]         Usage of dash-separated 'script-dir' will not be supported in future
[2.387s]         versions. Please use the underscore name 'script_dir' instead.
[2.387s] 
[2.387s]         By 2024-Sep-26, you need to update your project and remove deprecated calls
[2.387s]         or your builds will no longer be supported.
[2.388s] 
[2.388s]         See https://setuptools.pypa.io/en/latest/userguide/declarative_config.html for details.
[2.388s]         ********************************************************************************
[2.388s] 
[2.389s] !!
[2.389s]   opt = self.warn_dash_deprecation(opt, section)
[2.698s] running egg_info
[2.737s] writing ../../build/master/master.egg-info/PKG-INFO
[2.738s] writing dependency_links to ../../build/master/master.egg-info/dependency_links.txt
[2.739s] writing entry points to ../../build/master/master.egg-info/entry_points.txt
[2.739s] writing requirements to ../../build/master/master.egg-info/requires.txt
[2.739s] writing top-level names to ../../build/master/master.egg-info/top_level.txt
[4.505s] writing manifest file '../../build/master/master.egg-info/SOURCES.txt'
[4.505s] running build
[4.506s] running build_py
[4.506s] copying master/stanley_controller.py -> /home/pimpmobile/ros2_ws/build/master/build/lib/master
[4.506s] copying master/__init__.py -> /home/pimpmobile/ros2_ws/build/master/build/lib/master
[4.507s] copying master/gstreamer_host.py -> /home/pimpmobile/ros2_ws/build/master/build/lib/master
[4.507s] copying master/master_code.py -> /home/pimpmobile/ros2_ws/build/master/build/lib/master
[4.507s] copying master/odometry.py -> /home/pimpmobile/ros2_ws/build/master/build/lib/master
[4.508s] running install
[4.520s] running install_lib
[4.564s] copying /home/pimpmobile/ros2_ws/build/master/build/lib/master/master_code.py -> /home/pimpmobile/ros2_ws/install/master/lib/python3.8/site-packages/master
[4.565s] byte-compiling /home/pimpmobile/ros2_ws/install/master/lib/python3.8/site-packages/master/master_code.py to master_code.cpython-38.pyc
[4.568s] running install_data
[4.568s] copying resource/master -> /home/pimpmobile/ros2_ws/install/master/share/ament_index/resource_index/packages
[4.569s] copying package.xml -> /home/pimpmobile/ros2_ws/install/master/share/master
[4.569s] running install_egg_info
[4.611s] removing '/home/pimpmobile/ros2_ws/install/master/lib/python3.8/site-packages/master-0.0.0-py3.8.egg-info' (and everything under it)
[4.612s] Copying ../../build/master/master.egg-info to /home/pimpmobile/ros2_ws/install/master/lib/python3.8/site-packages/master-0.0.0-py3.8.egg-info
[4.614s] running install_scripts
[4.751s] Installing master script to /home/pimpmobile/ros2_ws/install/master/lib/master
[4.752s] writing list of installed files to '/home/pimpmobile/ros2_ws/build/master/install.log'
[4.831s] Invoked command in '/home/pimpmobile/ros2_ws/src/master' returned '0': PYTHONPATH=/home/pimpmobile/ros2_ws/build/master/prefix_override:/usr/lib/python3/dist-packages/colcon_core/task/python/colcon_distutils_commands:/home/pimpmobile/ros2_ws/install/master/lib/python3.8/site-packages:${PYTHONPATH} /usr/bin/python3 -W ignore:setup.py install is deprecated setup.py egg_info --egg-base ../../build/master build --build-base /home/pimpmobile/ros2_ws/build/master/build install --record /home/pimpmobile/ros2_ws/build/master/install.log --install-scripts $base/lib/master --single-version-externally-managed install_data
