[13.746s] Invoking command in '/home/pimpmobile/ros2_ws/src/odometry': PYTHONPATH=/home/pimpmobile/ros2_ws/build/odometry/prefix_override:/home/pimpmobile/ros2_ws/install/odometry/lib/python3.8/site-packages:${PYTHONPATH} /usr/bin/python3 setup.py egg_info --egg-base ../../build/odometry build --build-base /home/pimpmobile/ros2_ws/build/odometry/build install --record /home/pimpmobile/ros2_ws/build/odometry/install.log --install-scripts $base/lib/odometry --single-version-externally-managed
[14.063s] /home/pimpmobile/.local/lib/python3.8/site-packages/setuptools/dist.py:472: SetuptoolsDeprecationWarning: Invalid dash-separated options
[14.063s] !!
[14.063s] 
[14.063s]         ********************************************************************************
[14.063s]         Usage of dash-separated 'script-dir' will not be supported in future
[14.064s]         versions. Please use the underscore name 'script_dir' instead.
[14.064s] 
[14.064s]         By 2024-Sep-26, you need to update your project and remove deprecated calls
[14.064s]         or your builds will no longer be supported.
[14.064s] 
[14.064s]         See https://setuptools.pypa.io/en/latest/userguide/declarative_config.html for details.
[14.064s]         ********************************************************************************
[14.064s] 
[14.065s] !!
[14.065s]   opt = self.warn_dash_deprecation(opt, section)
[14.302s] running egg_info
[14.303s] creating ../../build/odometry/odometry.egg-info
[14.340s] writing ../../build/odometry/odometry.egg-info/PKG-INFO
[14.341s] writing dependency_links to ../../build/odometry/odometry.egg-info/dependency_links.txt
[14.342s] writing entry points to ../../build/odometry/odometry.egg-info/entry_points.txt
[14.342s] writing requirements to ../../build/odometry/odometry.egg-info/requires.txt
[14.342s] writing top-level names to ../../build/odometry/odometry.egg-info/top_level.txt
[14.567s] writing manifest file '../../build/odometry/odometry.egg-info/SOURCES.txt'
[14.644s] reading manifest file '../../build/odometry/odometry.egg-info/SOURCES.txt'
[14.646s] writing manifest file '../../build/odometry/odometry.egg-info/SOURCES.txt'
[14.646s] running build
[14.646s] running build_py
[14.647s] creating /home/pimpmobile/ros2_ws/build/odometry/build
[14.647s] creating /home/pimpmobile/ros2_ws/build/odometry/build/lib
[14.647s] creating /home/pimpmobile/ros2_ws/build/odometry/build/lib/odometry
[14.647s] copying odometry/__init__.py -> /home/pimpmobile/ros2_ws/build/odometry/build/lib/odometry
[14.647s] copying odometry/odometry.py -> /home/pimpmobile/ros2_ws/build/odometry/build/lib/odometry
[14.648s] running install
[14.649s] /home/pimpmobile/.local/lib/python3.8/site-packages/setuptools/_distutils/cmd.py:66: SetuptoolsDeprecationWarning: setup.py install is deprecated.
[14.649s] !!
[14.650s] 
[14.650s]         ********************************************************************************
[14.650s]         Please avoid running ``setup.py`` directly.
[14.651s]         Instead, use pypa/build, pypa/installer or other
[14.651s]         standards-based tools.
[14.651s] 
[14.651s]         See https://blog.ganssle.io/articles/2021/10/setup-py-deprecated.html for details.
[14.651s]         ********************************************************************************
[14.651s] 
[14.651s] !!
[14.652s]   self.initialize_options()
[14.661s] running install_lib
[14.701s] creating /home/pimpmobile/ros2_ws/install/odometry/lib/python3.8/site-packages/odometry
[14.702s] copying /home/pimpmobile/ros2_ws/build/odometry/build/lib/odometry/__init__.py -> /home/pimpmobile/ros2_ws/install/odometry/lib/python3.8/site-packages/odometry
[14.702s] copying /home/pimpmobile/ros2_ws/build/odometry/build/lib/odometry/odometry.py -> /home/pimpmobile/ros2_ws/install/odometry/lib/python3.8/site-packages/odometry
[14.702s] byte-compiling /home/pimpmobile/ros2_ws/install/odometry/lib/python3.8/site-packages/odometry/__init__.py to __init__.cpython-38.pyc
[14.702s] byte-compiling /home/pimpmobile/ros2_ws/install/odometry/lib/python3.8/site-packages/odometry/odometry.py to odometry.cpython-38.pyc
[14.703s] running install_data
[14.743s] creating /home/pimpmobile/ros2_ws/install/odometry/share/ament_index
[14.743s] creating /home/pimpmobile/ros2_ws/install/odometry/share/ament_index/resource_index
[14.743s] creating /home/pimpmobile/ros2_ws/install/odometry/share/ament_index/resource_index/packages
[14.743s] copying resource/odometry -> /home/pimpmobile/ros2_ws/install/odometry/share/ament_index/resource_index/packages
[14.743s] copying package.xml -> /home/pimpmobile/ros2_ws/install/odometry/share/odometry
[14.743s] running install_egg_info
[14.781s] Copying ../../build/odometry/odometry.egg-info to /home/pimpmobile/ros2_ws/install/odometry/lib/python3.8/site-packages/odometry-0.0.0-py3.8.egg-info
[14.783s] running install_scripts
[14.899s] Installing odometry script to /home/pimpmobile/ros2_ws/install/odometry/lib/odometry
[14.900s] writing list of installed files to '/home/pimpmobile/ros2_ws/build/odometry/install.log'
[15.024s] Invoked command in '/home/pimpmobile/ros2_ws/src/odometry' returned '0': PYTHONPATH=/home/pimpmobile/ros2_ws/build/odometry/prefix_override:/home/pimpmobile/ros2_ws/install/odometry/lib/python3.8/site-packages:${PYTHONPATH} /usr/bin/python3 setup.py egg_info --egg-base ../../build/odometry build --build-base /home/pimpmobile/ros2_ws/build/odometry/build install --record /home/pimpmobile/ros2_ws/build/odometry/install.log --install-scripts $base/lib/odometry --single-version-externally-managed
