[1.230s] Invoking command in '/home/pimpmobile/ros2_ws/src/teleop_pm': AMENT_PREFIX_PATH=/home/pimpmobile/ros2_ws/install/lidar:${AMENT_PREFIX_PATH} PYTHONPATH=/home/pimpmobile/ros2_ws/build/teleop_pm/prefix_override:/usr/lib/python3/dist-packages/colcon_core/task/python/colcon_distutils_commands:/home/pimpmobile/ros2_ws/install/teleop_pm/lib/python3.10/site-packages:/home/pimpmobile/ros2_ws/install/lidar/lib/python3.10/site-packages:${PYTHONPATH} /usr/bin/python3 -W ignore:setup.py install is deprecated setup.py egg_info --egg-base ../../build/teleop_pm build --build-base /home/pimpmobile/ros2_ws/build/teleop_pm/build install --record /home/pimpmobile/ros2_ws/build/teleop_pm/install.log --install-scripts $base/lib/teleop_pm --single-version-externally-managed install_data
[1.681s] /usr/lib/python3/dist-packages/setuptools/dist.py:723: UserWarning: Usage of dash-separated 'script-dir' will not be supported in future versions. Please use the underscore name 'script_dir' instead
[1.681s]   warnings.warn(
[1.698s] running egg_info
[1.700s] writing ../../build/teleop_pm/teleop_pm.egg-info/PKG-INFO
[1.700s] writing dependency_links to ../../build/teleop_pm/teleop_pm.egg-info/dependency_links.txt
[1.701s] writing entry points to ../../build/teleop_pm/teleop_pm.egg-info/entry_points.txt
[1.701s] writing requirements to ../../build/teleop_pm/teleop_pm.egg-info/requires.txt
[1.701s] writing top-level names to ../../build/teleop_pm/teleop_pm.egg-info/top_level.txt
[1.705s] reading manifest file '../../build/teleop_pm/teleop_pm.egg-info/SOURCES.txt'
[1.707s] writing manifest file '../../build/teleop_pm/teleop_pm.egg-info/SOURCES.txt'
[1.707s] running build
[1.708s] running build_py
[1.708s] copying teleop_pm/teleopserial.py -> /home/pimpmobile/ros2_ws/build/teleop_pm/build/lib/teleop_pm
[1.708s] copying teleop_pm/__init__.py -> /home/pimpmobile/ros2_ws/build/teleop_pm/build/lib/teleop_pm
[1.708s] running install
[1.709s] running install_lib
[1.710s] creating /home/pimpmobile/ros2_ws/install/teleop_pm/lib/python3.10/site-packages/teleop_pm
[1.710s] copying /home/pimpmobile/ros2_ws/build/teleop_pm/build/lib/teleop_pm/teleop_serial.py -> /home/pimpmobile/ros2_ws/install/teleop_pm/lib/python3.10/site-packages/teleop_pm
[1.710s] copying /home/pimpmobile/ros2_ws/build/teleop_pm/build/lib/teleop_pm/teleopserial.py -> /home/pimpmobile/ros2_ws/install/teleop_pm/lib/python3.10/site-packages/teleop_pm
[1.711s] copying /home/pimpmobile/ros2_ws/build/teleop_pm/build/lib/teleop_pm/subscriber_member_function.py -> /home/pimpmobile/ros2_ws/install/teleop_pm/lib/python3.10/site-packages/teleop_pm
[1.711s] copying /home/pimpmobile/ros2_ws/build/teleop_pm/build/lib/teleop_pm/__init__.py -> /home/pimpmobile/ros2_ws/install/teleop_pm/lib/python3.10/site-packages/teleop_pm
[1.712s] byte-compiling /home/pimpmobile/ros2_ws/install/teleop_pm/lib/python3.10/site-packages/teleop_pm/teleop_serial.py to teleop_serial.cpython-310.pyc
[1.713s] byte-compiling /home/pimpmobile/ros2_ws/install/teleop_pm/lib/python3.10/site-packages/teleop_pm/teleopserial.py to teleopserial.cpython-310.pyc
[1.714s] byte-compiling /home/pimpmobile/ros2_ws/install/teleop_pm/lib/python3.10/site-packages/teleop_pm/subscriber_member_function.py to subscriber_member_function.cpython-310.pyc
[1.715s] byte-compiling /home/pimpmobile/ros2_ws/install/teleop_pm/lib/python3.10/site-packages/teleop_pm/__init__.py to __init__.cpython-310.pyc
[1.716s] running install_data
[1.716s] running install_egg_info
[1.720s] Copying ../../build/teleop_pm/teleop_pm.egg-info to /home/pimpmobile/ros2_ws/install/teleop_pm/lib/python3.10/site-packages/teleop_pm-0.0.0-py3.10.egg-info
[1.722s] running install_scripts
[1.764s] Installing tops script to /home/pimpmobile/ros2_ws/install/teleop_pm/lib/teleop_pm
[1.764s] writing list of installed files to '/home/pimpmobile/ros2_ws/build/teleop_pm/install.log'
[1.833s] Invoked command in '/home/pimpmobile/ros2_ws/src/teleop_pm' returned '0': AMENT_PREFIX_PATH=/home/pimpmobile/ros2_ws/install/lidar:${AMENT_PREFIX_PATH} PYTHONPATH=/home/pimpmobile/ros2_ws/build/teleop_pm/prefix_override:/usr/lib/python3/dist-packages/colcon_core/task/python/colcon_distutils_commands:/home/pimpmobile/ros2_ws/install/teleop_pm/lib/python3.10/site-packages:/home/pimpmobile/ros2_ws/install/lidar/lib/python3.10/site-packages:${PYTHONPATH} /usr/bin/python3 -W ignore:setup.py install is deprecated setup.py egg_info --egg-base ../../build/teleop_pm build --build-base /home/pimpmobile/ros2_ws/build/teleop_pm/build install --record /home/pimpmobile/ros2_ws/build/teleop_pm/install.log --install-scripts $base/lib/teleop_pm --single-version-externally-managed install_data
