[2.483s] Invoking command in '/home/pimpmobile/ros2_ws/src/lidar': PYTHONPATH=/home/pimpmobile/ros2_ws/build/lidar/prefix_override:/home/pimpmobile/ros2_ws/install/lidar/lib/python3.8/site-packages:${PYTHONPATH} /usr/bin/python3 setup.py egg_info --egg-base ../../build/lidar build --build-base /home/pimpmobile/ros2_ws/build/lidar/build install --record /home/pimpmobile/ros2_ws/build/lidar/install.log --install-scripts $base/lib/lidar --single-version-externally-managed
[2.923s] running egg_info
[2.924s] writing ../../build/lidar/lidar.egg-info/PKG-INFO
[2.925s] writing dependency_links to ../../build/lidar/lidar.egg-info/dependency_links.txt
[2.925s] writing entry points to ../../build/lidar/lidar.egg-info/entry_points.txt
[2.926s] writing requirements to ../../build/lidar/lidar.egg-info/requires.txt
[2.926s] writing top-level names to ../../build/lidar/lidar.egg-info/top_level.txt
[2.989s] reading manifest file '../../build/lidar/lidar.egg-info/SOURCES.txt'
[2.990s] writing manifest file '../../build/lidar/lidar.egg-info/SOURCES.txt'
[2.990s] running build
[2.991s] running build_py
[2.991s] copying lidar/subscriber_member_function.py -> /home/pimpmobile/ros2_ws/build/lidar/build/lib/lidar
[2.991s] running install
[2.993s] running install_lib
[2.994s] copying /home/pimpmobile/ros2_ws/build/lidar/build/lib/lidar/subscriber_member_function.py -> /home/pimpmobile/ros2_ws/install/lidar/lib/python3.8/site-packages/lidar
[2.996s] byte-compiling /home/pimpmobile/ros2_ws/install/lidar/lib/python3.8/site-packages/lidar/subscriber_member_function.py to subscriber_member_function.cpython-38.pyc
[2.998s] running install_data
[2.999s] running install_egg_info
[3.003s] removing '/home/pimpmobile/ros2_ws/install/lidar/lib/python3.8/site-packages/lidar-0.0.0-py3.8.egg-info' (and everything under it)
[3.003s] Copying ../../build/lidar/lidar.egg-info to /home/pimpmobile/ros2_ws/install/lidar/lib/python3.8/site-packages/lidar-0.0.0-py3.8.egg-info
[3.005s] running install_scripts
[3.039s] Installing lidar_listener script to /home/pimpmobile/ros2_ws/install/lidar/lib/lidar
[3.040s] Installing lidar_talker script to /home/pimpmobile/ros2_ws/install/lidar/lib/lidar
[3.040s] writing list of installed files to '/home/pimpmobile/ros2_ws/build/lidar/install.log'
[3.096s] Invoked command in '/home/pimpmobile/ros2_ws/src/lidar' returned '0': PYTHONPATH=/home/pimpmobile/ros2_ws/build/lidar/prefix_override:/home/pimpmobile/ros2_ws/install/lidar/lib/python3.8/site-packages:${PYTHONPATH} /usr/bin/python3 setup.py egg_info --egg-base ../../build/lidar build --build-base /home/pimpmobile/ros2_ws/build/lidar/build install --record /home/pimpmobile/ros2_ws/build/lidar/install.log --install-scripts $base/lib/lidar --single-version-externally-managed
