running egg_info
writing ../../build/ros_stream/ros_stream.egg-info/PKG-INFO
writing dependency_links to ../../build/ros_stream/ros_stream.egg-info/dependency_links.txt
writing entry points to ../../build/ros_stream/ros_stream.egg-info/entry_points.txt
writing requirements to ../../build/ros_stream/ros_stream.egg-info/requires.txt
writing top-level names to ../../build/ros_stream/ros_stream.egg-info/top_level.txt
reading manifest file '../../build/ros_stream/ros_stream.egg-info/SOURCES.txt'
writing manifest file '../../build/ros_stream/ros_stream.egg-info/SOURCES.txt'
running build
running build_py
copying ros_stream/stream_host_test.py -> /home/pimpmobile/ros2_ws/build/ros_stream/build/lib/ros_stream
running install
running install_lib
copying /home/pimpmobile/ros2_ws/build/ros_stream/build/lib/ros_stream/stream_host_test.py -> /home/pimpmobile/ros2_ws/install/ros_stream/lib/python3.10/site-packages/ros_stream
byte-compiling /home/pimpmobile/ros2_ws/install/ros_stream/lib/python3.10/site-packages/ros_stream/stream_host_test.py to stream_host_test.cpython-310.pyc
running install_data
running install_egg_info
removing '/home/pimpmobile/ros2_ws/install/ros_stream/lib/python3.10/site-packages/ros_stream-0.0.0-py3.10.egg-info' (and everything under it)
Copying ../../build/ros_stream/ros_stream.egg-info to /home/pimpmobile/ros2_ws/install/ros_stream/lib/python3.10/site-packages/ros_stream-0.0.0-py3.10.egg-info
running install_scripts
Installing video_stream script to /home/pimpmobile/ros2_ws/install/ros_stream/lib/ros_stream
writing list of installed files to '/home/pimpmobile/ros2_ws/build/ros_stream/install.log'
