/usr/lib/python3/dist-packages/setuptools/dist.py:723: UserWarning: Usage of dash-separated 'script-dir' will not be supported in future versions. Please use the underscore name 'script_dir' instead
  warnings.warn(
running egg_info
writing ../../build/gps_publisher/gps_publisher.egg-info/PKG-INFO
writing dependency_links to ../../build/gps_publisher/gps_publisher.egg-info/dependency_links.txt
writing entry points to ../../build/gps_publisher/gps_publisher.egg-info/entry_points.txt
writing requirements to ../../build/gps_publisher/gps_publisher.egg-info/requires.txt
writing top-level names to ../../build/gps_publisher/gps_publisher.egg-info/top_level.txt
reading manifest file '../../build/gps_publisher/gps_publisher.egg-info/SOURCES.txt'
writing manifest file '../../build/gps_publisher/gps_publisher.egg-info/SOURCES.txt'
running build
running build_py
copying gps_publisher/gps.py -> /home/pimpmobile/ros2_ws/build/gps_publisher/build/lib/gps_publisher
running install
running install_lib
copying /home/pimpmobile/ros2_ws/build/gps_publisher/build/lib/gps_publisher/gps.py -> /home/pimpmobile/ros2_ws/install/gps_publisher/lib/python3.10/site-packages/gps_publisher
byte-compiling /home/pimpmobile/ros2_ws/install/gps_publisher/lib/python3.10/site-packages/gps_publisher/gps.py to gps.cpython-310.pyc
running install_data
running install_egg_info
removing '/home/pimpmobile/ros2_ws/install/gps_publisher/lib/python3.10/site-packages/gps_publisher-0.0.0-py3.10.egg-info' (and everything under it)
Copying ../../build/gps_publisher/gps_publisher.egg-info to /home/pimpmobile/ros2_ws/install/gps_publisher/lib/python3.10/site-packages/gps_publisher-0.0.0-py3.10.egg-info
running install_scripts
Installing gps script to /home/pimpmobile/ros2_ws/install/gps_publisher/lib/gps_publisher
Installing gps_log script to /home/pimpmobile/ros2_ws/install/gps_publisher/lib/gps_publisher
writing list of installed files to '/home/pimpmobile/ros2_ws/build/gps_publisher/install.log'
