[13.799s] DEBUG:colcon:Command line arguments: ['/usr/bin/colcon', 'build', '--packages-select', 'master']
[13.799s] DEBUG:colcon:Parsed command line arguments: Namespace(allow_overriding=[], ament_cmake_args=None, base_paths=['.'], build_base='build', catkin_cmake_args=None, catkin_skip_building_tests=False, cmake_args=None, cmake_clean_cache=False, cmake_clean_first=False, cmake_force_configure=False, cmake_target=None, cmake_target_skip_unavailable=False, continue_on_error=False, event_handlers=None, executor='parallel', ignore_user_meta=False, install_base='install', log_base=None, log_level=None, main=<bound method BuildVerb.main of <colcon_core.verb.build.BuildVerb object at 0xffffaaff8fa0>>, merge_install=False, metas=['./colcon.meta'], packages_above=None, packages_above_and_dependencies=None, packages_above_depth=None, packages_end=None, packages_ignore=None, packages_ignore_regex=None, packages_select=['master'], packages_select_build_failed=False, packages_select_by_dep=None, packages_select_regex=None, packages_select_test_failures=False, packages_skip=None, packages_skip_build_finished=False, packages_skip_by_dep=None, packages_skip_regex=None, packages_skip_test_passed=False, packages_skip_up_to=None, packages_start=None, packages_up_to=None, packages_up_to_regex=None, parallel_workers=6, paths=None, symlink_install=False, test_result_base=None, verb_extension=<colcon_core.verb.build.BuildVerb object at 0xffffaaff8fa0>, verb_name='build', verb_parser=<colcon_defaults.argument_parser.defaults.DefaultArgumentsDecorator object at 0xffffaaf96520>)
[14.369s] Level 1:colcon.colcon_core.package_discovery:discover_packages(colcon_meta) check parameters
[14.369s] Level 1:colcon.colcon_core.package_discovery:discover_packages(recursive) check parameters
[14.369s] Level 1:colcon.colcon_core.package_discovery:discover_packages(ignore) check parameters
[14.369s] Level 1:colcon.colcon_core.package_discovery:discover_packages(path) check parameters
[14.369s] Level 1:colcon.colcon_core.package_discovery:discover_packages(colcon_meta) discover
[14.369s] Level 1:colcon.colcon_core.package_discovery:discover_packages(recursive) discover
[14.369s] INFO:colcon.colcon_core.package_discovery:Crawling recursively for packages in '/home/pimpmobile/ros2_ws'
[14.370s] Level 1:colcon.colcon_core.package_identification:_identify(.) by extensions ['ignore', 'ignore_ament_install']
[14.370s] Level 1:colcon.colcon_core.package_identification:_identify(.) by extension 'ignore'
[14.370s] Level 1:colcon.colcon_core.package_identification:_identify(.) by extension 'ignore_ament_install'
[14.370s] Level 1:colcon.colcon_core.package_identification:_identify(.) by extensions ['colcon_pkg']
[14.370s] Level 1:colcon.colcon_core.package_identification:_identify(.) by extension 'colcon_pkg'
[14.370s] Level 1:colcon.colcon_core.package_identification:_identify(.) by extensions ['colcon_meta']
[14.370s] Level 1:colcon.colcon_core.package_identification:_identify(.) by extension 'colcon_meta'
[14.371s] Level 1:colcon.colcon_core.package_identification:_identify(.) by extensions ['ros']
[14.371s] Level 1:colcon.colcon_core.package_identification:_identify(.) by extension 'ros'
[14.398s] Level 1:colcon.colcon_core.package_identification:_identify(.) by extensions ['cmake', 'python']
[14.398s] Level 1:colcon.colcon_core.package_identification:_identify(.) by extension 'cmake'
[14.399s] Level 1:colcon.colcon_core.package_identification:_identify(.) by extension 'python'
[14.399s] Level 1:colcon.colcon_core.package_identification:_identify(.) by extensions ['python_setup_py']
[14.399s] Level 1:colcon.colcon_core.package_identification:_identify(.) by extension 'python_setup_py'
[14.399s] Level 1:colcon.colcon_core.package_identification:_identify(build) by extensions ['ignore', 'ignore_ament_install']
[14.399s] Level 1:colcon.colcon_core.package_identification:_identify(build) by extension 'ignore'
[14.399s] Level 1:colcon.colcon_core.package_identification:_identify(build) ignored
[14.400s] Level 1:colcon.colcon_core.package_identification:_identify(install) by extensions ['ignore', 'ignore_ament_install']
[14.400s] Level 1:colcon.colcon_core.package_identification:_identify(install) by extension 'ignore'
[14.400s] Level 1:colcon.colcon_core.package_identification:_identify(install) ignored
[14.401s] Level 1:colcon.colcon_core.package_identification:_identify(log) by extensions ['ignore', 'ignore_ament_install']
[14.401s] Level 1:colcon.colcon_core.package_identification:_identify(log) by extension 'ignore'
[14.401s] Level 1:colcon.colcon_core.package_identification:_identify(log) ignored
[14.401s] Level 1:colcon.colcon_core.package_identification:_identify(src) by extensions ['ignore', 'ignore_ament_install']
[14.401s] Level 1:colcon.colcon_core.package_identification:_identify(src) by extension 'ignore'
[14.401s] Level 1:colcon.colcon_core.package_identification:_identify(src) by extension 'ignore_ament_install'
[14.402s] Level 1:colcon.colcon_core.package_identification:_identify(src) by extensions ['colcon_pkg']
[14.402s] Level 1:colcon.colcon_core.package_identification:_identify(src) by extension 'colcon_pkg'
[14.402s] Level 1:colcon.colcon_core.package_identification:_identify(src) by extensions ['colcon_meta']
[14.402s] Level 1:colcon.colcon_core.package_identification:_identify(src) by extension 'colcon_meta'
[14.402s] Level 1:colcon.colcon_core.package_identification:_identify(src) by extensions ['ros']
[14.402s] Level 1:colcon.colcon_core.package_identification:_identify(src) by extension 'ros'
[14.402s] Level 1:colcon.colcon_core.package_identification:_identify(src) by extensions ['cmake', 'python']
[14.402s] Level 1:colcon.colcon_core.package_identification:_identify(src) by extension 'cmake'
[14.402s] Level 1:colcon.colcon_core.package_identification:_identify(src) by extension 'python'
[14.402s] Level 1:colcon.colcon_core.package_identification:_identify(src) by extensions ['python_setup_py']
[14.402s] Level 1:colcon.colcon_core.package_identification:_identify(src) by extension 'python_setup_py'
[14.403s] Level 1:colcon.colcon_core.package_identification:_identify(src/build) by extensions ['ignore', 'ignore_ament_install']
[14.403s] Level 1:colcon.colcon_core.package_identification:_identify(src/build) by extension 'ignore'
[14.403s] Level 1:colcon.colcon_core.package_identification:_identify(src/build) ignored
[14.403s] Level 1:colcon.colcon_core.package_identification:_identify(src/gps_publisher) by extensions ['ignore', 'ignore_ament_install']
[14.403s] Level 1:colcon.colcon_core.package_identification:_identify(src/gps_publisher) by extension 'ignore'
[14.403s] Level 1:colcon.colcon_core.package_identification:_identify(src/gps_publisher) by extension 'ignore_ament_install'
[14.404s] Level 1:colcon.colcon_core.package_identification:_identify(src/gps_publisher) by extensions ['colcon_pkg']
[14.404s] Level 1:colcon.colcon_core.package_identification:_identify(src/gps_publisher) by extension 'colcon_pkg'
[14.404s] Level 1:colcon.colcon_core.package_identification:_identify(src/gps_publisher) by extensions ['colcon_meta']
[14.404s] Level 1:colcon.colcon_core.package_identification:_identify(src/gps_publisher) by extension 'colcon_meta'
[14.404s] Level 1:colcon.colcon_core.package_identification:_identify(src/gps_publisher) by extensions ['ros']
[14.404s] Level 1:colcon.colcon_core.package_identification:_identify(src/gps_publisher) by extension 'ros'
[14.409s] DEBUG:colcon.colcon_core.package_identification:Package 'src/gps_publisher' with type 'ros.ament_python' and name 'gps_publisher'
[14.409s] Level 1:colcon.colcon_core.package_identification:_identify(src/install) by extensions ['ignore', 'ignore_ament_install']
[14.409s] Level 1:colcon.colcon_core.package_identification:_identify(src/install) by extension 'ignore'
[14.409s] Level 1:colcon.colcon_core.package_identification:_identify(src/install) ignored
[14.410s] Level 1:colcon.colcon_core.package_identification:_identify(src/lidar) by extensions ['ignore', 'ignore_ament_install']
[14.410s] Level 1:colcon.colcon_core.package_identification:_identify(src/lidar) by extension 'ignore'
[14.410s] Level 1:colcon.colcon_core.package_identification:_identify(src/lidar) by extension 'ignore_ament_install'
[14.410s] Level 1:colcon.colcon_core.package_identification:_identify(src/lidar) by extensions ['colcon_pkg']
[14.410s] Level 1:colcon.colcon_core.package_identification:_identify(src/lidar) by extension 'colcon_pkg'
[14.410s] Level 1:colcon.colcon_core.package_identification:_identify(src/lidar) by extensions ['colcon_meta']
[14.410s] Level 1:colcon.colcon_core.package_identification:_identify(src/lidar) by extension 'colcon_meta'
[14.411s] Level 1:colcon.colcon_core.package_identification:_identify(src/lidar) by extensions ['ros']
[14.411s] Level 1:colcon.colcon_core.package_identification:_identify(src/lidar) by extension 'ros'
[14.412s] DEBUG:colcon.colcon_core.package_identification:Package 'src/lidar' with type 'ros.ament_python' and name 'lidar'
[14.412s] Level 1:colcon.colcon_core.package_identification:_identify(src/log) by extensions ['ignore', 'ignore_ament_install']
[14.412s] Level 1:colcon.colcon_core.package_identification:_identify(src/log) by extension 'ignore'
[14.412s] Level 1:colcon.colcon_core.package_identification:_identify(src/log) ignored
[14.412s] Level 1:colcon.colcon_core.package_identification:_identify(src/master) by extensions ['ignore', 'ignore_ament_install']
[14.412s] Level 1:colcon.colcon_core.package_identification:_identify(src/master) by extension 'ignore'
[14.413s] Level 1:colcon.colcon_core.package_identification:_identify(src/master) by extension 'ignore_ament_install'
[14.413s] Level 1:colcon.colcon_core.package_identification:_identify(src/master) by extensions ['colcon_pkg']
[14.413s] Level 1:colcon.colcon_core.package_identification:_identify(src/master) by extension 'colcon_pkg'
[14.413s] Level 1:colcon.colcon_core.package_identification:_identify(src/master) by extensions ['colcon_meta']
[14.413s] Level 1:colcon.colcon_core.package_identification:_identify(src/master) by extension 'colcon_meta'
[14.413s] Level 1:colcon.colcon_core.package_identification:_identify(src/master) by extensions ['ros']
[14.413s] Level 1:colcon.colcon_core.package_identification:_identify(src/master) by extension 'ros'
[14.414s] DEBUG:colcon.colcon_core.package_identification:Package 'src/master' with type 'ros.ament_python' and name 'master'
[14.414s] Level 1:colcon.colcon_core.package_identification:_identify(src/ros_tutorials) by extensions ['ignore', 'ignore_ament_install']
[14.414s] Level 1:colcon.colcon_core.package_identification:_identify(src/ros_tutorials) by extension 'ignore'
[14.415s] Level 1:colcon.colcon_core.package_identification:_identify(src/ros_tutorials) by extension 'ignore_ament_install'
[14.415s] Level 1:colcon.colcon_core.package_identification:_identify(src/ros_tutorials) by extensions ['colcon_pkg']
[14.415s] Level 1:colcon.colcon_core.package_identification:_identify(src/ros_tutorials) by extension 'colcon_pkg'
[14.415s] Level 1:colcon.colcon_core.package_identification:_identify(src/ros_tutorials) by extensions ['colcon_meta']
[14.415s] Level 1:colcon.colcon_core.package_identification:_identify(src/ros_tutorials) by extension 'colcon_meta'
[14.415s] Level 1:colcon.colcon_core.package_identification:_identify(src/ros_tutorials) by extensions ['ros']
[14.415s] Level 1:colcon.colcon_core.package_identification:_identify(src/ros_tutorials) by extension 'ros'
[14.415s] Level 1:colcon.colcon_core.package_identification:_identify(src/ros_tutorials) by extensions ['cmake', 'python']
[14.415s] Level 1:colcon.colcon_core.package_identification:_identify(src/ros_tutorials) by extension 'cmake'
[14.415s] Level 1:colcon.colcon_core.package_identification:_identify(src/ros_tutorials) by extension 'python'
[14.416s] Level 1:colcon.colcon_core.package_identification:_identify(src/ros_tutorials) by extensions ['python_setup_py']
[14.416s] Level 1:colcon.colcon_core.package_identification:_identify(src/ros_tutorials) by extension 'python_setup_py'
[14.416s] Level 1:colcon.colcon_core.package_identification:_identify(src/ros_tutorials/ros_tutorials) by extensions ['ignore', 'ignore_ament_install']
[14.416s] Level 1:colcon.colcon_core.package_identification:_identify(src/ros_tutorials/ros_tutorials) by extension 'ignore'
[14.416s] Level 1:colcon.colcon_core.package_identification:_identify(src/ros_tutorials/ros_tutorials) ignored
[14.416s] Level 1:colcon.colcon_core.package_identification:_identify(src/ros_tutorials/roscpp_tutorials) by extensions ['ignore', 'ignore_ament_install']
[14.417s] Level 1:colcon.colcon_core.package_identification:_identify(src/ros_tutorials/roscpp_tutorials) by extension 'ignore'
[14.417s] Level 1:colcon.colcon_core.package_identification:_identify(src/ros_tutorials/roscpp_tutorials) ignored
[14.417s] Level 1:colcon.colcon_core.package_identification:_identify(src/ros_tutorials/rospy_tutorials) by extensions ['ignore', 'ignore_ament_install']
[14.417s] Level 1:colcon.colcon_core.package_identification:_identify(src/ros_tutorials/rospy_tutorials) by extension 'ignore'
[14.417s] Level 1:colcon.colcon_core.package_identification:_identify(src/ros_tutorials/rospy_tutorials) ignored
[14.417s] Level 1:colcon.colcon_core.package_identification:_identify(src/ros_tutorials/turtlesim) by extensions ['ignore', 'ignore_ament_install']
[14.417s] Level 1:colcon.colcon_core.package_identification:_identify(src/ros_tutorials/turtlesim) by extension 'ignore'
[14.418s] Level 1:colcon.colcon_core.package_identification:_identify(src/ros_tutorials/turtlesim) by extension 'ignore_ament_install'
[14.418s] Level 1:colcon.colcon_core.package_identification:_identify(src/ros_tutorials/turtlesim) by extensions ['colcon_pkg']
[14.418s] Level 1:colcon.colcon_core.package_identification:_identify(src/ros_tutorials/turtlesim) by extension 'colcon_pkg'
[14.418s] Level 1:colcon.colcon_core.package_identification:_identify(src/ros_tutorials/turtlesim) by extensions ['colcon_meta']
[14.418s] Level 1:colcon.colcon_core.package_identification:_identify(src/ros_tutorials/turtlesim) by extension 'colcon_meta'
[14.418s] Level 1:colcon.colcon_core.package_identification:_identify(src/ros_tutorials/turtlesim) by extensions ['ros']
[14.418s] Level 1:colcon.colcon_core.package_identification:_identify(src/ros_tutorials/turtlesim) by extension 'ros'
[14.420s] DEBUG:colcon.colcon_core.package_identification:Package 'src/ros_tutorials/turtlesim' with type 'ros.ament_cmake' and name 'turtlesim'
[14.420s] Level 1:colcon.colcon_core.package_identification:_identify(src/slam) by extensions ['ignore', 'ignore_ament_install']
[14.420s] Level 1:colcon.colcon_core.package_identification:_identify(src/slam) by extension 'ignore'
[14.421s] Level 1:colcon.colcon_core.package_identification:_identify(src/slam) by extension 'ignore_ament_install'
[14.421s] Level 1:colcon.colcon_core.package_identification:_identify(src/slam) by extensions ['colcon_pkg']
[14.421s] Level 1:colcon.colcon_core.package_identification:_identify(src/slam) by extension 'colcon_pkg'
[14.421s] Level 1:colcon.colcon_core.package_identification:_identify(src/slam) by extensions ['colcon_meta']
[14.421s] Level 1:colcon.colcon_core.package_identification:_identify(src/slam) by extension 'colcon_meta'
[14.421s] Level 1:colcon.colcon_core.package_identification:_identify(src/slam) by extensions ['ros']
[14.421s] Level 1:colcon.colcon_core.package_identification:_identify(src/slam) by extension 'ros'
[14.422s] DEBUG:colcon.colcon_core.package_identification:Package 'src/slam' with type 'ros.ament_python' and name 'slam'
[14.422s] Level 1:colcon.colcon_core.package_identification:_identify(src/teleop_pm) by extensions ['ignore', 'ignore_ament_install']
[14.422s] Level 1:colcon.colcon_core.package_identification:_identify(src/teleop_pm) by extension 'ignore'
[14.422s] Level 1:colcon.colcon_core.package_identification:_identify(src/teleop_pm) by extension 'ignore_ament_install'
[14.423s] Level 1:colcon.colcon_core.package_identification:_identify(src/teleop_pm) by extensions ['colcon_pkg']
[14.423s] Level 1:colcon.colcon_core.package_identification:_identify(src/teleop_pm) by extension 'colcon_pkg'
[14.423s] Level 1:colcon.colcon_core.package_identification:_identify(src/teleop_pm) by extensions ['colcon_meta']
[14.423s] Level 1:colcon.colcon_core.package_identification:_identify(src/teleop_pm) by extension 'colcon_meta'
[14.423s] Level 1:colcon.colcon_core.package_identification:_identify(src/teleop_pm) by extensions ['ros']
[14.423s] Level 1:colcon.colcon_core.package_identification:_identify(src/teleop_pm) by extension 'ros'
[14.424s] DEBUG:colcon.colcon_core.package_identification:Package 'src/teleop_pm' with type 'ros.ament_python' and name 'teleop_pm'
[14.424s] Level 1:colcon.colcon_core.package_discovery:discover_packages(recursive) using defaults
[14.424s] Level 1:colcon.colcon_core.package_discovery:discover_packages(ignore) discover
[14.424s] Level 1:colcon.colcon_core.package_discovery:discover_packages(ignore) using defaults
[14.424s] Level 1:colcon.colcon_core.package_discovery:discover_packages(path) discover
[14.425s] Level 1:colcon.colcon_core.package_discovery:discover_packages(path) using defaults
[15.170s] INFO:colcon.colcon_core.package_selection:Skipping not selected package 'gps_publisher' in 'src/gps_publisher'
[15.171s] INFO:colcon.colcon_core.package_selection:Skipping not selected package 'lidar' in 'src/lidar'
[15.171s] INFO:colcon.colcon_core.package_selection:Skipping not selected package 'slam' in 'src/slam'
[15.171s] INFO:colcon.colcon_core.package_selection:Skipping not selected package 'turtlesim' in 'src/ros_tutorials/turtlesim'
[15.171s] INFO:colcon.colcon_core.package_selection:Skipping not selected package 'teleop_pm' in 'src/teleop_pm'
[15.640s] Level 1:colcon.colcon_core.package_discovery:discover_packages(prefix_path) check parameters
[15.640s] Level 1:colcon.colcon_core.package_discovery:discover_packages(prefix_path) discover
[16.112s] DEBUG:colcon.colcon_installed_package_information.package_discovery:Found 1 installed packages in /home/pimpmobile/ldlidar_ros2_ws/install
[16.346s] DEBUG:colcon.colcon_installed_package_information.package_discovery:Found 6 installed packages in /home/pimpmobile/ros2_ws/install
[16.582s] DEBUG:colcon.colcon_installed_package_information.package_discovery:Found 276 installed packages in /opt/ros/foxy
[16.586s] Level 1:colcon.colcon_core.package_discovery:discover_packages(prefix_path) using defaults
[17.150s] Level 5:colcon.colcon_core.verb:set package 'master' build argument 'cmake_args' from command line to 'None'
[17.150s] Level 5:colcon.colcon_core.verb:set package 'master' build argument 'cmake_target' from command line to 'None'
[17.150s] Level 5:colcon.colcon_core.verb:set package 'master' build argument 'cmake_target_skip_unavailable' from command line to 'False'
[17.150s] Level 5:colcon.colcon_core.verb:set package 'master' build argument 'cmake_clean_cache' from command line to 'False'
[17.150s] Level 5:colcon.colcon_core.verb:set package 'master' build argument 'cmake_clean_first' from command line to 'False'
[17.150s] Level 5:colcon.colcon_core.verb:set package 'master' build argument 'cmake_force_configure' from command line to 'False'
[17.150s] Level 5:colcon.colcon_core.verb:set package 'master' build argument 'ament_cmake_args' from command line to 'None'
[17.150s] Level 5:colcon.colcon_core.verb:set package 'master' build argument 'catkin_cmake_args' from command line to 'None'
[17.150s] Level 5:colcon.colcon_core.verb:set package 'master' build argument 'catkin_skip_building_tests' from command line to 'False'
[17.151s] DEBUG:colcon.colcon_core.verb:Building package 'master' with the following arguments: {'ament_cmake_args': None, 'build_base': '/home/pimpmobile/ros2_ws/build/master', 'catkin_cmake_args': None, 'catkin_skip_building_tests': False, 'cmake_args': None, 'cmake_clean_cache': False, 'cmake_clean_first': False, 'cmake_force_configure': False, 'cmake_target': None, 'cmake_target_skip_unavailable': False, 'install_base': '/home/pimpmobile/ros2_ws/install/master', 'merge_install': False, 'path': '/home/pimpmobile/ros2_ws/src/master', 'symlink_install': False, 'test_result_base': None}
[17.384s] INFO:colcon.colcon_core.executor:Executing jobs using 'parallel' executor
[17.619s] DEBUG:colcon.colcon_parallel_executor.executor.parallel:run_until_complete
[17.619s] INFO:colcon.colcon_ros.task.ament_python.build:Building ROS package in '/home/pimpmobile/ros2_ws/src/master' with build type 'ament_python'
[17.620s] Level 1:colcon.colcon_core.shell:create_environment_hook('master', 'ament_prefix_path')
[17.862s] INFO:colcon.colcon_core.plugin_system:Skipping extension 'colcon_core.shell.bat': Not used on non-Windows systems
[17.863s] INFO:colcon.colcon_core.shell:Creating environment hook '/home/pimpmobile/ros2_ws/install/master/share/master/hook/ament_prefix_path.ps1'
[17.864s] INFO:colcon.colcon_core.shell:Creating environment descriptor '/home/pimpmobile/ros2_ws/install/master/share/master/hook/ament_prefix_path.dsv'
[17.865s] INFO:colcon.colcon_core.shell:Creating environment hook '/home/pimpmobile/ros2_ws/install/master/share/master/hook/ament_prefix_path.sh'
[18.103s] INFO:colcon.colcon_core.shell:Skip shell extension 'powershell' for command environment: Not usable outside of PowerShell
[18.104s] DEBUG:colcon.colcon_core.shell:Skip shell extension 'dsv' for command environment
[19.533s] INFO:colcon.colcon_core.task.python.build:Building Python package in '/home/pimpmobile/ros2_ws/src/master'
[19.775s] INFO:colcon.colcon_core.shell:Skip shell extension 'powershell' for command environment: Not usable outside of PowerShell
[19.775s] DEBUG:colcon.colcon_core.shell:Skip shell extension 'dsv' for command environment
[22.214s] DEBUG:colcon.colcon_core.event_handler.log_command:Invoking command in '/home/pimpmobile/ros2_ws/src/master': PYTHONPATH=/home/pimpmobile/ros2_ws/build/master/prefix_override:/home/pimpmobile/ros2_ws/install/master/lib/python3.8/site-packages:${PYTHONPATH} /usr/bin/python3 setup.py egg_info --egg-base ../../build/master build --build-base /home/pimpmobile/ros2_ws/build/master/build install --record /home/pimpmobile/ros2_ws/build/master/install.log --install-scripts $base/lib/master --single-version-externally-managed
[24.135s] DEBUG:colcon.colcon_core.event_handler.log_command:Invoked command in '/home/pimpmobile/ros2_ws/src/master' returned '0': PYTHONPATH=/home/pimpmobile/ros2_ws/build/master/prefix_override:/home/pimpmobile/ros2_ws/install/master/lib/python3.8/site-packages:${PYTHONPATH} /usr/bin/python3 setup.py egg_info --egg-base ../../build/master build --build-base /home/pimpmobile/ros2_ws/build/master/build install --record /home/pimpmobile/ros2_ws/build/master/install.log --install-scripts $base/lib/master --single-version-externally-managed
[24.396s] Level 1:colcon.colcon_core.environment:checking '/home/pimpmobile/ros2_ws/install/master' for CMake module files
[24.397s] Level 1:colcon.colcon_core.environment:checking '/home/pimpmobile/ros2_ws/install/master' for CMake config files
[24.398s] Level 1:colcon.colcon_core.environment:checking '/home/pimpmobile/ros2_ws/install/master/lib'
[24.399s] Level 1:colcon.colcon_core.environment:checking '/home/pimpmobile/ros2_ws/install/master/bin'
[24.399s] Level 1:colcon.colcon_core.environment:checking '/home/pimpmobile/ros2_ws/install/master/lib/pkgconfig/master.pc'
[24.399s] Level 1:colcon.colcon_core.environment:checking '/home/pimpmobile/ros2_ws/install/master/lib/python3.8/site-packages'
[24.399s] Level 1:colcon.colcon_core.shell:create_environment_hook('master', 'pythonpath')
[24.642s] INFO:colcon.colcon_core.shell:Creating environment hook '/home/pimpmobile/ros2_ws/install/master/share/master/hook/pythonpath.ps1'
[24.643s] INFO:colcon.colcon_core.shell:Creating environment descriptor '/home/pimpmobile/ros2_ws/install/master/share/master/hook/pythonpath.dsv'
[24.644s] INFO:colcon.colcon_core.shell:Creating environment hook '/home/pimpmobile/ros2_ws/install/master/share/master/hook/pythonpath.sh'
[24.645s] Level 1:colcon.colcon_core.environment:checking '/home/pimpmobile/ros2_ws/install/master/bin'
[24.645s] Level 1:colcon.colcon_core.environment:create_environment_scripts_only(master)
[24.883s] INFO:colcon.colcon_core.shell:Creating package script '/home/pimpmobile/ros2_ws/install/master/share/master/package.ps1'
[24.885s] INFO:colcon.colcon_core.shell:Creating package descriptor '/home/pimpmobile/ros2_ws/install/master/share/master/package.dsv'
[24.886s] INFO:colcon.colcon_core.shell:Creating package script '/home/pimpmobile/ros2_ws/install/master/share/master/package.sh'
[24.888s] INFO:colcon.colcon_core.shell:Creating package script '/home/pimpmobile/ros2_ws/install/master/share/master/package.bash'
[24.889s] INFO:colcon.colcon_core.shell:Creating package script '/home/pimpmobile/ros2_ws/install/master/share/master/package.zsh'
[24.890s] Level 1:colcon.colcon_core.environment:create_file_with_runtime_dependencies(/home/pimpmobile/ros2_ws/install/master/share/colcon-core/packages/master)
[24.891s] DEBUG:colcon.colcon_parallel_executor.executor.parallel:closing loop
[24.892s] DEBUG:colcon.colcon_parallel_executor.executor.parallel:loop closed
[24.892s] DEBUG:colcon.colcon_parallel_executor.executor.parallel:run_until_complete finished with '0'
[24.893s] DEBUG:colcon.colcon_core.event_reactor:joining thread
[25.161s] INFO:colcon.colcon_core.plugin_system:Skipping extension 'colcon_notification.desktop_notification.terminal_notifier': Not used on non-Darwin systems
[25.161s] INFO:colcon.colcon_core.plugin_system:Skipping extension 'colcon_notification.desktop_notification.win32': Not used on non-Windows systems
[25.161s] INFO:colcon.colcon_notification.desktop_notification:Sending desktop notification using 'notify2'
[25.193s] DEBUG:colcon.colcon_core.event_reactor:joined thread
[25.432s] INFO:colcon.colcon_core.shell:Creating prefix script '/home/pimpmobile/ros2_ws/install/local_setup.ps1'
[25.434s] INFO:colcon.colcon_core.shell:Creating prefix util module '/home/pimpmobile/ros2_ws/install/_local_setup_util_ps1.py'
[25.437s] INFO:colcon.colcon_core.shell:Creating prefix chain script '/home/pimpmobile/ros2_ws/install/setup.ps1'
[25.675s] INFO:colcon.colcon_core.shell:Creating prefix script '/home/pimpmobile/ros2_ws/install/local_setup.sh'
[25.677s] INFO:colcon.colcon_core.shell:Creating prefix util module '/home/pimpmobile/ros2_ws/install/_local_setup_util_sh.py'
[25.677s] INFO:colcon.colcon_core.shell:Creating prefix chain script '/home/pimpmobile/ros2_ws/install/setup.sh'
[25.916s] INFO:colcon.colcon_core.shell:Creating prefix script '/home/pimpmobile/ros2_ws/install/local_setup.bash'
[25.917s] INFO:colcon.colcon_core.shell:Creating prefix chain script '/home/pimpmobile/ros2_ws/install/setup.bash'
[26.155s] INFO:colcon.colcon_core.shell:Creating prefix script '/home/pimpmobile/ros2_ws/install/local_setup.zsh'
[26.156s] INFO:colcon.colcon_core.shell:Creating prefix chain script '/home/pimpmobile/ros2_ws/install/setup.zsh'
