[3.227s] Invoking command in '/home/pimpmobile/ros2_ws/src/lidar': PYTHONPATH=/home/pimpmobile/ros2_ws/build/lidar/prefix_override:/home/pimpmobile/ros2_ws/install/lidar/lib/python3.8/site-packages:${PYTHONPATH} /usr/bin/python3 setup.py egg_info --egg-base ../../build/lidar build --build-base /home/pimpmobile/ros2_ws/build/lidar/build install --record /home/pimpmobile/ros2_ws/build/lidar/install.log --install-scripts $base/lib/lidar --single-version-externally-managed
[3.495s] /home/pimpmobile/.local/lib/python3.8/site-packages/setuptools/dist.py:472: SetuptoolsDeprecationWarning: Invalid dash-separated options
[3.496s] !!
[3.496s] 
[3.496s]         ********************************************************************************
[3.496s]         Usage of dash-separated 'script-dir' will not be supported in future
[3.496s]         versions. Please use the underscore name 'script_dir' instead.
[3.496s] 
[3.497s]         By 2024-Sep-26, you need to update your project and remove deprecated calls
[3.497s]         or your builds will no longer be supported.
[3.497s] 
[3.497s]         See https://setuptools.pypa.io/en/latest/userguide/declarative_config.html for details.
[3.497s]         ********************************************************************************
[3.497s] 
[3.497s] !!
[3.497s]   opt = self.warn_dash_deprecation(opt, section)
[3.710s] running egg_info
[3.744s] writing ../../build/lidar/lidar.egg-info/PKG-INFO
[3.745s] writing dependency_links to ../../build/lidar/lidar.egg-info/dependency_links.txt
[3.745s] writing entry points to ../../build/lidar/lidar.egg-info/entry_points.txt
[3.746s] writing requirements to ../../build/lidar/lidar.egg-info/requires.txt
[3.746s] writing top-level names to ../../build/lidar/lidar.egg-info/top_level.txt
[4.017s] reading manifest file '../../build/lidar/lidar.egg-info/SOURCES.txt'
[4.019s] writing manifest file '../../build/lidar/lidar.egg-info/SOURCES.txt'
[4.019s] running build
[4.019s] running build_py
[4.019s] copying lidar/__init__.py -> /home/pimpmobile/ros2_ws/build/lidar/build/lib/lidar
[4.020s] copying lidar/lidarsubscriber.py -> /home/pimpmobile/ros2_ws/build/lidar/build/lib/lidar
[4.020s] copying lidar/publisher_member_function.py -> /home/pimpmobile/ros2_ws/build/lidar/build/lib/lidar
[4.021s] running install
[4.021s] /home/pimpmobile/.local/lib/python3.8/site-packages/setuptools/_distutils/cmd.py:66: SetuptoolsDeprecationWarning: setup.py install is deprecated.
[4.021s] !!
[4.022s] 
[4.022s]         ********************************************************************************
[4.022s]         Please avoid running ``setup.py`` directly.
[4.022s]         Instead, use pypa/build, pypa/installer or other
[4.022s]         standards-based tools.
[4.022s] 
[4.022s]         See https://blog.ganssle.io/articles/2021/10/setup-py-deprecated.html for details.
[4.022s]         ********************************************************************************
[4.022s] 
[4.023s] !!
[4.023s]   self.initialize_options()
[4.032s] running install_lib
[4.067s] copying /home/pimpmobile/ros2_ws/build/lidar/build/lib/lidar/lidarsubscriber.py -> /home/pimpmobile/ros2_ws/install/lidar/lib/python3.8/site-packages/lidar
[4.068s] byte-compiling /home/pimpmobile/ros2_ws/install/lidar/lib/python3.8/site-packages/lidar/lidarsubscriber.py to lidarsubscriber.cpython-38.pyc
[4.070s] running install_data
[4.103s] copying resource/lidar -> /home/pimpmobile/ros2_ws/install/lidar/share/ament_index/resource_index/packages
[4.104s] copying package.xml -> /home/pimpmobile/ros2_ws/install/lidar/share/lidar
[4.104s] running install_egg_info
[4.140s] removing '/home/pimpmobile/ros2_ws/install/lidar/lib/python3.8/site-packages/lidar-0.0.0-py3.8.egg-info' (and everything under it)
[4.140s] Copying ../../build/lidar/lidar.egg-info to /home/pimpmobile/ros2_ws/install/lidar/lib/python3.8/site-packages/lidar-0.0.0-py3.8.egg-info
[4.142s] running install_scripts
[4.247s] Installing lidar_listener script to /home/pimpmobile/ros2_ws/install/lidar/lib/lidar
[4.248s] Installing lidar_talker script to /home/pimpmobile/ros2_ws/install/lidar/lib/lidar
[4.249s] writing list of installed files to '/home/pimpmobile/ros2_ws/build/lidar/install.log'
[4.383s] Invoked command in '/home/pimpmobile/ros2_ws/src/lidar' returned '0': PYTHONPATH=/home/pimpmobile/ros2_ws/build/lidar/prefix_override:/home/pimpmobile/ros2_ws/install/lidar/lib/python3.8/site-packages:${PYTHONPATH} /usr/bin/python3 setup.py egg_info --egg-base ../../build/lidar build --build-base /home/pimpmobile/ros2_ws/build/lidar/build install --record /home/pimpmobile/ros2_ws/build/lidar/install.log --install-scripts $base/lib/lidar --single-version-externally-managed
