[7.471s] Invoking command in '/home/pimpmobile/ros2_ws/build/turtlesim': CMAKE_PREFIX_PATH=${CMAKE_PREFIX_PATH}:/home/pimpmobile/ros2_ws/install/teleop_pm:/home/pimpmobile/ros2_ws/install/slam:/home/pimpmobile/ros2_ws/install/odometry:/home/pimpmobile/ros2_ws/install/master:/home/pimpmobile/ros2_ws/install/lidar:/home/pimpmobile/ros2_ws/install/gps_publisher:/opt/ros/foxy /usr/bin/cmake --build /home/pimpmobile/ros2_ws/build/turtlesim -- -j6 -l6
[7.604s] [ 10%] Built target turtlesim__rosidl_generator_c
[7.606s] [ 11%] Built target turtlesim__cpp
[7.687s] [ 21%] Built target turtlesim__rosidl_typesupport_introspection_c
[7.700s] [ 31%] Built target turtlesim__rosidl_typesupport_c
[7.722s] [ 41%] Built target turtlesim__rosidl_typesupport_cpp
[7.743s] [ 51%] Built target turtlesim__rosidl_typesupport_introspection_cpp
[7.751s] [ 61%] Built target turtlesim__rosidl_typesupport_fastrtps_cpp
[7.818s] [ 71%] Built target turtlesim__rosidl_typesupport_fastrtps_c
[7.864s] [ 71%] Built target turtlesim
[7.984s] [ 73%] Built target mimic
[8.005s] [ 74%] Built target turtlesim__py
[8.016s] [ 76%] Built target draw_square
[8.027s] [ 78%] Built target turtle_teleop_key
[8.042s] [ 84%] Built target turtlesim_node
[8.086s] [ 93%] Built target turtlesim__python
[8.148s] [ 95%] Built target turtlesim__rosidl_typesupport_fastrtps_c__pyext
[8.166s] [ 97%] Built target turtlesim__rosidl_typesupport_introspection_c__pyext
[8.182s] [100%] Built target turtlesim__rosidl_typesupport_c__pyext
[8.216s] Invoked command in '/home/pimpmobile/ros2_ws/build/turtlesim' returned '0': CMAKE_PREFIX_PATH=${CMAKE_PREFIX_PATH}:/home/pimpmobile/ros2_ws/install/teleop_pm:/home/pimpmobile/ros2_ws/install/slam:/home/pimpmobile/ros2_ws/install/odometry:/home/pimpmobile/ros2_ws/install/master:/home/pimpmobile/ros2_ws/install/lidar:/home/pimpmobile/ros2_ws/install/gps_publisher:/opt/ros/foxy /usr/bin/cmake --build /home/pimpmobile/ros2_ws/build/turtlesim -- -j6 -l6
[8.572s] Invoking command in '/home/pimpmobile/ros2_ws/build/turtlesim': CMAKE_PREFIX_PATH=${CMAKE_PREFIX_PATH}:/home/pimpmobile/ros2_ws/install/teleop_pm:/home/pimpmobile/ros2_ws/install/slam:/home/pimpmobile/ros2_ws/install/odometry:/home/pimpmobile/ros2_ws/install/master:/home/pimpmobile/ros2_ws/install/lidar:/home/pimpmobile/ros2_ws/install/gps_publisher:/opt/ros/foxy /usr/bin/cmake --install /home/pimpmobile/ros2_ws/build/turtlesim
[8.595s] -- Install configuration: ""
[8.596s] -- Up-to-date: /home/pimpmobile/ros2_ws/install/turtlesim/share/ament_index/resource_index/rosidl_interfaces/turtlesim
[8.596s] -- Up-to-date: /home/pimpmobile/ros2_ws/install/turtlesim/include/turtlesim
[8.596s] -- Up-to-date: /home/pimpmobile/ros2_ws/install/turtlesim/include/turtlesim/msg
[8.596s] -- Up-to-date: /home/pimpmobile/ros2_ws/install/turtlesim/include/turtlesim/msg/rosidl_generator_c__visibility_control.h
[8.596s] -- Up-to-date: /home/pimpmobile/ros2_ws/install/turtlesim/include/turtlesim/msg/pose.h
[8.596s] -- Up-to-date: /home/pimpmobile/ros2_ws/install/turtlesim/include/turtlesim/msg/color.h
[8.597s] -- Up-to-date: /home/pimpmobile/ros2_ws/install/turtlesim/include/turtlesim/msg/detail
[8.597s] -- Up-to-date: /home/pimpmobile/ros2_ws/install/turtlesim/include/turtlesim/msg/detail/color__struct.h
[8.597s] -- Up-to-date: /home/pimpmobile/ros2_ws/install/turtlesim/include/turtlesim/msg/detail/pose__type_support.h
[8.597s] -- Up-to-date: /home/pimpmobile/ros2_ws/install/turtlesim/include/turtlesim/msg/detail/pose__functions.c
[8.597s] -- Up-to-date: /home/pimpmobile/ros2_ws/install/turtlesim/include/turtlesim/msg/detail/color__type_support.h
[8.598s] -- Up-to-date: /home/pimpmobile/ros2_ws/install/turtlesim/include/turtlesim/msg/detail/color__functions.h
[8.598s] -- Up-to-date: /home/pimpmobile/ros2_ws/install/turtlesim/include/turtlesim/msg/detail/pose__struct.h
[8.598s] -- Up-to-date: /home/pimpmobile/ros2_ws/install/turtlesim/include/turtlesim/msg/detail/pose__functions.h
[8.598s] -- Up-to-date: /home/pimpmobile/ros2_ws/install/turtlesim/include/turtlesim/msg/detail/color__functions.c
[8.598s] -- Up-to-date: /home/pimpmobile/ros2_ws/install/turtlesim/include/turtlesim/srv
[8.598s] -- Up-to-date: /home/pimpmobile/ros2_ws/install/turtlesim/include/turtlesim/srv/kill.h
[8.598s] -- Up-to-date: /home/pimpmobile/ros2_ws/install/turtlesim/include/turtlesim/srv/teleport_relative.h
[8.599s] -- Up-to-date: /home/pimpmobile/ros2_ws/install/turtlesim/include/turtlesim/srv/detail
[8.599s] -- Up-to-date: /home/pimpmobile/ros2_ws/install/turtlesim/include/turtlesim/srv/detail/teleport_relative__type_support.h
[8.599s] -- Up-to-date: /home/pimpmobile/ros2_ws/install/turtlesim/include/turtlesim/srv/detail/spawn__functions.h
[8.599s] -- Up-to-date: /home/pimpmobile/ros2_ws/install/turtlesim/include/turtlesim/srv/detail/spawn__struct.h
[8.599s] -- Up-to-date: /home/pimpmobile/ros2_ws/install/turtlesim/include/turtlesim/srv/detail/spawn__type_support.h
[8.599s] -- Up-to-date: /home/pimpmobile/ros2_ws/install/turtlesim/include/turtlesim/srv/detail/teleport_relative__functions.c
[8.599s] -- Up-to-date: /home/pimpmobile/ros2_ws/install/turtlesim/include/turtlesim/srv/detail/teleport_relative__functions.h
[8.600s] -- Up-to-date: /home/pimpmobile/ros2_ws/install/turtlesim/include/turtlesim/srv/detail/teleport_absolute__type_support.h
[8.600s] -- Up-to-date: /home/pimpmobile/ros2_ws/install/turtlesim/include/turtlesim/srv/detail/kill__functions.c
[8.600s] -- Up-to-date: /home/pimpmobile/ros2_ws/install/turtlesim/include/turtlesim/srv/detail/teleport_absolute__functions.c
[8.600s] -- Up-to-date: /home/pimpmobile/ros2_ws/install/turtlesim/include/turtlesim/srv/detail/kill__functions.h
[8.600s] -- Up-to-date: /home/pimpmobile/ros2_ws/install/turtlesim/include/turtlesim/srv/detail/spawn__functions.c
[8.600s] -- Up-to-date: /home/pimpmobile/ros2_ws/install/turtlesim/include/turtlesim/srv/detail/kill__struct.h
[8.600s] -- Up-to-date: /home/pimpmobile/ros2_ws/install/turtlesim/include/turtlesim/srv/detail/set_pen__functions.c
[8.600s] -- Up-to-date: /home/pimpmobile/ros2_ws/install/turtlesim/include/turtlesim/srv/detail/teleport_absolute__struct.h
[8.601s] -- Up-to-date: /home/pimpmobile/ros2_ws/install/turtlesim/include/turtlesim/srv/detail/teleport_absolute__functions.h
[8.601s] -- Up-to-date: /home/pimpmobile/ros2_ws/install/turtlesim/include/turtlesim/srv/detail/set_pen__functions.h
[8.601s] -- Up-to-date: /home/pimpmobile/ros2_ws/install/turtlesim/include/turtlesim/srv/detail/set_pen__struct.h
[8.601s] -- Up-to-date: /home/pimpmobile/ros2_ws/install/turtlesim/include/turtlesim/srv/detail/set_pen__type_support.h
[8.601s] -- Up-to-date: /home/pimpmobile/ros2_ws/install/turtlesim/include/turtlesim/srv/detail/teleport_relative__struct.h
[8.601s] -- Up-to-date: /home/pimpmobile/ros2_ws/install/turtlesim/include/turtlesim/srv/detail/kill__type_support.h
[8.601s] -- Up-to-date: /home/pimpmobile/ros2_ws/install/turtlesim/include/turtlesim/srv/spawn.h
[8.601s] -- Up-to-date: /home/pimpmobile/ros2_ws/install/turtlesim/include/turtlesim/srv/teleport_absolute.h
[8.602s] -- Up-to-date: /home/pimpmobile/ros2_ws/install/turtlesim/include/turtlesim/srv/set_pen.h
[8.602s] -- Up-to-date: /home/pimpmobile/ros2_ws/install/turtlesim/include/turtlesim/action
[8.602s] -- Up-to-date: /home/pimpmobile/ros2_ws/install/turtlesim/include/turtlesim/action/rotate_absolute.h
[8.602s] -- Up-to-date: /home/pimpmobile/ros2_ws/install/turtlesim/include/turtlesim/action/detail
[8.602s] -- Up-to-date: /home/pimpmobile/ros2_ws/install/turtlesim/include/turtlesim/action/detail/rotate_absolute__functions.h
[8.602s] -- Up-to-date: /home/pimpmobile/ros2_ws/install/turtlesim/include/turtlesim/action/detail/rotate_absolute__functions.c
[8.603s] -- Up-to-date: /home/pimpmobile/ros2_ws/install/turtlesim/include/turtlesim/action/detail/rotate_absolute__struct.h
[8.605s] -- Up-to-date: /home/pimpmobile/ros2_ws/install/turtlesim/include/turtlesim/action/detail/rotate_absolute__type_support.h
[8.605s] -- Up-to-date: /home/pimpmobile/ros2_ws/install/turtlesim/share/turtlesim/environment/library_path.sh
[8.605s] -- Up-to-date: /home/pimpmobile/ros2_ws/install/turtlesim/share/turtlesim/environment/library_path.dsv
[8.606s] -- Up-to-date: /home/pimpmobile/ros2_ws/install/turtlesim/lib/libturtlesim__rosidl_generator_c.so
[8.606s] -- Up-to-date: /home/pimpmobile/ros2_ws/install/turtlesim/include/turtlesim
[8.606s] -- Up-to-date: /home/pimpmobile/ros2_ws/install/turtlesim/include/turtlesim/msg
[8.607s] -- Up-to-date: /home/pimpmobile/ros2_ws/install/turtlesim/include/turtlesim/msg/rosidl_typesupport_fastrtps_c__visibility_control.h
[8.607s] -- Up-to-date: /home/pimpmobile/ros2_ws/install/turtlesim/include/turtlesim/msg/detail
[8.608s] -- Up-to-date: /home/pimpmobile/ros2_ws/install/turtlesim/include/turtlesim/msg/detail/color__rosidl_typesupport_fastrtps_c.h
[8.608s] -- Up-to-date: /home/pimpmobile/ros2_ws/install/turtlesim/include/turtlesim/msg/detail/pose__rosidl_typesupport_fastrtps_c.h
[8.608s] -- Up-to-date: /home/pimpmobile/ros2_ws/install/turtlesim/include/turtlesim/srv
[8.609s] -- Up-to-date: /home/pimpmobile/ros2_ws/install/turtlesim/include/turtlesim/srv/detail
[8.609s] -- Up-to-date: /home/pimpmobile/ros2_ws/install/turtlesim/include/turtlesim/srv/detail/set_pen__rosidl_typesupport_fastrtps_c.h
[8.610s] -- Up-to-date: /home/pimpmobile/ros2_ws/install/turtlesim/include/turtlesim/srv/detail/kill__rosidl_typesupport_fastrtps_c.h
[8.610s] -- Up-to-date: /home/pimpmobile/ros2_ws/install/turtlesim/include/turtlesim/srv/detail/teleport_absolute__rosidl_typesupport_fastrtps_c.h
[8.610s] -- Up-to-date: /home/pimpmobile/ros2_ws/install/turtlesim/include/turtlesim/srv/detail/teleport_relative__rosidl_typesupport_fastrtps_c.h
[8.610s] -- Up-to-date: /home/pimpmobile/ros2_ws/install/turtlesim/include/turtlesim/srv/detail/spawn__rosidl_typesupport_fastrtps_c.h
[8.610s] -- Up-to-date: /home/pimpmobile/ros2_ws/install/turtlesim/include/turtlesim/action
[8.610s] -- Up-to-date: /home/pimpmobile/ros2_ws/install/turtlesim/include/turtlesim/action/detail
[8.611s] -- Up-to-date: /home/pimpmobile/ros2_ws/install/turtlesim/include/turtlesim/action/detail/rotate_absolute__rosidl_typesupport_fastrtps_c.h
[8.611s] -- Up-to-date: /home/pimpmobile/ros2_ws/install/turtlesim/lib/libturtlesim__rosidl_typesupport_fastrtps_c.so
[8.611s] -- Up-to-date: /home/pimpmobile/ros2_ws/install/turtlesim/include/turtlesim
[8.611s] -- Up-to-date: /home/pimpmobile/ros2_ws/install/turtlesim/include/turtlesim/msg
[8.611s] -- Up-to-date: /home/pimpmobile/ros2_ws/install/turtlesim/include/turtlesim/msg/rosidl_typesupport_fastrtps_cpp__visibility_control.h
[8.612s] -- Up-to-date: /home/pimpmobile/ros2_ws/install/turtlesim/include/turtlesim/msg/detail
[8.612s] -- Up-to-date: /home/pimpmobile/ros2_ws/install/turtlesim/include/turtlesim/msg/detail/dds_fastrtps
[8.612s] -- Up-to-date: /home/pimpmobile/ros2_ws/install/turtlesim/include/turtlesim/msg/detail/pose__rosidl_typesupport_fastrtps_cpp.hpp
[8.612s] -- Up-to-date: /home/pimpmobile/ros2_ws/install/turtlesim/include/turtlesim/msg/detail/color__rosidl_typesupport_fastrtps_cpp.hpp
[8.612s] -- Up-to-date: /home/pimpmobile/ros2_ws/install/turtlesim/include/turtlesim/srv
[8.612s] -- Up-to-date: /home/pimpmobile/ros2_ws/install/turtlesim/include/turtlesim/srv/detail
[8.612s] -- Up-to-date: /home/pimpmobile/ros2_ws/install/turtlesim/include/turtlesim/srv/detail/dds_fastrtps
[8.613s] -- Up-to-date: /home/pimpmobile/ros2_ws/install/turtlesim/include/turtlesim/srv/detail/teleport_relative__rosidl_typesupport_fastrtps_cpp.hpp
[8.613s] -- Up-to-date: /home/pimpmobile/ros2_ws/install/turtlesim/include/turtlesim/srv/detail/set_pen__rosidl_typesupport_fastrtps_cpp.hpp
[8.613s] -- Up-to-date: /home/pimpmobile/ros2_ws/install/turtlesim/include/turtlesim/srv/detail/kill__rosidl_typesupport_fastrtps_cpp.hpp
[8.613s] -- Up-to-date: /home/pimpmobile/ros2_ws/install/turtlesim/include/turtlesim/srv/detail/teleport_absolute__rosidl_typesupport_fastrtps_cpp.hpp
[8.613s] -- Up-to-date: /home/pimpmobile/ros2_ws/install/turtlesim/include/turtlesim/srv/detail/spawn__rosidl_typesupport_fastrtps_cpp.hpp
[8.613s] -- Up-to-date: /home/pimpmobile/ros2_ws/install/turtlesim/include/turtlesim/action
[8.613s] -- Up-to-date: /home/pimpmobile/ros2_ws/install/turtlesim/include/turtlesim/action/detail
[8.614s] -- Up-to-date: /home/pimpmobile/ros2_ws/install/turtlesim/include/turtlesim/action/detail/rotate_absolute__rosidl_typesupport_fastrtps_cpp.hpp
[8.617s] -- Up-to-date: /home/pimpmobile/ros2_ws/install/turtlesim/include/turtlesim/action/detail/dds_fastrtps
[8.617s] -- Up-to-date: /home/pimpmobile/ros2_ws/install/turtlesim/lib/libturtlesim__rosidl_typesupport_fastrtps_cpp.so
[8.617s] -- Up-to-date: /home/pimpmobile/ros2_ws/install/turtlesim/include/turtlesim
[8.617s] -- Up-to-date: /home/pimpmobile/ros2_ws/install/turtlesim/include/turtlesim/msg
[8.618s] -- Up-to-date: /home/pimpmobile/ros2_ws/install/turtlesim/include/turtlesim/msg/rosidl_typesupport_introspection_c__visibility_control.h
[8.618s] -- Up-to-date: /home/pimpmobile/ros2_ws/install/turtlesim/include/turtlesim/msg/detail
[8.618s] -- Up-to-date: /home/pimpmobile/ros2_ws/install/turtlesim/include/turtlesim/msg/detail/color__rosidl_typesupport_introspection_c.h
[8.618s] -- Up-to-date: /home/pimpmobile/ros2_ws/install/turtlesim/include/turtlesim/msg/detail/color__type_support.c
[8.618s] -- Up-to-date: /home/pimpmobile/ros2_ws/install/turtlesim/include/turtlesim/msg/detail/pose__rosidl_typesupport_introspection_c.h
[8.618s] -- Up-to-date: /home/pimpmobile/ros2_ws/install/turtlesim/include/turtlesim/msg/detail/pose__type_support.c
[8.618s] -- Up-to-date: /home/pimpmobile/ros2_ws/install/turtlesim/include/turtlesim/srv
[8.618s] -- Up-to-date: /home/pimpmobile/ros2_ws/install/turtlesim/include/turtlesim/srv/detail
[8.619s] -- Up-to-date: /home/pimpmobile/ros2_ws/install/turtlesim/include/turtlesim/srv/detail/teleport_relative__rosidl_typesupport_introspection_c.h
[8.619s] -- Up-to-date: /home/pimpmobile/ros2_ws/install/turtlesim/include/turtlesim/srv/detail/kill__rosidl_typesupport_introspection_c.h
[8.619s] -- Up-to-date: /home/pimpmobile/ros2_ws/install/turtlesim/include/turtlesim/srv/detail/set_pen__rosidl_typesupport_introspection_c.h
[8.619s] -- Up-to-date: /home/pimpmobile/ros2_ws/install/turtlesim/include/turtlesim/srv/detail/spawn__type_support.c
[8.619s] -- Up-to-date: /home/pimpmobile/ros2_ws/install/turtlesim/include/turtlesim/srv/detail/kill__type_support.c
[8.619s] -- Up-to-date: /home/pimpmobile/ros2_ws/install/turtlesim/include/turtlesim/srv/detail/teleport_relative__type_support.c
[8.619s] -- Up-to-date: /home/pimpmobile/ros2_ws/install/turtlesim/include/turtlesim/srv/detail/spawn__rosidl_typesupport_introspection_c.h
[8.620s] -- Up-to-date: /home/pimpmobile/ros2_ws/install/turtlesim/include/turtlesim/srv/detail/set_pen__type_support.c
[8.620s] -- Up-to-date: /home/pimpmobile/ros2_ws/install/turtlesim/include/turtlesim/srv/detail/teleport_absolute__rosidl_typesupport_introspection_c.h
[8.620s] -- Up-to-date: /home/pimpmobile/ros2_ws/install/turtlesim/include/turtlesim/srv/detail/teleport_absolute__type_support.c
[8.620s] -- Up-to-date: /home/pimpmobile/ros2_ws/install/turtlesim/include/turtlesim/action
[8.620s] -- Up-to-date: /home/pimpmobile/ros2_ws/install/turtlesim/include/turtlesim/action/detail
[8.620s] -- Up-to-date: /home/pimpmobile/ros2_ws/install/turtlesim/include/turtlesim/action/detail/rotate_absolute__type_support.c
[8.620s] -- Up-to-date: /home/pimpmobile/ros2_ws/install/turtlesim/include/turtlesim/action/detail/rotate_absolute__rosidl_typesupport_introspection_c.h
[8.620s] -- Up-to-date: /home/pimpmobile/ros2_ws/install/turtlesim/lib/libturtlesim__rosidl_typesupport_introspection_c.so
[8.621s] -- Up-to-date: /home/pimpmobile/ros2_ws/install/turtlesim/lib/libturtlesim__rosidl_typesupport_c.so
[8.621s] -- Up-to-date: /home/pimpmobile/ros2_ws/install/turtlesim/include/turtlesim
[8.621s] -- Up-to-date: /home/pimpmobile/ros2_ws/install/turtlesim/include/turtlesim/msg
[8.621s] -- Up-to-date: /home/pimpmobile/ros2_ws/install/turtlesim/include/turtlesim/msg/color.hpp
[8.621s] -- Up-to-date: /home/pimpmobile/ros2_ws/install/turtlesim/include/turtlesim/msg/detail
[8.621s] -- Up-to-date: /home/pimpmobile/ros2_ws/install/turtlesim/include/turtlesim/msg/detail/pose__struct.hpp
[8.621s] -- Up-to-date: /home/pimpmobile/ros2_ws/install/turtlesim/include/turtlesim/msg/detail/color__traits.hpp
[8.622s] -- Up-to-date: /home/pimpmobile/ros2_ws/install/turtlesim/include/turtlesim/msg/detail/pose__builder.hpp
[8.622s] -- Up-to-date: /home/pimpmobile/ros2_ws/install/turtlesim/include/turtlesim/msg/detail/color__type_support.hpp
[8.622s] -- Up-to-date: /home/pimpmobile/ros2_ws/install/turtlesim/include/turtlesim/msg/detail/pose__type_support.hpp
[8.622s] -- Up-to-date: /home/pimpmobile/ros2_ws/install/turtlesim/include/turtlesim/msg/detail/color__struct.hpp
[8.622s] -- Up-to-date: /home/pimpmobile/ros2_ws/install/turtlesim/include/turtlesim/msg/detail/color__builder.hpp
[8.622s] -- Up-to-date: /home/pimpmobile/ros2_ws/install/turtlesim/include/turtlesim/msg/detail/pose__traits.hpp
[8.623s] -- Up-to-date: /home/pimpmobile/ros2_ws/install/turtlesim/include/turtlesim/msg/rosidl_generator_cpp__visibility_control.hpp
[8.623s] -- Up-to-date: /home/pimpmobile/ros2_ws/install/turtlesim/include/turtlesim/msg/pose.hpp
[8.623s] -- Up-to-date: /home/pimpmobile/ros2_ws/install/turtlesim/include/turtlesim/srv
[8.623s] -- Up-to-date: /home/pimpmobile/ros2_ws/install/turtlesim/include/turtlesim/srv/set_pen.hpp
[8.623s] -- Up-to-date: /home/pimpmobile/ros2_ws/install/turtlesim/include/turtlesim/srv/kill.hpp
[8.623s] -- Up-to-date: /home/pimpmobile/ros2_ws/install/turtlesim/include/turtlesim/srv/spawn.hpp
[8.623s] -- Up-to-date: /home/pimpmobile/ros2_ws/install/turtlesim/include/turtlesim/srv/teleport_relative.hpp
[8.624s] -- Up-to-date: /home/pimpmobile/ros2_ws/install/turtlesim/include/turtlesim/srv/detail
[8.624s] -- Up-to-date: /home/pimpmobile/ros2_ws/install/turtlesim/include/turtlesim/srv/detail/spawn__struct.hpp
[8.624s] -- Up-to-date: /home/pimpmobile/ros2_ws/install/turtlesim/include/turtlesim/srv/detail/spawn__traits.hpp
[8.624s] -- Up-to-date: /home/pimpmobile/ros2_ws/install/turtlesim/include/turtlesim/srv/detail/set_pen__traits.hpp
[8.624s] -- Up-to-date: /home/pimpmobile/ros2_ws/install/turtlesim/include/turtlesim/srv/detail/teleport_absolute__builder.hpp
[8.624s] -- Up-to-date: /home/pimpmobile/ros2_ws/install/turtlesim/include/turtlesim/srv/detail/spawn__builder.hpp
[8.624s] -- Up-to-date: /home/pimpmobile/ros2_ws/install/turtlesim/include/turtlesim/srv/detail/kill__struct.hpp
[8.624s] -- Up-to-date: /home/pimpmobile/ros2_ws/install/turtlesim/include/turtlesim/srv/detail/set_pen__type_support.hpp
[8.625s] -- Up-to-date: /home/pimpmobile/ros2_ws/install/turtlesim/include/turtlesim/srv/detail/teleport_absolute__struct.hpp
[8.625s] -- Up-to-date: /home/pimpmobile/ros2_ws/install/turtlesim/include/turtlesim/srv/detail/spawn__type_support.hpp
[8.625s] -- Up-to-date: /home/pimpmobile/ros2_ws/install/turtlesim/include/turtlesim/srv/detail/kill__builder.hpp
[8.625s] -- Up-to-date: /home/pimpmobile/ros2_ws/install/turtlesim/include/turtlesim/srv/detail/teleport_relative__traits.hpp
[8.625s] -- Up-to-date: /home/pimpmobile/ros2_ws/install/turtlesim/include/turtlesim/srv/detail/set_pen__struct.hpp
[8.625s] -- Up-to-date: /home/pimpmobile/ros2_ws/install/turtlesim/include/turtlesim/srv/detail/teleport_absolute__traits.hpp
[8.625s] -- Up-to-date: /home/pimpmobile/ros2_ws/install/turtlesim/include/turtlesim/srv/detail/teleport_absolute__type_support.hpp
[8.625s] -- Up-to-date: /home/pimpmobile/ros2_ws/install/turtlesim/include/turtlesim/srv/detail/teleport_relative__struct.hpp
[8.626s] -- Up-to-date: /home/pimpmobile/ros2_ws/install/turtlesim/include/turtlesim/srv/detail/kill__type_support.hpp
[8.626s] -- Up-to-date: /home/pimpmobile/ros2_ws/install/turtlesim/include/turtlesim/srv/detail/set_pen__builder.hpp
[8.626s] -- Up-to-date: /home/pimpmobile/ros2_ws/install/turtlesim/include/turtlesim/srv/detail/kill__traits.hpp
[8.626s] -- Up-to-date: /home/pimpmobile/ros2_ws/install/turtlesim/include/turtlesim/srv/detail/teleport_relative__builder.hpp
[8.626s] -- Up-to-date: /home/pimpmobile/ros2_ws/install/turtlesim/include/turtlesim/srv/detail/teleport_relative__type_support.hpp
[8.626s] -- Up-to-date: /home/pimpmobile/ros2_ws/install/turtlesim/include/turtlesim/srv/teleport_absolute.hpp
[8.626s] -- Up-to-date: /home/pimpmobile/ros2_ws/install/turtlesim/include/turtlesim/action
[8.626s] -- Up-to-date: /home/pimpmobile/ros2_ws/install/turtlesim/include/turtlesim/action/rotate_absolute.hpp
[8.627s] -- Up-to-date: /home/pimpmobile/ros2_ws/install/turtlesim/include/turtlesim/action/detail
[8.627s] -- Up-to-date: /home/pimpmobile/ros2_ws/install/turtlesim/include/turtlesim/action/detail/rotate_absolute__traits.hpp
[8.627s] -- Up-to-date: /home/pimpmobile/ros2_ws/install/turtlesim/include/turtlesim/action/detail/rotate_absolute__builder.hpp
[8.627s] -- Up-to-date: /home/pimpmobile/ros2_ws/install/turtlesim/include/turtlesim/action/detail/rotate_absolute__type_support.hpp
[8.627s] -- Up-to-date: /home/pimpmobile/ros2_ws/install/turtlesim/include/turtlesim/action/detail/rotate_absolute__struct.hpp
[8.627s] -- Up-to-date: /home/pimpmobile/ros2_ws/install/turtlesim/include/turtlesim
[8.627s] -- Up-to-date: /home/pimpmobile/ros2_ws/install/turtlesim/include/turtlesim/msg
[8.627s] -- Up-to-date: /home/pimpmobile/ros2_ws/install/turtlesim/include/turtlesim/msg/detail
[8.628s] -- Up-to-date: /home/pimpmobile/ros2_ws/install/turtlesim/include/turtlesim/msg/detail/color__rosidl_typesupport_introspection_cpp.hpp
[8.628s] -- Up-to-date: /home/pimpmobile/ros2_ws/install/turtlesim/include/turtlesim/msg/detail/color__type_support.cpp
[8.628s] -- Up-to-date: /home/pimpmobile/ros2_ws/install/turtlesim/include/turtlesim/msg/detail/pose__rosidl_typesupport_introspection_cpp.hpp
[8.628s] -- Up-to-date: /home/pimpmobile/ros2_ws/install/turtlesim/include/turtlesim/msg/detail/pose__type_support.cpp
[8.628s] -- Up-to-date: /home/pimpmobile/ros2_ws/install/turtlesim/include/turtlesim/srv
[8.628s] -- Up-to-date: /home/pimpmobile/ros2_ws/install/turtlesim/include/turtlesim/srv/detail
[8.628s] -- Up-to-date: /home/pimpmobile/ros2_ws/install/turtlesim/include/turtlesim/srv/detail/teleport_absolute__type_support.cpp
[8.628s] -- Up-to-date: /home/pimpmobile/ros2_ws/install/turtlesim/include/turtlesim/srv/detail/kill__rosidl_typesupport_introspection_cpp.hpp
[8.629s] -- Up-to-date: /home/pimpmobile/ros2_ws/install/turtlesim/include/turtlesim/srv/detail/teleport_absolute__rosidl_typesupport_introspection_cpp.hpp
[8.629s] -- Up-to-date: /home/pimpmobile/ros2_ws/install/turtlesim/include/turtlesim/srv/detail/spawn__rosidl_typesupport_introspection_cpp.hpp
[8.629s] -- Up-to-date: /home/pimpmobile/ros2_ws/install/turtlesim/include/turtlesim/srv/detail/set_pen__rosidl_typesupport_introspection_cpp.hpp
[8.629s] -- Up-to-date: /home/pimpmobile/ros2_ws/install/turtlesim/include/turtlesim/srv/detail/teleport_relative__type_support.cpp
[8.629s] -- Up-to-date: /home/pimpmobile/ros2_ws/install/turtlesim/include/turtlesim/srv/detail/set_pen__type_support.cpp
[8.629s] -- Up-to-date: /home/pimpmobile/ros2_ws/install/turtlesim/include/turtlesim/srv/detail/kill__type_support.cpp
[8.629s] -- Up-to-date: /home/pimpmobile/ros2_ws/install/turtlesim/include/turtlesim/srv/detail/spawn__type_support.cpp
[8.629s] -- Up-to-date: /home/pimpmobile/ros2_ws/install/turtlesim/include/turtlesim/srv/detail/teleport_relative__rosidl_typesupport_introspection_cpp.hpp
[8.630s] -- Up-to-date: /home/pimpmobile/ros2_ws/install/turtlesim/include/turtlesim/action
[8.630s] -- Up-to-date: /home/pimpmobile/ros2_ws/install/turtlesim/include/turtlesim/action/detail
[8.630s] -- Up-to-date: /home/pimpmobile/ros2_ws/install/turtlesim/include/turtlesim/action/detail/rotate_absolute__type_support.cpp
[8.630s] -- Up-to-date: /home/pimpmobile/ros2_ws/install/turtlesim/include/turtlesim/action/detail/rotate_absolute__rosidl_typesupport_introspection_cpp.hpp
[8.630s] -- Up-to-date: /home/pimpmobile/ros2_ws/install/turtlesim/lib/libturtlesim__rosidl_typesupport_introspection_cpp.so
[8.631s] -- Up-to-date: /home/pimpmobile/ros2_ws/install/turtlesim/lib/libturtlesim__rosidl_typesupport_cpp.so
[8.631s] -- Up-to-date: /home/pimpmobile/ros2_ws/install/turtlesim/share/turtlesim/environment/pythonpath.sh
[8.631s] -- Up-to-date: /home/pimpmobile/ros2_ws/install/turtlesim/share/turtlesim/environment/pythonpath.dsv
[8.631s] -- Up-to-date: /home/pimpmobile/ros2_ws/install/turtlesim/lib/python3.8/site-packages/turtlesim/__init__.py
[8.700s] -- Up-to-date: /home/pimpmobile/ros2_ws/install/turtlesim/lib/python3.8/site-packages/turtlesim/action
[8.700s] -- Up-to-date: /home/pimpmobile/ros2_ws/install/turtlesim/lib/python3.8/site-packages/turtlesim/action/_rotate_absolute_s.c
[8.700s] -- Up-to-date: /home/pimpmobile/ros2_ws/install/turtlesim/lib/python3.8/site-packages/turtlesim/action/__init__.py
[8.700s] -- Up-to-date: /home/pimpmobile/ros2_ws/install/turtlesim/lib/python3.8/site-packages/turtlesim/action/_rotate_absolute.py
[8.701s] -- Up-to-date: /home/pimpmobile/ros2_ws/install/turtlesim/lib/python3.8/site-packages/turtlesim/msg
[8.701s] -- Up-to-date: /home/pimpmobile/ros2_ws/install/turtlesim/lib/python3.8/site-packages/turtlesim/msg/_pose.py
[8.701s] -- Up-to-date: /home/pimpmobile/ros2_ws/install/turtlesim/lib/python3.8/site-packages/turtlesim/msg/__init__.py
[8.701s] -- Up-to-date: /home/pimpmobile/ros2_ws/install/turtlesim/lib/python3.8/site-packages/turtlesim/msg/_color.py
[8.701s] -- Up-to-date: /home/pimpmobile/ros2_ws/install/turtlesim/lib/python3.8/site-packages/turtlesim/msg/_pose_s.c
[8.701s] -- Up-to-date: /home/pimpmobile/ros2_ws/install/turtlesim/lib/python3.8/site-packages/turtlesim/msg/_color_s.c
[8.702s] -- Up-to-date: /home/pimpmobile/ros2_ws/install/turtlesim/lib/python3.8/site-packages/turtlesim/srv
[8.702s] -- Up-to-date: /home/pimpmobile/ros2_ws/install/turtlesim/lib/python3.8/site-packages/turtlesim/srv/_set_pen_s.c
[8.702s] -- Up-to-date: /home/pimpmobile/ros2_ws/install/turtlesim/lib/python3.8/site-packages/turtlesim/srv/_teleport_absolute_s.c
[8.702s] -- Up-to-date: /home/pimpmobile/ros2_ws/install/turtlesim/lib/python3.8/site-packages/turtlesim/srv/_teleport_relative.py
[8.702s] -- Up-to-date: /home/pimpmobile/ros2_ws/install/turtlesim/lib/python3.8/site-packages/turtlesim/srv/_set_pen.py
[8.703s] -- Up-to-date: /home/pimpmobile/ros2_ws/install/turtlesim/lib/python3.8/site-packages/turtlesim/srv/__init__.py
[8.703s] -- Up-to-date: /home/pimpmobile/ros2_ws/install/turtlesim/lib/python3.8/site-packages/turtlesim/srv/_kill.py
[8.703s] -- Up-to-date: /home/pimpmobile/ros2_ws/install/turtlesim/lib/python3.8/site-packages/turtlesim/srv/_spawn.py
[8.703s] -- Up-to-date: /home/pimpmobile/ros2_ws/install/turtlesim/lib/python3.8/site-packages/turtlesim/srv/_kill_s.c
[8.703s] -- Up-to-date: /home/pimpmobile/ros2_ws/install/turtlesim/lib/python3.8/site-packages/turtlesim/srv/_spawn_s.c
[8.704s] -- Up-to-date: /home/pimpmobile/ros2_ws/install/turtlesim/lib/python3.8/site-packages/turtlesim/srv/_teleport_absolute.py
[8.704s] -- Up-to-date: /home/pimpmobile/ros2_ws/install/turtlesim/lib/python3.8/site-packages/turtlesim/srv/_teleport_relative_s.c
[8.705s] -- Up-to-date: /home/pimpmobile/ros2_ws/install/turtlesim/lib/python3.8/site-packages/turtlesim/turtlesim_s__rosidl_typesupport_fastrtps_c.cpython-38-aarch64-linux-gnu.so
[8.705s] -- Up-to-date: /home/pimpmobile/ros2_ws/install/turtlesim/lib/python3.8/site-packages/turtlesim/turtlesim_s__rosidl_typesupport_introspection_c.cpython-38-aarch64-linux-gnu.so
[8.705s] -- Up-to-date: /home/pimpmobile/ros2_ws/install/turtlesim/lib/python3.8/site-packages/turtlesim/turtlesim_s__rosidl_typesupport_c.cpython-38-aarch64-linux-gnu.so
[8.706s] -- Up-to-date: /home/pimpmobile/ros2_ws/install/turtlesim/lib/libturtlesim__python.so
[8.706s] -- Up-to-date: /home/pimpmobile/ros2_ws/install/turtlesim/share/turtlesim/action/RotateAbsolute.idl
[8.706s] -- Up-to-date: /home/pimpmobile/ros2_ws/install/turtlesim/share/turtlesim/msg/Color.idl
[8.706s] -- Up-to-date: /home/pimpmobile/ros2_ws/install/turtlesim/share/turtlesim/msg/Pose.idl
[8.706s] -- Up-to-date: /home/pimpmobile/ros2_ws/install/turtlesim/share/turtlesim/srv/Kill.idl
[8.707s] -- Up-to-date: /home/pimpmobile/ros2_ws/install/turtlesim/share/turtlesim/srv/SetPen.idl
[8.707s] -- Up-to-date: /home/pimpmobile/ros2_ws/install/turtlesim/share/turtlesim/srv/Spawn.idl
[8.707s] -- Up-to-date: /home/pimpmobile/ros2_ws/install/turtlesim/share/turtlesim/srv/TeleportAbsolute.idl
[8.707s] -- Up-to-date: /home/pimpmobile/ros2_ws/install/turtlesim/share/turtlesim/srv/TeleportRelative.idl
[8.707s] -- Up-to-date: /home/pimpmobile/ros2_ws/install/turtlesim/share/turtlesim/action/RotateAbsolute.action
[8.708s] -- Up-to-date: /home/pimpmobile/ros2_ws/install/turtlesim/share/turtlesim/msg/Color.msg
[8.708s] -- Up-to-date: /home/pimpmobile/ros2_ws/install/turtlesim/share/turtlesim/msg/Pose.msg
[8.708s] -- Up-to-date: /home/pimpmobile/ros2_ws/install/turtlesim/share/turtlesim/srv/Kill.srv
[8.708s] -- Up-to-date: /home/pimpmobile/ros2_ws/install/turtlesim/share/turtlesim/srv/Kill_Request.msg
[8.708s] -- Up-to-date: /home/pimpmobile/ros2_ws/install/turtlesim/share/turtlesim/srv/Kill_Response.msg
[8.709s] -- Up-to-date: /home/pimpmobile/ros2_ws/install/turtlesim/share/turtlesim/srv/SetPen.srv
[8.709s] -- Up-to-date: /home/pimpmobile/ros2_ws/install/turtlesim/share/turtlesim/srv/SetPen_Request.msg
[8.709s] -- Up-to-date: /home/pimpmobile/ros2_ws/install/turtlesim/share/turtlesim/srv/SetPen_Response.msg
[8.709s] -- Up-to-date: /home/pimpmobile/ros2_ws/install/turtlesim/share/turtlesim/srv/Spawn.srv
[8.710s] -- Up-to-date: /home/pimpmobile/ros2_ws/install/turtlesim/share/turtlesim/srv/Spawn_Request.msg
[8.710s] -- Up-to-date: /home/pimpmobile/ros2_ws/install/turtlesim/share/turtlesim/srv/Spawn_Response.msg
[8.710s] -- Up-to-date: /home/pimpmobile/ros2_ws/install/turtlesim/share/turtlesim/srv/TeleportAbsolute.srv
[8.710s] -- Up-to-date: /home/pimpmobile/ros2_ws/install/turtlesim/share/turtlesim/srv/TeleportAbsolute_Request.msg
[8.710s] -- Up-to-date: /home/pimpmobile/ros2_ws/install/turtlesim/share/turtlesim/srv/TeleportAbsolute_Response.msg
[8.711s] -- Up-to-date: /home/pimpmobile/ros2_ws/install/turtlesim/share/turtlesim/srv/TeleportRelative.srv
[8.711s] -- Up-to-date: /home/pimpmobile/ros2_ws/install/turtlesim/share/turtlesim/srv/TeleportRelative_Request.msg
[8.711s] -- Up-to-date: /home/pimpmobile/ros2_ws/install/turtlesim/share/turtlesim/srv/TeleportRelative_Response.msg
[8.711s] -- Up-to-date: /home/pimpmobile/ros2_ws/install/turtlesim/lib/turtlesim/turtlesim_node
[8.711s] -- Up-to-date: /home/pimpmobile/ros2_ws/install/turtlesim/lib/turtlesim/turtle_teleop_key
[8.711s] -- Up-to-date: /home/pimpmobile/ros2_ws/install/turtlesim/lib/turtlesim/draw_square
[8.711s] -- Up-to-date: /home/pimpmobile/ros2_ws/install/turtlesim/lib/turtlesim/mimic
[8.712s] -- Up-to-date: /home/pimpmobile/ros2_ws/install/turtlesim/share/turtlesim/images
[8.712s] -- Up-to-date: /home/pimpmobile/ros2_ws/install/turtlesim/share/turtlesim/images/eloquent.png
[8.712s] -- Up-to-date: /home/pimpmobile/ros2_ws/install/turtlesim/share/turtlesim/images/ardent.png
[8.712s] -- Up-to-date: /home/pimpmobile/ros2_ws/install/turtlesim/share/turtlesim/images/dashing.png
[8.712s] -- Up-to-date: /home/pimpmobile/ros2_ws/install/turtlesim/share/turtlesim/images/crystal.png
[8.712s] -- Up-to-date: /home/pimpmobile/ros2_ws/install/turtlesim/share/turtlesim/images/foxy.png
[8.712s] -- Up-to-date: /home/pimpmobile/ros2_ws/install/turtlesim/share/turtlesim/images/bouncy.png
[8.712s] -- Up-to-date: /home/pimpmobile/ros2_ws/install/turtlesim/share/turtlesim/launch
[8.713s] -- Up-to-date: /home/pimpmobile/ros2_ws/install/turtlesim/share/turtlesim/launch/multisim.launch.py
[8.713s] -- Up-to-date: /home/pimpmobile/ros2_ws/install/turtlesim/share/ament_index/resource_index/package_run_dependencies/turtlesim
[8.713s] -- Up-to-date: /home/pimpmobile/ros2_ws/install/turtlesim/share/ament_index/resource_index/parent_prefix_path/turtlesim
[8.713s] -- Up-to-date: /home/pimpmobile/ros2_ws/install/turtlesim/share/turtlesim/environment/ament_prefix_path.sh
[8.713s] -- Up-to-date: /home/pimpmobile/ros2_ws/install/turtlesim/share/turtlesim/environment/ament_prefix_path.dsv
[8.713s] -- Up-to-date: /home/pimpmobile/ros2_ws/install/turtlesim/share/turtlesim/environment/path.sh
[8.713s] -- Up-to-date: /home/pimpmobile/ros2_ws/install/turtlesim/share/turtlesim/environment/path.dsv
[8.713s] -- Up-to-date: /home/pimpmobile/ros2_ws/install/turtlesim/share/turtlesim/local_setup.bash
[8.714s] -- Up-to-date: /home/pimpmobile/ros2_ws/install/turtlesim/share/turtlesim/local_setup.sh
[8.714s] -- Up-to-date: /home/pimpmobile/ros2_ws/install/turtlesim/share/turtlesim/local_setup.zsh
[8.714s] -- Up-to-date: /home/pimpmobile/ros2_ws/install/turtlesim/share/turtlesim/local_setup.dsv
[8.726s] -- Installing: /home/pimpmobile/ros2_ws/install/turtlesim/share/turtlesim/package.dsv
[8.726s] -- Up-to-date: /home/pimpmobile/ros2_ws/install/turtlesim/share/ament_index/resource_index/packages/turtlesim
[8.727s] -- Up-to-date: /home/pimpmobile/ros2_ws/install/turtlesim/share/turtlesim/cmake/turtlesim__rosidl_generator_cExport.cmake
[8.727s] -- Up-to-date: /home/pimpmobile/ros2_ws/install/turtlesim/share/turtlesim/cmake/turtlesim__rosidl_generator_cExport-noconfig.cmake
[8.728s] -- Up-to-date: /home/pimpmobile/ros2_ws/install/turtlesim/share/turtlesim/cmake/turtlesim__rosidl_typesupport_introspection_cExport.cmake
[8.728s] -- Up-to-date: /home/pimpmobile/ros2_ws/install/turtlesim/share/turtlesim/cmake/turtlesim__rosidl_typesupport_introspection_cExport-noconfig.cmake
[8.729s] -- Up-to-date: /home/pimpmobile/ros2_ws/install/turtlesim/share/turtlesim/cmake/turtlesim__rosidl_typesupport_cExport.cmake
[8.729s] -- Up-to-date: /home/pimpmobile/ros2_ws/install/turtlesim/share/turtlesim/cmake/turtlesim__rosidl_typesupport_cExport-noconfig.cmake
[8.729s] -- Up-to-date: /home/pimpmobile/ros2_ws/install/turtlesim/share/turtlesim/cmake/turtlesim__rosidl_generator_cppExport.cmake
[8.730s] -- Up-to-date: /home/pimpmobile/ros2_ws/install/turtlesim/share/turtlesim/cmake/turtlesim__rosidl_typesupport_introspection_cppExport.cmake
[8.730s] -- Up-to-date: /home/pimpmobile/ros2_ws/install/turtlesim/share/turtlesim/cmake/turtlesim__rosidl_typesupport_introspection_cppExport-noconfig.cmake
[8.731s] -- Up-to-date: /home/pimpmobile/ros2_ws/install/turtlesim/share/turtlesim/cmake/turtlesim__rosidl_typesupport_cppExport.cmake
[8.731s] -- Up-to-date: /home/pimpmobile/ros2_ws/install/turtlesim/share/turtlesim/cmake/turtlesim__rosidl_typesupport_cppExport-noconfig.cmake
[8.731s] -- Up-to-date: /home/pimpmobile/ros2_ws/install/turtlesim/share/turtlesim/cmake/rosidl_cmake-extras.cmake
[8.732s] -- Up-to-date: /home/pimpmobile/ros2_ws/install/turtlesim/share/turtlesim/cmake/ament_cmake_export_dependencies-extras.cmake
[8.732s] -- Up-to-date: /home/pimpmobile/ros2_ws/install/turtlesim/share/turtlesim/cmake/ament_cmake_export_libraries-extras.cmake
[8.733s] -- Up-to-date: /home/pimpmobile/ros2_ws/install/turtlesim/share/turtlesim/cmake/ament_cmake_export_targets-extras.cmake
[8.733s] -- Up-to-date: /home/pimpmobile/ros2_ws/install/turtlesim/share/turtlesim/cmake/ament_cmake_export_include_directories-extras.cmake
[8.733s] -- Up-to-date: /home/pimpmobile/ros2_ws/install/turtlesim/share/turtlesim/cmake/rosidl_cmake_export_typesupport_libraries-extras.cmake
[8.734s] -- Up-to-date: /home/pimpmobile/ros2_ws/install/turtlesim/share/turtlesim/cmake/rosidl_cmake_export_typesupport_targets-extras.cmake
[8.734s] -- Up-to-date: /home/pimpmobile/ros2_ws/install/turtlesim/share/turtlesim/cmake/turtlesimConfig.cmake
[8.735s] -- Up-to-date: /home/pimpmobile/ros2_ws/install/turtlesim/share/turtlesim/cmake/turtlesimConfig-version.cmake
[8.735s] -- Up-to-date: /home/pimpmobile/ros2_ws/install/turtlesim/share/turtlesim/package.xml
[8.736s] Invoked command in '/home/pimpmobile/ros2_ws/build/turtlesim' returned '0': CMAKE_PREFIX_PATH=${CMAKE_PREFIX_PATH}:/home/pimpmobile/ros2_ws/install/teleop_pm:/home/pimpmobile/ros2_ws/install/slam:/home/pimpmobile/ros2_ws/install/odometry:/home/pimpmobile/ros2_ws/install/master:/home/pimpmobile/ros2_ws/install/lidar:/home/pimpmobile/ros2_ws/install/gps_publisher:/opt/ros/foxy /usr/bin/cmake --install /home/pimpmobile/ros2_ws/build/turtlesim
