[2.112s] Invoking command in '/home/pimpmobile/ros2_ws/src/lidar': PYTHONPATH=/home/pimpmobile/ros2_ws/build/lidar/prefix_override:/home/pimpmobile/ros2_ws/install/lidar/lib/python3.8/site-packages:${PYTHONPATH} /usr/bin/python3 setup.py egg_info --egg-base ../../build/lidar build --build-base /home/pimpmobile/ros2_ws/build/lidar/build install --record /home/pimpmobile/ros2_ws/build/lidar/install.log --install-scripts $base/lib/lidar --single-version-externally-managed
[2.391s] /home/pimpmobile/.local/lib/python3.8/site-packages/setuptools/dist.py:472: SetuptoolsDeprecationWarning: Invalid dash-separated options
[2.392s] !!
[2.392s] 
[2.392s]         ********************************************************************************
[2.392s]         Usage of dash-separated 'script-dir' will not be supported in future
[2.392s]         versions. Please use the underscore name 'script_dir' instead.
[2.392s] 
[2.392s]         By 2024-Sep-26, you need to update your project and remove deprecated calls
[2.393s]         or your builds will no longer be supported.
[2.393s] 
[2.393s]         See https://setuptools.pypa.io/en/latest/userguide/declarative_config.html for details.
[2.393s]         ********************************************************************************
[2.393s] 
[2.393s] !!
[2.393s]   opt = self.warn_dash_deprecation(opt, section)
[2.611s] running egg_info
[2.645s] writing ../../build/lidar/lidar.egg-info/PKG-INFO
[2.646s] writing dependency_links to ../../build/lidar/lidar.egg-info/dependency_links.txt
[2.647s] writing entry points to ../../build/lidar/lidar.egg-info/entry_points.txt
[2.647s] writing requirements to ../../build/lidar/lidar.egg-info/requires.txt
[2.647s] writing top-level names to ../../build/lidar/lidar.egg-info/top_level.txt
[2.931s] reading manifest file '../../build/lidar/lidar.egg-info/SOURCES.txt'
[2.932s] writing manifest file '../../build/lidar/lidar.egg-info/SOURCES.txt'
[2.933s] running build
[2.933s] running build_py
[2.933s] copying lidar/__init__.py -> /home/pimpmobile/ros2_ws/build/lidar/build/lib/lidar
[2.934s] copying lidar/lidarsubscriber.py -> /home/pimpmobile/ros2_ws/build/lidar/build/lib/lidar
[2.934s] copying lidar/publisher_member_function.py -> /home/pimpmobile/ros2_ws/build/lidar/build/lib/lidar
[2.934s] running install
[2.935s] /home/pimpmobile/.local/lib/python3.8/site-packages/setuptools/_distutils/cmd.py:66: SetuptoolsDeprecationWarning: setup.py install is deprecated.
[2.935s] !!
[2.936s] 
[2.936s]         ********************************************************************************
[2.936s]         Please avoid running ``setup.py`` directly.
[2.936s]         Instead, use pypa/build, pypa/installer or other
[2.936s]         standards-based tools.
[2.937s] 
[2.937s]         See https://blog.ganssle.io/articles/2021/10/setup-py-deprecated.html for details.
[2.937s]         ********************************************************************************
[2.937s] 
[2.937s] !!
[2.938s]   self.initialize_options()
[2.947s] running install_lib
[2.983s] copying /home/pimpmobile/ros2_ws/build/lidar/build/lib/lidar/lidarsubscriber.py -> /home/pimpmobile/ros2_ws/install/lidar/lib/python3.8/site-packages/lidar
[2.984s] byte-compiling /home/pimpmobile/ros2_ws/install/lidar/lib/python3.8/site-packages/lidar/lidarsubscriber.py to lidarsubscriber.cpython-38.pyc
[2.986s] running install_data
[3.020s] copying resource/lidar -> /home/pimpmobile/ros2_ws/install/lidar/share/ament_index/resource_index/packages
[3.020s] copying package.xml -> /home/pimpmobile/ros2_ws/install/lidar/share/lidar
[3.020s] running install_egg_info
[3.057s] removing '/home/pimpmobile/ros2_ws/install/lidar/lib/python3.8/site-packages/lidar-0.0.0-py3.8.egg-info' (and everything under it)
[3.058s] Copying ../../build/lidar/lidar.egg-info to /home/pimpmobile/ros2_ws/install/lidar/lib/python3.8/site-packages/lidar-0.0.0-py3.8.egg-info
[3.060s] running install_scripts
[3.167s] Installing lidar_listener script to /home/pimpmobile/ros2_ws/install/lidar/lib/lidar
[3.168s] Installing lidar_talker script to /home/pimpmobile/ros2_ws/install/lidar/lib/lidar
[3.169s] writing list of installed files to '/home/pimpmobile/ros2_ws/build/lidar/install.log'
[3.244s] Invoked command in '/home/pimpmobile/ros2_ws/src/lidar' returned '0': PYTHONPATH=/home/pimpmobile/ros2_ws/build/lidar/prefix_override:/home/pimpmobile/ros2_ws/install/lidar/lib/python3.8/site-packages:${PYTHONPATH} /usr/bin/python3 setup.py egg_info --egg-base ../../build/lidar build --build-base /home/pimpmobile/ros2_ws/build/lidar/build install --record /home/pimpmobile/ros2_ws/build/lidar/install.log --install-scripts $base/lib/lidar --single-version-externally-managed
