[2.173s] Invoking command in '/home/pimpmobile/ros2_ws/src/lidar': PYTHONPATH=/home/pimpmobile/ros2_ws/build/lidar/prefix_override:/home/pimpmobile/ros2_ws/install/lidar/lib/python3.8/site-packages:${PYTHONPATH} /usr/bin/python3 setup.py egg_info --egg-base ../../build/lidar build --build-base /home/pimpmobile/ros2_ws/build/lidar/build install --record /home/pimpmobile/ros2_ws/build/lidar/install.log --install-scripts $base/lib/lidar --single-version-externally-managed
[2.454s] /home/pimpmobile/.local/lib/python3.8/site-packages/setuptools/dist.py:472: SetuptoolsDeprecationWarning: Invalid dash-separated options
[2.454s] !!
[2.454s] 
[2.455s]         ********************************************************************************
[2.455s]         Usage of dash-separated 'script-dir' will not be supported in future
[2.455s]         versions. Please use the underscore name 'script_dir' instead.
[2.455s] 
[2.456s]         By 2024-Sep-26, you need to update your project and remove deprecated calls
[2.456s]         or your builds will no longer be supported.
[2.456s] 
[2.456s]         See https://setuptools.pypa.io/en/latest/userguide/declarative_config.html for details.
[2.456s]         ********************************************************************************
[2.457s] 
[2.457s] !!
[2.457s]   opt = self.warn_dash_deprecation(opt, section)
[2.676s] running egg_info
[2.711s] writing ../../build/lidar/lidar.egg-info/PKG-INFO
[2.711s] writing dependency_links to ../../build/lidar/lidar.egg-info/dependency_links.txt
[2.712s] writing entry points to ../../build/lidar/lidar.egg-info/entry_points.txt
[2.712s] writing requirements to ../../build/lidar/lidar.egg-info/requires.txt
[2.713s] writing top-level names to ../../build/lidar/lidar.egg-info/top_level.txt
[3.001s] reading manifest file '../../build/lidar/lidar.egg-info/SOURCES.txt'
[3.003s] writing manifest file '../../build/lidar/lidar.egg-info/SOURCES.txt'
[3.003s] running build
[3.003s] running build_py
[3.004s] copying lidar/__init__.py -> /home/pimpmobile/ros2_ws/build/lidar/build/lib/lidar
[3.004s] copying lidar/lidarsubscriber.py -> /home/pimpmobile/ros2_ws/build/lidar/build/lib/lidar
[3.004s] copying lidar/publisher_member_function.py -> /home/pimpmobile/ros2_ws/build/lidar/build/lib/lidar
[3.005s] running install
[3.005s] /home/pimpmobile/.local/lib/python3.8/site-packages/setuptools/_distutils/cmd.py:66: SetuptoolsDeprecationWarning: setup.py install is deprecated.
[3.006s] !!
[3.006s] 
[3.006s]         ********************************************************************************
[3.006s]         Please avoid running ``setup.py`` directly.
[3.007s]         Instead, use pypa/build, pypa/installer or other
[3.007s]         standards-based tools.
[3.007s] 
[3.007s]         See https://blog.ganssle.io/articles/2021/10/setup-py-deprecated.html for details.
[3.007s]         ********************************************************************************
[3.008s] 
[3.008s] !!
[3.008s]   self.initialize_options()
[3.017s] running install_lib
[3.054s] copying /home/pimpmobile/ros2_ws/build/lidar/build/lib/lidar/lidarsubscriber.py -> /home/pimpmobile/ros2_ws/install/lidar/lib/python3.8/site-packages/lidar
[3.055s] byte-compiling /home/pimpmobile/ros2_ws/install/lidar/lib/python3.8/site-packages/lidar/lidarsubscriber.py to lidarsubscriber.cpython-38.pyc
[3.056s] running install_data
[3.091s] copying resource/lidar -> /home/pimpmobile/ros2_ws/install/lidar/share/ament_index/resource_index/packages
[3.091s] copying package.xml -> /home/pimpmobile/ros2_ws/install/lidar/share/lidar
[3.092s] running install_egg_info
[3.128s] removing '/home/pimpmobile/ros2_ws/install/lidar/lib/python3.8/site-packages/lidar-0.0.0-py3.8.egg-info' (and everything under it)
[3.128s] Copying ../../build/lidar/lidar.egg-info to /home/pimpmobile/ros2_ws/install/lidar/lib/python3.8/site-packages/lidar-0.0.0-py3.8.egg-info
[3.130s] running install_scripts
[3.239s] Installing lidar_listener script to /home/pimpmobile/ros2_ws/install/lidar/lib/lidar
[3.239s] Installing lidar_talker script to /home/pimpmobile/ros2_ws/install/lidar/lib/lidar
[3.240s] writing list of installed files to '/home/pimpmobile/ros2_ws/build/lidar/install.log'
[3.315s] Invoked command in '/home/pimpmobile/ros2_ws/src/lidar' returned '0': PYTHONPATH=/home/pimpmobile/ros2_ws/build/lidar/prefix_override:/home/pimpmobile/ros2_ws/install/lidar/lib/python3.8/site-packages:${PYTHONPATH} /usr/bin/python3 setup.py egg_info --egg-base ../../build/lidar build --build-base /home/pimpmobile/ros2_ws/build/lidar/build install --record /home/pimpmobile/ros2_ws/build/lidar/install.log --install-scripts $base/lib/lidar --single-version-externally-managed
