[1.400s] Invoking command in '/home/pimpmobile/ros2_ws/src/master': PYTHONPATH=/home/pimpmobile/ros2_ws/build/master/prefix_override:/usr/lib/python3/dist-packages/colcon_core/task/python/colcon_distutils_commands:/home/pimpmobile/ros2_ws/install/master/lib/python3.10/site-packages:${PYTHONPATH} /usr/bin/python3 -W ignore:setup.py install is deprecated setup.py egg_info --egg-base ../../build/master build --build-base /home/pimpmobile/ros2_ws/build/master/build install --record /home/pimpmobile/ros2_ws/build/master/install.log --install-scripts $base/lib/master --single-version-externally-managed install_data
[1.881s] /usr/lib/python3/dist-packages/setuptools/dist.py:723: UserWarning: Usage of dash-separated 'script-dir' will not be supported in future versions. Please use the underscore name 'script_dir' instead
[1.881s]   warnings.warn(
[1.898s] running egg_info
[1.899s] writing ../../build/master/master.egg-info/PKG-INFO
[1.900s] writing dependency_links to ../../build/master/master.egg-info/dependency_links.txt
[1.900s] writing entry points to ../../build/master/master.egg-info/entry_points.txt
[1.900s] writing requirements to ../../build/master/master.egg-info/requires.txt
[1.901s] writing top-level names to ../../build/master/master.egg-info/top_level.txt
[1.904s] reading manifest file '../../build/master/master.egg-info/SOURCES.txt'
[1.906s] writing manifest file '../../build/master/master.egg-info/SOURCES.txt'
[1.907s] running build
[1.907s] running build_py
[1.907s] copying master/stream_host.py -> /home/pimpmobile/ros2_ws/build/master/build/lib/master
[1.908s] running install
[1.909s] running install_lib
[1.911s] copying /home/pimpmobile/ros2_ws/build/master/build/lib/master/stream_host.py -> /home/pimpmobile/ros2_ws/install/master/lib/python3.10/site-packages/master
[1.913s] byte-compiling /home/pimpmobile/ros2_ws/install/master/lib/python3.10/site-packages/master/stream_host.py to stream_host.cpython-310.pyc
[1.913s] Sorry: IndentationError: expected an indented block after function definition on line 40 (stream_host.py, line 50)
[1.914s] running install_data
[1.914s] running install_egg_info
[1.918s] removing '/home/pimpmobile/ros2_ws/install/master/lib/python3.10/site-packages/master-0.0.0-py3.10.egg-info' (and everything under it)
[1.919s] Copying ../../build/master/master.egg-info to /home/pimpmobile/ros2_ws/install/master/lib/python3.10/site-packages/master-0.0.0-py3.10.egg-info
[1.921s] running install_scripts
[1.964s] Installing master script to /home/pimpmobile/ros2_ws/install/master/lib/master
[1.965s] Installing ros_stream script to /home/pimpmobile/ros2_ws/install/master/lib/master
[1.965s] writing list of installed files to '/home/pimpmobile/ros2_ws/build/master/install.log'
[2.033s] Invoked command in '/home/pimpmobile/ros2_ws/src/master' returned '0': PYTHONPATH=/home/pimpmobile/ros2_ws/build/master/prefix_override:/usr/lib/python3/dist-packages/colcon_core/task/python/colcon_distutils_commands:/home/pimpmobile/ros2_ws/install/master/lib/python3.10/site-packages:${PYTHONPATH} /usr/bin/python3 -W ignore:setup.py install is deprecated setup.py egg_info --egg-base ../../build/master build --build-base /home/pimpmobile/ros2_ws/build/master/build install --record /home/pimpmobile/ros2_ws/build/master/install.log --install-scripts $base/lib/master --single-version-externally-managed install_data
