[4.372s] Invoking command in '/home/pimpmobile/ros2_ws/src/gps_publisher': PYTHONPATH=/home/pimpmobile/ros2_ws/build/gps_publisher/prefix_override:/home/pimpmobile/ros2_ws/install/gps_publisher/lib/python3.8/site-packages:${PYTHONPATH} /usr/bin/python3 setup.py egg_info --egg-base ../../build/gps_publisher build --build-base /home/pimpmobile/ros2_ws/build/gps_publisher/build install --record /home/pimpmobile/ros2_ws/build/gps_publisher/install.log --install-scripts $base/lib/gps_publisher --single-version-externally-managed
[4.645s] /home/pimpmobile/.local/lib/python3.8/site-packages/setuptools/dist.py:472: SetuptoolsDeprecationWarning: Invalid dash-separated options
[4.646s] !!
[4.646s] 
[4.646s]         ********************************************************************************
[4.647s]         Usage of dash-separated 'script-dir' will not be supported in future
[4.647s]         versions. Please use the underscore name 'script_dir' instead.
[4.647s] 
[4.647s]         By 2024-Sep-26, you need to update your project and remove deprecated calls
[4.648s]         or your builds will no longer be supported.
[4.648s] 
[4.648s]         See https://setuptools.pypa.io/en/latest/userguide/declarative_config.html for details.
[4.648s]         ********************************************************************************
[4.649s] 
[4.649s] !!
[4.649s]   opt = self.warn_dash_deprecation(opt, section)
[4.866s] running egg_info
[4.901s] writing ../../build/gps_publisher/gps_publisher.egg-info/PKG-INFO
[4.903s] writing dependency_links to ../../build/gps_publisher/gps_publisher.egg-info/dependency_links.txt
[4.903s] writing entry points to ../../build/gps_publisher/gps_publisher.egg-info/entry_points.txt
[4.903s] writing requirements to ../../build/gps_publisher/gps_publisher.egg-info/requires.txt
[4.904s] writing top-level names to ../../build/gps_publisher/gps_publisher.egg-info/top_level.txt
[5.188s] reading manifest file '../../build/gps_publisher/gps_publisher.egg-info/SOURCES.txt'
[5.190s] writing manifest file '../../build/gps_publisher/gps_publisher.egg-info/SOURCES.txt'
[5.191s] running build
[5.191s] running build_py
[5.191s] copying gps_publisher/__init__.py -> /home/pimpmobile/ros2_ws/build/gps_publisher/build/lib/gps_publisher
[5.192s] copying gps_publisher/gps.py -> /home/pimpmobile/ros2_ws/build/gps_publisher/build/lib/gps_publisher
[5.192s] copying gps_publisher/GPS_log.py -> /home/pimpmobile/ros2_ws/build/gps_publisher/build/lib/gps_publisher
[5.192s] running install
[5.193s] /home/pimpmobile/.local/lib/python3.8/site-packages/setuptools/_distutils/cmd.py:66: SetuptoolsDeprecationWarning: setup.py install is deprecated.
[5.193s] !!
[5.193s] 
[5.194s]         ********************************************************************************
[5.194s]         Please avoid running ``setup.py`` directly.
[5.194s]         Instead, use pypa/build, pypa/installer or other
[5.194s]         standards-based tools.
[5.194s] 
[5.195s]         See https://blog.ganssle.io/articles/2021/10/setup-py-deprecated.html for details.
[5.195s]         ********************************************************************************
[5.195s] 
[5.195s] !!
[5.196s]   self.initialize_options()
[5.204s] running install_lib
[5.240s] byte-compiling /home/pimpmobile/ros2_ws/install/gps_publisher/lib/python3.8/site-packages/gps_publisher/GPS_log.py to GPS_log.cpython-38.pyc
[5.241s]   File "/home/pimpmobile/ros2_ws/install/gps_publisher/lib/python3.8/site-packages/gps_publisher/GPS_log.py", line 21
[5.241s]     10)
[5.241s]     ^
[5.241s] SyntaxError: invalid syntax
[5.242s] 
[5.242s] running install_data
[5.275s] copying resource/gps_publisher -> /home/pimpmobile/ros2_ws/install/gps_publisher/share/ament_index/resource_index/packages
[5.276s] copying package.xml -> /home/pimpmobile/ros2_ws/install/gps_publisher/share/gps_publisher
[5.276s] running install_egg_info
[5.313s] removing '/home/pimpmobile/ros2_ws/install/gps_publisher/lib/python3.8/site-packages/gps_publisher-0.0.0-py3.8.egg-info' (and everything under it)
[5.313s] Copying ../../build/gps_publisher/gps_publisher.egg-info to /home/pimpmobile/ros2_ws/install/gps_publisher/lib/python3.8/site-packages/gps_publisher-0.0.0-py3.8.egg-info
[5.315s] running install_scripts
[5.422s] Installing gps script to /home/pimpmobile/ros2_ws/install/gps_publisher/lib/gps_publisher
[5.422s] Installing gps_log script to /home/pimpmobile/ros2_ws/install/gps_publisher/lib/gps_publisher
[5.423s] writing list of installed files to '/home/pimpmobile/ros2_ws/build/gps_publisher/install.log'
[5.494s] Invoked command in '/home/pimpmobile/ros2_ws/src/gps_publisher' returned '0': PYTHONPATH=/home/pimpmobile/ros2_ws/build/gps_publisher/prefix_override:/home/pimpmobile/ros2_ws/install/gps_publisher/lib/python3.8/site-packages:${PYTHONPATH} /usr/bin/python3 setup.py egg_info --egg-base ../../build/gps_publisher build --build-base /home/pimpmobile/ros2_ws/build/gps_publisher/build install --record /home/pimpmobile/ros2_ws/build/gps_publisher/install.log --install-scripts $base/lib/gps_publisher --single-version-externally-managed
