[2.127s] Invoking command in '/home/pimpmobile/ros2_ws/src/master': PYTHONPATH=/home/pimpmobile/ros2_ws/build/master/prefix_override:/usr/lib/python3/dist-packages/colcon_core/task/python/colcon_distutils_commands:/home/pimpmobile/ros2_ws/install/master/lib/python3.8/site-packages:${PYTHONPATH} /usr/bin/python3 -W ignore:setup.py install is deprecated setup.py egg_info --egg-base ../../build/master build --build-base /home/pimpmobile/ros2_ws/build/master/build install --record /home/pimpmobile/ros2_ws/build/master/install.log --install-scripts $base/lib/master --single-version-externally-managed install_data
[2.412s] /home/pimpmobile/.local/lib/python3.8/site-packages/setuptools/dist.py:472: SetuptoolsDeprecationWarning: Invalid dash-separated options
[2.413s] !!
[2.413s] 
[2.413s]         ********************************************************************************
[2.413s]         Usage of dash-separated 'script-dir' will not be supported in future
[2.413s]         versions. Please use the underscore name 'script_dir' instead.
[2.414s] 
[2.414s]         This deprecation is overdue, please update your project and remove deprecated
[2.414s]         calls to avoid build errors in the future.
[2.414s] 
[2.414s]         See https://setuptools.pypa.io/en/latest/userguide/declarative_config.html for details.
[2.415s]         ********************************************************************************
[2.415s] 
[2.415s] !!
[2.415s]   opt = self.warn_dash_deprecation(opt, section)
[2.732s] running egg_info
[2.773s] writing ../../build/master/master.egg-info/PKG-INFO
[2.774s] writing dependency_links to ../../build/master/master.egg-info/dependency_links.txt
[2.774s] writing entry points to ../../build/master/master.egg-info/entry_points.txt
[2.775s] writing requirements to ../../build/master/master.egg-info/requires.txt
[2.775s] writing top-level names to ../../build/master/master.egg-info/top_level.txt
[4.744s] writing manifest file '../../build/master/master.egg-info/SOURCES.txt'
[4.745s] running build
[4.745s] running build_py
[4.746s] copying master/pathsave.py -> /home/pimpmobile/ros2_ws/build/master/build/lib/master
[4.746s] copying master/cairo_gui_updater.py -> /home/pimpmobile/ros2_ws/build/master/build/lib/master
[4.746s] copying master/stanley_controller.py -> /home/pimpmobile/ros2_ws/build/master/build/lib/master
[4.747s] copying master/pid.py -> /home/pimpmobile/ros2_ws/build/master/build/lib/master
[4.747s] copying master/__init__.py -> /home/pimpmobile/ros2_ws/build/master/build/lib/master
[4.747s] copying master/gstreamer_host.py -> /home/pimpmobile/ros2_ws/build/master/build/lib/master
[4.748s] copying master/master_code.py -> /home/pimpmobile/ros2_ws/build/master/build/lib/master
[4.748s] copying master/odometry.py -> /home/pimpmobile/ros2_ws/build/master/build/lib/master
[4.749s] running install
[4.761s] running install_lib
[4.826s] copying /home/pimpmobile/ros2_ws/build/master/build/lib/master/gstreamer_host.py -> /home/pimpmobile/ros2_ws/install/master/lib/python3.8/site-packages/master
[4.828s] byte-compiling /home/pimpmobile/ros2_ws/install/master/lib/python3.8/site-packages/master/gstreamer_host.py to gstreamer_host.cpython-38.pyc
[4.831s] running install_data
[4.831s] copying resource/master -> /home/pimpmobile/ros2_ws/install/master/share/ament_index/resource_index/packages
[4.831s] copying package.xml -> /home/pimpmobile/ros2_ws/install/master/share/master
[4.832s] running install_egg_info
[4.874s] removing '/home/pimpmobile/ros2_ws/install/master/lib/python3.8/site-packages/master-0.0.0-py3.8.egg-info' (and everything under it)
[4.875s] Copying ../../build/master/master.egg-info to /home/pimpmobile/ros2_ws/install/master/lib/python3.8/site-packages/master-0.0.0-py3.8.egg-info
[4.877s] running install_scripts
[4.998s] Installing master script to /home/pimpmobile/ros2_ws/install/master/lib/master
[4.999s] writing list of installed files to '/home/pimpmobile/ros2_ws/build/master/install.log'
[5.080s] Invoked command in '/home/pimpmobile/ros2_ws/src/master' returned '0': PYTHONPATH=/home/pimpmobile/ros2_ws/build/master/prefix_override:/usr/lib/python3/dist-packages/colcon_core/task/python/colcon_distutils_commands:/home/pimpmobile/ros2_ws/install/master/lib/python3.8/site-packages:${PYTHONPATH} /usr/bin/python3 -W ignore:setup.py install is deprecated setup.py egg_info --egg-base ../../build/master build --build-base /home/pimpmobile/ros2_ws/build/master/build install --record /home/pimpmobile/ros2_ws/build/master/install.log --install-scripts $base/lib/master --single-version-externally-managed install_data
