[4.575s] Invoking command in '/home/pimpmobile/ros2_ws/src/lidar': PYTHONPATH=/home/pimpmobile/ros2_ws/build/lidar/prefix_override:/home/pimpmobile/ros2_ws/install/lidar/lib/python3.8/site-packages:${PYTHONPATH} /usr/bin/python3 setup.py egg_info --egg-base ../../build/lidar build --build-base /home/pimpmobile/ros2_ws/build/lidar/build install --record /home/pimpmobile/ros2_ws/build/lidar/install.log --install-scripts $base/lib/lidar --single-version-externally-managed
[4.850s] /home/pimpmobile/.local/lib/python3.8/site-packages/setuptools/dist.py:472: SetuptoolsDeprecationWarning: Invalid dash-separated options
[4.850s] !!
[4.851s] 
[4.851s]         ********************************************************************************
[4.851s]         Usage of dash-separated 'script-dir' will not be supported in future
[4.851s]         versions. Please use the underscore name 'script_dir' instead.
[4.852s] 
[4.852s]         By 2024-Sep-26, you need to update your project and remove deprecated calls
[4.852s]         or your builds will no longer be supported.
[4.852s] 
[4.852s]         See https://setuptools.pypa.io/en/latest/userguide/declarative_config.html for details.
[4.853s]         ********************************************************************************
[4.853s] 
[4.853s] !!
[4.853s]   opt = self.warn_dash_deprecation(opt, section)
[5.099s] running egg_info
[5.135s] writing ../../build/lidar/lidar.egg-info/PKG-INFO
[5.137s] writing dependency_links to ../../build/lidar/lidar.egg-info/dependency_links.txt
[5.138s] writing entry points to ../../build/lidar/lidar.egg-info/entry_points.txt
[5.138s] writing requirements to ../../build/lidar/lidar.egg-info/requires.txt
[5.138s] writing top-level names to ../../build/lidar/lidar.egg-info/top_level.txt
[6.268s] writing manifest file '../../build/lidar/lidar.egg-info/SOURCES.txt'
[6.268s] running build
[6.269s] running build_py
[6.269s] copying lidar/__init__.py -> /home/pimpmobile/ros2_ws/build/lidar/build/lib/lidar
[6.270s] copying lidar/lidarsubscriber.py -> /home/pimpmobile/ros2_ws/build/lidar/build/lib/lidar
[6.270s] copying lidar/publisher_member_function.py -> /home/pimpmobile/ros2_ws/build/lidar/build/lib/lidar
[6.271s] running install
[6.272s] /home/pimpmobile/.local/lib/python3.8/site-packages/setuptools/_distutils/cmd.py:66: SetuptoolsDeprecationWarning: setup.py install is deprecated.
[6.272s] !!
[6.272s] 
[6.272s]         ********************************************************************************
[6.272s]         Please avoid running ``setup.py`` directly.
[6.272s]         Instead, use pypa/build, pypa/installer or other
[6.272s]         standards-based tools.
[6.272s] 
[6.273s]         See https://blog.ganssle.io/articles/2021/10/setup-py-deprecated.html for details.
[6.273s]         ********************************************************************************
[6.273s] 
[6.273s] !!
[6.273s]   self.initialize_options()
[6.284s] running install_lib
[6.324s] copying /home/pimpmobile/ros2_ws/build/lidar/build/lib/lidar/lidarsubscriber.py -> /home/pimpmobile/ros2_ws/install/lidar/lib/python3.8/site-packages/lidar
[6.325s] byte-compiling /home/pimpmobile/ros2_ws/install/lidar/lib/python3.8/site-packages/lidar/lidarsubscriber.py to lidarsubscriber.cpython-38.pyc
[6.327s] running install_data
[6.364s] copying resource/lidar -> /home/pimpmobile/ros2_ws/install/lidar/share/ament_index/resource_index/packages
[6.364s] copying package.xml -> /home/pimpmobile/ros2_ws/install/lidar/share/lidar
[6.364s] running install_egg_info
[6.401s] removing '/home/pimpmobile/ros2_ws/install/lidar/lib/python3.8/site-packages/lidar-0.0.0-py3.8.egg-info' (and everything under it)
[6.402s] Copying ../../build/lidar/lidar.egg-info to /home/pimpmobile/ros2_ws/install/lidar/lib/python3.8/site-packages/lidar-0.0.0-py3.8.egg-info
[6.404s] running install_scripts
[6.533s] Installing lidar_listener script to /home/pimpmobile/ros2_ws/install/lidar/lib/lidar
[6.534s] Installing lidar_talker script to /home/pimpmobile/ros2_ws/install/lidar/lib/lidar
[6.534s] writing list of installed files to '/home/pimpmobile/ros2_ws/build/lidar/install.log'
[6.610s] Invoked command in '/home/pimpmobile/ros2_ws/src/lidar' returned '0': PYTHONPATH=/home/pimpmobile/ros2_ws/build/lidar/prefix_override:/home/pimpmobile/ros2_ws/install/lidar/lib/python3.8/site-packages:${PYTHONPATH} /usr/bin/python3 setup.py egg_info --egg-base ../../build/lidar build --build-base /home/pimpmobile/ros2_ws/build/lidar/build install --record /home/pimpmobile/ros2_ws/build/lidar/install.log --install-scripts $base/lib/lidar --single-version-externally-managed
