[2.100s] Invoking command in '/home/pimpmobile/ros2_ws/src/teleop_pm': AMENT_PREFIX_PATH=/home/pimpmobile/ros2_ws/install/lidar:/home/pimpmobile/ldlidar_ros2_ws/install/ldlidar_stl_ros2:/home/pimpmobile/ros2_ws/install/turtlesim:/home/pimpmobile/ros2_ws/install/teleop_pm:/home/pimpmobile/ros2_ws/install/gps_publisher:/opt/ros/foxy PYTHONPATH=/home/pimpmobile/ros2_ws/build/teleop_pm/prefix_override:/home/pimpmobile/ros2_ws/install/teleop_pm/lib/python3.8/site-packages:/home/pimpmobile/ros2_ws/install/lidar/lib/python3.8/site-packages:/home/pimpmobile/ros2_ws/install/turtlesim/lib/python3.8/site-packages:/home/pimpmobile/ros2_ws/install/teleop_pm/lib/python3.8/site-packages:/home/pimpmobile/ros2_ws/install/gps_publisher/lib/python3.8/site-packages:/opt/ros/foxy/lib/python3.8/site-packages /usr/bin/python3 setup.py egg_info --egg-base ../../build/teleop_pm build --build-base /home/pimpmobile/ros2_ws/build/teleop_pm/build install --record /home/pimpmobile/ros2_ws/build/teleop_pm/install.log --install-scripts $base/lib/teleop_pm --single-version-externally-managed
[2.357s] /home/pimpmobile/.local/lib/python3.8/site-packages/setuptools/dist.py:472: SetuptoolsDeprecationWarning: Invalid dash-separated options
[2.357s] !!
[2.357s] 
[2.357s]         ********************************************************************************
[2.357s]         Usage of dash-separated 'script-dir' will not be supported in future
[2.357s]         versions. Please use the underscore name 'script_dir' instead.
[2.358s] 
[2.358s]         By 2024-Sep-26, you need to update your project and remove deprecated calls
[2.358s]         or your builds will no longer be supported.
[2.358s] 
[2.358s]         See https://setuptools.pypa.io/en/latest/userguide/declarative_config.html for details.
[2.358s]         ********************************************************************************
[2.358s] 
[2.358s] !!
[2.359s]   opt = self.warn_dash_deprecation(opt, section)
[2.564s] running egg_info
[2.565s] creating ../../build/teleop_pm/src_teleop_pm.egg-info
[2.597s] writing ../../build/teleop_pm/src_teleop_pm.egg-info/PKG-INFO
[2.598s] writing dependency_links to ../../build/teleop_pm/src_teleop_pm.egg-info/dependency_links.txt
[2.598s] writing entry points to ../../build/teleop_pm/src_teleop_pm.egg-info/entry_points.txt
[2.599s] writing requirements to ../../build/teleop_pm/src_teleop_pm.egg-info/requires.txt
[2.599s] writing top-level names to ../../build/teleop_pm/src_teleop_pm.egg-info/top_level.txt
[2.802s] writing manifest file '../../build/teleop_pm/src_teleop_pm.egg-info/SOURCES.txt'
[2.837s] error: package directory 'src/teleop_pm' does not exist
[2.896s] Invoked command in '/home/pimpmobile/ros2_ws/src/teleop_pm' returned '1': AMENT_PREFIX_PATH=/home/pimpmobile/ros2_ws/install/lidar:/home/pimpmobile/ldlidar_ros2_ws/install/ldlidar_stl_ros2:/home/pimpmobile/ros2_ws/install/turtlesim:/home/pimpmobile/ros2_ws/install/teleop_pm:/home/pimpmobile/ros2_ws/install/gps_publisher:/opt/ros/foxy PYTHONPATH=/home/pimpmobile/ros2_ws/build/teleop_pm/prefix_override:/home/pimpmobile/ros2_ws/install/teleop_pm/lib/python3.8/site-packages:/home/pimpmobile/ros2_ws/install/lidar/lib/python3.8/site-packages:/home/pimpmobile/ros2_ws/install/turtlesim/lib/python3.8/site-packages:/home/pimpmobile/ros2_ws/install/teleop_pm/lib/python3.8/site-packages:/home/pimpmobile/ros2_ws/install/gps_publisher/lib/python3.8/site-packages:/opt/ros/foxy/lib/python3.8/site-packages /usr/bin/python3 setup.py egg_info --egg-base ../../build/teleop_pm build --build-base /home/pimpmobile/ros2_ws/build/teleop_pm/build install --record /home/pimpmobile/ros2_ws/build/teleop_pm/install.log --install-scripts $base/lib/teleop_pm --single-version-externally-managed
