[13.182s] DEBUG:colcon:Command line arguments: ['/usr/bin/colcon', 'build', '--packages-select', 'master']
[13.182s] DEBUG:colcon:Parsed command line arguments: Namespace(allow_overriding=[], ament_cmake_args=None, base_paths=['.'], build_base='build', catkin_cmake_args=None, catkin_skip_building_tests=False, cmake_args=None, cmake_clean_cache=False, cmake_clean_first=False, cmake_force_configure=False, cmake_target=None, cmake_target_skip_unavailable=False, continue_on_error=False, event_handlers=None, executor='parallel', ignore_user_meta=False, install_base='install', log_base=None, log_level=None, main=<bound method BuildVerb.main of <colcon_core.verb.build.BuildVerb object at 0xffff90502fa0>>, merge_install=False, metas=['./colcon.meta'], packages_above=None, packages_above_and_dependencies=None, packages_above_depth=None, packages_end=None, packages_ignore=None, packages_ignore_regex=None, packages_select=['master'], packages_select_build_failed=False, packages_select_by_dep=None, packages_select_regex=None, packages_select_test_failures=False, packages_skip=None, packages_skip_build_finished=False, packages_skip_by_dep=None, packages_skip_regex=None, packages_skip_test_passed=False, packages_skip_up_to=None, packages_start=None, packages_up_to=None, packages_up_to_regex=None, parallel_workers=6, paths=None, symlink_install=False, test_result_base=None, verb_extension=<colcon_core.verb.build.BuildVerb object at 0xffff90502fa0>, verb_name='build', verb_parser=<colcon_defaults.argument_parser.defaults.DefaultArgumentsDecorator object at 0xffff905164f0>)
[13.731s] Level 1:colcon.colcon_core.package_discovery:discover_packages(colcon_meta) check parameters
[13.731s] Level 1:colcon.colcon_core.package_discovery:discover_packages(recursive) check parameters
[13.731s] Level 1:colcon.colcon_core.package_discovery:discover_packages(ignore) check parameters
[13.731s] Level 1:colcon.colcon_core.package_discovery:discover_packages(path) check parameters
[13.731s] Level 1:colcon.colcon_core.package_discovery:discover_packages(colcon_meta) discover
[13.731s] Level 1:colcon.colcon_core.package_discovery:discover_packages(recursive) discover
[13.732s] INFO:colcon.colcon_core.package_discovery:Crawling recursively for packages in '/home/pimpmobile/ros2_ws/src'
[13.732s] Level 1:colcon.colcon_core.package_identification:_identify(.) by extensions ['ignore', 'ignore_ament_install']
[13.732s] Level 1:colcon.colcon_core.package_identification:_identify(.) by extension 'ignore'
[13.732s] Level 1:colcon.colcon_core.package_identification:_identify(.) by extension 'ignore_ament_install'
[13.732s] Level 1:colcon.colcon_core.package_identification:_identify(.) by extensions ['colcon_pkg']
[13.732s] Level 1:colcon.colcon_core.package_identification:_identify(.) by extension 'colcon_pkg'
[13.732s] Level 1:colcon.colcon_core.package_identification:_identify(.) by extensions ['colcon_meta']
[13.733s] Level 1:colcon.colcon_core.package_identification:_identify(.) by extension 'colcon_meta'
[13.733s] Level 1:colcon.colcon_core.package_identification:_identify(.) by extensions ['ros']
[13.733s] Level 1:colcon.colcon_core.package_identification:_identify(.) by extension 'ros'
[13.760s] Level 1:colcon.colcon_core.package_identification:_identify(.) by extensions ['cmake', 'python']
[13.760s] Level 1:colcon.colcon_core.package_identification:_identify(.) by extension 'cmake'
[13.761s] Level 1:colcon.colcon_core.package_identification:_identify(.) by extension 'python'
[13.761s] Level 1:colcon.colcon_core.package_identification:_identify(.) by extensions ['python_setup_py']
[13.761s] Level 1:colcon.colcon_core.package_identification:_identify(.) by extension 'python_setup_py'
[13.761s] Level 1:colcon.colcon_core.package_identification:_identify(build) by extensions ['ignore', 'ignore_ament_install']
[13.761s] Level 1:colcon.colcon_core.package_identification:_identify(build) by extension 'ignore'
[13.761s] Level 1:colcon.colcon_core.package_identification:_identify(build) ignored
[13.762s] Level 1:colcon.colcon_core.package_identification:_identify(gps_publisher) by extensions ['ignore', 'ignore_ament_install']
[13.762s] Level 1:colcon.colcon_core.package_identification:_identify(gps_publisher) by extension 'ignore'
[13.762s] Level 1:colcon.colcon_core.package_identification:_identify(gps_publisher) by extension 'ignore_ament_install'
[13.762s] Level 1:colcon.colcon_core.package_identification:_identify(gps_publisher) by extensions ['colcon_pkg']
[13.762s] Level 1:colcon.colcon_core.package_identification:_identify(gps_publisher) by extension 'colcon_pkg'
[13.762s] Level 1:colcon.colcon_core.package_identification:_identify(gps_publisher) by extensions ['colcon_meta']
[13.762s] Level 1:colcon.colcon_core.package_identification:_identify(gps_publisher) by extension 'colcon_meta'
[13.762s] Level 1:colcon.colcon_core.package_identification:_identify(gps_publisher) by extensions ['ros']
[13.763s] Level 1:colcon.colcon_core.package_identification:_identify(gps_publisher) by extension 'ros'
[13.769s] DEBUG:colcon.colcon_core.package_identification:Package 'gps_publisher' with type 'ros.ament_python' and name 'gps_publisher'
[13.769s] Level 1:colcon.colcon_core.package_identification:_identify(install) by extensions ['ignore', 'ignore_ament_install']
[13.770s] Level 1:colcon.colcon_core.package_identification:_identify(install) by extension 'ignore'
[13.770s] Level 1:colcon.colcon_core.package_identification:_identify(install) ignored
[13.770s] Level 1:colcon.colcon_core.package_identification:_identify(lidar) by extensions ['ignore', 'ignore_ament_install']
[13.770s] Level 1:colcon.colcon_core.package_identification:_identify(lidar) by extension 'ignore'
[13.770s] Level 1:colcon.colcon_core.package_identification:_identify(lidar) by extension 'ignore_ament_install'
[13.770s] Level 1:colcon.colcon_core.package_identification:_identify(lidar) by extensions ['colcon_pkg']
[13.770s] Level 1:colcon.colcon_core.package_identification:_identify(lidar) by extension 'colcon_pkg'
[13.771s] Level 1:colcon.colcon_core.package_identification:_identify(lidar) by extensions ['colcon_meta']
[13.771s] Level 1:colcon.colcon_core.package_identification:_identify(lidar) by extension 'colcon_meta'
[13.771s] Level 1:colcon.colcon_core.package_identification:_identify(lidar) by extensions ['ros']
[13.771s] Level 1:colcon.colcon_core.package_identification:_identify(lidar) by extension 'ros'
[13.772s] DEBUG:colcon.colcon_core.package_identification:Package 'lidar' with type 'ros.ament_python' and name 'lidar'
[13.772s] Level 1:colcon.colcon_core.package_identification:_identify(log) by extensions ['ignore', 'ignore_ament_install']
[13.772s] Level 1:colcon.colcon_core.package_identification:_identify(log) by extension 'ignore'
[13.772s] Level 1:colcon.colcon_core.package_identification:_identify(log) ignored
[13.773s] Level 1:colcon.colcon_core.package_identification:_identify(master) by extensions ['ignore', 'ignore_ament_install']
[13.773s] Level 1:colcon.colcon_core.package_identification:_identify(master) by extension 'ignore'
[13.773s] Level 1:colcon.colcon_core.package_identification:_identify(master) by extension 'ignore_ament_install'
[13.773s] Level 1:colcon.colcon_core.package_identification:_identify(master) by extensions ['colcon_pkg']
[13.773s] Level 1:colcon.colcon_core.package_identification:_identify(master) by extension 'colcon_pkg'
[13.773s] Level 1:colcon.colcon_core.package_identification:_identify(master) by extensions ['colcon_meta']
[13.773s] Level 1:colcon.colcon_core.package_identification:_identify(master) by extension 'colcon_meta'
[13.773s] Level 1:colcon.colcon_core.package_identification:_identify(master) by extensions ['ros']
[13.773s] Level 1:colcon.colcon_core.package_identification:_identify(master) by extension 'ros'
[13.774s] DEBUG:colcon.colcon_core.package_identification:Package 'master' with type 'ros.ament_python' and name 'master'
[13.775s] Level 1:colcon.colcon_core.package_identification:_identify(ros_tutorials) by extensions ['ignore', 'ignore_ament_install']
[13.775s] Level 1:colcon.colcon_core.package_identification:_identify(ros_tutorials) by extension 'ignore'
[13.775s] Level 1:colcon.colcon_core.package_identification:_identify(ros_tutorials) by extension 'ignore_ament_install'
[13.775s] Level 1:colcon.colcon_core.package_identification:_identify(ros_tutorials) by extensions ['colcon_pkg']
[13.775s] Level 1:colcon.colcon_core.package_identification:_identify(ros_tutorials) by extension 'colcon_pkg'
[13.775s] Level 1:colcon.colcon_core.package_identification:_identify(ros_tutorials) by extensions ['colcon_meta']
[13.775s] Level 1:colcon.colcon_core.package_identification:_identify(ros_tutorials) by extension 'colcon_meta'
[13.775s] Level 1:colcon.colcon_core.package_identification:_identify(ros_tutorials) by extensions ['ros']
[13.775s] Level 1:colcon.colcon_core.package_identification:_identify(ros_tutorials) by extension 'ros'
[13.776s] Level 1:colcon.colcon_core.package_identification:_identify(ros_tutorials) by extensions ['cmake', 'python']
[13.776s] Level 1:colcon.colcon_core.package_identification:_identify(ros_tutorials) by extension 'cmake'
[13.776s] Level 1:colcon.colcon_core.package_identification:_identify(ros_tutorials) by extension 'python'
[13.776s] Level 1:colcon.colcon_core.package_identification:_identify(ros_tutorials) by extensions ['python_setup_py']
[13.776s] Level 1:colcon.colcon_core.package_identification:_identify(ros_tutorials) by extension 'python_setup_py'
[13.776s] Level 1:colcon.colcon_core.package_identification:_identify(ros_tutorials/ros_tutorials) by extensions ['ignore', 'ignore_ament_install']
[13.776s] Level 1:colcon.colcon_core.package_identification:_identify(ros_tutorials/ros_tutorials) by extension 'ignore'
[13.776s] Level 1:colcon.colcon_core.package_identification:_identify(ros_tutorials/ros_tutorials) ignored
[13.777s] Level 1:colcon.colcon_core.package_identification:_identify(ros_tutorials/roscpp_tutorials) by extensions ['ignore', 'ignore_ament_install']
[13.777s] Level 1:colcon.colcon_core.package_identification:_identify(ros_tutorials/roscpp_tutorials) by extension 'ignore'
[13.777s] Level 1:colcon.colcon_core.package_identification:_identify(ros_tutorials/roscpp_tutorials) ignored
[13.777s] Level 1:colcon.colcon_core.package_identification:_identify(ros_tutorials/rospy_tutorials) by extensions ['ignore', 'ignore_ament_install']
[13.777s] Level 1:colcon.colcon_core.package_identification:_identify(ros_tutorials/rospy_tutorials) by extension 'ignore'
[13.777s] Level 1:colcon.colcon_core.package_identification:_identify(ros_tutorials/rospy_tutorials) ignored
[13.778s] Level 1:colcon.colcon_core.package_identification:_identify(ros_tutorials/turtlesim) by extensions ['ignore', 'ignore_ament_install']
[13.778s] Level 1:colcon.colcon_core.package_identification:_identify(ros_tutorials/turtlesim) by extension 'ignore'
[13.778s] Level 1:colcon.colcon_core.package_identification:_identify(ros_tutorials/turtlesim) by extension 'ignore_ament_install'
[13.778s] Level 1:colcon.colcon_core.package_identification:_identify(ros_tutorials/turtlesim) by extensions ['colcon_pkg']
[13.778s] Level 1:colcon.colcon_core.package_identification:_identify(ros_tutorials/turtlesim) by extension 'colcon_pkg'
[13.778s] Level 1:colcon.colcon_core.package_identification:_identify(ros_tutorials/turtlesim) by extensions ['colcon_meta']
[13.778s] Level 1:colcon.colcon_core.package_identification:_identify(ros_tutorials/turtlesim) by extension 'colcon_meta'
[13.778s] Level 1:colcon.colcon_core.package_identification:_identify(ros_tutorials/turtlesim) by extensions ['ros']
[13.778s] Level 1:colcon.colcon_core.package_identification:_identify(ros_tutorials/turtlesim) by extension 'ros'
[13.780s] DEBUG:colcon.colcon_core.package_identification:Package 'ros_tutorials/turtlesim' with type 'ros.ament_cmake' and name 'turtlesim'
[13.781s] Level 1:colcon.colcon_core.package_identification:_identify(slam) by extensions ['ignore', 'ignore_ament_install']
[13.781s] Level 1:colcon.colcon_core.package_identification:_identify(slam) by extension 'ignore'
[13.781s] Level 1:colcon.colcon_core.package_identification:_identify(slam) by extension 'ignore_ament_install'
[13.781s] Level 1:colcon.colcon_core.package_identification:_identify(slam) by extensions ['colcon_pkg']
[13.781s] Level 1:colcon.colcon_core.package_identification:_identify(slam) by extension 'colcon_pkg'
[13.781s] Level 1:colcon.colcon_core.package_identification:_identify(slam) by extensions ['colcon_meta']
[13.781s] Level 1:colcon.colcon_core.package_identification:_identify(slam) by extension 'colcon_meta'
[13.782s] Level 1:colcon.colcon_core.package_identification:_identify(slam) by extensions ['ros']
[13.782s] Level 1:colcon.colcon_core.package_identification:_identify(slam) by extension 'ros'
[13.782s] DEBUG:colcon.colcon_core.package_identification:Package 'slam' with type 'ros.ament_python' and name 'slam'
[13.783s] Level 1:colcon.colcon_core.package_identification:_identify(teleop_pm) by extensions ['ignore', 'ignore_ament_install']
[13.783s] Level 1:colcon.colcon_core.package_identification:_identify(teleop_pm) by extension 'ignore'
[13.783s] Level 1:colcon.colcon_core.package_identification:_identify(teleop_pm) by extension 'ignore_ament_install'
[13.783s] Level 1:colcon.colcon_core.package_identification:_identify(teleop_pm) by extensions ['colcon_pkg']
[13.783s] Level 1:colcon.colcon_core.package_identification:_identify(teleop_pm) by extension 'colcon_pkg'
[13.783s] Level 1:colcon.colcon_core.package_identification:_identify(teleop_pm) by extensions ['colcon_meta']
[13.783s] Level 1:colcon.colcon_core.package_identification:_identify(teleop_pm) by extension 'colcon_meta'
[13.783s] Level 1:colcon.colcon_core.package_identification:_identify(teleop_pm) by extensions ['ros']
[13.784s] Level 1:colcon.colcon_core.package_identification:_identify(teleop_pm) by extension 'ros'
[13.784s] DEBUG:colcon.colcon_core.package_identification:Package 'teleop_pm' with type 'ros.ament_python' and name 'teleop_pm'
[13.784s] Level 1:colcon.colcon_core.package_discovery:discover_packages(recursive) using defaults
[13.785s] Level 1:colcon.colcon_core.package_discovery:discover_packages(ignore) discover
[13.785s] Level 1:colcon.colcon_core.package_discovery:discover_packages(ignore) using defaults
[13.785s] Level 1:colcon.colcon_core.package_discovery:discover_packages(path) discover
[13.785s] Level 1:colcon.colcon_core.package_discovery:discover_packages(path) using defaults
[14.497s] INFO:colcon.colcon_core.package_selection:Skipping not selected package 'gps_publisher' in 'gps_publisher'
[14.497s] INFO:colcon.colcon_core.package_selection:Skipping not selected package 'lidar' in 'lidar'
[14.497s] INFO:colcon.colcon_core.package_selection:Skipping not selected package 'slam' in 'slam'
[14.497s] INFO:colcon.colcon_core.package_selection:Skipping not selected package 'turtlesim' in 'ros_tutorials/turtlesim'
[14.497s] INFO:colcon.colcon_core.package_selection:Skipping not selected package 'teleop_pm' in 'teleop_pm'
[14.943s] Level 1:colcon.colcon_core.package_discovery:discover_packages(prefix_path) check parameters
[14.944s] Level 1:colcon.colcon_core.package_discovery:discover_packages(prefix_path) discover
[15.397s] DEBUG:colcon.colcon_installed_package_information.package_discovery:Found 1 installed packages in /home/pimpmobile/ldlidar_ros2_ws/install
[15.620s] DEBUG:colcon.colcon_installed_package_information.package_discovery:Found 7 installed packages in /home/pimpmobile/ros2_ws/install
[15.845s] DEBUG:colcon.colcon_installed_package_information.package_discovery:Found 276 installed packages in /opt/ros/foxy
[15.848s] Level 1:colcon.colcon_core.package_discovery:discover_packages(prefix_path) using defaults
[16.392s] Level 5:colcon.colcon_core.verb:set package 'master' build argument 'cmake_args' from command line to 'None'
[16.393s] Level 5:colcon.colcon_core.verb:set package 'master' build argument 'cmake_target' from command line to 'None'
[16.393s] Level 5:colcon.colcon_core.verb:set package 'master' build argument 'cmake_target_skip_unavailable' from command line to 'False'
[16.393s] Level 5:colcon.colcon_core.verb:set package 'master' build argument 'cmake_clean_cache' from command line to 'False'
[16.393s] Level 5:colcon.colcon_core.verb:set package 'master' build argument 'cmake_clean_first' from command line to 'False'
[16.393s] Level 5:colcon.colcon_core.verb:set package 'master' build argument 'cmake_force_configure' from command line to 'False'
[16.393s] Level 5:colcon.colcon_core.verb:set package 'master' build argument 'ament_cmake_args' from command line to 'None'
[16.393s] Level 5:colcon.colcon_core.verb:set package 'master' build argument 'catkin_cmake_args' from command line to 'None'
[16.393s] Level 5:colcon.colcon_core.verb:set package 'master' build argument 'catkin_skip_building_tests' from command line to 'False'
[16.393s] DEBUG:colcon.colcon_core.verb:Building package 'master' with the following arguments: {'ament_cmake_args': None, 'build_base': '/home/pimpmobile/ros2_ws/src/build/master', 'catkin_cmake_args': None, 'catkin_skip_building_tests': False, 'cmake_args': None, 'cmake_clean_cache': False, 'cmake_clean_first': False, 'cmake_force_configure': False, 'cmake_target': None, 'cmake_target_skip_unavailable': False, 'install_base': '/home/pimpmobile/ros2_ws/src/install/master', 'merge_install': False, 'path': '/home/pimpmobile/ros2_ws/src/master', 'symlink_install': False, 'test_result_base': None}
[16.615s] INFO:colcon.colcon_core.executor:Executing jobs using 'parallel' executor
[16.840s] DEBUG:colcon.colcon_parallel_executor.executor.parallel:run_until_complete
[16.841s] INFO:colcon.colcon_ros.task.ament_python.build:Building ROS package in '/home/pimpmobile/ros2_ws/src/master' with build type 'ament_python'
[16.841s] Level 1:colcon.colcon_core.shell:create_environment_hook('master', 'ament_prefix_path')
[17.073s] INFO:colcon.colcon_core.plugin_system:Skipping extension 'colcon_core.shell.bat': Not used on non-Windows systems
[17.074s] INFO:colcon.colcon_core.shell:Creating environment hook '/home/pimpmobile/ros2_ws/src/install/master/share/master/hook/ament_prefix_path.ps1'
[17.075s] INFO:colcon.colcon_core.shell:Creating environment descriptor '/home/pimpmobile/ros2_ws/src/install/master/share/master/hook/ament_prefix_path.dsv'
[17.076s] INFO:colcon.colcon_core.shell:Creating environment hook '/home/pimpmobile/ros2_ws/src/install/master/share/master/hook/ament_prefix_path.sh'
[17.305s] INFO:colcon.colcon_core.shell:Skip shell extension 'powershell' for command environment: Not usable outside of PowerShell
[17.305s] DEBUG:colcon.colcon_core.shell:Skip shell extension 'dsv' for command environment
[18.662s] INFO:colcon.colcon_core.task.python.build:Building Python package in '/home/pimpmobile/ros2_ws/src/master'
[18.898s] INFO:colcon.colcon_core.shell:Skip shell extension 'powershell' for command environment: Not usable outside of PowerShell
[18.898s] DEBUG:colcon.colcon_core.shell:Skip shell extension 'dsv' for command environment
[21.219s] DEBUG:colcon.colcon_core.event_handler.log_command:Invoking command in '/home/pimpmobile/ros2_ws/src/master': PYTHONPATH=/home/pimpmobile/ros2_ws/src/build/master/prefix_override:/home/pimpmobile/ros2_ws/src/install/master/lib/python3.8/site-packages:${PYTHONPATH} /usr/bin/python3 setup.py egg_info --egg-base ../build/master build --build-base /home/pimpmobile/ros2_ws/src/build/master/build install --record /home/pimpmobile/ros2_ws/src/build/master/install.log --install-scripts $base/lib/master --single-version-externally-managed
[22.346s] DEBUG:colcon.colcon_core.event_handler.log_command:Invoked command in '/home/pimpmobile/ros2_ws/src/master' returned '0': PYTHONPATH=/home/pimpmobile/ros2_ws/src/build/master/prefix_override:/home/pimpmobile/ros2_ws/src/install/master/lib/python3.8/site-packages:${PYTHONPATH} /usr/bin/python3 setup.py egg_info --egg-base ../build/master build --build-base /home/pimpmobile/ros2_ws/src/build/master/build install --record /home/pimpmobile/ros2_ws/src/build/master/install.log --install-scripts $base/lib/master --single-version-externally-managed
[22.603s] Level 1:colcon.colcon_core.environment:checking '/home/pimpmobile/ros2_ws/src/install/master' for CMake module files
[22.604s] Level 1:colcon.colcon_core.environment:checking '/home/pimpmobile/ros2_ws/src/install/master' for CMake config files
[22.605s] Level 1:colcon.colcon_core.environment:checking '/home/pimpmobile/ros2_ws/src/install/master/lib'
[22.606s] Level 1:colcon.colcon_core.environment:checking '/home/pimpmobile/ros2_ws/src/install/master/bin'
[22.606s] Level 1:colcon.colcon_core.environment:checking '/home/pimpmobile/ros2_ws/src/install/master/lib/pkgconfig/master.pc'
[22.606s] Level 1:colcon.colcon_core.environment:checking '/home/pimpmobile/ros2_ws/src/install/master/lib/python3.8/site-packages'
[22.606s] Level 1:colcon.colcon_core.shell:create_environment_hook('master', 'pythonpath')
[22.834s] INFO:colcon.colcon_core.shell:Creating environment hook '/home/pimpmobile/ros2_ws/src/install/master/share/master/hook/pythonpath.ps1'
[22.835s] INFO:colcon.colcon_core.shell:Creating environment descriptor '/home/pimpmobile/ros2_ws/src/install/master/share/master/hook/pythonpath.dsv'
[22.836s] INFO:colcon.colcon_core.shell:Creating environment hook '/home/pimpmobile/ros2_ws/src/install/master/share/master/hook/pythonpath.sh'
[22.836s] Level 1:colcon.colcon_core.environment:checking '/home/pimpmobile/ros2_ws/src/install/master/bin'
[22.837s] Level 1:colcon.colcon_core.environment:create_environment_scripts_only(master)
[23.063s] INFO:colcon.colcon_core.shell:Creating package script '/home/pimpmobile/ros2_ws/src/install/master/share/master/package.ps1'
[23.065s] INFO:colcon.colcon_core.shell:Creating package descriptor '/home/pimpmobile/ros2_ws/src/install/master/share/master/package.dsv'
[23.066s] INFO:colcon.colcon_core.shell:Creating package script '/home/pimpmobile/ros2_ws/src/install/master/share/master/package.sh'
[23.067s] INFO:colcon.colcon_core.shell:Creating package script '/home/pimpmobile/ros2_ws/src/install/master/share/master/package.bash'
[23.068s] INFO:colcon.colcon_core.shell:Creating package script '/home/pimpmobile/ros2_ws/src/install/master/share/master/package.zsh'
[23.069s] Level 1:colcon.colcon_core.environment:create_file_with_runtime_dependencies(/home/pimpmobile/ros2_ws/src/install/master/share/colcon-core/packages/master)
[23.070s] DEBUG:colcon.colcon_parallel_executor.executor.parallel:closing loop
[23.071s] DEBUG:colcon.colcon_parallel_executor.executor.parallel:loop closed
[23.071s] DEBUG:colcon.colcon_parallel_executor.executor.parallel:run_until_complete finished with '0'
[23.071s] DEBUG:colcon.colcon_core.event_reactor:joining thread
[23.311s] INFO:colcon.colcon_core.plugin_system:Skipping extension 'colcon_notification.desktop_notification.terminal_notifier': Not used on non-Darwin systems
[23.311s] INFO:colcon.colcon_core.plugin_system:Skipping extension 'colcon_notification.desktop_notification.win32': Not used on non-Windows systems
[23.312s] INFO:colcon.colcon_notification.desktop_notification:Sending desktop notification using 'notify2'
[23.351s] DEBUG:colcon.colcon_core.event_reactor:joined thread
[23.580s] INFO:colcon.colcon_core.shell:Creating prefix script '/home/pimpmobile/ros2_ws/src/install/local_setup.ps1'
[23.582s] INFO:colcon.colcon_core.shell:Creating prefix util module '/home/pimpmobile/ros2_ws/src/install/_local_setup_util_ps1.py'
[23.584s] INFO:colcon.colcon_core.shell:Creating prefix chain script '/home/pimpmobile/ros2_ws/src/install/setup.ps1'
[23.811s] INFO:colcon.colcon_core.shell:Creating prefix script '/home/pimpmobile/ros2_ws/src/install/local_setup.sh'
[23.812s] INFO:colcon.colcon_core.shell:Creating prefix util module '/home/pimpmobile/ros2_ws/src/install/_local_setup_util_sh.py'
[23.813s] INFO:colcon.colcon_core.shell:Creating prefix chain script '/home/pimpmobile/ros2_ws/src/install/setup.sh'
[24.041s] INFO:colcon.colcon_core.shell:Creating prefix script '/home/pimpmobile/ros2_ws/src/install/local_setup.bash'
[24.042s] INFO:colcon.colcon_core.shell:Creating prefix chain script '/home/pimpmobile/ros2_ws/src/install/setup.bash'
[24.269s] INFO:colcon.colcon_core.shell:Creating prefix script '/home/pimpmobile/ros2_ws/src/install/local_setup.zsh'
[24.270s] INFO:colcon.colcon_core.shell:Creating prefix chain script '/home/pimpmobile/ros2_ws/src/install/setup.zsh'
