[13.357s] Invoking command in '/home/pimpmobile/ros2_ws/src/master': PYTHONPATH=/home/pimpmobile/ros2_ws/build/master/prefix_override:/home/pimpmobile/ros2_ws/install/master/lib/python3.8/site-packages:${PYTHONPATH} /usr/bin/python3 setup.py egg_info --egg-base ../../build/master build --build-base /home/pimpmobile/ros2_ws/build/master/build install --record /home/pimpmobile/ros2_ws/build/master/install.log --install-scripts $base/lib/master --single-version-externally-managed
[13.656s] /home/pimpmobile/.local/lib/python3.8/site-packages/setuptools/dist.py:472: SetuptoolsDeprecationWarning: Invalid dash-separated options
[13.656s] !!
[13.656s] 
[13.656s]         ********************************************************************************
[13.656s]         Usage of dash-separated 'script-dir' will not be supported in future
[13.657s]         versions. Please use the underscore name 'script_dir' instead.
[13.657s] 
[13.657s]         By 2024-Sep-26, you need to update your project and remove deprecated calls
[13.657s]         or your builds will no longer be supported.
[13.657s] 
[13.657s]         See https://setuptools.pypa.io/en/latest/userguide/declarative_config.html for details.
[13.657s]         ********************************************************************************
[13.658s] 
[13.658s] !!
[13.658s]   opt = self.warn_dash_deprecation(opt, section)
[13.926s] running egg_info
[13.966s] writing ../../build/master/master.egg-info/PKG-INFO
[13.967s] writing dependency_links to ../../build/master/master.egg-info/dependency_links.txt
[13.967s] writing entry points to ../../build/master/master.egg-info/entry_points.txt
[13.968s] writing requirements to ../../build/master/master.egg-info/requires.txt
[13.968s] writing top-level names to ../../build/master/master.egg-info/top_level.txt
[15.968s] writing manifest file '../../build/master/master.egg-info/SOURCES.txt'
[15.968s] running build
[15.968s] running build_py
[15.968s] copying master/stanley_controller.py -> /home/pimpmobile/ros2_ws/build/master/build/lib/master
[15.968s] copying master/__init__.py -> /home/pimpmobile/ros2_ws/build/master/build/lib/master
[15.969s] copying master/master_code.py -> /home/pimpmobile/ros2_ws/build/master/build/lib/master
[15.969s] copying master/odometry.py -> /home/pimpmobile/ros2_ws/build/master/build/lib/master
[15.969s] running install
[15.969s] /home/pimpmobile/.local/lib/python3.8/site-packages/setuptools/_distutils/cmd.py:66: SetuptoolsDeprecationWarning: setup.py install is deprecated.
[15.969s] !!
[15.969s] 
[15.969s]         ********************************************************************************
[15.969s]         Please avoid running ``setup.py`` directly.
[15.970s]         Instead, use pypa/build, pypa/installer or other
[15.970s]         standards-based tools.
[15.970s] 
[15.970s]         See https://blog.ganssle.io/articles/2021/10/setup-py-deprecated.html for details.
[15.970s]         ********************************************************************************
[15.970s] 
[15.970s] !!
[15.970s]   self.initialize_options()
[15.980s] running install_lib
[16.020s] running install_data
[16.058s] copying resource/master -> /home/pimpmobile/ros2_ws/install/master/share/ament_index/resource_index/packages
[16.058s] copying package.xml -> /home/pimpmobile/ros2_ws/install/master/share/master
[16.058s] running install_egg_info
[16.096s] removing '/home/pimpmobile/ros2_ws/install/master/lib/python3.8/site-packages/master-0.0.0-py3.8.egg-info' (and everything under it)
[16.096s] Copying ../../build/master/master.egg-info to /home/pimpmobile/ros2_ws/install/master/lib/python3.8/site-packages/master-0.0.0-py3.8.egg-info
[16.099s] running install_scripts
[16.242s] Installing master script to /home/pimpmobile/ros2_ws/install/master/lib/master
[16.243s] writing list of installed files to '/home/pimpmobile/ros2_ws/build/master/install.log'
[17.080s] Invoked command in '/home/pimpmobile/ros2_ws/src/master' returned '0': PYTHONPATH=/home/pimpmobile/ros2_ws/build/master/prefix_override:/home/pimpmobile/ros2_ws/install/master/lib/python3.8/site-packages:${PYTHONPATH} /usr/bin/python3 setup.py egg_info --egg-base ../../build/master build --build-base /home/pimpmobile/ros2_ws/build/master/build install --record /home/pimpmobile/ros2_ws/build/master/install.log --install-scripts $base/lib/master --single-version-externally-managed
