running egg_info
writing ../../build/slam/slam.egg-info/PKG-INFO
writing dependency_links to ../../build/slam/slam.egg-info/dependency_links.txt
writing entry points to ../../build/slam/slam.egg-info/entry_points.txt
writing requirements to ../../build/slam/slam.egg-info/requires.txt
writing top-level names to ../../build/slam/slam.egg-info/top_level.txt
reading manifest file '../../build/slam/slam.egg-info/SOURCES.txt'
writing manifest file '../../build/slam/slam.egg-info/SOURCES.txt'
running build
running build_py
running install
running install_lib
byte-compiling /home/pimpmobile/ros2_ws/install/slam/lib/python3.10/site-packages/slam/odometry.py to odometry.cpython-310.pyc
running install_data
running install_egg_info
removing '/home/pimpmobile/ros2_ws/install/slam/lib/python3.10/site-packages/slam-0.0.0-py3.10.egg-info' (and everything under it)
Copying ../../build/slam/slam.egg-info to /home/pimpmobile/ros2_ws/install/slam/lib/python3.10/site-packages/slam-0.0.0-py3.10.egg-info
running install_scripts
Installing odometry script to /home/pimpmobile/ros2_ws/install/slam/lib/slam
writing list of installed files to '/home/pimpmobile/ros2_ws/build/slam/install.log'
