[2.312s] Invoking command in '/home/pimpmobile/ros2_ws/src/master': PYTHONPATH=/home/pimpmobile/ros2_ws/build/master/prefix_override:/usr/lib/python3/dist-packages/colcon_core/task/python/colcon_distutils_commands:/home/pimpmobile/ros2_ws/install/master/lib/python3.8/site-packages:${PYTHONPATH} /usr/bin/python3 -W ignore:setup.py install is deprecated setup.py egg_info --egg-base ../../build/master build --build-base /home/pimpmobile/ros2_ws/build/master/build install --record /home/pimpmobile/ros2_ws/build/master/install.log --install-scripts $base/lib/master --single-version-externally-managed install_data
[2.609s] /home/pimpmobile/.local/lib/python3.8/site-packages/setuptools/dist.py:472: SetuptoolsDeprecationWarning: Invalid dash-separated options
[2.610s] !!
[2.610s] 
[2.610s]         ********************************************************************************
[2.610s]         Usage of dash-separated 'script-dir' will not be supported in future
[2.610s]         versions. Please use the underscore name 'script_dir' instead.
[2.610s] 
[2.611s]         This deprecation is overdue, please update your project and remove deprecated
[2.611s]         calls to avoid build errors in the future.
[2.611s] 
[2.611s]         See https://setuptools.pypa.io/en/latest/userguide/declarative_config.html for details.
[2.611s]         ********************************************************************************
[2.611s] 
[2.611s] !!
[2.611s]   opt = self.warn_dash_deprecation(opt, section)
[2.939s] running egg_info
[2.981s] writing ../../build/master/master.egg-info/PKG-INFO
[2.982s] writing dependency_links to ../../build/master/master.egg-info/dependency_links.txt
[2.983s] writing entry points to ../../build/master/master.egg-info/entry_points.txt
[2.983s] writing requirements to ../../build/master/master.egg-info/requires.txt
[2.984s] writing top-level names to ../../build/master/master.egg-info/top_level.txt
[5.215s] writing manifest file '../../build/master/master.egg-info/SOURCES.txt'
[5.215s] running build
[5.215s] running build_py
[5.216s] copying master/pathsave.py -> /home/pimpmobile/ros2_ws/build/master/build/lib/master
[5.216s] copying master/stanley_controller.py -> /home/pimpmobile/ros2_ws/build/master/build/lib/master
[5.216s] copying master/pid.py -> /home/pimpmobile/ros2_ws/build/master/build/lib/master
[5.217s] copying master/__init__.py -> /home/pimpmobile/ros2_ws/build/master/build/lib/master
[5.217s] copying master/gstreamer_host.py -> /home/pimpmobile/ros2_ws/build/master/build/lib/master
[5.217s] copying master/master_code.py -> /home/pimpmobile/ros2_ws/build/master/build/lib/master
[5.218s] copying master/odometry.py -> /home/pimpmobile/ros2_ws/build/master/build/lib/master
[5.219s] running install
[5.232s] running install_lib
[5.300s] copying /home/pimpmobile/ros2_ws/build/master/build/lib/master/gstreamer_host.py -> /home/pimpmobile/ros2_ws/install/master/lib/python3.8/site-packages/master
[5.302s] byte-compiling /home/pimpmobile/ros2_ws/install/master/lib/python3.8/site-packages/master/gstreamer_host.py to gstreamer_host.cpython-38.pyc
[5.304s] running install_data
[5.304s] copying resource/master -> /home/pimpmobile/ros2_ws/install/master/share/ament_index/resource_index/packages
[5.305s] copying package.xml -> /home/pimpmobile/ros2_ws/install/master/share/master
[5.305s] running install_egg_info
[5.365s] removing '/home/pimpmobile/ros2_ws/install/master/lib/python3.8/site-packages/master-0.0.0-py3.8.egg-info' (and everything under it)
[5.368s] Copying ../../build/master/master.egg-info to /home/pimpmobile/ros2_ws/install/master/lib/python3.8/site-packages/master-0.0.0-py3.8.egg-info
[5.371s] running install_scripts
[5.497s] Installing master script to /home/pimpmobile/ros2_ws/install/master/lib/master
[5.498s] writing list of installed files to '/home/pimpmobile/ros2_ws/build/master/install.log'
[5.588s] Invoked command in '/home/pimpmobile/ros2_ws/src/master' returned '0': PYTHONPATH=/home/pimpmobile/ros2_ws/build/master/prefix_override:/usr/lib/python3/dist-packages/colcon_core/task/python/colcon_distutils_commands:/home/pimpmobile/ros2_ws/install/master/lib/python3.8/site-packages:${PYTHONPATH} /usr/bin/python3 -W ignore:setup.py install is deprecated setup.py egg_info --egg-base ../../build/master build --build-base /home/pimpmobile/ros2_ws/build/master/build install --record /home/pimpmobile/ros2_ws/build/master/install.log --install-scripts $base/lib/master --single-version-externally-managed install_data
