[17.583s] Invoking command in '/home/pimpmobile/ros2_ws/src/gps_publisher': PYTHONPATH=/home/pimpmobile/ros2_ws/build/gps_publisher/prefix_override:/home/pimpmobile/ros2_ws/install/gps_publisher/lib/python3.8/site-packages:${PYTHONPATH} /usr/bin/python3 setup.py egg_info --egg-base ../../build/gps_publisher build --build-base /home/pimpmobile/ros2_ws/build/gps_publisher/build install --record /home/pimpmobile/ros2_ws/build/gps_publisher/install.log --install-scripts $base/lib/gps_publisher --single-version-externally-managed
[17.907s] /home/pimpmobile/.local/lib/python3.8/site-packages/setuptools/dist.py:472: SetuptoolsDeprecationWarning: Invalid dash-separated options
[17.907s] !!
[17.907s] 
[17.907s]         ********************************************************************************
[17.908s]         Usage of dash-separated 'script-dir' will not be supported in future
[17.908s]         versions. Please use the underscore name 'script_dir' instead.
[17.908s] 
[17.908s]         By 2024-Sep-26, you need to update your project and remove deprecated calls
[17.908s]         or your builds will no longer be supported.
[17.908s] 
[17.908s]         See https://setuptools.pypa.io/en/latest/userguide/declarative_config.html for details.
[17.908s]         ********************************************************************************
[17.909s] 
[17.909s] !!
[17.909s]   opt = self.warn_dash_deprecation(opt, section)
[18.164s] running egg_info
[18.204s] writing ../../build/gps_publisher/gps_publisher.egg-info/PKG-INFO
[18.205s] writing dependency_links to ../../build/gps_publisher/gps_publisher.egg-info/dependency_links.txt
[18.206s] writing entry points to ../../build/gps_publisher/gps_publisher.egg-info/entry_points.txt
[18.206s] writing requirements to ../../build/gps_publisher/gps_publisher.egg-info/requires.txt
[18.206s] writing top-level names to ../../build/gps_publisher/gps_publisher.egg-info/top_level.txt
[18.542s] reading manifest file '../../build/gps_publisher/gps_publisher.egg-info/SOURCES.txt'
[18.546s] writing manifest file '../../build/gps_publisher/gps_publisher.egg-info/SOURCES.txt'
[18.546s] running build
[18.546s] running build_py
[18.546s] copying gps_publisher/__init__.py -> /home/pimpmobile/ros2_ws/build/gps_publisher/build/lib/gps_publisher
[18.547s] copying gps_publisher/gps.py -> /home/pimpmobile/ros2_ws/build/gps_publisher/build/lib/gps_publisher
[18.547s] running install
[18.547s] /home/pimpmobile/.local/lib/python3.8/site-packages/setuptools/_distutils/cmd.py:66: SetuptoolsDeprecationWarning: setup.py install is deprecated.
[18.547s] !!
[18.548s] 
[18.548s]         ********************************************************************************
[18.548s]         Please avoid running ``setup.py`` directly.
[18.548s]         Instead, use pypa/build, pypa/installer or other
[18.548s]         standards-based tools.
[18.548s] 
[18.548s]         See https://blog.ganssle.io/articles/2021/10/setup-py-deprecated.html for details.
[18.549s]         ********************************************************************************
[18.549s] 
[18.549s] !!
[18.549s]   self.initialize_options()
[18.560s] running install_lib
[18.601s] running install_data
[18.645s] copying resource/gps_publisher -> /home/pimpmobile/ros2_ws/install/gps_publisher/share/ament_index/resource_index/packages
[18.645s] copying package.xml -> /home/pimpmobile/ros2_ws/install/gps_publisher/share/gps_publisher
[18.646s] running install_egg_info
[18.687s] removing '/home/pimpmobile/ros2_ws/install/gps_publisher/lib/python3.8/site-packages/gps_publisher-0.0.0-py3.8.egg-info' (and everything under it)
[18.687s] Copying ../../build/gps_publisher/gps_publisher.egg-info to /home/pimpmobile/ros2_ws/install/gps_publisher/lib/python3.8/site-packages/gps_publisher-0.0.0-py3.8.egg-info
[18.690s] running install_scripts
[18.827s] Installing gps script to /home/pimpmobile/ros2_ws/install/gps_publisher/lib/gps_publisher
[18.829s] writing list of installed files to '/home/pimpmobile/ros2_ws/build/gps_publisher/install.log'
[23.677s] Invoked command in '/home/pimpmobile/ros2_ws/src/gps_publisher' returned '0': PYTHONPATH=/home/pimpmobile/ros2_ws/build/gps_publisher/prefix_override:/home/pimpmobile/ros2_ws/install/gps_publisher/lib/python3.8/site-packages:${PYTHONPATH} /usr/bin/python3 setup.py egg_info --egg-base ../../build/gps_publisher build --build-base /home/pimpmobile/ros2_ws/build/gps_publisher/build install --record /home/pimpmobile/ros2_ws/build/gps_publisher/install.log --install-scripts $base/lib/gps_publisher --single-version-externally-managed
