[2.542s] Invoking command in '/home/pimpmobile/ros2_ws/src/lidar': PYTHONPATH=/home/pimpmobile/ros2_ws/build/lidar/prefix_override:/home/pimpmobile/ros2_ws/install/lidar/lib/python3.8/site-packages:${PYTHONPATH} /usr/bin/python3 setup.py egg_info --egg-base ../../build/lidar build --build-base /home/pimpmobile/ros2_ws/build/lidar/build install --record /home/pimpmobile/ros2_ws/build/lidar/install.log --install-scripts $base/lib/lidar --single-version-externally-managed
[2.992s] running egg_info
[2.993s] creating ../../build/lidar/lidar.egg-info
[2.993s] writing ../../build/lidar/lidar.egg-info/PKG-INFO
[2.993s] writing dependency_links to ../../build/lidar/lidar.egg-info/dependency_links.txt
[2.994s] writing entry points to ../../build/lidar/lidar.egg-info/entry_points.txt
[2.994s] writing requirements to ../../build/lidar/lidar.egg-info/requires.txt
[2.994s] writing top-level names to ../../build/lidar/lidar.egg-info/top_level.txt
[2.998s] writing manifest file '../../build/lidar/lidar.egg-info/SOURCES.txt'
[3.059s] reading manifest file '../../build/lidar/lidar.egg-info/SOURCES.txt'
[3.060s] writing manifest file '../../build/lidar/lidar.egg-info/SOURCES.txt'
[3.060s] running build
[3.060s] running build_py
[3.060s] creating /home/pimpmobile/ros2_ws/build/lidar/build
[3.061s] creating /home/pimpmobile/ros2_ws/build/lidar/build/lib
[3.061s] creating /home/pimpmobile/ros2_ws/build/lidar/build/lib/lidar
[3.061s] copying lidar/__init__.py -> /home/pimpmobile/ros2_ws/build/lidar/build/lib/lidar
[3.061s] copying lidar/subscriber_member_function.py -> /home/pimpmobile/ros2_ws/build/lidar/build/lib/lidar
[3.061s] copying lidar/publisher_member_function.py -> /home/pimpmobile/ros2_ws/build/lidar/build/lib/lidar
[3.062s] running install
[3.063s] running install_lib
[3.065s] creating /home/pimpmobile/ros2_ws/install/lidar/lib/python3.8/site-packages/lidar
[3.065s] copying /home/pimpmobile/ros2_ws/build/lidar/build/lib/lidar/__init__.py -> /home/pimpmobile/ros2_ws/install/lidar/lib/python3.8/site-packages/lidar
[3.065s] copying /home/pimpmobile/ros2_ws/build/lidar/build/lib/lidar/subscriber_member_function.py -> /home/pimpmobile/ros2_ws/install/lidar/lib/python3.8/site-packages/lidar
[3.066s] copying /home/pimpmobile/ros2_ws/build/lidar/build/lib/lidar/publisher_member_function.py -> /home/pimpmobile/ros2_ws/install/lidar/lib/python3.8/site-packages/lidar
[3.067s] byte-compiling /home/pimpmobile/ros2_ws/install/lidar/lib/python3.8/site-packages/lidar/__init__.py to __init__.cpython-38.pyc
[3.069s] byte-compiling /home/pimpmobile/ros2_ws/install/lidar/lib/python3.8/site-packages/lidar/subscriber_member_function.py to subscriber_member_function.cpython-38.pyc
[3.069s] byte-compiling /home/pimpmobile/ros2_ws/install/lidar/lib/python3.8/site-packages/lidar/publisher_member_function.py to publisher_member_function.cpython-38.pyc
[3.070s] running install_data
[3.071s] creating /home/pimpmobile/ros2_ws/install/lidar/share/ament_index
[3.071s] creating /home/pimpmobile/ros2_ws/install/lidar/share/ament_index/resource_index
[3.072s] creating /home/pimpmobile/ros2_ws/install/lidar/share/ament_index/resource_index/packages
[3.072s] copying resource/lidar -> /home/pimpmobile/ros2_ws/install/lidar/share/ament_index/resource_index/packages
[3.072s] copying package.xml -> /home/pimpmobile/ros2_ws/install/lidar/share/lidar
[3.072s] running install_egg_info
[3.075s] Copying ../../build/lidar/lidar.egg-info to /home/pimpmobile/ros2_ws/install/lidar/lib/python3.8/site-packages/lidar-0.0.0-py3.8.egg-info
[3.077s] running install_scripts
[3.111s] Installing lidar_listener script to /home/pimpmobile/ros2_ws/install/lidar/lib/lidar
[3.112s] Installing lidar_talker script to /home/pimpmobile/ros2_ws/install/lidar/lib/lidar
[3.112s] writing list of installed files to '/home/pimpmobile/ros2_ws/build/lidar/install.log'
[3.167s] Invoked command in '/home/pimpmobile/ros2_ws/src/lidar' returned '0': PYTHONPATH=/home/pimpmobile/ros2_ws/build/lidar/prefix_override:/home/pimpmobile/ros2_ws/install/lidar/lib/python3.8/site-packages:${PYTHONPATH} /usr/bin/python3 setup.py egg_info --egg-base ../../build/lidar build --build-base /home/pimpmobile/ros2_ws/build/lidar/build install --record /home/pimpmobile/ros2_ws/build/lidar/install.log --install-scripts $base/lib/lidar --single-version-externally-managed
