[3.027s] Invoking command in '/home/pimpmobile/ros2_ws/src/slam': PYTHONPATH=/home/pimpmobile/ros2_ws/build/slam/prefix_override:/usr/lib/python3/dist-packages/colcon_core/task/python/colcon_distutils_commands:/home/pimpmobile/ros2_ws/install/slam/lib/python3.10/site-packages:${PYTHONPATH} /usr/bin/python3 -W ignore:setup.py install is deprecated setup.py egg_info --egg-base ../../build/slam build --build-base /home/pimpmobile/ros2_ws/build/slam/build install --record /home/pimpmobile/ros2_ws/build/slam/install.log --install-scripts $base/lib/slam --single-version-externally-managed install_data
[3.503s] /usr/lib/python3/dist-packages/setuptools/dist.py:723: UserWarning: Usage of dash-separated 'script-dir' will not be supported in future versions. Please use the underscore name 'script_dir' instead
[3.503s]   warnings.warn(
[3.521s] running egg_info
[3.522s] writing ../../build/slam/slam.egg-info/PKG-INFO
[3.523s] writing dependency_links to ../../build/slam/slam.egg-info/dependency_links.txt
[3.524s] writing entry points to ../../build/slam/slam.egg-info/entry_points.txt
[3.524s] writing requirements to ../../build/slam/slam.egg-info/requires.txt
[3.524s] writing top-level names to ../../build/slam/slam.egg-info/top_level.txt
[3.532s] reading manifest file '../../build/slam/slam.egg-info/SOURCES.txt'
[3.532s] writing manifest file '../../build/slam/slam.egg-info/SOURCES.txt'
[3.532s] running build
[3.532s] running build_py
[3.533s] running install
[3.533s] running install_lib
[3.536s] byte-compiling /home/pimpmobile/ros2_ws/install/slam/lib/python3.10/site-packages/slam/odometry.py to odometry.cpython-310.pyc
[3.538s] Sorry: IndentationError: expected an indented block after function definition on line 24 (odometry.py, line 28)
[3.538s] running install_data
[3.538s] running install_egg_info
[3.540s] removing '/home/pimpmobile/ros2_ws/install/slam/lib/python3.10/site-packages/slam-0.0.0-py3.10.egg-info' (and everything under it)
[3.541s] Copying ../../build/slam/slam.egg-info to /home/pimpmobile/ros2_ws/install/slam/lib/python3.10/site-packages/slam-0.0.0-py3.10.egg-info
[3.543s] running install_scripts
[3.591s] Installing odometry script to /home/pimpmobile/ros2_ws/install/slam/lib/slam
[3.591s] writing list of installed files to '/home/pimpmobile/ros2_ws/build/slam/install.log'
[3.680s] Invoked command in '/home/pimpmobile/ros2_ws/src/slam' returned '0': PYTHONPATH=/home/pimpmobile/ros2_ws/build/slam/prefix_override:/usr/lib/python3/dist-packages/colcon_core/task/python/colcon_distutils_commands:/home/pimpmobile/ros2_ws/install/slam/lib/python3.10/site-packages:${PYTHONPATH} /usr/bin/python3 -W ignore:setup.py install is deprecated setup.py egg_info --egg-base ../../build/slam build --build-base /home/pimpmobile/ros2_ws/build/slam/build install --record /home/pimpmobile/ros2_ws/build/slam/install.log --install-scripts $base/lib/slam --single-version-externally-managed install_data
