[2.501s] Invoking command in '/home/pimpmobile/ros2_ws/src/teleop_pm': AMENT_PREFIX_PATH=/home/pimpmobile/ros2_ws/install/lidar:/home/pimpmobile/ldlidar_ros2_ws/install/ldlidar_stl_ros2:/home/pimpmobile/ros2_ws/install/turtlesim:/home/pimpmobile/ros2_ws/install/teleop_pm:/home/pimpmobile/ros2_ws/install/gps_publisher:/opt/ros/foxy PYTHONPATH=/home/pimpmobile/ros2_ws/build/teleop_pm/prefix_override:/home/pimpmobile/ros2_ws/install/teleop_pm/lib/python3.8/site-packages:/home/pimpmobile/ros2_ws/install/lidar/lib/python3.8/site-packages:/home/pimpmobile/ros2_ws/install/turtlesim/lib/python3.8/site-packages:/home/pimpmobile/ros2_ws/install/teleop_pm/lib/python3.8/site-packages:/home/pimpmobile/ros2_ws/install/gps_publisher/lib/python3.8/site-packages:/opt/ros/foxy/lib/python3.8/site-packages /usr/bin/python3 setup.py egg_info --egg-base ../../build/teleop_pm build --build-base /home/pimpmobile/ros2_ws/build/teleop_pm/build install --record /home/pimpmobile/ros2_ws/build/teleop_pm/install.log --install-scripts $base/lib/teleop_pm --single-version-externally-managed
[2.949s] running egg_info
[2.950s] writing ../../build/teleop_pm/teleop_pm.egg-info/PKG-INFO
[2.951s] writing dependency_links to ../../build/teleop_pm/teleop_pm.egg-info/dependency_links.txt
[2.951s] writing entry points to ../../build/teleop_pm/teleop_pm.egg-info/entry_points.txt
[2.951s] writing requirements to ../../build/teleop_pm/teleop_pm.egg-info/requires.txt
[2.952s] writing top-level names to ../../build/teleop_pm/teleop_pm.egg-info/top_level.txt
[3.014s] reading manifest file '../../build/teleop_pm/teleop_pm.egg-info/SOURCES.txt'
[3.016s] writing manifest file '../../build/teleop_pm/teleop_pm.egg-info/SOURCES.txt'
[3.016s] running build
[3.016s] running build_py
[3.017s] running install
[3.018s] running install_lib
[3.021s] running install_data
[3.022s] running install_egg_info
[3.025s] removing '/home/pimpmobile/ros2_ws/install/teleop_pm/lib/python3.8/site-packages/teleop_pm-0.0.0-py3.8.egg-info' (and everything under it)
[3.026s] Copying ../../build/teleop_pm/teleop_pm.egg-info to /home/pimpmobile/ros2_ws/install/teleop_pm/lib/python3.8/site-packages/teleop_pm-0.0.0-py3.8.egg-info
[3.028s] running install_scripts
[3.062s] Installing tops script to /home/pimpmobile/ros2_ws/install/teleop_pm/lib/teleop_pm
[3.063s] writing list of installed files to '/home/pimpmobile/ros2_ws/build/teleop_pm/install.log'
[3.118s] Invoked command in '/home/pimpmobile/ros2_ws/src/teleop_pm' returned '0': AMENT_PREFIX_PATH=/home/pimpmobile/ros2_ws/install/lidar:/home/pimpmobile/ldlidar_ros2_ws/install/ldlidar_stl_ros2:/home/pimpmobile/ros2_ws/install/turtlesim:/home/pimpmobile/ros2_ws/install/teleop_pm:/home/pimpmobile/ros2_ws/install/gps_publisher:/opt/ros/foxy PYTHONPATH=/home/pimpmobile/ros2_ws/build/teleop_pm/prefix_override:/home/pimpmobile/ros2_ws/install/teleop_pm/lib/python3.8/site-packages:/home/pimpmobile/ros2_ws/install/lidar/lib/python3.8/site-packages:/home/pimpmobile/ros2_ws/install/turtlesim/lib/python3.8/site-packages:/home/pimpmobile/ros2_ws/install/teleop_pm/lib/python3.8/site-packages:/home/pimpmobile/ros2_ws/install/gps_publisher/lib/python3.8/site-packages:/opt/ros/foxy/lib/python3.8/site-packages /usr/bin/python3 setup.py egg_info --egg-base ../../build/teleop_pm build --build-base /home/pimpmobile/ros2_ws/build/teleop_pm/build install --record /home/pimpmobile/ros2_ws/build/teleop_pm/install.log --install-scripts $base/lib/teleop_pm --single-version-externally-managed
