[2.125s] Invoking command in '/home/pimpmobile/ros2_ws/src/lidar': PYTHONPATH=/home/pimpmobile/ros2_ws/build/lidar/prefix_override:/usr/lib/python3/dist-packages/colcon_core/task/python/colcon_distutils_commands:/home/pimpmobile/ros2_ws/install/lidar/lib/python3.8/site-packages:${PYTHONPATH} /usr/bin/python3 -W ignore:setup.py install is deprecated setup.py egg_info --egg-base ../../build/lidar build --build-base /home/pimpmobile/ros2_ws/build/lidar/build install --record /home/pimpmobile/ros2_ws/build/lidar/install.log --install-scripts $base/lib/lidar --single-version-externally-managed install_data
[2.406s] /home/pimpmobile/.local/lib/python3.8/site-packages/setuptools/dist.py:472: SetuptoolsDeprecationWarning: Invalid dash-separated options
[2.407s] !!
[2.407s] 
[2.407s]         ********************************************************************************
[2.407s]         Usage of dash-separated 'script-dir' will not be supported in future
[2.407s]         versions. Please use the underscore name 'script_dir' instead.
[2.407s] 
[2.407s]         This deprecation is overdue, please update your project and remove deprecated
[2.408s]         calls to avoid build errors in the future.
[2.408s] 
[2.408s]         See https://setuptools.pypa.io/en/latest/userguide/declarative_config.html for details.
[2.408s]         ********************************************************************************
[2.408s] 
[2.408s] !!
[2.408s]   opt = self.warn_dash_deprecation(opt, section)
[2.722s] running egg_info
[2.761s] writing ../../build/lidar/lidar.egg-info/PKG-INFO
[2.762s] writing dependency_links to ../../build/lidar/lidar.egg-info/dependency_links.txt
[2.763s] writing entry points to ../../build/lidar/lidar.egg-info/entry_points.txt
[2.763s] writing requirements to ../../build/lidar/lidar.egg-info/requires.txt
[2.764s] writing top-level names to ../../build/lidar/lidar.egg-info/top_level.txt
[4.703s] writing manifest file '../../build/lidar/lidar.egg-info/SOURCES.txt'
[4.703s] running build
[4.704s] running build_py
[4.704s] copying lidar/__init__.py -> /home/pimpmobile/ros2_ws/build/lidar/build/lib/lidar
[4.704s] copying lidar/lidarsubscriber.py -> /home/pimpmobile/ros2_ws/build/lidar/build/lib/lidar
[4.705s] running install
[4.716s] running install_lib
[4.781s] copying /home/pimpmobile/ros2_ws/build/lidar/build/lib/lidar/lidarsubscriber.py -> /home/pimpmobile/ros2_ws/install/lidar/lib/python3.8/site-packages/lidar
[4.782s] byte-compiling /home/pimpmobile/ros2_ws/install/lidar/lib/python3.8/site-packages/lidar/lidarsubscriber.py to lidarsubscriber.cpython-38.pyc
[4.784s] running install_data
[4.784s] copying resource/lidar -> /home/pimpmobile/ros2_ws/install/lidar/share/ament_index/resource_index/packages
[4.785s] copying package.xml -> /home/pimpmobile/ros2_ws/install/lidar/share/lidar
[4.785s] running install_egg_info
[4.827s] removing '/home/pimpmobile/ros2_ws/install/lidar/lib/python3.8/site-packages/lidar-0.0.0-py3.8.egg-info' (and everything under it)
[4.828s] Copying ../../build/lidar/lidar.egg-info to /home/pimpmobile/ros2_ws/install/lidar/lib/python3.8/site-packages/lidar-0.0.0-py3.8.egg-info
[4.830s] running install_scripts
[4.947s] Installing lidar script to /home/pimpmobile/ros2_ws/install/lidar/lib/lidar
[4.947s] writing list of installed files to '/home/pimpmobile/ros2_ws/build/lidar/install.log'
[5.026s] Invoked command in '/home/pimpmobile/ros2_ws/src/lidar' returned '0': PYTHONPATH=/home/pimpmobile/ros2_ws/build/lidar/prefix_override:/usr/lib/python3/dist-packages/colcon_core/task/python/colcon_distutils_commands:/home/pimpmobile/ros2_ws/install/lidar/lib/python3.8/site-packages:${PYTHONPATH} /usr/bin/python3 -W ignore:setup.py install is deprecated setup.py egg_info --egg-base ../../build/lidar build --build-base /home/pimpmobile/ros2_ws/build/lidar/build install --record /home/pimpmobile/ros2_ws/build/lidar/install.log --install-scripts $base/lib/lidar --single-version-externally-managed install_data
