[16.091s] Invoking command in '/home/pimpmobile/ros2_ws/src/master': PYTHONPATH=/home/pimpmobile/ros2_ws/build/master/prefix_override:/home/pimpmobile/ros2_ws/install/master/lib/python3.8/site-packages:${PYTHONPATH} /usr/bin/python3 setup.py egg_info --egg-base ../../build/master build --build-base /home/pimpmobile/ros2_ws/build/master/build install --record /home/pimpmobile/ros2_ws/build/master/install.log --install-scripts $base/lib/master --single-version-externally-managed
[16.410s] /home/pimpmobile/.local/lib/python3.8/site-packages/setuptools/dist.py:472: SetuptoolsDeprecationWarning: Invalid dash-separated options
[16.411s] !!
[16.411s] 
[16.411s]         ********************************************************************************
[16.411s]         Usage of dash-separated 'script-dir' will not be supported in future
[16.411s]         versions. Please use the underscore name 'script_dir' instead.
[16.411s] 
[16.412s]         By 2024-Sep-26, you need to update your project and remove deprecated calls
[16.412s]         or your builds will no longer be supported.
[16.412s] 
[16.412s]         See https://setuptools.pypa.io/en/latest/userguide/declarative_config.html for details.
[16.412s]         ********************************************************************************
[16.413s] 
[16.413s] !!
[16.413s]   opt = self.warn_dash_deprecation(opt, section)
[16.664s] running egg_info
[16.703s] writing ../../build/master/master.egg-info/PKG-INFO
[16.705s] writing dependency_links to ../../build/master/master.egg-info/dependency_links.txt
[16.705s] writing entry points to ../../build/master/master.egg-info/entry_points.txt
[16.706s] writing requirements to ../../build/master/master.egg-info/requires.txt
[16.706s] writing top-level names to ../../build/master/master.egg-info/top_level.txt
[17.025s] reading manifest file '../../build/master/master.egg-info/SOURCES.txt'
[17.028s] writing manifest file '../../build/master/master.egg-info/SOURCES.txt'
[17.029s] running build
[17.030s] running build_py
[17.031s] copying master/__init__.py -> /home/pimpmobile/ros2_ws/build/master/build/lib/master
[17.031s] copying master/master_code.py -> /home/pimpmobile/ros2_ws/build/master/build/lib/master
[17.032s] copying master/odometry.py -> /home/pimpmobile/ros2_ws/build/master/build/lib/master
[17.033s] running install
[17.034s] /home/pimpmobile/.local/lib/python3.8/site-packages/setuptools/_distutils/cmd.py:66: SetuptoolsDeprecationWarning: setup.py install is deprecated.
[17.034s] !!
[17.034s] 
[17.034s]         ********************************************************************************
[17.034s]         Please avoid running ``setup.py`` directly.
[17.034s]         Instead, use pypa/build, pypa/installer or other
[17.035s]         standards-based tools.
[17.035s] 
[17.035s]         See https://blog.ganssle.io/articles/2021/10/setup-py-deprecated.html for details.
[17.035s]         ********************************************************************************
[17.035s] 
[17.035s] !!
[17.035s]   self.initialize_options()
[17.046s] running install_lib
[17.085s] copying /home/pimpmobile/ros2_ws/build/master/build/lib/master/master_code.py -> /home/pimpmobile/ros2_ws/install/master/lib/python3.8/site-packages/master
[17.086s] byte-compiling /home/pimpmobile/ros2_ws/install/master/lib/python3.8/site-packages/master/master_code.py to master_code.cpython-38.pyc
[17.089s] running install_data
[17.132s] copying resource/master -> /home/pimpmobile/ros2_ws/install/master/share/ament_index/resource_index/packages
[17.132s] copying package.xml -> /home/pimpmobile/ros2_ws/install/master/share/master
[17.132s] running install_egg_info
[17.172s] removing '/home/pimpmobile/ros2_ws/install/master/lib/python3.8/site-packages/master-0.0.0-py3.8.egg-info' (and everything under it)
[17.175s] Copying ../../build/master/master.egg-info to /home/pimpmobile/ros2_ws/install/master/lib/python3.8/site-packages/master-0.0.0-py3.8.egg-info
[17.176s] running install_scripts
[17.301s] Installing master script to /home/pimpmobile/ros2_ws/install/master/lib/master
[17.302s] writing list of installed files to '/home/pimpmobile/ros2_ws/build/master/install.log'
[20.111s] Invoked command in '/home/pimpmobile/ros2_ws/src/master' returned '0': PYTHONPATH=/home/pimpmobile/ros2_ws/build/master/prefix_override:/home/pimpmobile/ros2_ws/install/master/lib/python3.8/site-packages:${PYTHONPATH} /usr/bin/python3 setup.py egg_info --egg-base ../../build/master build --build-base /home/pimpmobile/ros2_ws/build/master/build install --record /home/pimpmobile/ros2_ws/build/master/install.log --install-scripts $base/lib/master --single-version-externally-managed
