/home/pimpmobile/.local/lib/python3.8/site-packages/setuptools/dist.py:472: SetuptoolsDeprecationWarning: Invalid dash-separated options
!!

        ********************************************************************************
        Usage of dash-separated 'script-dir' will not be supported in future
        versions. Please use the underscore name 'script_dir' instead.

        By 2024-Sep-26, you need to update your project and remove deprecated calls
        or your builds will no longer be supported.

        See https://setuptools.pypa.io/en/latest/userguide/declarative_config.html for details.
        ********************************************************************************

!!
  opt = self.warn_dash_deprecation(opt, section)
running egg_info
creating ../build/master/master.egg-info
writing ../build/master/master.egg-info/PKG-INFO
writing dependency_links to ../build/master/master.egg-info/dependency_links.txt
writing entry points to ../build/master/master.egg-info/entry_points.txt
writing requirements to ../build/master/master.egg-info/requires.txt
writing top-level names to ../build/master/master.egg-info/top_level.txt
writing manifest file '../build/master/master.egg-info/SOURCES.txt'
reading manifest file '../build/master/master.egg-info/SOURCES.txt'
writing manifest file '../build/master/master.egg-info/SOURCES.txt'
running build
running build_py
creating /home/pimpmobile/ros2_ws/src/build/master/build
creating /home/pimpmobile/ros2_ws/src/build/master/build/lib
creating /home/pimpmobile/ros2_ws/src/build/master/build/lib/master
copying master/__init__.py -> /home/pimpmobile/ros2_ws/src/build/master/build/lib/master
copying master/master_code.py -> /home/pimpmobile/ros2_ws/src/build/master/build/lib/master
copying master/odometry.py -> /home/pimpmobile/ros2_ws/src/build/master/build/lib/master
running install
/home/pimpmobile/.local/lib/python3.8/site-packages/setuptools/_distutils/cmd.py:66: SetuptoolsDeprecationWarning: setup.py install is deprecated.
!!

        ********************************************************************************
        Please avoid running ``setup.py`` directly.
        Instead, use pypa/build, pypa/installer or other
        standards-based tools.

        See https://blog.ganssle.io/articles/2021/10/setup-py-deprecated.html for details.
        ********************************************************************************

!!
  self.initialize_options()
running install_lib
creating /home/pimpmobile/ros2_ws/src/install/master/lib/python3.8/site-packages/master
copying /home/pimpmobile/ros2_ws/src/build/master/build/lib/master/__init__.py -> /home/pimpmobile/ros2_ws/src/install/master/lib/python3.8/site-packages/master
copying /home/pimpmobile/ros2_ws/src/build/master/build/lib/master/master_code.py -> /home/pimpmobile/ros2_ws/src/install/master/lib/python3.8/site-packages/master
copying /home/pimpmobile/ros2_ws/src/build/master/build/lib/master/odometry.py -> /home/pimpmobile/ros2_ws/src/install/master/lib/python3.8/site-packages/master
byte-compiling /home/pimpmobile/ros2_ws/src/install/master/lib/python3.8/site-packages/master/__init__.py to __init__.cpython-38.pyc
byte-compiling /home/pimpmobile/ros2_ws/src/install/master/lib/python3.8/site-packages/master/master_code.py to master_code.cpython-38.pyc
byte-compiling /home/pimpmobile/ros2_ws/src/install/master/lib/python3.8/site-packages/master/odometry.py to odometry.cpython-38.pyc
running install_data
creating /home/pimpmobile/ros2_ws/src/install/master/share/ament_index
creating /home/pimpmobile/ros2_ws/src/install/master/share/ament_index/resource_index
creating /home/pimpmobile/ros2_ws/src/install/master/share/ament_index/resource_index/packages
copying resource/master -> /home/pimpmobile/ros2_ws/src/install/master/share/ament_index/resource_index/packages
copying package.xml -> /home/pimpmobile/ros2_ws/src/install/master/share/master
running install_egg_info
Copying ../build/master/master.egg-info to /home/pimpmobile/ros2_ws/src/install/master/lib/python3.8/site-packages/master-0.0.0-py3.8.egg-info
running install_scripts
Installing master script to /home/pimpmobile/ros2_ws/src/install/master/lib/master
writing list of installed files to '/home/pimpmobile/ros2_ws/src/build/master/install.log'
