[2.090s] Invoking command in '/home/pimpmobile/ros2_ws/src/master': PYTHONPATH=/home/pimpmobile/ros2_ws/build/master/prefix_override:/usr/lib/python3/dist-packages/colcon_core/task/python/colcon_distutils_commands:/home/pimpmobile/ros2_ws/install/master/lib/python3.8/site-packages:${PYTHONPATH} /usr/bin/python3 -W ignore:setup.py install is deprecated setup.py egg_info --egg-base ../../build/master build --build-base /home/pimpmobile/ros2_ws/build/master/build install --record /home/pimpmobile/ros2_ws/build/master/install.log --install-scripts $base/lib/master --single-version-externally-managed install_data
[2.374s] /home/pimpmobile/.local/lib/python3.8/site-packages/setuptools/dist.py:472: SetuptoolsDeprecationWarning: Invalid dash-separated options
[2.375s] !!
[2.375s] 
[2.375s]         ********************************************************************************
[2.375s]         Usage of dash-separated 'script-dir' will not be supported in future
[2.375s]         versions. Please use the underscore name 'script_dir' instead.
[2.375s] 
[2.375s]         This deprecation is overdue, please update your project and remove deprecated
[2.376s]         calls to avoid build errors in the future.
[2.376s] 
[2.376s]         See https://setuptools.pypa.io/en/latest/userguide/declarative_config.html for details.
[2.376s]         ********************************************************************************
[2.376s] 
[2.376s] !!
[2.376s]   opt = self.warn_dash_deprecation(opt, section)
[2.690s] running egg_info
[2.730s] writing ../../build/master/master.egg-info/PKG-INFO
[2.731s] writing dependency_links to ../../build/master/master.egg-info/dependency_links.txt
[2.731s] writing entry points to ../../build/master/master.egg-info/entry_points.txt
[2.732s] writing requirements to ../../build/master/master.egg-info/requires.txt
[2.732s] writing top-level names to ../../build/master/master.egg-info/top_level.txt
[4.106s] writing manifest file '../../build/master/master.egg-info/SOURCES.txt'
[4.106s] running build
[4.107s] running build_py
[4.107s] copying master/pathsave.py -> /home/pimpmobile/ros2_ws/build/master/build/lib/master
[4.107s] copying master/stanley_controller.py -> /home/pimpmobile/ros2_ws/build/master/build/lib/master
[4.108s] copying master/pid.py -> /home/pimpmobile/ros2_ws/build/master/build/lib/master
[4.108s] copying master/__init__.py -> /home/pimpmobile/ros2_ws/build/master/build/lib/master
[4.108s] copying master/gstreamer_host.py -> /home/pimpmobile/ros2_ws/build/master/build/lib/master
[4.109s] copying master/master_code.py -> /home/pimpmobile/ros2_ws/build/master/build/lib/master
[4.109s] copying master/odometry.py -> /home/pimpmobile/ros2_ws/build/master/build/lib/master
[4.110s] running install
[4.122s] running install_lib
[4.186s] copying /home/pimpmobile/ros2_ws/build/master/build/lib/master/master_code.py -> /home/pimpmobile/ros2_ws/install/master/lib/python3.8/site-packages/master
[4.188s] byte-compiling /home/pimpmobile/ros2_ws/install/master/lib/python3.8/site-packages/master/master_code.py to master_code.cpython-38.pyc
[4.191s] running install_data
[4.192s] copying resource/master -> /home/pimpmobile/ros2_ws/install/master/share/ament_index/resource_index/packages
[4.192s] copying package.xml -> /home/pimpmobile/ros2_ws/install/master/share/master
[4.192s] running install_egg_info
[4.235s] removing '/home/pimpmobile/ros2_ws/install/master/lib/python3.8/site-packages/master-0.0.0-py3.8.egg-info' (and everything under it)
[4.235s] Copying ../../build/master/master.egg-info to /home/pimpmobile/ros2_ws/install/master/lib/python3.8/site-packages/master-0.0.0-py3.8.egg-info
[4.237s] running install_scripts
[4.355s] Installing master script to /home/pimpmobile/ros2_ws/install/master/lib/master
[4.356s] writing list of installed files to '/home/pimpmobile/ros2_ws/build/master/install.log'
[4.438s] Invoked command in '/home/pimpmobile/ros2_ws/src/master' returned '0': PYTHONPATH=/home/pimpmobile/ros2_ws/build/master/prefix_override:/usr/lib/python3/dist-packages/colcon_core/task/python/colcon_distutils_commands:/home/pimpmobile/ros2_ws/install/master/lib/python3.8/site-packages:${PYTHONPATH} /usr/bin/python3 -W ignore:setup.py install is deprecated setup.py egg_info --egg-base ../../build/master build --build-base /home/pimpmobile/ros2_ws/build/master/build install --record /home/pimpmobile/ros2_ws/build/master/install.log --install-scripts $base/lib/master --single-version-externally-managed install_data
