[3.042s] Invoking command in '/home/pimpmobile/ros2_ws/src/gps_publisher': PYTHONPATH=/home/pimpmobile/ros2_ws/build/gps_publisher/prefix_override:/home/pimpmobile/ros2_ws/install/gps_publisher/lib/python3.8/site-packages:${PYTHONPATH} /usr/bin/python3 setup.py egg_info --egg-base ../../build/gps_publisher build --build-base /home/pimpmobile/ros2_ws/build/gps_publisher/build install --record /home/pimpmobile/ros2_ws/build/gps_publisher/install.log --install-scripts $base/lib/gps_publisher --single-version-externally-managed
[3.306s] /home/pimpmobile/.local/lib/python3.8/site-packages/setuptools/dist.py:472: SetuptoolsDeprecationWarning: Invalid dash-separated options
[3.306s] !!
[3.306s] 
[3.306s]         ********************************************************************************
[3.306s]         Usage of dash-separated 'script-dir' will not be supported in future
[3.306s]         versions. Please use the underscore name 'script_dir' instead.
[3.307s] 
[3.307s]         By 2024-Sep-26, you need to update your project and remove deprecated calls
[3.307s]         or your builds will no longer be supported.
[3.307s] 
[3.307s]         See https://setuptools.pypa.io/en/latest/userguide/declarative_config.html for details.
[3.307s]         ********************************************************************************
[3.307s] 
[3.307s] !!
[3.308s]   opt = self.warn_dash_deprecation(opt, section)
[3.515s] running egg_info
[3.548s] writing ../../build/gps_publisher/gps_publisher.egg-info/PKG-INFO
[3.549s] writing dependency_links to ../../build/gps_publisher/gps_publisher.egg-info/dependency_links.txt
[3.550s] writing entry points to ../../build/gps_publisher/gps_publisher.egg-info/entry_points.txt
[3.550s] writing requirements to ../../build/gps_publisher/gps_publisher.egg-info/requires.txt
[3.551s] writing top-level names to ../../build/gps_publisher/gps_publisher.egg-info/top_level.txt
[3.821s] reading manifest file '../../build/gps_publisher/gps_publisher.egg-info/SOURCES.txt'
[3.823s] writing manifest file '../../build/gps_publisher/gps_publisher.egg-info/SOURCES.txt'
[3.823s] running build
[3.823s] running build_py
[3.823s] copying gps_publisher/__init__.py -> /home/pimpmobile/ros2_ws/build/gps_publisher/build/lib/gps_publisher
[3.824s] copying gps_publisher/gps.py -> /home/pimpmobile/ros2_ws/build/gps_publisher/build/lib/gps_publisher
[3.824s] running install
[3.825s] /home/pimpmobile/.local/lib/python3.8/site-packages/setuptools/_distutils/cmd.py:66: SetuptoolsDeprecationWarning: setup.py install is deprecated.
[3.825s] !!
[3.825s] 
[3.826s]         ********************************************************************************
[3.826s]         Please avoid running ``setup.py`` directly.
[3.826s]         Instead, use pypa/build, pypa/installer or other
[3.826s]         standards-based tools.
[3.826s] 
[3.826s]         See https://blog.ganssle.io/articles/2021/10/setup-py-deprecated.html for details.
[3.826s]         ********************************************************************************
[3.827s] 
[3.827s] !!
[3.827s]   self.initialize_options()
[3.836s] running install_lib
[3.871s] running install_data
[3.903s] copying resource/gps_publisher -> /home/pimpmobile/ros2_ws/install/gps_publisher/share/ament_index/resource_index/packages
[3.904s] copying package.xml -> /home/pimpmobile/ros2_ws/install/gps_publisher/share/gps_publisher
[3.904s] running install_egg_info
[3.940s] removing '/home/pimpmobile/ros2_ws/install/gps_publisher/lib/python3.8/site-packages/gps_publisher-0.0.0-py3.8.egg-info' (and everything under it)
[3.940s] Copying ../../build/gps_publisher/gps_publisher.egg-info to /home/pimpmobile/ros2_ws/install/gps_publisher/lib/python3.8/site-packages/gps_publisher-0.0.0-py3.8.egg-info
[3.942s] running install_scripts
[4.048s] Installing gps script to /home/pimpmobile/ros2_ws/install/gps_publisher/lib/gps_publisher
[4.048s] writing list of installed files to '/home/pimpmobile/ros2_ws/build/gps_publisher/install.log'
[4.357s] Invoked command in '/home/pimpmobile/ros2_ws/src/gps_publisher' returned '0': PYTHONPATH=/home/pimpmobile/ros2_ws/build/gps_publisher/prefix_override:/home/pimpmobile/ros2_ws/install/gps_publisher/lib/python3.8/site-packages:${PYTHONPATH} /usr/bin/python3 setup.py egg_info --egg-base ../../build/gps_publisher build --build-base /home/pimpmobile/ros2_ws/build/gps_publisher/build install --record /home/pimpmobile/ros2_ws/build/gps_publisher/install.log --install-scripts $base/lib/gps_publisher --single-version-externally-managed
