[13.543s] Invoking command in '/home/pimpmobile/ros2_ws/src/master': PYTHONPATH=/home/pimpmobile/ros2_ws/build/master/prefix_override:/home/pimpmobile/ros2_ws/install/master/lib/python3.8/site-packages:${PYTHONPATH} /usr/bin/python3 setup.py egg_info --egg-base ../../build/master build --build-base /home/pimpmobile/ros2_ws/build/master/build install --record /home/pimpmobile/ros2_ws/build/master/install.log --install-scripts $base/lib/master --single-version-externally-managed
[13.841s] /home/pimpmobile/.local/lib/python3.8/site-packages/setuptools/dist.py:472: SetuptoolsDeprecationWarning: Invalid dash-separated options
[13.842s] !!
[13.842s] 
[13.842s]         ********************************************************************************
[13.842s]         Usage of dash-separated 'script-dir' will not be supported in future
[13.842s]         versions. Please use the underscore name 'script_dir' instead.
[13.843s] 
[13.843s]         By 2024-Sep-26, you need to update your project and remove deprecated calls
[13.843s]         or your builds will no longer be supported.
[13.843s] 
[13.843s]         See https://setuptools.pypa.io/en/latest/userguide/declarative_config.html for details.
[13.844s]         ********************************************************************************
[13.844s] 
[13.844s] !!
[13.845s]   opt = self.warn_dash_deprecation(opt, section)
[14.109s] running egg_info
[14.147s] writing ../../build/master/master.egg-info/PKG-INFO
[14.150s] writing dependency_links to ../../build/master/master.egg-info/dependency_links.txt
[14.150s] writing entry points to ../../build/master/master.egg-info/entry_points.txt
[14.150s] writing requirements to ../../build/master/master.egg-info/requires.txt
[14.150s] writing top-level names to ../../build/master/master.egg-info/top_level.txt
[16.671s] writing manifest file '../../build/master/master.egg-info/SOURCES.txt'
[16.679s] running build
[16.679s] running build_py
[16.679s] copying master/stanley_controller.py -> /home/pimpmobile/ros2_ws/build/master/build/lib/master
[16.679s] copying master/__init__.py -> /home/pimpmobile/ros2_ws/build/master/build/lib/master
[16.680s] copying master/master_code.py -> /home/pimpmobile/ros2_ws/build/master/build/lib/master
[16.680s] copying master/odometry.py -> /home/pimpmobile/ros2_ws/build/master/build/lib/master
[16.680s] running install
[16.683s] /home/pimpmobile/.local/lib/python3.8/site-packages/setuptools/_distutils/cmd.py:66: SetuptoolsDeprecationWarning: setup.py install is deprecated.
[16.683s] !!
[16.683s] 
[16.683s]         ********************************************************************************
[16.683s]         Please avoid running ``setup.py`` directly.
[16.684s]         Instead, use pypa/build, pypa/installer or other
[16.684s]         standards-based tools.
[16.684s] 
[16.684s]         See https://blog.ganssle.io/articles/2021/10/setup-py-deprecated.html for details.
[16.684s]         ********************************************************************************
[16.684s] 
[16.684s] !!
[16.684s]   self.initialize_options()
[16.701s] running install_lib
[16.730s] copying /home/pimpmobile/ros2_ws/build/master/build/lib/master/master_code.py -> /home/pimpmobile/ros2_ws/install/master/lib/python3.8/site-packages/master
[16.731s] byte-compiling /home/pimpmobile/ros2_ws/install/master/lib/python3.8/site-packages/master/master_code.py to master_code.cpython-38.pyc
[16.734s] running install_data
[16.772s] copying resource/master -> /home/pimpmobile/ros2_ws/install/master/share/ament_index/resource_index/packages
[16.773s] copying package.xml -> /home/pimpmobile/ros2_ws/install/master/share/master
[16.773s] running install_egg_info
[16.813s] removing '/home/pimpmobile/ros2_ws/install/master/lib/python3.8/site-packages/master-0.0.0-py3.8.egg-info' (and everything under it)
[16.814s] Copying ../../build/master/master.egg-info to /home/pimpmobile/ros2_ws/install/master/lib/python3.8/site-packages/master-0.0.0-py3.8.egg-info
[16.817s] running install_scripts
[16.960s] Installing master script to /home/pimpmobile/ros2_ws/install/master/lib/master
[16.966s] writing list of installed files to '/home/pimpmobile/ros2_ws/build/master/install.log'
[18.644s] Invoked command in '/home/pimpmobile/ros2_ws/src/master' returned '0': PYTHONPATH=/home/pimpmobile/ros2_ws/build/master/prefix_override:/home/pimpmobile/ros2_ws/install/master/lib/python3.8/site-packages:${PYTHONPATH} /usr/bin/python3 setup.py egg_info --egg-base ../../build/master build --build-base /home/pimpmobile/ros2_ws/build/master/build install --record /home/pimpmobile/ros2_ws/build/master/install.log --install-scripts $base/lib/master --single-version-externally-managed
