/home/pimpmobile/.local/lib/python3.8/site-packages/setuptools/dist.py:472: SetuptoolsDeprecationWarning: Invalid dash-separated options
!!

        ********************************************************************************
        Usage of dash-separated 'script-dir' will not be supported in future
        versions. Please use the underscore name 'script_dir' instead.

        By 2024-Sep-26, you need to update your project and remove deprecated calls
        or your builds will no longer be supported.

        See https://setuptools.pypa.io/en/latest/userguide/declarative_config.html for details.
        ********************************************************************************

!!
  opt = self.warn_dash_deprecation(opt, section)
running egg_info
writing ../../build/odometry/odometry.egg-info/PKG-INFO
writing dependency_links to ../../build/odometry/odometry.egg-info/dependency_links.txt
writing entry points to ../../build/odometry/odometry.egg-info/entry_points.txt
writing requirements to ../../build/odometry/odometry.egg-info/requires.txt
writing top-level names to ../../build/odometry/odometry.egg-info/top_level.txt
reading manifest file '../../build/odometry/odometry.egg-info/SOURCES.txt'
writing manifest file '../../build/odometry/odometry.egg-info/SOURCES.txt'
running build
running build_py
copying odometry/__init__.py -> /home/pimpmobile/ros2_ws/build/odometry/build/lib/odometry
copying odometry/odometry.py -> /home/pimpmobile/ros2_ws/build/odometry/build/lib/odometry
running install
/home/pimpmobile/.local/lib/python3.8/site-packages/setuptools/_distutils/cmd.py:66: SetuptoolsDeprecationWarning: setup.py install is deprecated.
!!

        ********************************************************************************
        Please avoid running ``setup.py`` directly.
        Instead, use pypa/build, pypa/installer or other
        standards-based tools.

        See https://blog.ganssle.io/articles/2021/10/setup-py-deprecated.html for details.
        ********************************************************************************

!!
  self.initialize_options()
running install_lib
running install_data
copying resource/odometry -> /home/pimpmobile/ros2_ws/install/odometry/share/ament_index/resource_index/packages
copying package.xml -> /home/pimpmobile/ros2_ws/install/odometry/share/odometry
running install_egg_info
removing '/home/pimpmobile/ros2_ws/install/odometry/lib/python3.8/site-packages/odometry-0.0.0-py3.8.egg-info' (and everything under it)
Copying ../../build/odometry/odometry.egg-info to /home/pimpmobile/ros2_ws/install/odometry/lib/python3.8/site-packages/odometry-0.0.0-py3.8.egg-info
running install_scripts
Installing odometry script to /home/pimpmobile/ros2_ws/install/odometry/lib/odometry
writing list of installed files to '/home/pimpmobile/ros2_ws/build/odometry/install.log'
