[1.339s] Invoking command in '/home/pimpmobile/ros2_ws/src/teleop_pm': AMENT_PREFIX_PATH=/home/pimpmobile/ros2_ws/install/lidar:/home/pimpmobile/ros2_ws/install/turtlesim:/home/pimpmobile/ros2_ws/install/teleop_pm:/home/pimpmobile/ros2_ws/install/slam:/home/pimpmobile/ros2_ws/install/master:/home/pimpmobile/ros2_ws/install/gps_publisher:/home/pimpmobile/ldlidar_ros2_ws/install/ldlidar_stl_ros2:/opt/ros/humble PYTHONPATH=/home/pimpmobile/ros2_ws/build/teleop_pm/prefix_override:/usr/lib/python3/dist-packages/colcon_core/task/python/colcon_distutils_commands:/home/pimpmobile/ros2_ws/install/teleop_pm/lib/python3.10/site-packages:/home/pimpmobile/ros2_ws/install/lidar/lib/python3.10/site-packages:/home/pimpmobile/ros2_ws/install/turtlesim/lib/python3.8/site-packages:/home/pimpmobile/ros2_ws/install/teleop_pm/lib/python3.10/site-packages:/home/pimpmobile/ros2_ws/install/slam/lib/python3.10/site-packages:/home/pimpmobile/ros2_ws/install/master/lib/python3.10/site-packages:/home/pimpmobile/ros2_ws/install/gps_publisher/lib/python3.10/site-packages:/opt/ros/humble/lib/python3.10/site-packages:/opt/ros/humble/local/lib/python3.10/dist-packages /usr/bin/python3 -W ignore:setup.py install is deprecated setup.py egg_info --egg-base ../../build/teleop_pm build --build-base /home/pimpmobile/ros2_ws/build/teleop_pm/build install --record /home/pimpmobile/ros2_ws/build/teleop_pm/install.log --install-scripts $base/lib/teleop_pm --single-version-externally-managed install_data
[1.797s] /usr/lib/python3/dist-packages/setuptools/dist.py:723: UserWarning: Usage of dash-separated 'script-dir' will not be supported in future versions. Please use the underscore name 'script_dir' instead
[1.798s]   warnings.warn(
[1.814s] running egg_info
[1.816s] writing ../../build/teleop_pm/teleop_pm.egg-info/PKG-INFO
[1.816s] writing dependency_links to ../../build/teleop_pm/teleop_pm.egg-info/dependency_links.txt
[1.816s] writing entry points to ../../build/teleop_pm/teleop_pm.egg-info/entry_points.txt
[1.817s] writing requirements to ../../build/teleop_pm/teleop_pm.egg-info/requires.txt
[1.817s] writing top-level names to ../../build/teleop_pm/teleop_pm.egg-info/top_level.txt
[1.821s] reading manifest file '../../build/teleop_pm/teleop_pm.egg-info/SOURCES.txt'
[1.822s] writing manifest file '../../build/teleop_pm/teleop_pm.egg-info/SOURCES.txt'
[1.823s] running build
[1.823s] running build_py
[1.823s] running install
[1.824s] running install_lib
[1.826s] running install_data
[1.826s] running install_egg_info
[1.830s] removing '/home/pimpmobile/ros2_ws/install/teleop_pm/lib/python3.10/site-packages/teleop_pm-0.0.0-py3.10.egg-info' (and everything under it)
[1.830s] Copying ../../build/teleop_pm/teleop_pm.egg-info to /home/pimpmobile/ros2_ws/install/teleop_pm/lib/python3.10/site-packages/teleop_pm-0.0.0-py3.10.egg-info
[1.833s] running install_scripts
[1.875s] Installing tops script to /home/pimpmobile/ros2_ws/install/teleop_pm/lib/teleop_pm
[1.876s] writing list of installed files to '/home/pimpmobile/ros2_ws/build/teleop_pm/install.log'
[1.940s] Invoked command in '/home/pimpmobile/ros2_ws/src/teleop_pm' returned '0': AMENT_PREFIX_PATH=/home/pimpmobile/ros2_ws/install/lidar:/home/pimpmobile/ros2_ws/install/turtlesim:/home/pimpmobile/ros2_ws/install/teleop_pm:/home/pimpmobile/ros2_ws/install/slam:/home/pimpmobile/ros2_ws/install/master:/home/pimpmobile/ros2_ws/install/gps_publisher:/home/pimpmobile/ldlidar_ros2_ws/install/ldlidar_stl_ros2:/opt/ros/humble PYTHONPATH=/home/pimpmobile/ros2_ws/build/teleop_pm/prefix_override:/usr/lib/python3/dist-packages/colcon_core/task/python/colcon_distutils_commands:/home/pimpmobile/ros2_ws/install/teleop_pm/lib/python3.10/site-packages:/home/pimpmobile/ros2_ws/install/lidar/lib/python3.10/site-packages:/home/pimpmobile/ros2_ws/install/turtlesim/lib/python3.8/site-packages:/home/pimpmobile/ros2_ws/install/teleop_pm/lib/python3.10/site-packages:/home/pimpmobile/ros2_ws/install/slam/lib/python3.10/site-packages:/home/pimpmobile/ros2_ws/install/master/lib/python3.10/site-packages:/home/pimpmobile/ros2_ws/install/gps_publisher/lib/python3.10/site-packages:/opt/ros/humble/lib/python3.10/site-packages:/opt/ros/humble/local/lib/python3.10/dist-packages /usr/bin/python3 -W ignore:setup.py install is deprecated setup.py egg_info --egg-base ../../build/teleop_pm build --build-base /home/pimpmobile/ros2_ws/build/teleop_pm/build install --record /home/pimpmobile/ros2_ws/build/teleop_pm/install.log --install-scripts $base/lib/teleop_pm --single-version-externally-managed install_data
