[3.136s] Invoking command in '/home/pimpmobile/ros2_ws/src/gps_publisher': PYTHONPATH=/home/pimpmobile/ros2_ws/build/gps_publisher/prefix_override:/home/pimpmobile/ros2_ws/install/gps_publisher/lib/python3.8/site-packages:${PYTHONPATH} /usr/bin/python3 setup.py egg_info --egg-base ../../build/gps_publisher build --build-base /home/pimpmobile/ros2_ws/build/gps_publisher/build install --record /home/pimpmobile/ros2_ws/build/gps_publisher/install.log --install-scripts $base/lib/gps_publisher --single-version-externally-managed
[3.402s] /home/pimpmobile/.local/lib/python3.8/site-packages/setuptools/dist.py:472: SetuptoolsDeprecationWarning: Invalid dash-separated options
[3.403s] !!
[3.403s] 
[3.403s]         ********************************************************************************
[3.403s]         Usage of dash-separated 'script-dir' will not be supported in future
[3.404s]         versions. Please use the underscore name 'script_dir' instead.
[3.404s] 
[3.404s]         By 2024-Sep-26, you need to update your project and remove deprecated calls
[3.404s]         or your builds will no longer be supported.
[3.404s] 
[3.405s]         See https://setuptools.pypa.io/en/latest/userguide/declarative_config.html for details.
[3.405s]         ********************************************************************************
[3.405s] 
[3.405s] !!
[3.405s]   opt = self.warn_dash_deprecation(opt, section)
[3.616s] running egg_info
[3.650s] writing ../../build/gps_publisher/gps_publisher.egg-info/PKG-INFO
[3.651s] writing dependency_links to ../../build/gps_publisher/gps_publisher.egg-info/dependency_links.txt
[3.652s] writing entry points to ../../build/gps_publisher/gps_publisher.egg-info/entry_points.txt
[3.652s] writing requirements to ../../build/gps_publisher/gps_publisher.egg-info/requires.txt
[3.652s] writing top-level names to ../../build/gps_publisher/gps_publisher.egg-info/top_level.txt
[3.928s] reading manifest file '../../build/gps_publisher/gps_publisher.egg-info/SOURCES.txt'
[3.929s] writing manifest file '../../build/gps_publisher/gps_publisher.egg-info/SOURCES.txt'
[3.930s] running build
[3.931s] running build_py
[3.931s] copying gps_publisher/__init__.py -> /home/pimpmobile/ros2_ws/build/gps_publisher/build/lib/gps_publisher
[3.932s] copying gps_publisher/gps.py -> /home/pimpmobile/ros2_ws/build/gps_publisher/build/lib/gps_publisher
[3.933s] running install
[3.933s] /home/pimpmobile/.local/lib/python3.8/site-packages/setuptools/_distutils/cmd.py:66: SetuptoolsDeprecationWarning: setup.py install is deprecated.
[3.933s] !!
[3.934s] 
[3.934s]         ********************************************************************************
[3.934s]         Please avoid running ``setup.py`` directly.
[3.934s]         Instead, use pypa/build, pypa/installer or other
[3.934s]         standards-based tools.
[3.935s] 
[3.935s]         See https://blog.ganssle.io/articles/2021/10/setup-py-deprecated.html for details.
[3.935s]         ********************************************************************************
[3.935s] 
[3.936s] !!
[3.936s]   self.initialize_options()
[3.943s] running install_lib
[3.979s] running install_data
[4.012s] copying resource/gps_publisher -> /home/pimpmobile/ros2_ws/install/gps_publisher/share/ament_index/resource_index/packages
[4.013s] copying package.xml -> /home/pimpmobile/ros2_ws/install/gps_publisher/share/gps_publisher
[4.013s] running install_egg_info
[4.048s] removing '/home/pimpmobile/ros2_ws/install/gps_publisher/lib/python3.8/site-packages/gps_publisher-0.0.0-py3.8.egg-info' (and everything under it)
[4.050s] Copying ../../build/gps_publisher/gps_publisher.egg-info to /home/pimpmobile/ros2_ws/install/gps_publisher/lib/python3.8/site-packages/gps_publisher-0.0.0-py3.8.egg-info
[4.051s] running install_scripts
[4.158s] Installing gps script to /home/pimpmobile/ros2_ws/install/gps_publisher/lib/gps_publisher
[4.159s] writing list of installed files to '/home/pimpmobile/ros2_ws/build/gps_publisher/install.log'
[4.248s] Invoked command in '/home/pimpmobile/ros2_ws/src/gps_publisher' returned '0': PYTHONPATH=/home/pimpmobile/ros2_ws/build/gps_publisher/prefix_override:/home/pimpmobile/ros2_ws/install/gps_publisher/lib/python3.8/site-packages:${PYTHONPATH} /usr/bin/python3 setup.py egg_info --egg-base ../../build/gps_publisher build --build-base /home/pimpmobile/ros2_ws/build/gps_publisher/build install --record /home/pimpmobile/ros2_ws/build/gps_publisher/install.log --install-scripts $base/lib/gps_publisher --single-version-externally-managed
