[3.770s] Invoking command in '/home/pimpmobile/ros2_ws/src/lidar': PYTHONPATH=/home/pimpmobile/ros2_ws/build/lidar/prefix_override:/usr/lib/python3/dist-packages/colcon_core/task/python/colcon_distutils_commands:/home/pimpmobile/ros2_ws/install/lidar/lib/python3.10/site-packages:${PYTHONPATH} /usr/bin/python3 -W ignore:setup.py install is deprecated setup.py egg_info --egg-base ../../build/lidar build --build-base /home/pimpmobile/ros2_ws/build/lidar/build install --record /home/pimpmobile/ros2_ws/build/lidar/install.log --install-scripts $base/lib/lidar --single-version-externally-managed install_data
[4.266s] /usr/lib/python3/dist-packages/setuptools/dist.py:723: UserWarning: Usage of dash-separated 'script-dir' will not be supported in future versions. Please use the underscore name 'script_dir' instead
[4.266s]   warnings.warn(
[4.285s] running egg_info
[4.286s] writing ../../build/lidar/lidar.egg-info/PKG-INFO
[4.287s] writing dependency_links to ../../build/lidar/lidar.egg-info/dependency_links.txt
[4.287s] writing entry points to ../../build/lidar/lidar.egg-info/entry_points.txt
[4.287s] writing requirements to ../../build/lidar/lidar.egg-info/requires.txt
[4.288s] writing top-level names to ../../build/lidar/lidar.egg-info/top_level.txt
[4.292s] reading manifest file '../../build/lidar/lidar.egg-info/SOURCES.txt'
[4.294s] writing manifest file '../../build/lidar/lidar.egg-info/SOURCES.txt'
[4.294s] running build
[4.294s] running build_py
[4.295s] running install
[4.296s] running install_lib
[4.299s] running install_data
[4.299s] running install_egg_info
[4.303s] removing '/home/pimpmobile/ros2_ws/install/lidar/lib/python3.10/site-packages/lidar-0.0.0-py3.10.egg-info' (and everything under it)
[4.304s] Copying ../../build/lidar/lidar.egg-info to /home/pimpmobile/ros2_ws/install/lidar/lib/python3.10/site-packages/lidar-0.0.0-py3.10.egg-info
[4.306s] running install_scripts
[4.354s] Installing lidar script to /home/pimpmobile/ros2_ws/install/lidar/lib/lidar
[4.354s] writing list of installed files to '/home/pimpmobile/ros2_ws/build/lidar/install.log'
[4.437s] Invoked command in '/home/pimpmobile/ros2_ws/src/lidar' returned '0': PYTHONPATH=/home/pimpmobile/ros2_ws/build/lidar/prefix_override:/usr/lib/python3/dist-packages/colcon_core/task/python/colcon_distutils_commands:/home/pimpmobile/ros2_ws/install/lidar/lib/python3.10/site-packages:${PYTHONPATH} /usr/bin/python3 -W ignore:setup.py install is deprecated setup.py egg_info --egg-base ../../build/lidar build --build-base /home/pimpmobile/ros2_ws/build/lidar/build install --record /home/pimpmobile/ros2_ws/build/lidar/install.log --install-scripts $base/lib/lidar --single-version-externally-managed install_data
