[4.557s] Invoking command in '/home/pimpmobile/ros2_ws/src/master': PYTHONPATH=/home/pimpmobile/ros2_ws/build/master/prefix_override:/home/pimpmobile/ros2_ws/install/master/lib/python3.8/site-packages:${PYTHONPATH} /usr/bin/python3 setup.py egg_info --egg-base ../../build/master build --build-base /home/pimpmobile/ros2_ws/build/master/build install --record /home/pimpmobile/ros2_ws/build/master/install.log --install-scripts $base/lib/master --single-version-externally-managed
[4.833s] /home/pimpmobile/.local/lib/python3.8/site-packages/setuptools/dist.py:472: SetuptoolsDeprecationWarning: Invalid dash-separated options
[4.833s] !!
[4.834s] 
[4.834s]         ********************************************************************************
[4.834s]         Usage of dash-separated 'script-dir' will not be supported in future
[4.834s]         versions. Please use the underscore name 'script_dir' instead.
[4.834s] 
[4.834s]         By 2024-Sep-26, you need to update your project and remove deprecated calls
[4.834s]         or your builds will no longer be supported.
[4.834s] 
[4.834s]         See https://setuptools.pypa.io/en/latest/userguide/declarative_config.html for details.
[4.835s]         ********************************************************************************
[4.835s] 
[4.835s] !!
[4.835s]   opt = self.warn_dash_deprecation(opt, section)
[5.079s] running egg_info
[5.115s] writing ../../build/master/master.egg-info/PKG-INFO
[5.116s] writing dependency_links to ../../build/master/master.egg-info/dependency_links.txt
[5.117s] writing entry points to ../../build/master/master.egg-info/entry_points.txt
[5.117s] writing requirements to ../../build/master/master.egg-info/requires.txt
[5.117s] writing top-level names to ../../build/master/master.egg-info/top_level.txt
[6.148s] writing manifest file '../../build/master/master.egg-info/SOURCES.txt'
[6.148s] running build
[6.149s] running build_py
[6.149s] copying master/stanley_controller.py -> /home/pimpmobile/ros2_ws/build/master/build/lib/master
[6.149s] copying master/__init__.py -> /home/pimpmobile/ros2_ws/build/master/build/lib/master
[6.150s] copying master/master_code.py -> /home/pimpmobile/ros2_ws/build/master/build/lib/master
[6.150s] copying master/odometry.py -> /home/pimpmobile/ros2_ws/build/master/build/lib/master
[6.150s] running install
[6.151s] /home/pimpmobile/.local/lib/python3.8/site-packages/setuptools/_distutils/cmd.py:66: SetuptoolsDeprecationWarning: setup.py install is deprecated.
[6.151s] !!
[6.152s] 
[6.152s]         ********************************************************************************
[6.152s]         Please avoid running ``setup.py`` directly.
[6.152s]         Instead, use pypa/build, pypa/installer or other
[6.152s]         standards-based tools.
[6.152s] 
[6.153s]         See https://blog.ganssle.io/articles/2021/10/setup-py-deprecated.html for details.
[6.153s]         ********************************************************************************
[6.153s] 
[6.153s] !!
[6.153s]   self.initialize_options()
[6.163s] running install_lib
[6.202s] copying /home/pimpmobile/ros2_ws/build/master/build/lib/master/master_code.py -> /home/pimpmobile/ros2_ws/install/master/lib/python3.8/site-packages/master
[6.203s] byte-compiling /home/pimpmobile/ros2_ws/install/master/lib/python3.8/site-packages/master/master_code.py to master_code.cpython-38.pyc
[6.206s] running install_data
[6.242s] copying resource/master -> /home/pimpmobile/ros2_ws/install/master/share/ament_index/resource_index/packages
[6.243s] copying package.xml -> /home/pimpmobile/ros2_ws/install/master/share/master
[6.243s] running install_egg_info
[6.279s] removing '/home/pimpmobile/ros2_ws/install/master/lib/python3.8/site-packages/master-0.0.0-py3.8.egg-info' (and everything under it)
[6.280s] Copying ../../build/master/master.egg-info to /home/pimpmobile/ros2_ws/install/master/lib/python3.8/site-packages/master-0.0.0-py3.8.egg-info
[6.282s] running install_scripts
[6.389s] Installing master script to /home/pimpmobile/ros2_ws/install/master/lib/master
[6.390s] writing list of installed files to '/home/pimpmobile/ros2_ws/build/master/install.log'
[6.471s] Invoked command in '/home/pimpmobile/ros2_ws/src/master' returned '0': PYTHONPATH=/home/pimpmobile/ros2_ws/build/master/prefix_override:/home/pimpmobile/ros2_ws/install/master/lib/python3.8/site-packages:${PYTHONPATH} /usr/bin/python3 setup.py egg_info --egg-base ../../build/master build --build-base /home/pimpmobile/ros2_ws/build/master/build install --record /home/pimpmobile/ros2_ws/build/master/install.log --install-scripts $base/lib/master --single-version-externally-managed
