[2.081s] Invoking command in '/home/pimpmobile/ros2_ws/src/master': PYTHONPATH=/home/pimpmobile/ros2_ws/build/master/prefix_override:/usr/lib/python3/dist-packages/colcon_core/task/python/colcon_distutils_commands:/home/pimpmobile/ros2_ws/install/master/lib/python3.8/site-packages:${PYTHONPATH} /usr/bin/python3 -W ignore:setup.py install is deprecated setup.py egg_info --egg-base ../../build/master build --build-base /home/pimpmobile/ros2_ws/build/master/build install --record /home/pimpmobile/ros2_ws/build/master/install.log --install-scripts $base/lib/master --single-version-externally-managed install_data
[2.367s] /home/pimpmobile/.local/lib/python3.8/site-packages/setuptools/dist.py:472: SetuptoolsDeprecationWarning: Invalid dash-separated options
[2.368s] !!
[2.368s] 
[2.368s]         ********************************************************************************
[2.369s]         Usage of dash-separated 'script-dir' will not be supported in future
[2.369s]         versions. Please use the underscore name 'script_dir' instead.
[2.369s] 
[2.369s]         See https://setuptools.pypa.io/en/latest/userguide/declarative_config.html for details.
[2.370s]         ********************************************************************************
[2.370s] 
[2.370s] !!
[2.370s]   opt = self.warn_dash_deprecation(opt, section)
[2.686s] running egg_info
[2.726s] writing ../../build/master/master.egg-info/PKG-INFO
[2.727s] writing dependency_links to ../../build/master/master.egg-info/dependency_links.txt
[2.728s] writing entry points to ../../build/master/master.egg-info/entry_points.txt
[2.728s] writing requirements to ../../build/master/master.egg-info/requires.txt
[2.728s] writing top-level names to ../../build/master/master.egg-info/top_level.txt
[3.966s] writing manifest file '../../build/master/master.egg-info/SOURCES.txt'
[3.967s] running build
[3.967s] running build_py
[3.968s] copying master/stanley_controller.py -> /home/pimpmobile/ros2_ws/build/master/build/lib/master
[3.968s] copying master/__init__.py -> /home/pimpmobile/ros2_ws/build/master/build/lib/master
[3.968s] copying master/gstreamer_host.py -> /home/pimpmobile/ros2_ws/build/master/build/lib/master
[3.969s] copying master/master_code.py -> /home/pimpmobile/ros2_ws/build/master/build/lib/master
[3.969s] copying master/odometry.py -> /home/pimpmobile/ros2_ws/build/master/build/lib/master
[3.970s] running install
[3.982s] running install_lib
[4.026s] copying /home/pimpmobile/ros2_ws/build/master/build/lib/master/gstreamer_host.py -> /home/pimpmobile/ros2_ws/install/master/lib/python3.8/site-packages/master
[4.028s] byte-compiling /home/pimpmobile/ros2_ws/install/master/lib/python3.8/site-packages/master/gstreamer_host.py to gstreamer_host.cpython-38.pyc
[4.030s] running install_data
[4.030s] copying resource/master -> /home/pimpmobile/ros2_ws/install/master/share/ament_index/resource_index/packages
[4.030s] copying package.xml -> /home/pimpmobile/ros2_ws/install/master/share/master
[4.031s] running install_egg_info
[4.073s] removing '/home/pimpmobile/ros2_ws/install/master/lib/python3.8/site-packages/master-0.0.0-py3.8.egg-info' (and everything under it)
[4.074s] Copying ../../build/master/master.egg-info to /home/pimpmobile/ros2_ws/install/master/lib/python3.8/site-packages/master-0.0.0-py3.8.egg-info
[4.075s] running install_scripts
[4.212s] Installing master script to /home/pimpmobile/ros2_ws/install/master/lib/master
[4.213s] writing list of installed files to '/home/pimpmobile/ros2_ws/build/master/install.log'
[4.293s] Invoked command in '/home/pimpmobile/ros2_ws/src/master' returned '0': PYTHONPATH=/home/pimpmobile/ros2_ws/build/master/prefix_override:/usr/lib/python3/dist-packages/colcon_core/task/python/colcon_distutils_commands:/home/pimpmobile/ros2_ws/install/master/lib/python3.8/site-packages:${PYTHONPATH} /usr/bin/python3 -W ignore:setup.py install is deprecated setup.py egg_info --egg-base ../../build/master build --build-base /home/pimpmobile/ros2_ws/build/master/build install --record /home/pimpmobile/ros2_ws/build/master/install.log --install-scripts $base/lib/master --single-version-externally-managed install_data
