running egg_info
writing ../../build/teleop_pm/teleop_pm.egg-info/PKG-INFO
writing dependency_links to ../../build/teleop_pm/teleop_pm.egg-info/dependency_links.txt
writing entry points to ../../build/teleop_pm/teleop_pm.egg-info/entry_points.txt
writing requirements to ../../build/teleop_pm/teleop_pm.egg-info/requires.txt
writing top-level names to ../../build/teleop_pm/teleop_pm.egg-info/top_level.txt
reading manifest file '../../build/teleop_pm/teleop_pm.egg-info/SOURCES.txt'
writing manifest file '../../build/teleop_pm/teleop_pm.egg-info/SOURCES.txt'
running build
running build_py
running install
running install_lib
running install_data
copying package.xml -> /home/pimpmobile/ros2_ws/install/teleop_pm/share/teleop_pm
running install_egg_info
removing '/home/pimpmobile/ros2_ws/install/teleop_pm/lib/python3.8/site-packages/teleop_pm-0.0.0-py3.8.egg-info' (and everything under it)
Copying ../../build/teleop_pm/teleop_pm.egg-info to /home/pimpmobile/ros2_ws/install/teleop_pm/lib/python3.8/site-packages/teleop_pm-0.0.0-py3.8.egg-info
running install_scripts
Installing tops script to /home/pimpmobile/ros2_ws/install/teleop_pm/lib/teleop_pm
writing list of installed files to '/home/pimpmobile/ros2_ws/build/teleop_pm/install.log'
