[16.256s] Invoking command in '/home/pimpmobile/ros2_ws/src/lidar': PYTHONPATH=/home/pimpmobile/ros2_ws/build/lidar/prefix_override:/home/pimpmobile/ros2_ws/install/lidar/lib/python3.8/site-packages:${PYTHONPATH} /usr/bin/python3 setup.py egg_info --egg-base ../../build/lidar build --build-base /home/pimpmobile/ros2_ws/build/lidar/build install --record /home/pimpmobile/ros2_ws/build/lidar/install.log --install-scripts $base/lib/lidar --single-version-externally-managed
[16.557s] /home/pimpmobile/.local/lib/python3.8/site-packages/setuptools/dist.py:472: SetuptoolsDeprecationWarning: Invalid dash-separated options
[16.557s] !!
[16.557s] 
[16.557s]         ********************************************************************************
[16.557s]         Usage of dash-separated 'script-dir' will not be supported in future
[16.558s]         versions. Please use the underscore name 'script_dir' instead.
[16.558s] 
[16.558s]         By 2024-Sep-26, you need to update your project and remove deprecated calls
[16.558s]         or your builds will no longer be supported.
[16.558s] 
[16.558s]         See https://setuptools.pypa.io/en/latest/userguide/declarative_config.html for details.
[16.558s]         ********************************************************************************
[16.558s] 
[16.559s] !!
[16.559s]   opt = self.warn_dash_deprecation(opt, section)
[16.827s] running egg_info
[16.868s] writing ../../build/lidar/lidar.egg-info/PKG-INFO
[16.869s] writing dependency_links to ../../build/lidar/lidar.egg-info/dependency_links.txt
[16.870s] writing entry points to ../../build/lidar/lidar.egg-info/entry_points.txt
[16.871s] writing requirements to ../../build/lidar/lidar.egg-info/requires.txt
[16.871s] writing top-level names to ../../build/lidar/lidar.egg-info/top_level.txt
[18.849s] writing manifest file '../../build/lidar/lidar.egg-info/SOURCES.txt'
[18.850s] running build
[18.850s] running build_py
[18.851s] copying lidar/__init__.py -> /home/pimpmobile/ros2_ws/build/lidar/build/lib/lidar
[18.851s] copying lidar/lidarsubscriber.py -> /home/pimpmobile/ros2_ws/build/lidar/build/lib/lidar
[18.852s] copying lidar/publisher_member_function.py -> /home/pimpmobile/ros2_ws/build/lidar/build/lib/lidar
[18.853s] running install
[18.855s] /home/pimpmobile/.local/lib/python3.8/site-packages/setuptools/_distutils/cmd.py:66: SetuptoolsDeprecationWarning: setup.py install is deprecated.
[18.855s] !!
[18.855s] 
[18.855s]         ********************************************************************************
[18.856s]         Please avoid running ``setup.py`` directly.
[18.856s]         Instead, use pypa/build, pypa/installer or other
[18.856s]         standards-based tools.
[18.856s] 
[18.856s]         See https://blog.ganssle.io/articles/2021/10/setup-py-deprecated.html for details.
[18.856s]         ********************************************************************************
[18.856s] 
[18.857s] !!
[18.857s]   self.initialize_options()
[18.865s] running install_lib
[18.906s] running install_data
[18.944s] copying resource/lidar -> /home/pimpmobile/ros2_ws/install/lidar/share/ament_index/resource_index/packages
[18.944s] copying package.xml -> /home/pimpmobile/ros2_ws/install/lidar/share/lidar
[18.945s] running install_egg_info
[18.983s] removing '/home/pimpmobile/ros2_ws/install/lidar/lib/python3.8/site-packages/lidar-0.0.0-py3.8.egg-info' (and everything under it)
[18.983s] Copying ../../build/lidar/lidar.egg-info to /home/pimpmobile/ros2_ws/install/lidar/lib/python3.8/site-packages/lidar-0.0.0-py3.8.egg-info
[18.986s] running install_scripts
[19.132s] Installing lidar_listener script to /home/pimpmobile/ros2_ws/install/lidar/lib/lidar
[19.133s] Installing lidar_talker script to /home/pimpmobile/ros2_ws/install/lidar/lib/lidar
[19.134s] writing list of installed files to '/home/pimpmobile/ros2_ws/build/lidar/install.log'
[20.701s] Invoked command in '/home/pimpmobile/ros2_ws/src/lidar' returned '0': PYTHONPATH=/home/pimpmobile/ros2_ws/build/lidar/prefix_override:/home/pimpmobile/ros2_ws/install/lidar/lib/python3.8/site-packages:${PYTHONPATH} /usr/bin/python3 setup.py egg_info --egg-base ../../build/lidar build --build-base /home/pimpmobile/ros2_ws/build/lidar/build install --record /home/pimpmobile/ros2_ws/build/lidar/install.log --install-scripts $base/lib/lidar --single-version-externally-managed
