running egg_info
creating ../../build/master/master.egg-info
writing ../../build/master/master.egg-info/PKG-INFO
writing dependency_links to ../../build/master/master.egg-info/dependency_links.txt
writing entry points to ../../build/master/master.egg-info/entry_points.txt
writing requirements to ../../build/master/master.egg-info/requires.txt
writing top-level names to ../../build/master/master.egg-info/top_level.txt
writing manifest file '../../build/master/master.egg-info/SOURCES.txt'
reading manifest file '../../build/master/master.egg-info/SOURCES.txt'
writing manifest file '../../build/master/master.egg-info/SOURCES.txt'
running build
running build_py
creating /home/pimpmobile/ros2_ws/build/master/build
creating /home/pimpmobile/ros2_ws/build/master/build/lib
creating /home/pimpmobile/ros2_ws/build/master/build/lib/master
copying master/__init__.py -> /home/pimpmobile/ros2_ws/build/master/build/lib/master
copying master/master_code.py -> /home/pimpmobile/ros2_ws/build/master/build/lib/master
running install
running install_lib
creating /home/pimpmobile/ros2_ws/install/master/lib/python3.8/site-packages/master
copying /home/pimpmobile/ros2_ws/build/master/build/lib/master/__init__.py -> /home/pimpmobile/ros2_ws/install/master/lib/python3.8/site-packages/master
copying /home/pimpmobile/ros2_ws/build/master/build/lib/master/master_code.py -> /home/pimpmobile/ros2_ws/install/master/lib/python3.8/site-packages/master
byte-compiling /home/pimpmobile/ros2_ws/install/master/lib/python3.8/site-packages/master/__init__.py to __init__.cpython-38.pyc
byte-compiling /home/pimpmobile/ros2_ws/install/master/lib/python3.8/site-packages/master/master_code.py to master_code.cpython-38.pyc
running install_data
creating /home/pimpmobile/ros2_ws/install/master/share/ament_index
creating /home/pimpmobile/ros2_ws/install/master/share/ament_index/resource_index
creating /home/pimpmobile/ros2_ws/install/master/share/ament_index/resource_index/packages
copying resource/master -> /home/pimpmobile/ros2_ws/install/master/share/ament_index/resource_index/packages
copying package.xml -> /home/pimpmobile/ros2_ws/install/master/share/master
running install_egg_info
Copying ../../build/master/master.egg-info to /home/pimpmobile/ros2_ws/install/master/lib/python3.8/site-packages/master-0.0.0-py3.8.egg-info
running install_scripts
Installing master script to /home/pimpmobile/ros2_ws/install/master/lib/master
writing list of installed files to '/home/pimpmobile/ros2_ws/build/master/install.log'
