[11.376s] Invoking command in '/home/pimpmobile/ros2_ws/src/slam': PYTHONPATH=/home/pimpmobile/ros2_ws/build/slam/prefix_override:/home/pimpmobile/ros2_ws/install/slam/lib/python3.8/site-packages:${PYTHONPATH} /usr/bin/python3 setup.py egg_info --egg-base ../../build/slam build --build-base /home/pimpmobile/ros2_ws/build/slam/build install --record /home/pimpmobile/ros2_ws/build/slam/install.log --install-scripts $base/lib/slam --single-version-externally-managed
[11.671s] /home/pimpmobile/.local/lib/python3.8/site-packages/setuptools/dist.py:472: SetuptoolsDeprecationWarning: Invalid dash-separated options
[11.671s] !!
[11.672s] 
[11.672s]         ********************************************************************************
[11.672s]         Usage of dash-separated 'script-dir' will not be supported in future
[11.672s]         versions. Please use the underscore name 'script_dir' instead.
[11.672s] 
[11.672s]         By 2024-Sep-26, you need to update your project and remove deprecated calls
[11.672s]         or your builds will no longer be supported.
[11.673s] 
[11.673s]         See https://setuptools.pypa.io/en/latest/userguide/declarative_config.html for details.
[11.673s]         ********************************************************************************
[11.673s] 
[11.673s] !!
[11.673s]   opt = self.warn_dash_deprecation(opt, section)
[11.896s] running egg_info
[11.936s] writing ../../build/slam/slam.egg-info/PKG-INFO
[11.936s] writing dependency_links to ../../build/slam/slam.egg-info/dependency_links.txt
[11.939s] writing entry points to ../../build/slam/slam.egg-info/entry_points.txt
[11.939s] writing requirements to ../../build/slam/slam.egg-info/requires.txt
[11.940s] writing top-level names to ../../build/slam/slam.egg-info/top_level.txt
[12.224s] reading manifest file '../../build/slam/slam.egg-info/SOURCES.txt'
[12.226s] writing manifest file '../../build/slam/slam.egg-info/SOURCES.txt'
[12.226s] running build
[12.226s] running build_py
[12.227s] copying slam/__init__.py -> /home/pimpmobile/ros2_ws/build/slam/build/lib/slam
[12.228s] copying slam/odometry.py -> /home/pimpmobile/ros2_ws/build/slam/build/lib/slam
[12.228s] running install
[12.229s] /home/pimpmobile/.local/lib/python3.8/site-packages/setuptools/_distutils/cmd.py:66: SetuptoolsDeprecationWarning: setup.py install is deprecated.
[12.229s] !!
[12.230s] 
[12.230s]         ********************************************************************************
[12.231s]         Please avoid running ``setup.py`` directly.
[12.231s]         Instead, use pypa/build, pypa/installer or other
[12.231s]         standards-based tools.
[12.232s] 
[12.233s]         See https://blog.ganssle.io/articles/2021/10/setup-py-deprecated.html for details.
[12.233s]         ********************************************************************************
[12.234s] 
[12.234s] !!
[12.235s]   self.initialize_options()
[12.239s] running install_lib
[12.295s] byte-compiling /home/pimpmobile/ros2_ws/install/slam/lib/python3.8/site-packages/slam/odometry.py to odometry.cpython-38.pyc
[12.295s] Sorry: IndentationError: expected an indented block (odometry.py, line 28)
[12.295s] running install_data
[12.315s] copying resource/slam -> /home/pimpmobile/ros2_ws/install/slam/share/ament_index/resource_index/packages
[12.315s] copying package.xml -> /home/pimpmobile/ros2_ws/install/slam/share/slam
[12.316s] running install_egg_info
[12.356s] removing '/home/pimpmobile/ros2_ws/install/slam/lib/python3.8/site-packages/slam-0.0.0-py3.8.egg-info' (and everything under it)
[12.357s] Copying ../../build/slam/slam.egg-info to /home/pimpmobile/ros2_ws/install/slam/lib/python3.8/site-packages/slam-0.0.0-py3.8.egg-info
[12.357s] running install_scripts
[12.466s] Installing odometry script to /home/pimpmobile/ros2_ws/install/slam/lib/slam
[12.468s] writing list of installed files to '/home/pimpmobile/ros2_ws/build/slam/install.log'
[13.220s] Invoked command in '/home/pimpmobile/ros2_ws/src/slam' returned '0': PYTHONPATH=/home/pimpmobile/ros2_ws/build/slam/prefix_override:/home/pimpmobile/ros2_ws/install/slam/lib/python3.8/site-packages:${PYTHONPATH} /usr/bin/python3 setup.py egg_info --egg-base ../../build/slam build --build-base /home/pimpmobile/ros2_ws/build/slam/build install --record /home/pimpmobile/ros2_ws/build/slam/install.log --install-scripts $base/lib/slam --single-version-externally-managed
