[4.341s] Invoking command in '/home/pimpmobile/ros2_ws/src/master': PYTHONPATH=/home/pimpmobile/ros2_ws/build/master/prefix_override:/home/pimpmobile/ros2_ws/install/master/lib/python3.8/site-packages:${PYTHONPATH} /usr/bin/python3 setup.py egg_info --egg-base ../../build/master build --build-base /home/pimpmobile/ros2_ws/build/master/build install --record /home/pimpmobile/ros2_ws/build/master/install.log --install-scripts $base/lib/master --single-version-externally-managed
[4.611s] /home/pimpmobile/.local/lib/python3.8/site-packages/setuptools/dist.py:472: SetuptoolsDeprecationWarning: Invalid dash-separated options
[4.612s] !!
[4.612s] 
[4.612s]         ********************************************************************************
[4.612s]         Usage of dash-separated 'script-dir' will not be supported in future
[4.612s]         versions. Please use the underscore name 'script_dir' instead.
[4.612s] 
[4.613s]         By 2024-Sep-26, you need to update your project and remove deprecated calls
[4.613s]         or your builds will no longer be supported.
[4.613s] 
[4.613s]         See https://setuptools.pypa.io/en/latest/userguide/declarative_config.html for details.
[4.613s]         ********************************************************************************
[4.613s] 
[4.613s] !!
[4.613s]   opt = self.warn_dash_deprecation(opt, section)
[4.828s] running egg_info
[4.862s] writing ../../build/master/master.egg-info/PKG-INFO
[4.863s] writing dependency_links to ../../build/master/master.egg-info/dependency_links.txt
[4.864s] writing entry points to ../../build/master/master.egg-info/entry_points.txt
[4.864s] writing requirements to ../../build/master/master.egg-info/requires.txt
[4.865s] writing top-level names to ../../build/master/master.egg-info/top_level.txt
[5.142s] reading manifest file '../../build/master/master.egg-info/SOURCES.txt'
[5.144s] writing manifest file '../../build/master/master.egg-info/SOURCES.txt'
[5.144s] running build
[5.145s] running build_py
[5.145s] copying master/__init__.py -> /home/pimpmobile/ros2_ws/build/master/build/lib/master
[5.145s] copying master/master_code.py -> /home/pimpmobile/ros2_ws/build/master/build/lib/master
[5.146s] running install
[5.146s] /home/pimpmobile/.local/lib/python3.8/site-packages/setuptools/_distutils/cmd.py:66: SetuptoolsDeprecationWarning: setup.py install is deprecated.
[5.147s] !!
[5.147s] 
[5.147s]         ********************************************************************************
[5.148s]         Please avoid running ``setup.py`` directly.
[5.148s]         Instead, use pypa/build, pypa/installer or other
[5.148s]         standards-based tools.
[5.148s] 
[5.149s]         See https://blog.ganssle.io/articles/2021/10/setup-py-deprecated.html for details.
[5.149s]         ********************************************************************************
[5.149s] 
[5.149s] !!
[5.149s]   self.initialize_options()
[5.157s] running install_lib
[5.194s] running install_data
[5.228s] copying resource/master -> /home/pimpmobile/ros2_ws/install/master/share/ament_index/resource_index/packages
[5.228s] copying package.xml -> /home/pimpmobile/ros2_ws/install/master/share/master
[5.228s] running install_egg_info
[5.265s] removing '/home/pimpmobile/ros2_ws/install/master/lib/python3.8/site-packages/master-0.0.0-py3.8.egg-info' (and everything under it)
[5.265s] Copying ../../build/master/master.egg-info to /home/pimpmobile/ros2_ws/install/master/lib/python3.8/site-packages/master-0.0.0-py3.8.egg-info
[5.267s] running install_scripts
[5.372s] Installing master script to /home/pimpmobile/ros2_ws/install/master/lib/master
[5.373s] writing list of installed files to '/home/pimpmobile/ros2_ws/build/master/install.log'
[5.445s] Invoked command in '/home/pimpmobile/ros2_ws/src/master' returned '0': PYTHONPATH=/home/pimpmobile/ros2_ws/build/master/prefix_override:/home/pimpmobile/ros2_ws/install/master/lib/python3.8/site-packages:${PYTHONPATH} /usr/bin/python3 setup.py egg_info --egg-base ../../build/master build --build-base /home/pimpmobile/ros2_ws/build/master/build install --record /home/pimpmobile/ros2_ws/build/master/install.log --install-scripts $base/lib/master --single-version-externally-managed
