[16.487s] Invoking command in '/home/pimpmobile/ros2_ws/src/lidar': PYTHONPATH=/home/pimpmobile/ros2_ws/build/lidar/prefix_override:/home/pimpmobile/ros2_ws/install/lidar/lib/python3.8/site-packages:${PYTHONPATH} /usr/bin/python3 setup.py egg_info --egg-base ../../build/lidar build --build-base /home/pimpmobile/ros2_ws/build/lidar/build install --record /home/pimpmobile/ros2_ws/build/lidar/install.log --install-scripts $base/lib/lidar --single-version-externally-managed
[16.803s] /home/pimpmobile/.local/lib/python3.8/site-packages/setuptools/dist.py:472: SetuptoolsDeprecationWarning: Invalid dash-separated options
[16.804s] !!
[16.804s] 
[16.804s]         ********************************************************************************
[16.804s]         Usage of dash-separated 'script-dir' will not be supported in future
[16.805s]         versions. Please use the underscore name 'script_dir' instead.
[16.805s] 
[16.805s]         By 2024-Sep-26, you need to update your project and remove deprecated calls
[16.805s]         or your builds will no longer be supported.
[16.805s] 
[16.805s]         See https://setuptools.pypa.io/en/latest/userguide/declarative_config.html for details.
[16.805s]         ********************************************************************************
[16.805s] 
[16.806s] !!
[16.806s]   opt = self.warn_dash_deprecation(opt, section)
[17.083s] running egg_info
[17.119s] writing ../../build/lidar/lidar.egg-info/PKG-INFO
[17.120s] writing dependency_links to ../../build/lidar/lidar.egg-info/dependency_links.txt
[17.121s] writing entry points to ../../build/lidar/lidar.egg-info/entry_points.txt
[17.122s] writing requirements to ../../build/lidar/lidar.egg-info/requires.txt
[17.122s] writing top-level names to ../../build/lidar/lidar.egg-info/top_level.txt
[19.586s] writing manifest file '../../build/lidar/lidar.egg-info/SOURCES.txt'
[19.587s] running build
[19.587s] running build_py
[19.589s] copying lidar/__init__.py -> /home/pimpmobile/ros2_ws/build/lidar/build/lib/lidar
[19.590s] copying lidar/lidarsubscriber.py -> /home/pimpmobile/ros2_ws/build/lidar/build/lib/lidar
[19.597s] copying lidar/publisher_member_function.py -> /home/pimpmobile/ros2_ws/build/lidar/build/lib/lidar
[19.601s] running install
[19.607s] /home/pimpmobile/.local/lib/python3.8/site-packages/setuptools/_distutils/cmd.py:66: SetuptoolsDeprecationWarning: setup.py install is deprecated.
[19.607s] !!
[19.607s] 
[19.607s]         ********************************************************************************
[19.607s]         Please avoid running ``setup.py`` directly.
[19.607s]         Instead, use pypa/build, pypa/installer or other
[19.618s]         standards-based tools.
[19.618s] 
[19.619s]         See https://blog.ganssle.io/articles/2021/10/setup-py-deprecated.html for details.
[19.619s]         ********************************************************************************
[19.619s] 
[19.619s] !!
[19.619s]   self.initialize_options()
[19.620s] running install_lib
[19.648s] running install_data
[19.688s] copying resource/lidar -> /home/pimpmobile/ros2_ws/install/lidar/share/ament_index/resource_index/packages
[19.689s] copying package.xml -> /home/pimpmobile/ros2_ws/install/lidar/share/lidar
[19.690s] running install_egg_info
[19.729s] removing '/home/pimpmobile/ros2_ws/install/lidar/lib/python3.8/site-packages/lidar-0.0.0-py3.8.egg-info' (and everything under it)
[19.730s] Copying ../../build/lidar/lidar.egg-info to /home/pimpmobile/ros2_ws/install/lidar/lib/python3.8/site-packages/lidar-0.0.0-py3.8.egg-info
[19.732s] running install_scripts
[19.948s] Installing lidar_listener script to /home/pimpmobile/ros2_ws/install/lidar/lib/lidar
[19.951s] Installing lidar_talker script to /home/pimpmobile/ros2_ws/install/lidar/lib/lidar
[19.952s] writing list of installed files to '/home/pimpmobile/ros2_ws/build/lidar/install.log'
[22.308s] Invoked command in '/home/pimpmobile/ros2_ws/src/lidar' returned '0': PYTHONPATH=/home/pimpmobile/ros2_ws/build/lidar/prefix_override:/home/pimpmobile/ros2_ws/install/lidar/lib/python3.8/site-packages:${PYTHONPATH} /usr/bin/python3 setup.py egg_info --egg-base ../../build/lidar build --build-base /home/pimpmobile/ros2_ws/build/lidar/build install --record /home/pimpmobile/ros2_ws/build/lidar/install.log --install-scripts $base/lib/lidar --single-version-externally-managed
