[2.495s] Invoking command in '/home/pimpmobile/ros2_ws/src/lidar': PYTHONPATH=/home/pimpmobile/ros2_ws/build/lidar/prefix_override:/home/pimpmobile/ros2_ws/install/lidar/lib/python3.8/site-packages:${PYTHONPATH} /usr/bin/python3 setup.py egg_info --egg-base ../../build/lidar build --build-base /home/pimpmobile/ros2_ws/build/lidar/build install --record /home/pimpmobile/ros2_ws/build/lidar/install.log --install-scripts $base/lib/lidar --single-version-externally-managed
[2.948s] running egg_info
[2.949s] writing ../../build/lidar/lidar.egg-info/PKG-INFO
[2.950s] writing dependency_links to ../../build/lidar/lidar.egg-info/dependency_links.txt
[2.950s] writing entry points to ../../build/lidar/lidar.egg-info/entry_points.txt
[2.951s] writing requirements to ../../build/lidar/lidar.egg-info/requires.txt
[2.951s] writing top-level names to ../../build/lidar/lidar.egg-info/top_level.txt
[3.013s] reading manifest file '../../build/lidar/lidar.egg-info/SOURCES.txt'
[3.014s] writing manifest file '../../build/lidar/lidar.egg-info/SOURCES.txt'
[3.015s] running build
[3.015s] running build_py
[3.015s] running install
[3.017s] running install_lib
[3.020s] running install_data
[3.021s] running install_egg_info
[3.024s] removing '/home/pimpmobile/ros2_ws/install/lidar/lib/python3.8/site-packages/lidar-0.0.0-py3.8.egg-info' (and everything under it)
[3.025s] Copying ../../build/lidar/lidar.egg-info to /home/pimpmobile/ros2_ws/install/lidar/lib/python3.8/site-packages/lidar-0.0.0-py3.8.egg-info
[3.026s] running install_scripts
[3.061s] Installing combined_launch script to /home/pimpmobile/ros2_ws/install/lidar/lib/lidar
[3.061s] Installing lidar_listener script to /home/pimpmobile/ros2_ws/install/lidar/lib/lidar
[3.062s] Installing lidar_talker script to /home/pimpmobile/ros2_ws/install/lidar/lib/lidar
[3.062s] writing list of installed files to '/home/pimpmobile/ros2_ws/build/lidar/install.log'
[3.118s] Invoked command in '/home/pimpmobile/ros2_ws/src/lidar' returned '0': PYTHONPATH=/home/pimpmobile/ros2_ws/build/lidar/prefix_override:/home/pimpmobile/ros2_ws/install/lidar/lib/python3.8/site-packages:${PYTHONPATH} /usr/bin/python3 setup.py egg_info --egg-base ../../build/lidar build --build-base /home/pimpmobile/ros2_ws/build/lidar/build install --record /home/pimpmobile/ros2_ws/build/lidar/install.log --install-scripts $base/lib/lidar --single-version-externally-managed
