[2.099s] Invoking command in '/home/pimpmobile/ros2_ws/src/master': PYTHONPATH=/home/pimpmobile/ros2_ws/build/master/prefix_override:/usr/lib/python3/dist-packages/colcon_core/task/python/colcon_distutils_commands:/home/pimpmobile/ros2_ws/install/master/lib/python3.8/site-packages:${PYTHONPATH} /usr/bin/python3 -W ignore:setup.py install is deprecated setup.py egg_info --egg-base ../../build/master build --build-base /home/pimpmobile/ros2_ws/build/master/build install --record /home/pimpmobile/ros2_ws/build/master/install.log --install-scripts $base/lib/master --single-version-externally-managed install_data
[2.386s] /home/pimpmobile/.local/lib/python3.8/site-packages/setuptools/dist.py:472: SetuptoolsDeprecationWarning: Invalid dash-separated options
[2.386s] !!
[2.386s] 
[2.386s]         ********************************************************************************
[2.386s]         Usage of dash-separated 'script-dir' will not be supported in future
[2.387s]         versions. Please use the underscore name 'script_dir' instead.
[2.387s] 
[2.387s]         By 2024-Sep-26, you need to update your project and remove deprecated calls
[2.387s]         or your builds will no longer be supported.
[2.387s] 
[2.387s]         See https://setuptools.pypa.io/en/latest/userguide/declarative_config.html for details.
[2.387s]         ********************************************************************************
[2.388s] 
[2.388s] !!
[2.388s]   opt = self.warn_dash_deprecation(opt, section)
[2.706s] running egg_info
[2.746s] writing ../../build/master/master.egg-info/PKG-INFO
[2.747s] writing dependency_links to ../../build/master/master.egg-info/dependency_links.txt
[2.747s] writing entry points to ../../build/master/master.egg-info/entry_points.txt
[2.748s] writing requirements to ../../build/master/master.egg-info/requires.txt
[2.748s] writing top-level names to ../../build/master/master.egg-info/top_level.txt
[4.016s] writing manifest file '../../build/master/master.egg-info/SOURCES.txt'
[4.017s] running build
[4.017s] running build_py
[4.017s] copying master/stanley_controller.py -> /home/pimpmobile/ros2_ws/build/master/build/lib/master
[4.018s] copying master/__init__.py -> /home/pimpmobile/ros2_ws/build/master/build/lib/master
[4.018s] copying master/gstreamer_host.py -> /home/pimpmobile/ros2_ws/build/master/build/lib/master
[4.018s] copying master/master_code.py -> /home/pimpmobile/ros2_ws/build/master/build/lib/master
[4.019s] copying master/odometry.py -> /home/pimpmobile/ros2_ws/build/master/build/lib/master
[4.019s] running install
[4.032s] running install_lib
[4.075s] copying /home/pimpmobile/ros2_ws/build/master/build/lib/master/stanley_controller.py -> /home/pimpmobile/ros2_ws/install/master/lib/python3.8/site-packages/master
[4.076s] copying /home/pimpmobile/ros2_ws/build/master/build/lib/master/master_code.py -> /home/pimpmobile/ros2_ws/install/master/lib/python3.8/site-packages/master
[4.077s] byte-compiling /home/pimpmobile/ros2_ws/install/master/lib/python3.8/site-packages/master/stanley_controller.py to stanley_controller.cpython-38.pyc
[4.079s] byte-compiling /home/pimpmobile/ros2_ws/install/master/lib/python3.8/site-packages/master/master_code.py to master_code.cpython-38.pyc
[4.082s] running install_data
[4.082s] copying resource/master -> /home/pimpmobile/ros2_ws/install/master/share/ament_index/resource_index/packages
[4.082s] copying package.xml -> /home/pimpmobile/ros2_ws/install/master/share/master
[4.083s] running install_egg_info
[4.125s] removing '/home/pimpmobile/ros2_ws/install/master/lib/python3.8/site-packages/master-0.0.0-py3.8.egg-info' (and everything under it)
[4.126s] Copying ../../build/master/master.egg-info to /home/pimpmobile/ros2_ws/install/master/lib/python3.8/site-packages/master-0.0.0-py3.8.egg-info
[4.128s] running install_scripts
[4.265s] Installing master script to /home/pimpmobile/ros2_ws/install/master/lib/master
[4.266s] writing list of installed files to '/home/pimpmobile/ros2_ws/build/master/install.log'
[4.343s] Invoked command in '/home/pimpmobile/ros2_ws/src/master' returned '0': PYTHONPATH=/home/pimpmobile/ros2_ws/build/master/prefix_override:/usr/lib/python3/dist-packages/colcon_core/task/python/colcon_distutils_commands:/home/pimpmobile/ros2_ws/install/master/lib/python3.8/site-packages:${PYTHONPATH} /usr/bin/python3 -W ignore:setup.py install is deprecated setup.py egg_info --egg-base ../../build/master build --build-base /home/pimpmobile/ros2_ws/build/master/build install --record /home/pimpmobile/ros2_ws/build/master/install.log --install-scripts $base/lib/master --single-version-externally-managed install_data
