[4.623s] Invoking command in '/home/pimpmobile/ros2_ws/src/master': PYTHONPATH=/home/pimpmobile/ros2_ws/build/master/prefix_override:/home/pimpmobile/ros2_ws/install/master/lib/python3.8/site-packages:${PYTHONPATH} /usr/bin/python3 setup.py egg_info --egg-base ../../build/master build --build-base /home/pimpmobile/ros2_ws/build/master/build install --record /home/pimpmobile/ros2_ws/build/master/install.log --install-scripts $base/lib/master --single-version-externally-managed
[4.909s] /home/pimpmobile/.local/lib/python3.8/site-packages/setuptools/dist.py:472: SetuptoolsDeprecationWarning: Invalid dash-separated options
[4.909s] !!
[4.909s] 
[4.909s]         ********************************************************************************
[4.909s]         Usage of dash-separated 'script-dir' will not be supported in future
[4.909s]         versions. Please use the underscore name 'script_dir' instead.
[4.909s] 
[4.910s]         By 2024-Sep-26, you need to update your project and remove deprecated calls
[4.910s]         or your builds will no longer be supported.
[4.910s] 
[4.910s]         See https://setuptools.pypa.io/en/latest/userguide/declarative_config.html for details.
[4.910s]         ********************************************************************************
[4.910s] 
[4.910s] !!
[4.910s]   opt = self.warn_dash_deprecation(opt, section)
[5.165s] running egg_info
[5.201s] writing ../../build/master/master.egg-info/PKG-INFO
[5.202s] writing dependency_links to ../../build/master/master.egg-info/dependency_links.txt
[5.203s] writing entry points to ../../build/master/master.egg-info/entry_points.txt
[5.203s] writing requirements to ../../build/master/master.egg-info/requires.txt
[5.204s] writing top-level names to ../../build/master/master.egg-info/top_level.txt
[6.250s] writing manifest file '../../build/master/master.egg-info/SOURCES.txt'
[6.250s] running build
[6.251s] running build_py
[6.251s] copying master/stanley_controller.py -> /home/pimpmobile/ros2_ws/build/master/build/lib/master
[6.252s] copying master/__init__.py -> /home/pimpmobile/ros2_ws/build/master/build/lib/master
[6.252s] copying master/master_code.py -> /home/pimpmobile/ros2_ws/build/master/build/lib/master
[6.252s] copying master/odometry.py -> /home/pimpmobile/ros2_ws/build/master/build/lib/master
[6.253s] running install
[6.254s] /home/pimpmobile/.local/lib/python3.8/site-packages/setuptools/_distutils/cmd.py:66: SetuptoolsDeprecationWarning: setup.py install is deprecated.
[6.254s] !!
[6.254s] 
[6.254s]         ********************************************************************************
[6.254s]         Please avoid running ``setup.py`` directly.
[6.254s]         Instead, use pypa/build, pypa/installer or other
[6.255s]         standards-based tools.
[6.255s] 
[6.255s]         See https://blog.ganssle.io/articles/2021/10/setup-py-deprecated.html for details.
[6.255s]         ********************************************************************************
[6.255s] 
[6.255s] !!
[6.255s]   self.initialize_options()
[6.265s] running install_lib
[6.304s] copying /home/pimpmobile/ros2_ws/build/master/build/lib/master/master_code.py -> /home/pimpmobile/ros2_ws/install/master/lib/python3.8/site-packages/master
[6.306s] byte-compiling /home/pimpmobile/ros2_ws/install/master/lib/python3.8/site-packages/master/master_code.py to master_code.cpython-38.pyc
[6.308s] running install_data
[6.346s] copying resource/master -> /home/pimpmobile/ros2_ws/install/master/share/ament_index/resource_index/packages
[6.346s] copying package.xml -> /home/pimpmobile/ros2_ws/install/master/share/master
[6.346s] running install_egg_info
[6.382s] removing '/home/pimpmobile/ros2_ws/install/master/lib/python3.8/site-packages/master-0.0.0-py3.8.egg-info' (and everything under it)
[6.383s] Copying ../../build/master/master.egg-info to /home/pimpmobile/ros2_ws/install/master/lib/python3.8/site-packages/master-0.0.0-py3.8.egg-info
[6.385s] running install_scripts
[6.492s] Installing master script to /home/pimpmobile/ros2_ws/install/master/lib/master
[6.493s] writing list of installed files to '/home/pimpmobile/ros2_ws/build/master/install.log'
[6.572s] Invoked command in '/home/pimpmobile/ros2_ws/src/master' returned '0': PYTHONPATH=/home/pimpmobile/ros2_ws/build/master/prefix_override:/home/pimpmobile/ros2_ws/install/master/lib/python3.8/site-packages:${PYTHONPATH} /usr/bin/python3 setup.py egg_info --egg-base ../../build/master build --build-base /home/pimpmobile/ros2_ws/build/master/build install --record /home/pimpmobile/ros2_ws/build/master/install.log --install-scripts $base/lib/master --single-version-externally-managed
