[12.783s] Invoking command in '/home/pimpmobile/ros2_ws/src/gps_publisher': PYTHONPATH=/home/pimpmobile/ros2_ws/build/gps_publisher/prefix_override:/home/pimpmobile/ros2_ws/install/gps_publisher/lib/python3.8/site-packages:${PYTHONPATH} /usr/bin/python3 setup.py egg_info --egg-base ../../build/gps_publisher build --build-base /home/pimpmobile/ros2_ws/build/gps_publisher/build install --record /home/pimpmobile/ros2_ws/build/gps_publisher/install.log --install-scripts $base/lib/gps_publisher --single-version-externally-managed
[13.100s] /home/pimpmobile/.local/lib/python3.8/site-packages/setuptools/dist.py:472: SetuptoolsDeprecationWarning: Invalid dash-separated options
[13.100s] !!
[13.100s] 
[13.100s]         ********************************************************************************
[13.100s]         Usage of dash-separated 'script-dir' will not be supported in future
[13.100s]         versions. Please use the underscore name 'script_dir' instead.
[13.100s] 
[13.101s]         By 2024-Sep-26, you need to update your project and remove deprecated calls
[13.101s]         or your builds will no longer be supported.
[13.101s] 
[13.101s]         See https://setuptools.pypa.io/en/latest/userguide/declarative_config.html for details.
[13.101s]         ********************************************************************************
[13.101s] 
[13.101s] !!
[13.102s]   opt = self.warn_dash_deprecation(opt, section)
[13.331s] running egg_info
[13.369s] writing ../../build/gps_publisher/gps_publisher.egg-info/PKG-INFO
[13.371s] writing dependency_links to ../../build/gps_publisher/gps_publisher.egg-info/dependency_links.txt
[13.372s] writing entry points to ../../build/gps_publisher/gps_publisher.egg-info/entry_points.txt
[13.373s] writing requirements to ../../build/gps_publisher/gps_publisher.egg-info/requires.txt
[13.374s] writing top-level names to ../../build/gps_publisher/gps_publisher.egg-info/top_level.txt
[13.676s] reading manifest file '../../build/gps_publisher/gps_publisher.egg-info/SOURCES.txt'
[13.680s] writing manifest file '../../build/gps_publisher/gps_publisher.egg-info/SOURCES.txt'
[13.680s] running build
[13.682s] running build_py
[13.683s] copying gps_publisher/__init__.py -> /home/pimpmobile/ros2_ws/build/gps_publisher/build/lib/gps_publisher
[13.684s] copying gps_publisher/gps.py -> /home/pimpmobile/ros2_ws/build/gps_publisher/build/lib/gps_publisher
[13.685s] running install
[13.685s] /home/pimpmobile/.local/lib/python3.8/site-packages/setuptools/_distutils/cmd.py:66: SetuptoolsDeprecationWarning: setup.py install is deprecated.
[13.686s] !!
[13.686s] 
[13.687s]         ********************************************************************************
[13.688s]         Please avoid running ``setup.py`` directly.
[13.689s]         Instead, use pypa/build, pypa/installer or other
[13.690s]         standards-based tools.
[13.690s] 
[13.691s]         See https://blog.ganssle.io/articles/2021/10/setup-py-deprecated.html for details.
[13.691s]         ********************************************************************************
[13.692s] 
[13.692s] !!
[13.692s]   self.initialize_options()
[13.695s] running install_lib
[13.737s] running install_data
[13.774s] copying resource/gps_publisher -> /home/pimpmobile/ros2_ws/install/gps_publisher/share/ament_index/resource_index/packages
[13.775s] copying package.xml -> /home/pimpmobile/ros2_ws/install/gps_publisher/share/gps_publisher
[13.777s] running install_egg_info
[13.813s] removing '/home/pimpmobile/ros2_ws/install/gps_publisher/lib/python3.8/site-packages/gps_publisher-0.0.0-py3.8.egg-info' (and everything under it)
[13.817s] Copying ../../build/gps_publisher/gps_publisher.egg-info to /home/pimpmobile/ros2_ws/install/gps_publisher/lib/python3.8/site-packages/gps_publisher-0.0.0-py3.8.egg-info
[13.819s] running install_scripts
[13.938s] Installing gps script to /home/pimpmobile/ros2_ws/install/gps_publisher/lib/gps_publisher
[13.939s] writing list of installed files to '/home/pimpmobile/ros2_ws/build/gps_publisher/install.log'
[19.554s] Invoked command in '/home/pimpmobile/ros2_ws/src/gps_publisher' returned '0': PYTHONPATH=/home/pimpmobile/ros2_ws/build/gps_publisher/prefix_override:/home/pimpmobile/ros2_ws/install/gps_publisher/lib/python3.8/site-packages:${PYTHONPATH} /usr/bin/python3 setup.py egg_info --egg-base ../../build/gps_publisher build --build-base /home/pimpmobile/ros2_ws/build/gps_publisher/build install --record /home/pimpmobile/ros2_ws/build/gps_publisher/install.log --install-scripts $base/lib/gps_publisher --single-version-externally-managed
