[2.573s] Invoking command in '/home/pimpmobile/ros2_ws/src/lidar': PYTHONPATH=/home/pimpmobile/ros2_ws/build/lidar/prefix_override:/home/pimpmobile/ros2_ws/install/lidar/lib/python3.8/site-packages:${PYTHONPATH} /usr/bin/python3 setup.py egg_info --egg-base ../../build/lidar build --build-base /home/pimpmobile/ros2_ws/build/lidar/build install --record /home/pimpmobile/ros2_ws/build/lidar/install.log --install-scripts $base/lib/lidar --single-version-externally-managed
[3.065s] running egg_info
[3.066s] writing ../../build/lidar/lidar.egg-info/PKG-INFO
[3.067s] writing dependency_links to ../../build/lidar/lidar.egg-info/dependency_links.txt
[3.067s] writing entry points to ../../build/lidar/lidar.egg-info/entry_points.txt
[3.068s] writing requirements to ../../build/lidar/lidar.egg-info/requires.txt
[3.068s] writing top-level names to ../../build/lidar/lidar.egg-info/top_level.txt
[3.133s] reading manifest file '../../build/lidar/lidar.egg-info/SOURCES.txt'
[3.135s] writing manifest file '../../build/lidar/lidar.egg-info/SOURCES.txt'
[3.135s] running build
[3.135s] running build_py
[3.135s] copying lidar/subscriber_member_function.py -> /home/pimpmobile/ros2_ws/build/lidar/build/lib/lidar
[3.136s] running install
[3.138s] running install_lib
[3.140s] copying /home/pimpmobile/ros2_ws/build/lidar/build/lib/lidar/subscriber_member_function.py -> /home/pimpmobile/ros2_ws/install/lidar/lib/python3.8/site-packages/lidar
[3.141s] byte-compiling /home/pimpmobile/ros2_ws/install/lidar/lib/python3.8/site-packages/lidar/subscriber_member_function.py to subscriber_member_function.cpython-38.pyc
[3.144s] running install_data
[3.145s] running install_egg_info
[3.149s] removing '/home/pimpmobile/ros2_ws/install/lidar/lib/python3.8/site-packages/lidar-0.0.0-py3.8.egg-info' (and everything under it)
[3.149s] Copying ../../build/lidar/lidar.egg-info to /home/pimpmobile/ros2_ws/install/lidar/lib/python3.8/site-packages/lidar-0.0.0-py3.8.egg-info
[3.152s] running install_scripts
[3.190s] Installing lidar_listener script to /home/pimpmobile/ros2_ws/install/lidar/lib/lidar
[3.190s] Installing lidar_talker script to /home/pimpmobile/ros2_ws/install/lidar/lib/lidar
[3.191s] writing list of installed files to '/home/pimpmobile/ros2_ws/build/lidar/install.log'
[3.250s] Invoked command in '/home/pimpmobile/ros2_ws/src/lidar' returned '0': PYTHONPATH=/home/pimpmobile/ros2_ws/build/lidar/prefix_override:/home/pimpmobile/ros2_ws/install/lidar/lib/python3.8/site-packages:${PYTHONPATH} /usr/bin/python3 setup.py egg_info --egg-base ../../build/lidar build --build-base /home/pimpmobile/ros2_ws/build/lidar/build install --record /home/pimpmobile/ros2_ws/build/lidar/install.log --install-scripts $base/lib/lidar --single-version-externally-managed
