[2.464s] Invoking command in '/home/pimpmobile/ros2_ws/src/lidar': PYTHONPATH=/home/pimpmobile/ros2_ws/build/lidar/prefix_override:/home/pimpmobile/ros2_ws/install/lidar/lib/python3.8/site-packages:${PYTHONPATH} /usr/bin/python3 setup.py egg_info --egg-base ../../build/lidar build --build-base /home/pimpmobile/ros2_ws/build/lidar/build install --record /home/pimpmobile/ros2_ws/build/lidar/install.log --install-scripts $base/lib/lidar --single-version-externally-managed
[2.914s] running egg_info
[2.916s] writing ../../build/lidar/lidar.egg-info/PKG-INFO
[2.916s] writing dependency_links to ../../build/lidar/lidar.egg-info/dependency_links.txt
[2.916s] writing entry points to ../../build/lidar/lidar.egg-info/entry_points.txt
[2.917s] writing requirements to ../../build/lidar/lidar.egg-info/requires.txt
[2.917s] writing top-level names to ../../build/lidar/lidar.egg-info/top_level.txt
[2.980s] reading manifest file '../../build/lidar/lidar.egg-info/SOURCES.txt'
[2.981s] writing manifest file '../../build/lidar/lidar.egg-info/SOURCES.txt'
[2.981s] running build
[2.982s] running build_py
[2.982s] copying lidar/subscriber_member_function.py -> /home/pimpmobile/ros2_ws/build/lidar/build/lib/lidar
[2.982s] running install
[2.984s] running install_lib
[2.986s] copying /home/pimpmobile/ros2_ws/build/lidar/build/lib/lidar/subscriber_member_function.py -> /home/pimpmobile/ros2_ws/install/lidar/lib/python3.8/site-packages/lidar
[2.987s] byte-compiling /home/pimpmobile/ros2_ws/install/lidar/lib/python3.8/site-packages/lidar/subscriber_member_function.py to subscriber_member_function.cpython-38.pyc
[2.990s] running install_data
[2.991s] running install_egg_info
[2.994s] removing '/home/pimpmobile/ros2_ws/install/lidar/lib/python3.8/site-packages/lidar-0.0.0-py3.8.egg-info' (and everything under it)
[2.995s] Copying ../../build/lidar/lidar.egg-info to /home/pimpmobile/ros2_ws/install/lidar/lib/python3.8/site-packages/lidar-0.0.0-py3.8.egg-info
[2.996s] running install_scripts
[3.031s] Installing lidar_listener script to /home/pimpmobile/ros2_ws/install/lidar/lib/lidar
[3.031s] Installing lidar_talker script to /home/pimpmobile/ros2_ws/install/lidar/lib/lidar
[3.032s] writing list of installed files to '/home/pimpmobile/ros2_ws/build/lidar/install.log'
[3.088s] Invoked command in '/home/pimpmobile/ros2_ws/src/lidar' returned '0': PYTHONPATH=/home/pimpmobile/ros2_ws/build/lidar/prefix_override:/home/pimpmobile/ros2_ws/install/lidar/lib/python3.8/site-packages:${PYTHONPATH} /usr/bin/python3 setup.py egg_info --egg-base ../../build/lidar build --build-base /home/pimpmobile/ros2_ws/build/lidar/build install --record /home/pimpmobile/ros2_ws/build/lidar/install.log --install-scripts $base/lib/lidar --single-version-externally-managed
