running egg_info
writing ../../build/teleop_python/teleop_python.egg-info/PKG-INFO
writing dependency_links to ../../build/teleop_python/teleop_python.egg-info/dependency_links.txt
writing entry points to ../../build/teleop_python/teleop_python.egg-info/entry_points.txt
writing requirements to ../../build/teleop_python/teleop_python.egg-info/requires.txt
writing top-level names to ../../build/teleop_python/teleop_python.egg-info/top_level.txt
reading manifest file '../../build/teleop_python/teleop_python.egg-info/SOURCES.txt'
writing manifest file '../../build/teleop_python/teleop_python.egg-info/SOURCES.txt'
running build
running build_py
copying teleop_python/teleop_subscriber_pimpmobile.py -> /home/pimpmobile/ros2_ws/build/teleop_python/build/lib/teleop_python
running install
running install_lib
copying /home/pimpmobile/ros2_ws/build/teleop_python/build/lib/teleop_python/teleop_subscriber_pimpmobile.py -> /home/pimpmobile/ros2_ws/install/teleop_python/lib/python3.8/site-packages/teleop_python
byte-compiling /home/pimpmobile/ros2_ws/install/teleop_python/lib/python3.8/site-packages/teleop_python/teleop_subscriber_pimpmobile.py to teleop_subscriber_pimpmobile.cpython-38.pyc
running install_data
running install_egg_info
removing '/home/pimpmobile/ros2_ws/install/teleop_python/lib/python3.8/site-packages/teleop_python-0.0.0-py3.8.egg-info' (and everything under it)
Copying ../../build/teleop_python/teleop_python.egg-info to /home/pimpmobile/ros2_ws/install/teleop_python/lib/python3.8/site-packages/teleop_python-0.0.0-py3.8.egg-info
running install_scripts
Installing talker script to /home/pimpmobile/ros2_ws/install/teleop_python/lib/teleop_python
Installing teleop_sub script to /home/pimpmobile/ros2_ws/install/teleop_python/lib/teleop_python
writing list of installed files to '/home/pimpmobile/ros2_ws/build/teleop_python/install.log'
