[2.487s] Invoking command in '/home/pimpmobile/ros2_ws/src/teleop_python': PYTHONPATH=/home/pimpmobile/ros2_ws/build/teleop_python/prefix_override:/home/pimpmobile/ros2_ws/install/teleop_python/lib/python3.8/site-packages:${PYTHONPATH} /usr/bin/python3 setup.py egg_info --egg-base ../../build/teleop_python build --build-base /home/pimpmobile/ros2_ws/build/teleop_python/build install --record /home/pimpmobile/ros2_ws/build/teleop_python/install.log --install-scripts $base/lib/teleop_python --single-version-externally-managed
[2.938s] running egg_info
[2.939s] writing ../../build/teleop_python/teleop_python.egg-info/PKG-INFO
[2.940s] writing dependency_links to ../../build/teleop_python/teleop_python.egg-info/dependency_links.txt
[2.940s] writing entry points to ../../build/teleop_python/teleop_python.egg-info/entry_points.txt
[2.941s] writing requirements to ../../build/teleop_python/teleop_python.egg-info/requires.txt
[2.941s] writing top-level names to ../../build/teleop_python/teleop_python.egg-info/top_level.txt
[3.003s] reading manifest file '../../build/teleop_python/teleop_python.egg-info/SOURCES.txt'
[3.004s] writing manifest file '../../build/teleop_python/teleop_python.egg-info/SOURCES.txt'
[3.005s] running build
[3.005s] running build_py
[3.006s] copying teleop_python/teleop_subscriber_pimpmobile.py -> /home/pimpmobile/ros2_ws/build/teleop_python/build/lib/teleop_python
[3.006s] running install
[3.007s] running install_lib
[3.009s] copying /home/pimpmobile/ros2_ws/build/teleop_python/build/lib/teleop_python/teleop_subscriber_pimpmobile.py -> /home/pimpmobile/ros2_ws/install/teleop_python/lib/python3.8/site-packages/teleop_python
[3.010s] byte-compiling /home/pimpmobile/ros2_ws/install/teleop_python/lib/python3.8/site-packages/teleop_python/teleop_subscriber_pimpmobile.py to teleop_subscriber_pimpmobile.cpython-38.pyc
[3.013s] running install_data
[3.014s] running install_egg_info
[3.017s] removing '/home/pimpmobile/ros2_ws/install/teleop_python/lib/python3.8/site-packages/teleop_python-0.0.0-py3.8.egg-info' (and everything under it)
[3.017s] Copying ../../build/teleop_python/teleop_python.egg-info to /home/pimpmobile/ros2_ws/install/teleop_python/lib/python3.8/site-packages/teleop_python-0.0.0-py3.8.egg-info
[3.020s] running install_scripts
[3.053s] Installing talker script to /home/pimpmobile/ros2_ws/install/teleop_python/lib/teleop_python
[3.054s] Installing teleop_sub script to /home/pimpmobile/ros2_ws/install/teleop_python/lib/teleop_python
[3.055s] writing list of installed files to '/home/pimpmobile/ros2_ws/build/teleop_python/install.log'
[3.110s] Invoked command in '/home/pimpmobile/ros2_ws/src/teleop_python' returned '0': PYTHONPATH=/home/pimpmobile/ros2_ws/build/teleop_python/prefix_override:/home/pimpmobile/ros2_ws/install/teleop_python/lib/python3.8/site-packages:${PYTHONPATH} /usr/bin/python3 setup.py egg_info --egg-base ../../build/teleop_python build --build-base /home/pimpmobile/ros2_ws/build/teleop_python/build install --record /home/pimpmobile/ros2_ws/build/teleop_python/install.log --install-scripts $base/lib/teleop_python --single-version-externally-managed
