[2.937s] Invoking command in '/home/pimpmobile/ros2_ws/src/lidar': PYTHONPATH=/home/pimpmobile/ros2_ws/build/lidar/prefix_override:/usr/lib/python3/dist-packages/colcon_core/task/python/colcon_distutils_commands:/home/pimpmobile/ros2_ws/install/lidar/lib/python3.10/site-packages:${PYTHONPATH} /usr/bin/python3 -W ignore:setup.py install is deprecated setup.py egg_info --egg-base ../../build/lidar build --build-base /home/pimpmobile/ros2_ws/build/lidar/build install --record /home/pimpmobile/ros2_ws/build/lidar/install.log --install-scripts $base/lib/lidar --single-version-externally-managed install_data
[3.404s] /usr/lib/python3/dist-packages/setuptools/dist.py:723: UserWarning: Usage of dash-separated 'script-dir' will not be supported in future versions. Please use the underscore name 'script_dir' instead
[3.404s]   warnings.warn(
[3.423s] running egg_info
[3.424s] writing ../../build/lidar/lidar.egg-info/PKG-INFO
[3.425s] writing dependency_links to ../../build/lidar/lidar.egg-info/dependency_links.txt
[3.425s] writing entry points to ../../build/lidar/lidar.egg-info/entry_points.txt
[3.425s] writing requirements to ../../build/lidar/lidar.egg-info/requires.txt
[3.426s] writing top-level names to ../../build/lidar/lidar.egg-info/top_level.txt
[3.430s] reading manifest file '../../build/lidar/lidar.egg-info/SOURCES.txt'
[3.432s] writing manifest file '../../build/lidar/lidar.egg-info/SOURCES.txt'
[3.432s] running build
[3.433s] running build_py
[3.433s] copying lidar/lidarsubscriber.py -> /home/pimpmobile/ros2_ws/build/lidar/build/lib/lidar
[3.434s] copying lidar/__init__.py -> /home/pimpmobile/ros2_ws/build/lidar/build/lib/lidar
[3.435s] running install
[3.435s] running install_lib
[3.436s] creating /home/pimpmobile/ros2_ws/install/lidar/lib/python3.10/site-packages/lidar
[3.437s] copying /home/pimpmobile/ros2_ws/build/lidar/build/lib/lidar/publisher_member_function.py -> /home/pimpmobile/ros2_ws/install/lidar/lib/python3.10/site-packages/lidar
[3.437s] copying /home/pimpmobile/ros2_ws/build/lidar/build/lib/lidar/lidar_subscriber_node.py -> /home/pimpmobile/ros2_ws/install/lidar/lib/python3.10/site-packages/lidar
[3.437s] copying /home/pimpmobile/ros2_ws/build/lidar/build/lib/lidar/lidarsubscriber.py -> /home/pimpmobile/ros2_ws/install/lidar/lib/python3.10/site-packages/lidar
[3.437s] copying /home/pimpmobile/ros2_ws/build/lidar/build/lib/lidar/subscriber_member_function.py -> /home/pimpmobile/ros2_ws/install/lidar/lib/python3.10/site-packages/lidar
[3.438s] copying /home/pimpmobile/ros2_ws/build/lidar/build/lib/lidar/__init__.py -> /home/pimpmobile/ros2_ws/install/lidar/lib/python3.10/site-packages/lidar
[3.438s] byte-compiling /home/pimpmobile/ros2_ws/install/lidar/lib/python3.10/site-packages/lidar/publisher_member_function.py to publisher_member_function.cpython-310.pyc
[3.439s] byte-compiling /home/pimpmobile/ros2_ws/install/lidar/lib/python3.10/site-packages/lidar/lidar_subscriber_node.py to lidar_subscriber_node.cpython-310.pyc
[3.440s] byte-compiling /home/pimpmobile/ros2_ws/install/lidar/lib/python3.10/site-packages/lidar/lidarsubscriber.py to lidarsubscriber.cpython-310.pyc
[3.441s] byte-compiling /home/pimpmobile/ros2_ws/install/lidar/lib/python3.10/site-packages/lidar/subscriber_member_function.py to subscriber_member_function.cpython-310.pyc
[3.443s] byte-compiling /home/pimpmobile/ros2_ws/install/lidar/lib/python3.10/site-packages/lidar/__init__.py to __init__.cpython-310.pyc
[3.443s] running install_data
[3.444s] copying resource/lidar -> /home/pimpmobile/ros2_ws/install/lidar/share/ament_index/resource_index/packages
[3.444s] copying package.xml -> /home/pimpmobile/ros2_ws/install/lidar/share/lidar
[3.444s] running install_egg_info
[3.449s] Copying ../../build/lidar/lidar.egg-info to /home/pimpmobile/ros2_ws/install/lidar/lib/python3.10/site-packages/lidar-0.0.0-py3.10.egg-info
[3.451s] running install_scripts
[3.497s] Installing lidar script to /home/pimpmobile/ros2_ws/install/lidar/lib/lidar
[3.498s] writing list of installed files to '/home/pimpmobile/ros2_ws/build/lidar/install.log'
[3.603s] Invoked command in '/home/pimpmobile/ros2_ws/src/lidar' returned '0': PYTHONPATH=/home/pimpmobile/ros2_ws/build/lidar/prefix_override:/usr/lib/python3/dist-packages/colcon_core/task/python/colcon_distutils_commands:/home/pimpmobile/ros2_ws/install/lidar/lib/python3.10/site-packages:${PYTHONPATH} /usr/bin/python3 -W ignore:setup.py install is deprecated setup.py egg_info --egg-base ../../build/lidar build --build-base /home/pimpmobile/ros2_ws/build/lidar/build install --record /home/pimpmobile/ros2_ws/build/lidar/install.log --install-scripts $base/lib/lidar --single-version-externally-managed install_data
