[5.045s] Invoking command in '/home/pimpmobile/ros2_ws/src/teleop_pm': AMENT_PREFIX_PATH=/home/pimpmobile/ros2_ws/install/lidar:/home/pimpmobile/ldlidar_ros2_ws/install/ldlidar_stl_ros2:/home/pimpmobile/ros2_ws/install/turtlesim:/home/pimpmobile/ros2_ws/install/teleop_pm:/home/pimpmobile/ros2_ws/install/slam:/home/pimpmobile/ros2_ws/install/odometry:/home/pimpmobile/ros2_ws/install/master:/home/pimpmobile/ros2_ws/install/gps_publisher:/opt/ros/foxy PYTHONPATH=/home/pimpmobile/ros2_ws/build/teleop_pm/prefix_override:/home/pimpmobile/ros2_ws/install/teleop_pm/lib/python3.8/site-packages:/home/pimpmobile/ros2_ws/install/lidar/lib/python3.8/site-packages:/home/pimpmobile/ros2_ws/install/turtlesim/lib/python3.8/site-packages:/home/pimpmobile/ros2_ws/install/teleop_pm/lib/python3.8/site-packages:/home/pimpmobile/ros2_ws/install/slam/lib/python3.8/site-packages:/home/pimpmobile/ros2_ws/install/odometry/lib/python3.8/site-packages:/home/pimpmobile/ros2_ws/install/master/lib/python3.8/site-packages:/home/pimpmobile/ros2_ws/install/gps_publisher/lib/python3.8/site-packages:/opt/ros/foxy/lib/python3.8/site-packages /usr/bin/python3 setup.py egg_info --egg-base ../../build/teleop_pm build --build-base /home/pimpmobile/ros2_ws/build/teleop_pm/build install --record /home/pimpmobile/ros2_ws/build/teleop_pm/install.log --install-scripts $base/lib/teleop_pm --single-version-externally-managed
[5.310s] /home/pimpmobile/.local/lib/python3.8/site-packages/setuptools/dist.py:472: SetuptoolsDeprecationWarning: Invalid dash-separated options
[5.310s] !!
[5.310s] 
[5.310s]         ********************************************************************************
[5.310s]         Usage of dash-separated 'script-dir' will not be supported in future
[5.311s]         versions. Please use the underscore name 'script_dir' instead.
[5.311s] 
[5.311s]         By 2024-Sep-26, you need to update your project and remove deprecated calls
[5.311s]         or your builds will no longer be supported.
[5.311s] 
[5.311s]         See https://setuptools.pypa.io/en/latest/userguide/declarative_config.html for details.
[5.311s]         ********************************************************************************
[5.311s] 
[5.312s] !!
[5.312s]   opt = self.warn_dash_deprecation(opt, section)
[5.526s] running egg_info
[5.560s] writing ../../build/teleop_pm/teleop_pm.egg-info/PKG-INFO
[5.561s] writing dependency_links to ../../build/teleop_pm/teleop_pm.egg-info/dependency_links.txt
[5.562s] writing entry points to ../../build/teleop_pm/teleop_pm.egg-info/entry_points.txt
[5.562s] writing requirements to ../../build/teleop_pm/teleop_pm.egg-info/requires.txt
[5.562s] writing top-level names to ../../build/teleop_pm/teleop_pm.egg-info/top_level.txt
[5.843s] reading manifest file '../../build/teleop_pm/teleop_pm.egg-info/SOURCES.txt'
[5.844s] writing manifest file '../../build/teleop_pm/teleop_pm.egg-info/SOURCES.txt'
[5.844s] running build
[5.845s] running build_py
[5.845s] copying teleop_pm/__init__.py -> /home/pimpmobile/ros2_ws/build/teleop_pm/build/lib/teleop_pm
[5.845s] copying teleop_pm/teleopserial.py -> /home/pimpmobile/ros2_ws/build/teleop_pm/build/lib/teleop_pm
[5.846s] running install
[5.847s] /home/pimpmobile/.local/lib/python3.8/site-packages/setuptools/_distutils/cmd.py:66: SetuptoolsDeprecationWarning: setup.py install is deprecated.
[5.847s] !!
[5.847s] 
[5.847s]         ********************************************************************************
[5.848s]         Please avoid running ``setup.py`` directly.
[5.848s]         Instead, use pypa/build, pypa/installer or other
[5.848s]         standards-based tools.
[5.848s] 
[5.849s]         See https://blog.ganssle.io/articles/2021/10/setup-py-deprecated.html for details.
[5.849s]         ********************************************************************************
[5.849s] 
[5.849s] !!
[5.849s]   self.initialize_options()
[5.858s] running install_lib
[5.894s] running install_data
[5.929s] copying resource/teleop_pm -> /home/pimpmobile/ros2_ws/install/teleop_pm/share/ament_index/resource_index/packages
[5.929s] copying package.xml -> /home/pimpmobile/ros2_ws/install/teleop_pm/share/teleop_pm
[5.929s] running install_egg_info
[5.965s] removing '/home/pimpmobile/ros2_ws/install/teleop_pm/lib/python3.8/site-packages/teleop_pm-0.0.0-py3.8.egg-info' (and everything under it)
[5.966s] Copying ../../build/teleop_pm/teleop_pm.egg-info to /home/pimpmobile/ros2_ws/install/teleop_pm/lib/python3.8/site-packages/teleop_pm-0.0.0-py3.8.egg-info
[5.968s] running install_scripts
[6.073s] Installing tops script to /home/pimpmobile/ros2_ws/install/teleop_pm/lib/teleop_pm
[6.074s] writing list of installed files to '/home/pimpmobile/ros2_ws/build/teleop_pm/install.log'
[6.146s] Invoked command in '/home/pimpmobile/ros2_ws/src/teleop_pm' returned '0': AMENT_PREFIX_PATH=/home/pimpmobile/ros2_ws/install/lidar:/home/pimpmobile/ldlidar_ros2_ws/install/ldlidar_stl_ros2:/home/pimpmobile/ros2_ws/install/turtlesim:/home/pimpmobile/ros2_ws/install/teleop_pm:/home/pimpmobile/ros2_ws/install/slam:/home/pimpmobile/ros2_ws/install/odometry:/home/pimpmobile/ros2_ws/install/master:/home/pimpmobile/ros2_ws/install/gps_publisher:/opt/ros/foxy PYTHONPATH=/home/pimpmobile/ros2_ws/build/teleop_pm/prefix_override:/home/pimpmobile/ros2_ws/install/teleop_pm/lib/python3.8/site-packages:/home/pimpmobile/ros2_ws/install/lidar/lib/python3.8/site-packages:/home/pimpmobile/ros2_ws/install/turtlesim/lib/python3.8/site-packages:/home/pimpmobile/ros2_ws/install/teleop_pm/lib/python3.8/site-packages:/home/pimpmobile/ros2_ws/install/slam/lib/python3.8/site-packages:/home/pimpmobile/ros2_ws/install/odometry/lib/python3.8/site-packages:/home/pimpmobile/ros2_ws/install/master/lib/python3.8/site-packages:/home/pimpmobile/ros2_ws/install/gps_publisher/lib/python3.8/site-packages:/opt/ros/foxy/lib/python3.8/site-packages /usr/bin/python3 setup.py egg_info --egg-base ../../build/teleop_pm build --build-base /home/pimpmobile/ros2_ws/build/teleop_pm/build install --record /home/pimpmobile/ros2_ws/build/teleop_pm/install.log --install-scripts $base/lib/teleop_pm --single-version-externally-managed
