[13.831s] DEBUG:colcon:Command line arguments: ['/usr/bin/colcon', 'build', '--packages-select', 'gps_publisher']
[13.831s] DEBUG:colcon:Parsed command line arguments: Namespace(allow_overriding=[], ament_cmake_args=None, base_paths=['.'], build_base='build', catkin_cmake_args=None, catkin_skip_building_tests=False, cmake_args=None, cmake_clean_cache=False, cmake_clean_first=False, cmake_force_configure=False, cmake_target=None, cmake_target_skip_unavailable=False, continue_on_error=False, event_handlers=None, executor='parallel', ignore_user_meta=False, install_base='install', log_base=None, log_level=None, main=<bound method BuildVerb.main of <colcon_core.verb.build.BuildVerb object at 0xffffb6cc81f0>>, merge_install=False, metas=['./colcon.meta'], packages_above=None, packages_above_and_dependencies=None, packages_above_depth=None, packages_end=None, packages_ignore=None, packages_ignore_regex=None, packages_select=['gps_publisher'], packages_select_build_failed=False, packages_select_by_dep=None, packages_select_regex=None, packages_select_test_failures=False, packages_skip=None, packages_skip_build_finished=False, packages_skip_by_dep=None, packages_skip_regex=None, packages_skip_test_passed=False, packages_skip_up_to=None, packages_start=None, packages_up_to=None, packages_up_to_regex=None, parallel_workers=6, paths=None, symlink_install=False, test_result_base=None, verb_extension=<colcon_core.verb.build.BuildVerb object at 0xffffb6cc81f0>, verb_name='build', verb_parser=<colcon_defaults.argument_parser.defaults.DefaultArgumentsDecorator object at 0xffffb6cc8700>)
[14.401s] Level 1:colcon.colcon_core.package_discovery:discover_packages(colcon_meta) check parameters
[14.401s] Level 1:colcon.colcon_core.package_discovery:discover_packages(recursive) check parameters
[14.401s] Level 1:colcon.colcon_core.package_discovery:discover_packages(ignore) check parameters
[14.401s] Level 1:colcon.colcon_core.package_discovery:discover_packages(path) check parameters
[14.402s] Level 1:colcon.colcon_core.package_discovery:discover_packages(colcon_meta) discover
[14.402s] Level 1:colcon.colcon_core.package_discovery:discover_packages(recursive) discover
[14.402s] INFO:colcon.colcon_core.package_discovery:Crawling recursively for packages in '/home/pimpmobile/ros2_ws'
[14.402s] Level 1:colcon.colcon_core.package_identification:_identify(.) by extensions ['ignore', 'ignore_ament_install']
[14.402s] Level 1:colcon.colcon_core.package_identification:_identify(.) by extension 'ignore'
[14.402s] Level 1:colcon.colcon_core.package_identification:_identify(.) by extension 'ignore_ament_install'
[14.403s] Level 1:colcon.colcon_core.package_identification:_identify(.) by extensions ['colcon_pkg']
[14.403s] Level 1:colcon.colcon_core.package_identification:_identify(.) by extension 'colcon_pkg'
[14.403s] Level 1:colcon.colcon_core.package_identification:_identify(.) by extensions ['colcon_meta']
[14.403s] Level 1:colcon.colcon_core.package_identification:_identify(.) by extension 'colcon_meta'
[14.403s] Level 1:colcon.colcon_core.package_identification:_identify(.) by extensions ['ros']
[14.403s] Level 1:colcon.colcon_core.package_identification:_identify(.) by extension 'ros'
[14.433s] Level 1:colcon.colcon_core.package_identification:_identify(.) by extensions ['cmake', 'python']
[14.433s] Level 1:colcon.colcon_core.package_identification:_identify(.) by extension 'cmake'
[14.433s] Level 1:colcon.colcon_core.package_identification:_identify(.) by extension 'python'
[14.433s] Level 1:colcon.colcon_core.package_identification:_identify(.) by extensions ['python_setup_py']
[14.433s] Level 1:colcon.colcon_core.package_identification:_identify(.) by extension 'python_setup_py'
[14.433s] Level 1:colcon.colcon_core.package_identification:_identify(build) by extensions ['ignore', 'ignore_ament_install']
[14.434s] Level 1:colcon.colcon_core.package_identification:_identify(build) by extension 'ignore'
[14.434s] Level 1:colcon.colcon_core.package_identification:_identify(build) ignored
[14.434s] Level 1:colcon.colcon_core.package_identification:_identify(install) by extensions ['ignore', 'ignore_ament_install']
[14.434s] Level 1:colcon.colcon_core.package_identification:_identify(install) by extension 'ignore'
[14.434s] Level 1:colcon.colcon_core.package_identification:_identify(install) ignored
[14.435s] Level 1:colcon.colcon_core.package_identification:_identify(log) by extensions ['ignore', 'ignore_ament_install']
[14.435s] Level 1:colcon.colcon_core.package_identification:_identify(log) by extension 'ignore'
[14.435s] Level 1:colcon.colcon_core.package_identification:_identify(log) ignored
[14.436s] Level 1:colcon.colcon_core.package_identification:_identify(src) by extensions ['ignore', 'ignore_ament_install']
[14.436s] Level 1:colcon.colcon_core.package_identification:_identify(src) by extension 'ignore'
[14.436s] Level 1:colcon.colcon_core.package_identification:_identify(src) by extension 'ignore_ament_install'
[14.436s] Level 1:colcon.colcon_core.package_identification:_identify(src) by extensions ['colcon_pkg']
[14.436s] Level 1:colcon.colcon_core.package_identification:_identify(src) by extension 'colcon_pkg'
[14.436s] Level 1:colcon.colcon_core.package_identification:_identify(src) by extensions ['colcon_meta']
[14.436s] Level 1:colcon.colcon_core.package_identification:_identify(src) by extension 'colcon_meta'
[14.436s] Level 1:colcon.colcon_core.package_identification:_identify(src) by extensions ['ros']
[14.437s] Level 1:colcon.colcon_core.package_identification:_identify(src) by extension 'ros'
[14.437s] Level 1:colcon.colcon_core.package_identification:_identify(src) by extensions ['cmake', 'python']
[14.437s] Level 1:colcon.colcon_core.package_identification:_identify(src) by extension 'cmake'
[14.437s] Level 1:colcon.colcon_core.package_identification:_identify(src) by extension 'python'
[14.437s] Level 1:colcon.colcon_core.package_identification:_identify(src) by extensions ['python_setup_py']
[14.437s] Level 1:colcon.colcon_core.package_identification:_identify(src) by extension 'python_setup_py'
[14.437s] Level 1:colcon.colcon_core.package_identification:_identify(src/build) by extensions ['ignore', 'ignore_ament_install']
[14.437s] Level 1:colcon.colcon_core.package_identification:_identify(src/build) by extension 'ignore'
[14.437s] Level 1:colcon.colcon_core.package_identification:_identify(src/build) ignored
[14.438s] Level 1:colcon.colcon_core.package_identification:_identify(src/gps_publisher) by extensions ['ignore', 'ignore_ament_install']
[14.438s] Level 1:colcon.colcon_core.package_identification:_identify(src/gps_publisher) by extension 'ignore'
[14.438s] Level 1:colcon.colcon_core.package_identification:_identify(src/gps_publisher) by extension 'ignore_ament_install'
[14.438s] Level 1:colcon.colcon_core.package_identification:_identify(src/gps_publisher) by extensions ['colcon_pkg']
[14.438s] Level 1:colcon.colcon_core.package_identification:_identify(src/gps_publisher) by extension 'colcon_pkg'
[14.438s] Level 1:colcon.colcon_core.package_identification:_identify(src/gps_publisher) by extensions ['colcon_meta']
[14.438s] Level 1:colcon.colcon_core.package_identification:_identify(src/gps_publisher) by extension 'colcon_meta'
[14.438s] Level 1:colcon.colcon_core.package_identification:_identify(src/gps_publisher) by extensions ['ros']
[14.438s] Level 1:colcon.colcon_core.package_identification:_identify(src/gps_publisher) by extension 'ros'
[14.469s] DEBUG:colcon.colcon_core.package_identification:Package 'src/gps_publisher' with type 'ros.ament_python' and name 'gps_publisher'
[14.470s] Level 1:colcon.colcon_core.package_identification:_identify(src/install) by extensions ['ignore', 'ignore_ament_install']
[14.470s] Level 1:colcon.colcon_core.package_identification:_identify(src/install) by extension 'ignore'
[14.470s] Level 1:colcon.colcon_core.package_identification:_identify(src/install) ignored
[14.470s] Level 1:colcon.colcon_core.package_identification:_identify(src/lidar) by extensions ['ignore', 'ignore_ament_install']
[14.471s] Level 1:colcon.colcon_core.package_identification:_identify(src/lidar) by extension 'ignore'
[14.471s] Level 1:colcon.colcon_core.package_identification:_identify(src/lidar) by extension 'ignore_ament_install'
[14.471s] Level 1:colcon.colcon_core.package_identification:_identify(src/lidar) by extensions ['colcon_pkg']
[14.471s] Level 1:colcon.colcon_core.package_identification:_identify(src/lidar) by extension 'colcon_pkg'
[14.471s] Level 1:colcon.colcon_core.package_identification:_identify(src/lidar) by extensions ['colcon_meta']
[14.471s] Level 1:colcon.colcon_core.package_identification:_identify(src/lidar) by extension 'colcon_meta'
[14.471s] Level 1:colcon.colcon_core.package_identification:_identify(src/lidar) by extensions ['ros']
[14.471s] Level 1:colcon.colcon_core.package_identification:_identify(src/lidar) by extension 'ros'
[14.472s] DEBUG:colcon.colcon_core.package_identification:Package 'src/lidar' with type 'ros.ament_python' and name 'lidar'
[14.473s] Level 1:colcon.colcon_core.package_identification:_identify(src/log) by extensions ['ignore', 'ignore_ament_install']
[14.473s] Level 1:colcon.colcon_core.package_identification:_identify(src/log) by extension 'ignore'
[14.473s] Level 1:colcon.colcon_core.package_identification:_identify(src/log) ignored
[14.473s] Level 1:colcon.colcon_core.package_identification:_identify(src/master) by extensions ['ignore', 'ignore_ament_install']
[14.473s] Level 1:colcon.colcon_core.package_identification:_identify(src/master) by extension 'ignore'
[14.474s] Level 1:colcon.colcon_core.package_identification:_identify(src/master) by extension 'ignore_ament_install'
[14.474s] Level 1:colcon.colcon_core.package_identification:_identify(src/master) by extensions ['colcon_pkg']
[14.474s] Level 1:colcon.colcon_core.package_identification:_identify(src/master) by extension 'colcon_pkg'
[14.474s] Level 1:colcon.colcon_core.package_identification:_identify(src/master) by extensions ['colcon_meta']
[14.474s] Level 1:colcon.colcon_core.package_identification:_identify(src/master) by extension 'colcon_meta'
[14.474s] Level 1:colcon.colcon_core.package_identification:_identify(src/master) by extensions ['ros']
[14.474s] Level 1:colcon.colcon_core.package_identification:_identify(src/master) by extension 'ros'
[14.475s] DEBUG:colcon.colcon_core.package_identification:Package 'src/master' with type 'ros.ament_python' and name 'master'
[14.475s] Level 1:colcon.colcon_core.package_identification:_identify(src/ros_tutorials) by extensions ['ignore', 'ignore_ament_install']
[14.476s] Level 1:colcon.colcon_core.package_identification:_identify(src/ros_tutorials) by extension 'ignore'
[14.476s] Level 1:colcon.colcon_core.package_identification:_identify(src/ros_tutorials) by extension 'ignore_ament_install'
[14.476s] Level 1:colcon.colcon_core.package_identification:_identify(src/ros_tutorials) by extensions ['colcon_pkg']
[14.476s] Level 1:colcon.colcon_core.package_identification:_identify(src/ros_tutorials) by extension 'colcon_pkg'
[14.476s] Level 1:colcon.colcon_core.package_identification:_identify(src/ros_tutorials) by extensions ['colcon_meta']
[14.476s] Level 1:colcon.colcon_core.package_identification:_identify(src/ros_tutorials) by extension 'colcon_meta'
[14.476s] Level 1:colcon.colcon_core.package_identification:_identify(src/ros_tutorials) by extensions ['ros']
[14.476s] Level 1:colcon.colcon_core.package_identification:_identify(src/ros_tutorials) by extension 'ros'
[14.476s] Level 1:colcon.colcon_core.package_identification:_identify(src/ros_tutorials) by extensions ['cmake', 'python']
[14.477s] Level 1:colcon.colcon_core.package_identification:_identify(src/ros_tutorials) by extension 'cmake'
[14.477s] Level 1:colcon.colcon_core.package_identification:_identify(src/ros_tutorials) by extension 'python'
[14.477s] Level 1:colcon.colcon_core.package_identification:_identify(src/ros_tutorials) by extensions ['python_setup_py']
[14.477s] Level 1:colcon.colcon_core.package_identification:_identify(src/ros_tutorials) by extension 'python_setup_py'
[14.477s] Level 1:colcon.colcon_core.package_identification:_identify(src/ros_tutorials/ros_tutorials) by extensions ['ignore', 'ignore_ament_install']
[14.477s] Level 1:colcon.colcon_core.package_identification:_identify(src/ros_tutorials/ros_tutorials) by extension 'ignore'
[14.477s] Level 1:colcon.colcon_core.package_identification:_identify(src/ros_tutorials/ros_tutorials) ignored
[14.478s] Level 1:colcon.colcon_core.package_identification:_identify(src/ros_tutorials/roscpp_tutorials) by extensions ['ignore', 'ignore_ament_install']
[14.478s] Level 1:colcon.colcon_core.package_identification:_identify(src/ros_tutorials/roscpp_tutorials) by extension 'ignore'
[14.478s] Level 1:colcon.colcon_core.package_identification:_identify(src/ros_tutorials/roscpp_tutorials) ignored
[14.478s] Level 1:colcon.colcon_core.package_identification:_identify(src/ros_tutorials/rospy_tutorials) by extensions ['ignore', 'ignore_ament_install']
[14.478s] Level 1:colcon.colcon_core.package_identification:_identify(src/ros_tutorials/rospy_tutorials) by extension 'ignore'
[14.478s] Level 1:colcon.colcon_core.package_identification:_identify(src/ros_tutorials/rospy_tutorials) ignored
[14.479s] Level 1:colcon.colcon_core.package_identification:_identify(src/ros_tutorials/turtlesim) by extensions ['ignore', 'ignore_ament_install']
[14.479s] Level 1:colcon.colcon_core.package_identification:_identify(src/ros_tutorials/turtlesim) by extension 'ignore'
[14.479s] Level 1:colcon.colcon_core.package_identification:_identify(src/ros_tutorials/turtlesim) by extension 'ignore_ament_install'
[14.479s] Level 1:colcon.colcon_core.package_identification:_identify(src/ros_tutorials/turtlesim) by extensions ['colcon_pkg']
[14.479s] Level 1:colcon.colcon_core.package_identification:_identify(src/ros_tutorials/turtlesim) by extension 'colcon_pkg'
[14.479s] Level 1:colcon.colcon_core.package_identification:_identify(src/ros_tutorials/turtlesim) by extensions ['colcon_meta']
[14.479s] Level 1:colcon.colcon_core.package_identification:_identify(src/ros_tutorials/turtlesim) by extension 'colcon_meta'
[14.479s] Level 1:colcon.colcon_core.package_identification:_identify(src/ros_tutorials/turtlesim) by extensions ['ros']
[14.479s] Level 1:colcon.colcon_core.package_identification:_identify(src/ros_tutorials/turtlesim) by extension 'ros'
[14.481s] DEBUG:colcon.colcon_core.package_identification:Package 'src/ros_tutorials/turtlesim' with type 'ros.ament_cmake' and name 'turtlesim'
[14.482s] Level 1:colcon.colcon_core.package_identification:_identify(src/slam) by extensions ['ignore', 'ignore_ament_install']
[14.482s] Level 1:colcon.colcon_core.package_identification:_identify(src/slam) by extension 'ignore'
[14.482s] Level 1:colcon.colcon_core.package_identification:_identify(src/slam) by extension 'ignore_ament_install'
[14.482s] Level 1:colcon.colcon_core.package_identification:_identify(src/slam) by extensions ['colcon_pkg']
[14.482s] Level 1:colcon.colcon_core.package_identification:_identify(src/slam) by extension 'colcon_pkg'
[14.482s] Level 1:colcon.colcon_core.package_identification:_identify(src/slam) by extensions ['colcon_meta']
[14.482s] Level 1:colcon.colcon_core.package_identification:_identify(src/slam) by extension 'colcon_meta'
[14.482s] Level 1:colcon.colcon_core.package_identification:_identify(src/slam) by extensions ['ros']
[14.482s] Level 1:colcon.colcon_core.package_identification:_identify(src/slam) by extension 'ros'
[14.483s] DEBUG:colcon.colcon_core.package_identification:Package 'src/slam' with type 'ros.ament_python' and name 'slam'
[14.484s] Level 1:colcon.colcon_core.package_identification:_identify(src/teleop_pm) by extensions ['ignore', 'ignore_ament_install']
[14.484s] Level 1:colcon.colcon_core.package_identification:_identify(src/teleop_pm) by extension 'ignore'
[14.484s] Level 1:colcon.colcon_core.package_identification:_identify(src/teleop_pm) by extension 'ignore_ament_install'
[14.484s] Level 1:colcon.colcon_core.package_identification:_identify(src/teleop_pm) by extensions ['colcon_pkg']
[14.484s] Level 1:colcon.colcon_core.package_identification:_identify(src/teleop_pm) by extension 'colcon_pkg'
[14.485s] Level 1:colcon.colcon_core.package_identification:_identify(src/teleop_pm) by extensions ['colcon_meta']
[14.485s] Level 1:colcon.colcon_core.package_identification:_identify(src/teleop_pm) by extension 'colcon_meta'
[14.485s] Level 1:colcon.colcon_core.package_identification:_identify(src/teleop_pm) by extensions ['ros']
[14.485s] Level 1:colcon.colcon_core.package_identification:_identify(src/teleop_pm) by extension 'ros'
[14.486s] DEBUG:colcon.colcon_core.package_identification:Package 'src/teleop_pm' with type 'ros.ament_python' and name 'teleop_pm'
[14.486s] Level 1:colcon.colcon_core.package_discovery:discover_packages(recursive) using defaults
[14.486s] Level 1:colcon.colcon_core.package_discovery:discover_packages(ignore) discover
[14.486s] Level 1:colcon.colcon_core.package_discovery:discover_packages(ignore) using defaults
[14.486s] Level 1:colcon.colcon_core.package_discovery:discover_packages(path) discover
[14.486s] Level 1:colcon.colcon_core.package_discovery:discover_packages(path) using defaults
[15.233s] INFO:colcon.colcon_core.package_selection:Skipping not selected package 'lidar' in 'src/lidar'
[15.233s] INFO:colcon.colcon_core.package_selection:Skipping not selected package 'master' in 'src/master'
[15.233s] INFO:colcon.colcon_core.package_selection:Skipping not selected package 'slam' in 'src/slam'
[15.233s] INFO:colcon.colcon_core.package_selection:Skipping not selected package 'turtlesim' in 'src/ros_tutorials/turtlesim'
[15.233s] INFO:colcon.colcon_core.package_selection:Skipping not selected package 'teleop_pm' in 'src/teleop_pm'
[15.701s] Level 1:colcon.colcon_core.package_discovery:discover_packages(prefix_path) check parameters
[15.701s] Level 1:colcon.colcon_core.package_discovery:discover_packages(prefix_path) discover
[16.171s] DEBUG:colcon.colcon_installed_package_information.package_discovery:Found 1 installed packages in /home/pimpmobile/ldlidar_ros2_ws/install
[16.404s] DEBUG:colcon.colcon_installed_package_information.package_discovery:Found 6 installed packages in /home/pimpmobile/ros2_ws/install
[16.639s] DEBUG:colcon.colcon_installed_package_information.package_discovery:Found 276 installed packages in /opt/ros/foxy
[16.642s] Level 1:colcon.colcon_core.package_discovery:discover_packages(prefix_path) using defaults
[17.206s] Level 5:colcon.colcon_core.verb:set package 'gps_publisher' build argument 'cmake_args' from command line to 'None'
[17.206s] Level 5:colcon.colcon_core.verb:set package 'gps_publisher' build argument 'cmake_target' from command line to 'None'
[17.206s] Level 5:colcon.colcon_core.verb:set package 'gps_publisher' build argument 'cmake_target_skip_unavailable' from command line to 'False'
[17.206s] Level 5:colcon.colcon_core.verb:set package 'gps_publisher' build argument 'cmake_clean_cache' from command line to 'False'
[17.206s] Level 5:colcon.colcon_core.verb:set package 'gps_publisher' build argument 'cmake_clean_first' from command line to 'False'
[17.207s] Level 5:colcon.colcon_core.verb:set package 'gps_publisher' build argument 'cmake_force_configure' from command line to 'False'
[17.207s] Level 5:colcon.colcon_core.verb:set package 'gps_publisher' build argument 'ament_cmake_args' from command line to 'None'
[17.207s] Level 5:colcon.colcon_core.verb:set package 'gps_publisher' build argument 'catkin_cmake_args' from command line to 'None'
[17.207s] Level 5:colcon.colcon_core.verb:set package 'gps_publisher' build argument 'catkin_skip_building_tests' from command line to 'False'
[17.207s] DEBUG:colcon.colcon_core.verb:Building package 'gps_publisher' with the following arguments: {'ament_cmake_args': None, 'build_base': '/home/pimpmobile/ros2_ws/build/gps_publisher', 'catkin_cmake_args': None, 'catkin_skip_building_tests': False, 'cmake_args': None, 'cmake_clean_cache': False, 'cmake_clean_first': False, 'cmake_force_configure': False, 'cmake_target': None, 'cmake_target_skip_unavailable': False, 'install_base': '/home/pimpmobile/ros2_ws/install/gps_publisher', 'merge_install': False, 'path': '/home/pimpmobile/ros2_ws/src/gps_publisher', 'symlink_install': False, 'test_result_base': None}
[17.440s] INFO:colcon.colcon_core.executor:Executing jobs using 'parallel' executor
[17.675s] DEBUG:colcon.colcon_parallel_executor.executor.parallel:run_until_complete
[17.676s] INFO:colcon.colcon_ros.task.ament_python.build:Building ROS package in '/home/pimpmobile/ros2_ws/src/gps_publisher' with build type 'ament_python'
[17.676s] Level 1:colcon.colcon_core.shell:create_environment_hook('gps_publisher', 'ament_prefix_path')
[17.918s] INFO:colcon.colcon_core.plugin_system:Skipping extension 'colcon_core.shell.bat': Not used on non-Windows systems
[17.919s] INFO:colcon.colcon_core.shell:Creating environment hook '/home/pimpmobile/ros2_ws/install/gps_publisher/share/gps_publisher/hook/ament_prefix_path.ps1'
[17.920s] INFO:colcon.colcon_core.shell:Creating environment descriptor '/home/pimpmobile/ros2_ws/install/gps_publisher/share/gps_publisher/hook/ament_prefix_path.dsv'
[17.921s] INFO:colcon.colcon_core.shell:Creating environment hook '/home/pimpmobile/ros2_ws/install/gps_publisher/share/gps_publisher/hook/ament_prefix_path.sh'
[18.158s] INFO:colcon.colcon_core.shell:Skip shell extension 'powershell' for command environment: Not usable outside of PowerShell
[18.158s] DEBUG:colcon.colcon_core.shell:Skip shell extension 'dsv' for command environment
[19.586s] INFO:colcon.colcon_core.task.python.build:Building Python package in '/home/pimpmobile/ros2_ws/src/gps_publisher'
[19.828s] INFO:colcon.colcon_core.shell:Skip shell extension 'powershell' for command environment: Not usable outside of PowerShell
[19.828s] DEBUG:colcon.colcon_core.shell:Skip shell extension 'dsv' for command environment
[22.216s] DEBUG:colcon.colcon_core.event_handler.log_command:Invoking command in '/home/pimpmobile/ros2_ws/src/gps_publisher': PYTHONPATH=/home/pimpmobile/ros2_ws/build/gps_publisher/prefix_override:/home/pimpmobile/ros2_ws/install/gps_publisher/lib/python3.8/site-packages:${PYTHONPATH} /usr/bin/python3 setup.py egg_info --egg-base ../../build/gps_publisher build --build-base /home/pimpmobile/ros2_ws/build/gps_publisher/build install --record /home/pimpmobile/ros2_ws/build/gps_publisher/install.log --install-scripts $base/lib/gps_publisher --single-version-externally-managed
[24.258s] DEBUG:colcon.colcon_core.event_handler.log_command:Invoked command in '/home/pimpmobile/ros2_ws/src/gps_publisher' returned '0': PYTHONPATH=/home/pimpmobile/ros2_ws/build/gps_publisher/prefix_override:/home/pimpmobile/ros2_ws/install/gps_publisher/lib/python3.8/site-packages:${PYTHONPATH} /usr/bin/python3 setup.py egg_info --egg-base ../../build/gps_publisher build --build-base /home/pimpmobile/ros2_ws/build/gps_publisher/build install --record /home/pimpmobile/ros2_ws/build/gps_publisher/install.log --install-scripts $base/lib/gps_publisher --single-version-externally-managed
[24.512s] Level 1:colcon.colcon_core.environment:checking '/home/pimpmobile/ros2_ws/install/gps_publisher' for CMake module files
[24.513s] Level 1:colcon.colcon_core.environment:checking '/home/pimpmobile/ros2_ws/install/gps_publisher' for CMake config files
[24.514s] Level 1:colcon.colcon_core.environment:checking '/home/pimpmobile/ros2_ws/install/gps_publisher/lib'
[24.515s] Level 1:colcon.colcon_core.environment:checking '/home/pimpmobile/ros2_ws/install/gps_publisher/bin'
[24.515s] Level 1:colcon.colcon_core.environment:checking '/home/pimpmobile/ros2_ws/install/gps_publisher/lib/pkgconfig/gps_publisher.pc'
[24.516s] Level 1:colcon.colcon_core.environment:checking '/home/pimpmobile/ros2_ws/install/gps_publisher/lib/python3.8/site-packages'
[24.516s] Level 1:colcon.colcon_core.shell:create_environment_hook('gps_publisher', 'pythonpath')
[24.753s] INFO:colcon.colcon_core.shell:Creating environment hook '/home/pimpmobile/ros2_ws/install/gps_publisher/share/gps_publisher/hook/pythonpath.ps1'
[24.754s] INFO:colcon.colcon_core.shell:Creating environment descriptor '/home/pimpmobile/ros2_ws/install/gps_publisher/share/gps_publisher/hook/pythonpath.dsv'
[24.755s] INFO:colcon.colcon_core.shell:Creating environment hook '/home/pimpmobile/ros2_ws/install/gps_publisher/share/gps_publisher/hook/pythonpath.sh'
[24.756s] Level 1:colcon.colcon_core.environment:checking '/home/pimpmobile/ros2_ws/install/gps_publisher/bin'
[24.756s] Level 1:colcon.colcon_core.environment:create_environment_scripts_only(gps_publisher)
[24.994s] INFO:colcon.colcon_core.shell:Creating package script '/home/pimpmobile/ros2_ws/install/gps_publisher/share/gps_publisher/package.ps1'
[24.996s] INFO:colcon.colcon_core.shell:Creating package descriptor '/home/pimpmobile/ros2_ws/install/gps_publisher/share/gps_publisher/package.dsv'
[24.997s] INFO:colcon.colcon_core.shell:Creating package script '/home/pimpmobile/ros2_ws/install/gps_publisher/share/gps_publisher/package.sh'
[24.998s] INFO:colcon.colcon_core.shell:Creating package script '/home/pimpmobile/ros2_ws/install/gps_publisher/share/gps_publisher/package.bash'
[25.000s] INFO:colcon.colcon_core.shell:Creating package script '/home/pimpmobile/ros2_ws/install/gps_publisher/share/gps_publisher/package.zsh'
[25.001s] Level 1:colcon.colcon_core.environment:create_file_with_runtime_dependencies(/home/pimpmobile/ros2_ws/install/gps_publisher/share/colcon-core/packages/gps_publisher)
[25.002s] DEBUG:colcon.colcon_parallel_executor.executor.parallel:closing loop
[25.002s] DEBUG:colcon.colcon_parallel_executor.executor.parallel:loop closed
[25.002s] DEBUG:colcon.colcon_parallel_executor.executor.parallel:run_until_complete finished with '0'
[25.003s] DEBUG:colcon.colcon_core.event_reactor:joining thread
[25.255s] INFO:colcon.colcon_core.plugin_system:Skipping extension 'colcon_notification.desktop_notification.terminal_notifier': Not used on non-Darwin systems
[25.255s] INFO:colcon.colcon_core.plugin_system:Skipping extension 'colcon_notification.desktop_notification.win32': Not used on non-Windows systems
[25.255s] INFO:colcon.colcon_notification.desktop_notification:Sending desktop notification using 'notify2'
[25.295s] DEBUG:colcon.colcon_core.event_reactor:joined thread
[25.531s] INFO:colcon.colcon_core.shell:Creating prefix script '/home/pimpmobile/ros2_ws/install/local_setup.ps1'
[25.533s] INFO:colcon.colcon_core.shell:Creating prefix util module '/home/pimpmobile/ros2_ws/install/_local_setup_util_ps1.py'
[25.536s] INFO:colcon.colcon_core.shell:Creating prefix chain script '/home/pimpmobile/ros2_ws/install/setup.ps1'
[25.774s] INFO:colcon.colcon_core.shell:Creating prefix script '/home/pimpmobile/ros2_ws/install/local_setup.sh'
[25.775s] INFO:colcon.colcon_core.shell:Creating prefix util module '/home/pimpmobile/ros2_ws/install/_local_setup_util_sh.py'
[25.776s] INFO:colcon.colcon_core.shell:Creating prefix chain script '/home/pimpmobile/ros2_ws/install/setup.sh'
[26.014s] INFO:colcon.colcon_core.shell:Creating prefix script '/home/pimpmobile/ros2_ws/install/local_setup.bash'
[26.015s] INFO:colcon.colcon_core.shell:Creating prefix chain script '/home/pimpmobile/ros2_ws/install/setup.bash'
[26.252s] INFO:colcon.colcon_core.shell:Creating prefix script '/home/pimpmobile/ros2_ws/install/local_setup.zsh'
[26.253s] INFO:colcon.colcon_core.shell:Creating prefix chain script '/home/pimpmobile/ros2_ws/install/setup.zsh'
