[4.521s] Invoking command in '/home/pimpmobile/ros2_ws/src/master': PYTHONPATH=/home/pimpmobile/ros2_ws/build/master/prefix_override:/home/pimpmobile/ros2_ws/install/master/lib/python3.8/site-packages:${PYTHONPATH} /usr/bin/python3 setup.py egg_info --egg-base ../../build/master build --build-base /home/pimpmobile/ros2_ws/build/master/build install --record /home/pimpmobile/ros2_ws/build/master/install.log --install-scripts $base/lib/master --single-version-externally-managed
[4.800s] /home/pimpmobile/.local/lib/python3.8/site-packages/setuptools/dist.py:472: SetuptoolsDeprecationWarning: Invalid dash-separated options
[4.800s] !!
[4.800s] 
[4.801s]         ********************************************************************************
[4.801s]         Usage of dash-separated 'script-dir' will not be supported in future
[4.801s]         versions. Please use the underscore name 'script_dir' instead.
[4.801s] 
[4.802s]         By 2024-Sep-26, you need to update your project and remove deprecated calls
[4.802s]         or your builds will no longer be supported.
[4.802s] 
[4.802s]         See https://setuptools.pypa.io/en/latest/userguide/declarative_config.html for details.
[4.803s]         ********************************************************************************
[4.803s] 
[4.803s] !!
[4.803s]   opt = self.warn_dash_deprecation(opt, section)
[5.045s] running egg_info
[5.081s] writing ../../build/master/master.egg-info/PKG-INFO
[5.083s] writing dependency_links to ../../build/master/master.egg-info/dependency_links.txt
[5.083s] writing entry points to ../../build/master/master.egg-info/entry_points.txt
[5.084s] writing requirements to ../../build/master/master.egg-info/requires.txt
[5.084s] writing top-level names to ../../build/master/master.egg-info/top_level.txt
[6.212s] writing manifest file '../../build/master/master.egg-info/SOURCES.txt'
[6.212s] running build
[6.212s] running build_py
[6.213s] copying master/stanley_controller.py -> /home/pimpmobile/ros2_ws/build/master/build/lib/master
[6.213s] copying master/__init__.py -> /home/pimpmobile/ros2_ws/build/master/build/lib/master
[6.214s] copying master/master_code.py -> /home/pimpmobile/ros2_ws/build/master/build/lib/master
[6.214s] copying master/odometry.py -> /home/pimpmobile/ros2_ws/build/master/build/lib/master
[6.215s] running install
[6.216s] /home/pimpmobile/.local/lib/python3.8/site-packages/setuptools/_distutils/cmd.py:66: SetuptoolsDeprecationWarning: setup.py install is deprecated.
[6.216s] !!
[6.216s] 
[6.216s]         ********************************************************************************
[6.217s]         Please avoid running ``setup.py`` directly.
[6.217s]         Instead, use pypa/build, pypa/installer or other
[6.217s]         standards-based tools.
[6.217s] 
[6.218s]         See https://blog.ganssle.io/articles/2021/10/setup-py-deprecated.html for details.
[6.218s]         ********************************************************************************
[6.218s] 
[6.218s] !!
[6.218s]   self.initialize_options()
[6.227s] running install_lib
[6.267s] copying /home/pimpmobile/ros2_ws/build/master/build/lib/master/master_code.py -> /home/pimpmobile/ros2_ws/install/master/lib/python3.8/site-packages/master
[6.268s] byte-compiling /home/pimpmobile/ros2_ws/install/master/lib/python3.8/site-packages/master/master_code.py to master_code.cpython-38.pyc
[6.271s] running install_data
[6.307s] copying resource/master -> /home/pimpmobile/ros2_ws/install/master/share/ament_index/resource_index/packages
[6.308s] copying package.xml -> /home/pimpmobile/ros2_ws/install/master/share/master
[6.308s] running install_egg_info
[6.344s] removing '/home/pimpmobile/ros2_ws/install/master/lib/python3.8/site-packages/master-0.0.0-py3.8.egg-info' (and everything under it)
[6.345s] Copying ../../build/master/master.egg-info to /home/pimpmobile/ros2_ws/install/master/lib/python3.8/site-packages/master-0.0.0-py3.8.egg-info
[6.347s] running install_scripts
[6.474s] Installing master script to /home/pimpmobile/ros2_ws/install/master/lib/master
[6.475s] writing list of installed files to '/home/pimpmobile/ros2_ws/build/master/install.log'
[6.547s] Invoked command in '/home/pimpmobile/ros2_ws/src/master' returned '0': PYTHONPATH=/home/pimpmobile/ros2_ws/build/master/prefix_override:/home/pimpmobile/ros2_ws/install/master/lib/python3.8/site-packages:${PYTHONPATH} /usr/bin/python3 setup.py egg_info --egg-base ../../build/master build --build-base /home/pimpmobile/ros2_ws/build/master/build install --record /home/pimpmobile/ros2_ws/build/master/install.log --install-scripts $base/lib/master --single-version-externally-managed
