[12.433s] Invoking command in '/home/pimpmobile/ros2_ws/src/slam': PYTHONPATH=/home/pimpmobile/ros2_ws/build/slam/prefix_override:/home/pimpmobile/ros2_ws/install/slam/lib/python3.8/site-packages:${PYTHONPATH} /usr/bin/python3 setup.py egg_info --egg-base ../../build/slam build --build-base /home/pimpmobile/ros2_ws/build/slam/build install --record /home/pimpmobile/ros2_ws/build/slam/install.log --install-scripts $base/lib/slam --single-version-externally-managed
[12.773s] /home/pimpmobile/.local/lib/python3.8/site-packages/setuptools/dist.py:472: SetuptoolsDeprecationWarning: Invalid dash-separated options
[12.774s] !!
[12.774s] 
[12.774s]         ********************************************************************************
[12.774s]         Usage of dash-separated 'script-dir' will not be supported in future
[12.774s]         versions. Please use the underscore name 'script_dir' instead.
[12.774s] 
[12.774s]         By 2024-Sep-26, you need to update your project and remove deprecated calls
[12.774s]         or your builds will no longer be supported.
[12.775s] 
[12.775s]         See https://setuptools.pypa.io/en/latest/userguide/declarative_config.html for details.
[12.775s]         ********************************************************************************
[12.775s] 
[12.775s] !!
[12.775s]   opt = self.warn_dash_deprecation(opt, section)
[13.006s] running egg_info
[13.007s] creating ../../build/slam/slam.egg-info
[13.050s] writing ../../build/slam/slam.egg-info/PKG-INFO
[13.051s] writing dependency_links to ../../build/slam/slam.egg-info/dependency_links.txt
[13.051s] writing entry points to ../../build/slam/slam.egg-info/entry_points.txt
[13.051s] writing requirements to ../../build/slam/slam.egg-info/requires.txt
[13.051s] writing top-level names to ../../build/slam/slam.egg-info/top_level.txt
[13.268s] writing manifest file '../../build/slam/slam.egg-info/SOURCES.txt'
[13.346s] reading manifest file '../../build/slam/slam.egg-info/SOURCES.txt'
[13.346s] writing manifest file '../../build/slam/slam.egg-info/SOURCES.txt'
[13.346s] running build
[13.346s] running build_py
[13.347s] creating /home/pimpmobile/ros2_ws/build/slam/build
[13.347s] creating /home/pimpmobile/ros2_ws/build/slam/build/lib
[13.347s] creating /home/pimpmobile/ros2_ws/build/slam/build/lib/slam
[13.347s] copying slam/__init__.py -> /home/pimpmobile/ros2_ws/build/slam/build/lib/slam
[13.347s] copying slam/odometry.py -> /home/pimpmobile/ros2_ws/build/slam/build/lib/slam
[13.348s] running install
[13.349s] /home/pimpmobile/.local/lib/python3.8/site-packages/setuptools/_distutils/cmd.py:66: SetuptoolsDeprecationWarning: setup.py install is deprecated.
[13.349s] !!
[13.349s] 
[13.349s]         ********************************************************************************
[13.349s]         Please avoid running ``setup.py`` directly.
[13.349s]         Instead, use pypa/build, pypa/installer or other
[13.350s]         standards-based tools.
[13.350s] 
[13.350s]         See https://blog.ganssle.io/articles/2021/10/setup-py-deprecated.html for details.
[13.350s]         ********************************************************************************
[13.350s] 
[13.350s] !!
[13.350s]   self.initialize_options()
[13.364s] running install_lib
[13.397s] creating /home/pimpmobile/ros2_ws/install/slam/lib/python3.8/site-packages/slam
[13.398s] copying /home/pimpmobile/ros2_ws/build/slam/build/lib/slam/__init__.py -> /home/pimpmobile/ros2_ws/install/slam/lib/python3.8/site-packages/slam
[13.398s] copying /home/pimpmobile/ros2_ws/build/slam/build/lib/slam/odometry.py -> /home/pimpmobile/ros2_ws/install/slam/lib/python3.8/site-packages/slam
[13.399s] byte-compiling /home/pimpmobile/ros2_ws/install/slam/lib/python3.8/site-packages/slam/__init__.py to __init__.cpython-38.pyc
[13.399s] byte-compiling /home/pimpmobile/ros2_ws/install/slam/lib/python3.8/site-packages/slam/odometry.py to odometry.cpython-38.pyc
[13.400s] Sorry: IndentationError: expected an indented block (odometry.py, line 28)
[13.400s] running install_data
[13.437s] creating /home/pimpmobile/ros2_ws/install/slam/share/ament_index
[13.437s] creating /home/pimpmobile/ros2_ws/install/slam/share/ament_index/resource_index
[13.437s] creating /home/pimpmobile/ros2_ws/install/slam/share/ament_index/resource_index/packages
[13.438s] copying resource/slam -> /home/pimpmobile/ros2_ws/install/slam/share/ament_index/resource_index/packages
[13.438s] copying package.xml -> /home/pimpmobile/ros2_ws/install/slam/share/slam
[13.438s] running install_egg_info
[13.478s] Copying ../../build/slam/slam.egg-info to /home/pimpmobile/ros2_ws/install/slam/lib/python3.8/site-packages/slam-0.0.0-py3.8.egg-info
[13.480s] running install_scripts
[13.598s] Installing odometry script to /home/pimpmobile/ros2_ws/install/slam/lib/slam
[13.599s] writing list of installed files to '/home/pimpmobile/ros2_ws/build/slam/install.log'
[15.835s] Invoked command in '/home/pimpmobile/ros2_ws/src/slam' returned '0': PYTHONPATH=/home/pimpmobile/ros2_ws/build/slam/prefix_override:/home/pimpmobile/ros2_ws/install/slam/lib/python3.8/site-packages:${PYTHONPATH} /usr/bin/python3 setup.py egg_info --egg-base ../../build/slam build --build-base /home/pimpmobile/ros2_ws/build/slam/build install --record /home/pimpmobile/ros2_ws/build/slam/install.log --install-scripts $base/lib/slam --single-version-externally-managed
