[4.367s] Invoking command in '/home/pimpmobile/ros2_ws/src/teleop_pm': AMENT_PREFIX_PATH=/home/pimpmobile/ros2_ws/install/lidar:/home/pimpmobile/ldlidar_ros2_ws/install/ldlidar_stl_ros2:/home/pimpmobile/ros2_ws/install/turtlesim:/home/pimpmobile/ros2_ws/install/teleop_pm:/home/pimpmobile/ros2_ws/install/gps_publisher:/opt/ros/foxy PYTHONPATH=/home/pimpmobile/ros2_ws/build/teleop_pm/prefix_override:/home/pimpmobile/ros2_ws/install/teleop_pm/lib/python3.8/site-packages:/home/pimpmobile/ros2_ws/install/lidar/lib/python3.8/site-packages:/home/pimpmobile/ros2_ws/install/turtlesim/lib/python3.8/site-packages:/home/pimpmobile/ros2_ws/install/teleop_pm/lib/python3.8/site-packages:/home/pimpmobile/ros2_ws/install/gps_publisher/lib/python3.8/site-packages:/opt/ros/foxy/lib/python3.8/site-packages /usr/bin/python3 setup.py egg_info --egg-base ../../build/teleop_pm build --build-base /home/pimpmobile/ros2_ws/build/teleop_pm/build install --record /home/pimpmobile/ros2_ws/build/teleop_pm/install.log --install-scripts $base/lib/teleop_pm --single-version-externally-managed
[4.633s] /home/pimpmobile/.local/lib/python3.8/site-packages/setuptools/dist.py:472: SetuptoolsDeprecationWarning: Invalid dash-separated options
[4.633s] !!
[4.633s] 
[4.633s]         ********************************************************************************
[4.633s]         Usage of dash-separated 'script-dir' will not be supported in future
[4.634s]         versions. Please use the underscore name 'script_dir' instead.
[4.634s] 
[4.634s]         By 2024-Sep-26, you need to update your project and remove deprecated calls
[4.634s]         or your builds will no longer be supported.
[4.634s] 
[4.634s]         See https://setuptools.pypa.io/en/latest/userguide/declarative_config.html for details.
[4.634s]         ********************************************************************************
[4.634s] 
[4.634s] !!
[4.635s]   opt = self.warn_dash_deprecation(opt, section)
[4.856s] running egg_info
[4.892s] writing ../../build/teleop_pm/teleop_pm.egg-info/PKG-INFO
[4.893s] writing dependency_links to ../../build/teleop_pm/teleop_pm.egg-info/dependency_links.txt
[4.893s] writing entry points to ../../build/teleop_pm/teleop_pm.egg-info/entry_points.txt
[4.894s] writing requirements to ../../build/teleop_pm/teleop_pm.egg-info/requires.txt
[4.894s] writing top-level names to ../../build/teleop_pm/teleop_pm.egg-info/top_level.txt
[5.173s] reading manifest file '../../build/teleop_pm/teleop_pm.egg-info/SOURCES.txt'
[5.175s] writing manifest file '../../build/teleop_pm/teleop_pm.egg-info/SOURCES.txt'
[5.175s] running build
[5.175s] running build_py
[5.176s] copying teleop_pm/__init__.py -> /home/pimpmobile/ros2_ws/build/teleop_pm/build/lib/teleop_pm
[5.176s] copying teleop_pm/teleopserial.py -> /home/pimpmobile/ros2_ws/build/teleop_pm/build/lib/teleop_pm
[5.177s] running install
[5.177s] /home/pimpmobile/.local/lib/python3.8/site-packages/setuptools/_distutils/cmd.py:66: SetuptoolsDeprecationWarning: setup.py install is deprecated.
[5.178s] !!
[5.178s] 
[5.178s]         ********************************************************************************
[5.178s]         Please avoid running ``setup.py`` directly.
[5.178s]         Instead, use pypa/build, pypa/installer or other
[5.178s]         standards-based tools.
[5.178s] 
[5.178s]         See https://blog.ganssle.io/articles/2021/10/setup-py-deprecated.html for details.
[5.179s]         ********************************************************************************
[5.179s] 
[5.179s] !!
[5.179s]   self.initialize_options()
[5.189s] running install_lib
[5.225s] copying /home/pimpmobile/ros2_ws/build/teleop_pm/build/lib/teleop_pm/teleopserial.py -> /home/pimpmobile/ros2_ws/install/teleop_pm/lib/python3.8/site-packages/teleop_pm
[5.226s] byte-compiling /home/pimpmobile/ros2_ws/install/teleop_pm/lib/python3.8/site-packages/teleop_pm/teleopserial.py to teleopserial.cpython-38.pyc
[5.228s] running install_data
[5.262s] copying resource/teleop_pm -> /home/pimpmobile/ros2_ws/install/teleop_pm/share/ament_index/resource_index/packages
[5.263s] copying package.xml -> /home/pimpmobile/ros2_ws/install/teleop_pm/share/teleop_pm
[5.263s] running install_egg_info
[5.301s] removing '/home/pimpmobile/ros2_ws/install/teleop_pm/lib/python3.8/site-packages/teleop_pm-0.0.0-py3.8.egg-info' (and everything under it)
[5.301s] Copying ../../build/teleop_pm/teleop_pm.egg-info to /home/pimpmobile/ros2_ws/install/teleop_pm/lib/python3.8/site-packages/teleop_pm-0.0.0-py3.8.egg-info
[5.303s] running install_scripts
[5.412s] Installing tops script to /home/pimpmobile/ros2_ws/install/teleop_pm/lib/teleop_pm
[5.413s] writing list of installed files to '/home/pimpmobile/ros2_ws/build/teleop_pm/install.log'
[5.486s] Invoked command in '/home/pimpmobile/ros2_ws/src/teleop_pm' returned '0': AMENT_PREFIX_PATH=/home/pimpmobile/ros2_ws/install/lidar:/home/pimpmobile/ldlidar_ros2_ws/install/ldlidar_stl_ros2:/home/pimpmobile/ros2_ws/install/turtlesim:/home/pimpmobile/ros2_ws/install/teleop_pm:/home/pimpmobile/ros2_ws/install/gps_publisher:/opt/ros/foxy PYTHONPATH=/home/pimpmobile/ros2_ws/build/teleop_pm/prefix_override:/home/pimpmobile/ros2_ws/install/teleop_pm/lib/python3.8/site-packages:/home/pimpmobile/ros2_ws/install/lidar/lib/python3.8/site-packages:/home/pimpmobile/ros2_ws/install/turtlesim/lib/python3.8/site-packages:/home/pimpmobile/ros2_ws/install/teleop_pm/lib/python3.8/site-packages:/home/pimpmobile/ros2_ws/install/gps_publisher/lib/python3.8/site-packages:/opt/ros/foxy/lib/python3.8/site-packages /usr/bin/python3 setup.py egg_info --egg-base ../../build/teleop_pm build --build-base /home/pimpmobile/ros2_ws/build/teleop_pm/build install --record /home/pimpmobile/ros2_ws/build/teleop_pm/install.log --install-scripts $base/lib/teleop_pm --single-version-externally-managed
