[2.150s] Invoking command in '/home/pimpmobile/ros2_ws/src/master': PYTHONPATH=/home/pimpmobile/ros2_ws/build/master/prefix_override:/usr/lib/python3/dist-packages/colcon_core/task/python/colcon_distutils_commands:/home/pimpmobile/ros2_ws/install/master/lib/python3.8/site-packages:${PYTHONPATH} /usr/bin/python3 -W ignore:setup.py install is deprecated setup.py egg_info --egg-base ../../build/master build --build-base /home/pimpmobile/ros2_ws/build/master/build install --record /home/pimpmobile/ros2_ws/build/master/install.log --install-scripts $base/lib/master --single-version-externally-managed install_data
[2.435s] /home/pimpmobile/.local/lib/python3.8/site-packages/setuptools/dist.py:472: SetuptoolsDeprecationWarning: Invalid dash-separated options
[2.435s] !!
[2.435s] 
[2.436s]         ********************************************************************************
[2.436s]         Usage of dash-separated 'script-dir' will not be supported in future
[2.436s]         versions. Please use the underscore name 'script_dir' instead.
[2.437s] 
[2.437s]         This deprecation is overdue, please update your project and remove deprecated
[2.437s]         calls to avoid build errors in the future.
[2.437s] 
[2.438s]         See https://setuptools.pypa.io/en/latest/userguide/declarative_config.html for details.
[2.438s]         ********************************************************************************
[2.438s] 
[2.439s] !!
[2.439s]   opt = self.warn_dash_deprecation(opt, section)
[2.752s] running egg_info
[2.792s] writing ../../build/master/master.egg-info/PKG-INFO
[2.793s] writing dependency_links to ../../build/master/master.egg-info/dependency_links.txt
[2.793s] writing entry points to ../../build/master/master.egg-info/entry_points.txt
[2.794s] writing requirements to ../../build/master/master.egg-info/requires.txt
[2.794s] writing top-level names to ../../build/master/master.egg-info/top_level.txt
[4.709s] writing manifest file '../../build/master/master.egg-info/SOURCES.txt'
[4.709s] running build
[4.709s] running build_py
[4.709s] copying master/pathsave.py -> /home/pimpmobile/ros2_ws/build/master/build/lib/master
[4.710s] copying master/cairo_gui_updater.py -> /home/pimpmobile/ros2_ws/build/master/build/lib/master
[4.710s] copying master/stanley_controller.py -> /home/pimpmobile/ros2_ws/build/master/build/lib/master
[4.711s] copying master/pid.py -> /home/pimpmobile/ros2_ws/build/master/build/lib/master
[4.711s] copying master/__init__.py -> /home/pimpmobile/ros2_ws/build/master/build/lib/master
[4.711s] copying master/gstreamer_host.py -> /home/pimpmobile/ros2_ws/build/master/build/lib/master
[4.712s] copying master/master_code.py -> /home/pimpmobile/ros2_ws/build/master/build/lib/master
[4.713s] copying master/odometry.py -> /home/pimpmobile/ros2_ws/build/master/build/lib/master
[4.713s] running install
[4.725s] running install_lib
[4.790s] copying /home/pimpmobile/ros2_ws/build/master/build/lib/master/cairo_gui_updater.py -> /home/pimpmobile/ros2_ws/install/master/lib/python3.8/site-packages/master
[4.791s] copying /home/pimpmobile/ros2_ws/build/master/build/lib/master/pid.py -> /home/pimpmobile/ros2_ws/install/master/lib/python3.8/site-packages/master
[4.791s] copying /home/pimpmobile/ros2_ws/build/master/build/lib/master/master_code.py -> /home/pimpmobile/ros2_ws/install/master/lib/python3.8/site-packages/master
[4.792s] byte-compiling /home/pimpmobile/ros2_ws/install/master/lib/python3.8/site-packages/master/cairo_gui_updater.py to cairo_gui_updater.cpython-38.pyc
[4.794s] byte-compiling /home/pimpmobile/ros2_ws/install/master/lib/python3.8/site-packages/master/pid.py to pid.cpython-38.pyc
[4.795s] byte-compiling /home/pimpmobile/ros2_ws/install/master/lib/python3.8/site-packages/master/master_code.py to master_code.cpython-38.pyc
[4.798s] running install_data
[4.799s] copying resource/master -> /home/pimpmobile/ros2_ws/install/master/share/ament_index/resource_index/packages
[4.799s] copying package.xml -> /home/pimpmobile/ros2_ws/install/master/share/master
[4.799s] running install_egg_info
[4.842s] removing '/home/pimpmobile/ros2_ws/install/master/lib/python3.8/site-packages/master-0.0.0-py3.8.egg-info' (and everything under it)
[4.843s] Copying ../../build/master/master.egg-info to /home/pimpmobile/ros2_ws/install/master/lib/python3.8/site-packages/master-0.0.0-py3.8.egg-info
[4.845s] running install_scripts
[4.964s] Installing master script to /home/pimpmobile/ros2_ws/install/master/lib/master
[4.965s] writing list of installed files to '/home/pimpmobile/ros2_ws/build/master/install.log'
[5.045s] Invoked command in '/home/pimpmobile/ros2_ws/src/master' returned '0': PYTHONPATH=/home/pimpmobile/ros2_ws/build/master/prefix_override:/usr/lib/python3/dist-packages/colcon_core/task/python/colcon_distutils_commands:/home/pimpmobile/ros2_ws/install/master/lib/python3.8/site-packages:${PYTHONPATH} /usr/bin/python3 -W ignore:setup.py install is deprecated setup.py egg_info --egg-base ../../build/master build --build-base /home/pimpmobile/ros2_ws/build/master/build install --record /home/pimpmobile/ros2_ws/build/master/install.log --install-scripts $base/lib/master --single-version-externally-managed install_data
