[3.137s] Invoking command in '/home/pimpmobile/ros2_ws/src/lidar': PYTHONPATH=/home/pimpmobile/ros2_ws/build/lidar/prefix_override:/home/pimpmobile/ros2_ws/install/lidar/lib/python3.8/site-packages:${PYTHONPATH} /usr/bin/python3 setup.py egg_info --egg-base ../../build/lidar build --build-base /home/pimpmobile/ros2_ws/build/lidar/build install --record /home/pimpmobile/ros2_ws/build/lidar/install.log --install-scripts $base/lib/lidar --single-version-externally-managed
[3.397s] /home/pimpmobile/.local/lib/python3.8/site-packages/setuptools/dist.py:472: SetuptoolsDeprecationWarning: Invalid dash-separated options
[3.398s] !!
[3.398s] 
[3.398s]         ********************************************************************************
[3.398s]         Usage of dash-separated 'script-dir' will not be supported in future
[3.398s]         versions. Please use the underscore name 'script_dir' instead.
[3.398s] 
[3.399s]         By 2024-Sep-26, you need to update your project and remove deprecated calls
[3.399s]         or your builds will no longer be supported.
[3.399s] 
[3.399s]         See https://setuptools.pypa.io/en/latest/userguide/declarative_config.html for details.
[3.399s]         ********************************************************************************
[3.399s] 
[3.399s] !!
[3.399s]   opt = self.warn_dash_deprecation(opt, section)
[3.609s] running egg_info
[3.642s] writing ../../build/lidar/lidar.egg-info/PKG-INFO
[3.643s] writing dependency_links to ../../build/lidar/lidar.egg-info/dependency_links.txt
[3.644s] writing entry points to ../../build/lidar/lidar.egg-info/entry_points.txt
[3.644s] writing requirements to ../../build/lidar/lidar.egg-info/requires.txt
[3.644s] writing top-level names to ../../build/lidar/lidar.egg-info/top_level.txt
[3.913s] reading manifest file '../../build/lidar/lidar.egg-info/SOURCES.txt'
[3.915s] writing manifest file '../../build/lidar/lidar.egg-info/SOURCES.txt'
[3.915s] running build
[3.915s] running build_py
[3.915s] copying lidar/__init__.py -> /home/pimpmobile/ros2_ws/build/lidar/build/lib/lidar
[3.916s] copying lidar/lidarsubscriber.py -> /home/pimpmobile/ros2_ws/build/lidar/build/lib/lidar
[3.916s] copying lidar/publisher_member_function.py -> /home/pimpmobile/ros2_ws/build/lidar/build/lib/lidar
[3.917s] running install
[3.917s] /home/pimpmobile/.local/lib/python3.8/site-packages/setuptools/_distutils/cmd.py:66: SetuptoolsDeprecationWarning: setup.py install is deprecated.
[3.918s] !!
[3.918s] 
[3.918s]         ********************************************************************************
[3.918s]         Please avoid running ``setup.py`` directly.
[3.919s]         Instead, use pypa/build, pypa/installer or other
[3.919s]         standards-based tools.
[3.919s] 
[3.919s]         See https://blog.ganssle.io/articles/2021/10/setup-py-deprecated.html for details.
[3.919s]         ********************************************************************************
[3.919s] 
[3.919s] !!
[3.919s]   self.initialize_options()
[3.929s] running install_lib
[3.963s] running install_data
[3.996s] copying resource/lidar -> /home/pimpmobile/ros2_ws/install/lidar/share/ament_index/resource_index/packages
[3.996s] copying package.xml -> /home/pimpmobile/ros2_ws/install/lidar/share/lidar
[3.996s] running install_egg_info
[4.031s] removing '/home/pimpmobile/ros2_ws/install/lidar/lib/python3.8/site-packages/lidar-0.0.0-py3.8.egg-info' (and everything under it)
[4.032s] Copying ../../build/lidar/lidar.egg-info to /home/pimpmobile/ros2_ws/install/lidar/lib/python3.8/site-packages/lidar-0.0.0-py3.8.egg-info
[4.034s] running install_scripts
[4.137s] Installing lidar_listener script to /home/pimpmobile/ros2_ws/install/lidar/lib/lidar
[4.137s] Installing lidar_talker script to /home/pimpmobile/ros2_ws/install/lidar/lib/lidar
[4.138s] writing list of installed files to '/home/pimpmobile/ros2_ws/build/lidar/install.log'
[4.329s] Invoked command in '/home/pimpmobile/ros2_ws/src/lidar' returned '0': PYTHONPATH=/home/pimpmobile/ros2_ws/build/lidar/prefix_override:/home/pimpmobile/ros2_ws/install/lidar/lib/python3.8/site-packages:${PYTHONPATH} /usr/bin/python3 setup.py egg_info --egg-base ../../build/lidar build --build-base /home/pimpmobile/ros2_ws/build/lidar/build install --record /home/pimpmobile/ros2_ws/build/lidar/install.log --install-scripts $base/lib/lidar --single-version-externally-managed
