[4.374s] Invoking command in '/home/pimpmobile/ros2_ws/src/master': PYTHONPATH=/home/pimpmobile/ros2_ws/build/master/prefix_override:/home/pimpmobile/ros2_ws/install/master/lib/python3.8/site-packages:${PYTHONPATH} /usr/bin/python3 setup.py egg_info --egg-base ../../build/master build --build-base /home/pimpmobile/ros2_ws/build/master/build install --record /home/pimpmobile/ros2_ws/build/master/install.log --install-scripts $base/lib/master --single-version-externally-managed
[4.644s] /home/pimpmobile/.local/lib/python3.8/site-packages/setuptools/dist.py:472: SetuptoolsDeprecationWarning: Invalid dash-separated options
[4.644s] !!
[4.644s] 
[4.644s]         ********************************************************************************
[4.644s]         Usage of dash-separated 'script-dir' will not be supported in future
[4.645s]         versions. Please use the underscore name 'script_dir' instead.
[4.645s] 
[4.645s]         By 2024-Sep-26, you need to update your project and remove deprecated calls
[4.645s]         or your builds will no longer be supported.
[4.645s] 
[4.645s]         See https://setuptools.pypa.io/en/latest/userguide/declarative_config.html for details.
[4.645s]         ********************************************************************************
[4.645s] 
[4.646s] !!
[4.646s]   opt = self.warn_dash_deprecation(opt, section)
[4.862s] running egg_info
[4.897s] writing ../../build/master/master.egg-info/PKG-INFO
[4.898s] writing dependency_links to ../../build/master/master.egg-info/dependency_links.txt
[4.899s] writing entry points to ../../build/master/master.egg-info/entry_points.txt
[4.899s] writing requirements to ../../build/master/master.egg-info/requires.txt
[4.899s] writing top-level names to ../../build/master/master.egg-info/top_level.txt
[5.179s] reading manifest file '../../build/master/master.egg-info/SOURCES.txt'
[5.180s] writing manifest file '../../build/master/master.egg-info/SOURCES.txt'
[5.181s] running build
[5.181s] running build_py
[5.181s] copying master/__init__.py -> /home/pimpmobile/ros2_ws/build/master/build/lib/master
[5.181s] copying master/master_code.py -> /home/pimpmobile/ros2_ws/build/master/build/lib/master
[5.182s] copying master/odometry.py -> /home/pimpmobile/ros2_ws/build/master/build/lib/master
[5.183s] running install
[5.183s] /home/pimpmobile/.local/lib/python3.8/site-packages/setuptools/_distutils/cmd.py:66: SetuptoolsDeprecationWarning: setup.py install is deprecated.
[5.183s] !!
[5.183s] 
[5.183s]         ********************************************************************************
[5.184s]         Please avoid running ``setup.py`` directly.
[5.184s]         Instead, use pypa/build, pypa/installer or other
[5.184s]         standards-based tools.
[5.184s] 
[5.184s]         See https://blog.ganssle.io/articles/2021/10/setup-py-deprecated.html for details.
[5.184s]         ********************************************************************************
[5.184s] 
[5.184s] !!
[5.184s]   self.initialize_options()
[5.195s] running install_lib
[5.230s] copying /home/pimpmobile/ros2_ws/build/master/build/lib/master/master_code.py -> /home/pimpmobile/ros2_ws/install/master/lib/python3.8/site-packages/master
[5.231s] byte-compiling /home/pimpmobile/ros2_ws/install/master/lib/python3.8/site-packages/master/master_code.py to master_code.cpython-38.pyc
[5.234s] running install_data
[5.268s] copying resource/master -> /home/pimpmobile/ros2_ws/install/master/share/ament_index/resource_index/packages
[5.268s] copying package.xml -> /home/pimpmobile/ros2_ws/install/master/share/master
[5.269s] running install_egg_info
[5.306s] removing '/home/pimpmobile/ros2_ws/install/master/lib/python3.8/site-packages/master-0.0.0-py3.8.egg-info' (and everything under it)
[5.306s] Copying ../../build/master/master.egg-info to /home/pimpmobile/ros2_ws/install/master/lib/python3.8/site-packages/master-0.0.0-py3.8.egg-info
[5.308s] running install_scripts
[5.414s] Installing master script to /home/pimpmobile/ros2_ws/install/master/lib/master
[5.415s] writing list of installed files to '/home/pimpmobile/ros2_ws/build/master/install.log'
[5.487s] Invoked command in '/home/pimpmobile/ros2_ws/src/master' returned '0': PYTHONPATH=/home/pimpmobile/ros2_ws/build/master/prefix_override:/home/pimpmobile/ros2_ws/install/master/lib/python3.8/site-packages:${PYTHONPATH} /usr/bin/python3 setup.py egg_info --egg-base ../../build/master build --build-base /home/pimpmobile/ros2_ws/build/master/build install --record /home/pimpmobile/ros2_ws/build/master/install.log --install-scripts $base/lib/master --single-version-externally-managed
