[3.487s] Invoking command in '/home/pimpmobile/ros2_ws/src/teleop_pimpmobile': PYTHONPATH=/home/pimpmobile/ros2_ws/build/teleop_pimpmobile/prefix_override:/home/pimpmobile/ros2_ws/install/teleop_pimpmobile/lib/python3.8/site-packages:${PYTHONPATH} /usr/bin/python3 setup.py egg_info --egg-base ../../build/teleop_pimpmobile build --build-base /home/pimpmobile/ros2_ws/build/teleop_pimpmobile/build install --record /home/pimpmobile/ros2_ws/build/teleop_pimpmobile/install.log --install-scripts $base/lib/teleop_pimpmobile --single-version-externally-managed
[3.944s] running egg_info
[3.946s] writing ../../build/teleop_pimpmobile/teleop_pimpmobile.egg-info/PKG-INFO
[3.947s] writing dependency_links to ../../build/teleop_pimpmobile/teleop_pimpmobile.egg-info/dependency_links.txt
[3.948s] writing entry points to ../../build/teleop_pimpmobile/teleop_pimpmobile.egg-info/entry_points.txt
[3.950s] writing requirements to ../../build/teleop_pimpmobile/teleop_pimpmobile.egg-info/requires.txt
[3.951s] writing top-level names to ../../build/teleop_pimpmobile/teleop_pimpmobile.egg-info/top_level.txt
[4.012s] reading manifest file '../../build/teleop_pimpmobile/teleop_pimpmobile.egg-info/SOURCES.txt'
[4.014s] writing manifest file '../../build/teleop_pimpmobile/teleop_pimpmobile.egg-info/SOURCES.txt'
[4.015s] running build
[4.016s] running build_py
[4.017s] running install
[4.018s] running install_lib
[4.019s] running install_data
[4.021s] running install_egg_info
[4.023s] removing '/home/pimpmobile/ros2_ws/install/teleop_pimpmobile/lib/python3.8/site-packages/teleop_pimpmobile-0.0.0-py3.8.egg-info' (and everything under it)
[4.025s] Copying ../../build/teleop_pimpmobile/teleop_pimpmobile.egg-info to /home/pimpmobile/ros2_ws/install/teleop_pimpmobile/lib/python3.8/site-packages/teleop_pimpmobile-0.0.0-py3.8.egg-info
[4.026s] running install_scripts
[4.061s] Installing pm_teleop script to /home/pimpmobile/ros2_ws/install/teleop_pimpmobile/lib/teleop_pimpmobile
[4.062s] writing list of installed files to '/home/pimpmobile/ros2_ws/build/teleop_pimpmobile/install.log'
[4.385s] Invoked command in '/home/pimpmobile/ros2_ws/src/teleop_pimpmobile' returned '0': PYTHONPATH=/home/pimpmobile/ros2_ws/build/teleop_pimpmobile/prefix_override:/home/pimpmobile/ros2_ws/install/teleop_pimpmobile/lib/python3.8/site-packages:${PYTHONPATH} /usr/bin/python3 setup.py egg_info --egg-base ../../build/teleop_pimpmobile build --build-base /home/pimpmobile/ros2_ws/build/teleop_pimpmobile/build install --record /home/pimpmobile/ros2_ws/build/teleop_pimpmobile/install.log --install-scripts $base/lib/teleop_pimpmobile --single-version-externally-managed
