[15.457s] Invoking command in '/home/pimpmobile/ros2_ws/src/lidar': PYTHONPATH=/home/pimpmobile/ros2_ws/build/lidar/prefix_override:/home/pimpmobile/ros2_ws/install/lidar/lib/python3.8/site-packages:${PYTHONPATH} /usr/bin/python3 setup.py egg_info --egg-base ../../build/lidar build --build-base /home/pimpmobile/ros2_ws/build/lidar/build install --record /home/pimpmobile/ros2_ws/build/lidar/install.log --install-scripts $base/lib/lidar --single-version-externally-managed
[15.747s] /home/pimpmobile/.local/lib/python3.8/site-packages/setuptools/dist.py:472: SetuptoolsDeprecationWarning: Invalid dash-separated options
[15.748s] !!
[15.748s] 
[15.749s]         ********************************************************************************
[15.749s]         Usage of dash-separated 'script-dir' will not be supported in future
[15.749s]         versions. Please use the underscore name 'script_dir' instead.
[15.749s] 
[15.749s]         By 2024-Sep-26, you need to update your project and remove deprecated calls
[15.749s]         or your builds will no longer be supported.
[15.749s] 
[15.750s]         See https://setuptools.pypa.io/en/latest/userguide/declarative_config.html for details.
[15.750s]         ********************************************************************************
[15.750s] 
[15.750s] !!
[15.750s]   opt = self.warn_dash_deprecation(opt, section)
[15.978s] running egg_info
[16.014s] writing ../../build/lidar/lidar.egg-info/PKG-INFO
[16.016s] writing dependency_links to ../../build/lidar/lidar.egg-info/dependency_links.txt
[16.016s] writing entry points to ../../build/lidar/lidar.egg-info/entry_points.txt
[16.016s] writing requirements to ../../build/lidar/lidar.egg-info/requires.txt
[16.016s] writing top-level names to ../../build/lidar/lidar.egg-info/top_level.txt
[16.309s] reading manifest file '../../build/lidar/lidar.egg-info/SOURCES.txt'
[16.311s] writing manifest file '../../build/lidar/lidar.egg-info/SOURCES.txt'
[16.312s] running build
[16.313s] running build_py
[16.317s] copying lidar/__init__.py -> /home/pimpmobile/ros2_ws/build/lidar/build/lib/lidar
[16.318s] copying lidar/lidarsubscriber.py -> /home/pimpmobile/ros2_ws/build/lidar/build/lib/lidar
[16.319s] copying lidar/publisher_member_function.py -> /home/pimpmobile/ros2_ws/build/lidar/build/lib/lidar
[16.320s] running install
[16.321s] /home/pimpmobile/.local/lib/python3.8/site-packages/setuptools/_distutils/cmd.py:66: SetuptoolsDeprecationWarning: setup.py install is deprecated.
[16.323s] !!
[16.325s] 
[16.325s]         ********************************************************************************
[16.326s]         Please avoid running ``setup.py`` directly.
[16.327s]         Instead, use pypa/build, pypa/installer or other
[16.328s]         standards-based tools.
[16.328s] 
[16.329s]         See https://blog.ganssle.io/articles/2021/10/setup-py-deprecated.html for details.
[16.329s]         ********************************************************************************
[16.330s] 
[16.331s] !!
[16.331s]   self.initialize_options()
[16.336s] running install_lib
[16.365s] running install_data
[16.401s] copying resource/lidar -> /home/pimpmobile/ros2_ws/install/lidar/share/ament_index/resource_index/packages
[16.401s] copying package.xml -> /home/pimpmobile/ros2_ws/install/lidar/share/lidar
[16.401s] running install_egg_info
[16.440s] removing '/home/pimpmobile/ros2_ws/install/lidar/lib/python3.8/site-packages/lidar-0.0.0-py3.8.egg-info' (and everything under it)
[16.440s] Copying ../../build/lidar/lidar.egg-info to /home/pimpmobile/ros2_ws/install/lidar/lib/python3.8/site-packages/lidar-0.0.0-py3.8.egg-info
[16.443s] running install_scripts
[16.557s] Installing lidar_listener script to /home/pimpmobile/ros2_ws/install/lidar/lib/lidar
[16.558s] Installing lidar_talker script to /home/pimpmobile/ros2_ws/install/lidar/lib/lidar
[16.559s] writing list of installed files to '/home/pimpmobile/ros2_ws/build/lidar/install.log'
[17.960s] Invoked command in '/home/pimpmobile/ros2_ws/src/lidar' returned '0': PYTHONPATH=/home/pimpmobile/ros2_ws/build/lidar/prefix_override:/home/pimpmobile/ros2_ws/install/lidar/lib/python3.8/site-packages:${PYTHONPATH} /usr/bin/python3 setup.py egg_info --egg-base ../../build/lidar build --build-base /home/pimpmobile/ros2_ws/build/lidar/build install --record /home/pimpmobile/ros2_ws/build/lidar/install.log --install-scripts $base/lib/lidar --single-version-externally-managed
