[5.752s] DEBUG:colcon:Command line arguments: ['/usr/bin/colcon', 'build', '--packages-select', 'teleop_pm']
[5.753s] DEBUG:colcon:Parsed command line arguments: Namespace(allow_overriding=[], ament_cmake_args=None, base_paths=['.'], build_base='build', catkin_cmake_args=None, catkin_skip_building_tests=False, cmake_args=None, cmake_clean_cache=False, cmake_clean_first=False, cmake_force_configure=False, cmake_target=None, cmake_target_skip_unavailable=False, continue_on_error=False, event_handlers=None, executor='parallel', ignore_user_meta=False, install_base='install', log_base=None, log_level=None, main=<bound method BuildVerb.main of <colcon_core.verb.build.BuildVerb object at 0xffffb39d7640>>, merge_install=False, metas=['./colcon.meta'], packages_above=None, packages_above_and_dependencies=None, packages_above_depth=None, packages_end=None, packages_ignore=None, packages_ignore_regex=None, packages_select=['teleop_pm'], packages_select_build_failed=False, packages_select_by_dep=None, packages_select_regex=None, packages_select_test_failures=False, packages_skip=None, packages_skip_build_finished=False, packages_skip_by_dep=None, packages_skip_regex=None, packages_skip_test_passed=False, packages_skip_up_to=None, packages_start=None, packages_up_to=None, packages_up_to_regex=None, parallel_workers=6, paths=None, symlink_install=False, test_result_base=None, verb_extension=<colcon_core.verb.build.BuildVerb object at 0xffffb39d7640>, verb_name='build', verb_parser=<colcon_defaults.argument_parser.defaults.DefaultArgumentsDecorator object at 0xffffb39d7b50>)
[5.958s] Level 1:colcon.colcon_core.package_discovery:discover_packages(colcon_meta) check parameters
[5.958s] Level 1:colcon.colcon_core.package_discovery:discover_packages(recursive) check parameters
[5.958s] Level 1:colcon.colcon_core.package_discovery:discover_packages(ignore) check parameters
[5.959s] Level 1:colcon.colcon_core.package_discovery:discover_packages(path) check parameters
[5.959s] Level 1:colcon.colcon_core.package_discovery:discover_packages(colcon_meta) discover
[5.959s] Level 1:colcon.colcon_core.package_discovery:discover_packages(recursive) discover
[5.959s] INFO:colcon.colcon_core.package_discovery:Crawling recursively for packages in '/home/pimpmobile/ros2_ws'
[5.959s] Level 1:colcon.colcon_core.package_identification:_identify(.) by extensions ['ignore', 'ignore_ament_install']
[5.959s] Level 1:colcon.colcon_core.package_identification:_identify(.) by extension 'ignore'
[5.959s] Level 1:colcon.colcon_core.package_identification:_identify(.) by extension 'ignore_ament_install'
[5.960s] Level 1:colcon.colcon_core.package_identification:_identify(.) by extensions ['colcon_pkg']
[5.960s] Level 1:colcon.colcon_core.package_identification:_identify(.) by extension 'colcon_pkg'
[5.960s] Level 1:colcon.colcon_core.package_identification:_identify(.) by extensions ['colcon_meta']
[5.960s] Level 1:colcon.colcon_core.package_identification:_identify(.) by extension 'colcon_meta'
[5.960s] Level 1:colcon.colcon_core.package_identification:_identify(.) by extensions ['ros']
[5.960s] Level 1:colcon.colcon_core.package_identification:_identify(.) by extension 'ros'
[5.989s] Level 1:colcon.colcon_core.package_identification:_identify(.) by extensions ['cmake', 'python']
[5.989s] Level 1:colcon.colcon_core.package_identification:_identify(.) by extension 'cmake'
[5.990s] Level 1:colcon.colcon_core.package_identification:_identify(.) by extension 'python'
[5.990s] Level 1:colcon.colcon_core.package_identification:_identify(.) by extensions ['python_setup_py']
[5.990s] Level 1:colcon.colcon_core.package_identification:_identify(.) by extension 'python_setup_py'
[5.990s] Level 1:colcon.colcon_core.package_identification:_identify(build) by extensions ['ignore', 'ignore_ament_install']
[5.990s] Level 1:colcon.colcon_core.package_identification:_identify(build) by extension 'ignore'
[5.990s] Level 1:colcon.colcon_core.package_identification:_identify(build) ignored
[5.991s] Level 1:colcon.colcon_core.package_identification:_identify(install) by extensions ['ignore', 'ignore_ament_install']
[5.991s] Level 1:colcon.colcon_core.package_identification:_identify(install) by extension 'ignore'
[5.991s] Level 1:colcon.colcon_core.package_identification:_identify(install) ignored
[5.992s] Level 1:colcon.colcon_core.package_identification:_identify(log) by extensions ['ignore', 'ignore_ament_install']
[5.992s] Level 1:colcon.colcon_core.package_identification:_identify(log) by extension 'ignore'
[5.992s] Level 1:colcon.colcon_core.package_identification:_identify(log) ignored
[5.992s] Level 1:colcon.colcon_core.package_identification:_identify(src) by extensions ['ignore', 'ignore_ament_install']
[5.992s] Level 1:colcon.colcon_core.package_identification:_identify(src) by extension 'ignore'
[5.992s] Level 1:colcon.colcon_core.package_identification:_identify(src) by extension 'ignore_ament_install'
[5.992s] Level 1:colcon.colcon_core.package_identification:_identify(src) by extensions ['colcon_pkg']
[5.993s] Level 1:colcon.colcon_core.package_identification:_identify(src) by extension 'colcon_pkg'
[5.993s] Level 1:colcon.colcon_core.package_identification:_identify(src) by extensions ['colcon_meta']
[5.993s] Level 1:colcon.colcon_core.package_identification:_identify(src) by extension 'colcon_meta'
[5.993s] Level 1:colcon.colcon_core.package_identification:_identify(src) by extensions ['ros']
[5.993s] Level 1:colcon.colcon_core.package_identification:_identify(src) by extension 'ros'
[5.993s] Level 1:colcon.colcon_core.package_identification:_identify(src) by extensions ['cmake', 'python']
[5.993s] Level 1:colcon.colcon_core.package_identification:_identify(src) by extension 'cmake'
[5.993s] Level 1:colcon.colcon_core.package_identification:_identify(src) by extension 'python'
[5.993s] Level 1:colcon.colcon_core.package_identification:_identify(src) by extensions ['python_setup_py']
[5.993s] Level 1:colcon.colcon_core.package_identification:_identify(src) by extension 'python_setup_py'
[5.994s] Level 1:colcon.colcon_core.package_identification:_identify(src/gps_publisher) by extensions ['ignore', 'ignore_ament_install']
[5.994s] Level 1:colcon.colcon_core.package_identification:_identify(src/gps_publisher) by extension 'ignore'
[5.994s] Level 1:colcon.colcon_core.package_identification:_identify(src/gps_publisher) by extension 'ignore_ament_install'
[5.994s] Level 1:colcon.colcon_core.package_identification:_identify(src/gps_publisher) by extensions ['colcon_pkg']
[5.994s] Level 1:colcon.colcon_core.package_identification:_identify(src/gps_publisher) by extension 'colcon_pkg'
[5.994s] Level 1:colcon.colcon_core.package_identification:_identify(src/gps_publisher) by extensions ['colcon_meta']
[5.994s] Level 1:colcon.colcon_core.package_identification:_identify(src/gps_publisher) by extension 'colcon_meta'
[5.994s] Level 1:colcon.colcon_core.package_identification:_identify(src/gps_publisher) by extensions ['ros']
[5.994s] Level 1:colcon.colcon_core.package_identification:_identify(src/gps_publisher) by extension 'ros'
[5.999s] DEBUG:colcon.colcon_core.package_identification:Package 'src/gps_publisher' with type 'ros.ament_python' and name 'gps_publisher'
[6.000s] Level 1:colcon.colcon_core.package_identification:_identify(src/lidar) by extensions ['ignore', 'ignore_ament_install']
[6.000s] Level 1:colcon.colcon_core.package_identification:_identify(src/lidar) by extension 'ignore'
[6.000s] Level 1:colcon.colcon_core.package_identification:_identify(src/lidar) by extension 'ignore_ament_install'
[6.000s] Level 1:colcon.colcon_core.package_identification:_identify(src/lidar) by extensions ['colcon_pkg']
[6.000s] Level 1:colcon.colcon_core.package_identification:_identify(src/lidar) by extension 'colcon_pkg'
[6.000s] Level 1:colcon.colcon_core.package_identification:_identify(src/lidar) by extensions ['colcon_meta']
[6.000s] Level 1:colcon.colcon_core.package_identification:_identify(src/lidar) by extension 'colcon_meta'
[6.001s] Level 1:colcon.colcon_core.package_identification:_identify(src/lidar) by extensions ['ros']
[6.001s] Level 1:colcon.colcon_core.package_identification:_identify(src/lidar) by extension 'ros'
[6.002s] DEBUG:colcon.colcon_core.package_identification:Package 'src/lidar' with type 'ros.ament_python' and name 'lidar'
[6.002s] Level 1:colcon.colcon_core.package_identification:_identify(src/ros_tutorials) by extensions ['ignore', 'ignore_ament_install']
[6.002s] Level 1:colcon.colcon_core.package_identification:_identify(src/ros_tutorials) by extension 'ignore'
[6.002s] Level 1:colcon.colcon_core.package_identification:_identify(src/ros_tutorials) by extension 'ignore_ament_install'
[6.002s] Level 1:colcon.colcon_core.package_identification:_identify(src/ros_tutorials) by extensions ['colcon_pkg']
[6.002s] Level 1:colcon.colcon_core.package_identification:_identify(src/ros_tutorials) by extension 'colcon_pkg'
[6.002s] Level 1:colcon.colcon_core.package_identification:_identify(src/ros_tutorials) by extensions ['colcon_meta']
[6.002s] Level 1:colcon.colcon_core.package_identification:_identify(src/ros_tutorials) by extension 'colcon_meta'
[6.003s] Level 1:colcon.colcon_core.package_identification:_identify(src/ros_tutorials) by extensions ['ros']
[6.003s] Level 1:colcon.colcon_core.package_identification:_identify(src/ros_tutorials) by extension 'ros'
[6.003s] Level 1:colcon.colcon_core.package_identification:_identify(src/ros_tutorials) by extensions ['cmake', 'python']
[6.003s] Level 1:colcon.colcon_core.package_identification:_identify(src/ros_tutorials) by extension 'cmake'
[6.003s] Level 1:colcon.colcon_core.package_identification:_identify(src/ros_tutorials) by extension 'python'
[6.003s] Level 1:colcon.colcon_core.package_identification:_identify(src/ros_tutorials) by extensions ['python_setup_py']
[6.003s] Level 1:colcon.colcon_core.package_identification:_identify(src/ros_tutorials) by extension 'python_setup_py'
[6.003s] Level 1:colcon.colcon_core.package_identification:_identify(src/ros_tutorials/ros_tutorials) by extensions ['ignore', 'ignore_ament_install']
[6.004s] Level 1:colcon.colcon_core.package_identification:_identify(src/ros_tutorials/ros_tutorials) by extension 'ignore'
[6.004s] Level 1:colcon.colcon_core.package_identification:_identify(src/ros_tutorials/ros_tutorials) ignored
[6.004s] Level 1:colcon.colcon_core.package_identification:_identify(src/ros_tutorials/roscpp_tutorials) by extensions ['ignore', 'ignore_ament_install']
[6.004s] Level 1:colcon.colcon_core.package_identification:_identify(src/ros_tutorials/roscpp_tutorials) by extension 'ignore'
[6.004s] Level 1:colcon.colcon_core.package_identification:_identify(src/ros_tutorials/roscpp_tutorials) ignored
[6.004s] Level 1:colcon.colcon_core.package_identification:_identify(src/ros_tutorials/rospy_tutorials) by extensions ['ignore', 'ignore_ament_install']
[6.005s] Level 1:colcon.colcon_core.package_identification:_identify(src/ros_tutorials/rospy_tutorials) by extension 'ignore'
[6.005s] Level 1:colcon.colcon_core.package_identification:_identify(src/ros_tutorials/rospy_tutorials) ignored
[6.005s] Level 1:colcon.colcon_core.package_identification:_identify(src/ros_tutorials/turtlesim) by extensions ['ignore', 'ignore_ament_install']
[6.005s] Level 1:colcon.colcon_core.package_identification:_identify(src/ros_tutorials/turtlesim) by extension 'ignore'
[6.005s] Level 1:colcon.colcon_core.package_identification:_identify(src/ros_tutorials/turtlesim) by extension 'ignore_ament_install'
[6.005s] Level 1:colcon.colcon_core.package_identification:_identify(src/ros_tutorials/turtlesim) by extensions ['colcon_pkg']
[6.005s] Level 1:colcon.colcon_core.package_identification:_identify(src/ros_tutorials/turtlesim) by extension 'colcon_pkg'
[6.005s] Level 1:colcon.colcon_core.package_identification:_identify(src/ros_tutorials/turtlesim) by extensions ['colcon_meta']
[6.006s] Level 1:colcon.colcon_core.package_identification:_identify(src/ros_tutorials/turtlesim) by extension 'colcon_meta'
[6.006s] Level 1:colcon.colcon_core.package_identification:_identify(src/ros_tutorials/turtlesim) by extensions ['ros']
[6.006s] Level 1:colcon.colcon_core.package_identification:_identify(src/ros_tutorials/turtlesim) by extension 'ros'
[6.008s] DEBUG:colcon.colcon_core.package_identification:Package 'src/ros_tutorials/turtlesim' with type 'ros.ament_cmake' and name 'turtlesim'
[6.008s] Level 1:colcon.colcon_core.package_identification:_identify(src/slam) by extensions ['ignore', 'ignore_ament_install']
[6.008s] Level 1:colcon.colcon_core.package_identification:_identify(src/slam) by extension 'ignore'
[6.008s] Level 1:colcon.colcon_core.package_identification:_identify(src/slam) by extension 'ignore_ament_install'
[6.009s] Level 1:colcon.colcon_core.package_identification:_identify(src/slam) by extensions ['colcon_pkg']
[6.009s] Level 1:colcon.colcon_core.package_identification:_identify(src/slam) by extension 'colcon_pkg'
[6.009s] Level 1:colcon.colcon_core.package_identification:_identify(src/slam) by extensions ['colcon_meta']
[6.009s] Level 1:colcon.colcon_core.package_identification:_identify(src/slam) by extension 'colcon_meta'
[6.009s] Level 1:colcon.colcon_core.package_identification:_identify(src/slam) by extensions ['ros']
[6.009s] Level 1:colcon.colcon_core.package_identification:_identify(src/slam) by extension 'ros'
[6.010s] DEBUG:colcon.colcon_core.package_identification:Package 'src/slam' with type 'ros.ament_python' and name 'slam'
[6.010s] Level 1:colcon.colcon_core.package_identification:_identify(src/teleop_pm) by extensions ['ignore', 'ignore_ament_install']
[6.010s] Level 1:colcon.colcon_core.package_identification:_identify(src/teleop_pm) by extension 'ignore'
[6.010s] Level 1:colcon.colcon_core.package_identification:_identify(src/teleop_pm) by extension 'ignore_ament_install'
[6.010s] Level 1:colcon.colcon_core.package_identification:_identify(src/teleop_pm) by extensions ['colcon_pkg']
[6.011s] Level 1:colcon.colcon_core.package_identification:_identify(src/teleop_pm) by extension 'colcon_pkg'
[6.011s] Level 1:colcon.colcon_core.package_identification:_identify(src/teleop_pm) by extensions ['colcon_meta']
[6.011s] Level 1:colcon.colcon_core.package_identification:_identify(src/teleop_pm) by extension 'colcon_meta'
[6.011s] Level 1:colcon.colcon_core.package_identification:_identify(src/teleop_pm) by extensions ['ros']
[6.011s] Level 1:colcon.colcon_core.package_identification:_identify(src/teleop_pm) by extension 'ros'
[6.012s] DEBUG:colcon.colcon_core.package_identification:Package 'src/teleop_pm' with type 'ros.ament_python' and name 'teleop_pm'
[6.012s] Level 1:colcon.colcon_core.package_discovery:discover_packages(recursive) using defaults
[6.012s] Level 1:colcon.colcon_core.package_discovery:discover_packages(ignore) discover
[6.012s] Level 1:colcon.colcon_core.package_discovery:discover_packages(ignore) using defaults
[6.012s] Level 1:colcon.colcon_core.package_discovery:discover_packages(path) discover
[6.012s] Level 1:colcon.colcon_core.package_discovery:discover_packages(path) using defaults
[6.135s] INFO:colcon.colcon_core.package_selection:Skipping not selected package 'gps_publisher' in 'src/gps_publisher'
[6.136s] INFO:colcon.colcon_core.package_selection:Skipping not selected package 'lidar' in 'src/lidar'
[6.136s] INFO:colcon.colcon_core.package_selection:Skipping not selected package 'slam' in 'src/slam'
[6.136s] INFO:colcon.colcon_core.package_selection:Skipping not selected package 'turtlesim' in 'src/ros_tutorials/turtlesim'
[6.190s] Level 1:colcon.colcon_core.package_discovery:discover_packages(prefix_path) check parameters
[6.190s] Level 1:colcon.colcon_core.package_discovery:discover_packages(prefix_path) discover
[6.246s] DEBUG:colcon.colcon_installed_package_information.package_discovery:Found 1 installed packages in /home/pimpmobile/ldlidar_ros2_ws/install
[6.272s] DEBUG:colcon.colcon_installed_package_information.package_discovery:Found 4 installed packages in /home/pimpmobile/ros2_ws/install
[6.300s] DEBUG:colcon.colcon_installed_package_information.package_discovery:Found 256 installed packages in /opt/ros/foxy
[6.302s] Level 1:colcon.colcon_core.package_discovery:discover_packages(prefix_path) using defaults
[6.448s] Level 5:colcon.colcon_core.verb:set package 'teleop_pm' build argument 'cmake_args' from command line to 'None'
[6.449s] Level 5:colcon.colcon_core.verb:set package 'teleop_pm' build argument 'cmake_target' from command line to 'None'
[6.449s] Level 5:colcon.colcon_core.verb:set package 'teleop_pm' build argument 'cmake_target_skip_unavailable' from command line to 'False'
[6.449s] Level 5:colcon.colcon_core.verb:set package 'teleop_pm' build argument 'cmake_clean_cache' from command line to 'False'
[6.449s] Level 5:colcon.colcon_core.verb:set package 'teleop_pm' build argument 'cmake_clean_first' from command line to 'False'
[6.449s] Level 5:colcon.colcon_core.verb:set package 'teleop_pm' build argument 'cmake_force_configure' from command line to 'False'
[6.449s] Level 5:colcon.colcon_core.verb:set package 'teleop_pm' build argument 'ament_cmake_args' from command line to 'None'
[6.449s] Level 5:colcon.colcon_core.verb:set package 'teleop_pm' build argument 'catkin_cmake_args' from command line to 'None'
[6.449s] Level 5:colcon.colcon_core.verb:set package 'teleop_pm' build argument 'catkin_skip_building_tests' from command line to 'False'
[6.449s] DEBUG:colcon.colcon_core.verb:Building package 'teleop_pm' with the following arguments: {'ament_cmake_args': None, 'build_base': '/home/pimpmobile/ros2_ws/build/teleop_pm', 'catkin_cmake_args': None, 'catkin_skip_building_tests': False, 'cmake_args': None, 'cmake_clean_cache': False, 'cmake_clean_first': False, 'cmake_force_configure': False, 'cmake_target': None, 'cmake_target_skip_unavailable': False, 'install_base': '/home/pimpmobile/ros2_ws/install/teleop_pm', 'merge_install': False, 'path': '/home/pimpmobile/ros2_ws/src/teleop_pm', 'symlink_install': False, 'test_result_base': None}
[6.506s] INFO:colcon.colcon_core.executor:Executing jobs using 'parallel' executor
[6.536s] DEBUG:colcon.colcon_parallel_executor.executor.parallel:run_until_complete
[6.537s] INFO:colcon.colcon_ros.task.ament_python.build:Building ROS package in '/home/pimpmobile/ros2_ws/src/teleop_pm' with build type 'ament_python'
[6.537s] Level 1:colcon.colcon_core.shell:create_environment_hook('teleop_pm', 'ament_prefix_path')
[6.569s] INFO:colcon.colcon_core.plugin_system:Skipping extension 'colcon_core.shell.bat': Not used on non-Windows systems
[6.569s] INFO:colcon.colcon_core.shell:Creating environment hook '/home/pimpmobile/ros2_ws/install/teleop_pm/share/teleop_pm/hook/ament_prefix_path.ps1'
[6.571s] INFO:colcon.colcon_core.shell:Creating environment descriptor '/home/pimpmobile/ros2_ws/install/teleop_pm/share/teleop_pm/hook/ament_prefix_path.dsv'
[6.572s] INFO:colcon.colcon_core.shell:Creating environment hook '/home/pimpmobile/ros2_ws/install/teleop_pm/share/teleop_pm/hook/ament_prefix_path.sh'
[6.600s] INFO:colcon.colcon_core.shell:Skip shell extension 'powershell' for command environment: Not usable outside of PowerShell
[6.600s] DEBUG:colcon.colcon_core.shell:Skip shell extension 'dsv' for command environment
[7.154s] INFO:colcon.colcon_core.task.python.build:Building Python package in '/home/pimpmobile/ros2_ws/src/teleop_pm'
[7.183s] INFO:colcon.colcon_core.shell:Skip shell extension 'powershell' for command environment: Not usable outside of PowerShell
[7.183s] DEBUG:colcon.colcon_core.shell:Skip shell extension 'dsv' for command environment
[8.760s] DEBUG:colcon.colcon_core.event_handler.log_command:Invoking command in '/home/pimpmobile/ros2_ws/src/teleop_pm': AMENT_PREFIX_PATH=/home/pimpmobile/ros2_ws/install/lidar:/home/pimpmobile/ldlidar_ros2_ws/install/ldlidar_stl_ros2:/home/pimpmobile/ros2_ws/install/turtlesim:/home/pimpmobile/ros2_ws/install/teleop_pm:/home/pimpmobile/ros2_ws/install/gps_publisher:/opt/ros/foxy PYTHONPATH=/home/pimpmobile/ros2_ws/build/teleop_pm/prefix_override:/home/pimpmobile/ros2_ws/install/teleop_pm/lib/python3.8/site-packages:/home/pimpmobile/ros2_ws/install/lidar/lib/python3.8/site-packages:/home/pimpmobile/ros2_ws/install/turtlesim/lib/python3.8/site-packages:/home/pimpmobile/ros2_ws/install/teleop_pm/lib/python3.8/site-packages:/home/pimpmobile/ros2_ws/install/gps_publisher/lib/python3.8/site-packages:/opt/ros/foxy/lib/python3.8/site-packages /usr/bin/python3 setup.py egg_info --egg-base ../../build/teleop_pm build --build-base /home/pimpmobile/ros2_ws/build/teleop_pm/build install --record /home/pimpmobile/ros2_ws/build/teleop_pm/install.log --install-scripts $base/lib/teleop_pm --single-version-externally-managed
[9.878s] DEBUG:colcon.colcon_core.event_handler.log_command:Invoked command in '/home/pimpmobile/ros2_ws/src/teleop_pm' returned '0': AMENT_PREFIX_PATH=/home/pimpmobile/ros2_ws/install/lidar:/home/pimpmobile/ldlidar_ros2_ws/install/ldlidar_stl_ros2:/home/pimpmobile/ros2_ws/install/turtlesim:/home/pimpmobile/ros2_ws/install/teleop_pm:/home/pimpmobile/ros2_ws/install/gps_publisher:/opt/ros/foxy PYTHONPATH=/home/pimpmobile/ros2_ws/build/teleop_pm/prefix_override:/home/pimpmobile/ros2_ws/install/teleop_pm/lib/python3.8/site-packages:/home/pimpmobile/ros2_ws/install/lidar/lib/python3.8/site-packages:/home/pimpmobile/ros2_ws/install/turtlesim/lib/python3.8/site-packages:/home/pimpmobile/ros2_ws/install/teleop_pm/lib/python3.8/site-packages:/home/pimpmobile/ros2_ws/install/gps_publisher/lib/python3.8/site-packages:/opt/ros/foxy/lib/python3.8/site-packages /usr/bin/python3 setup.py egg_info --egg-base ../../build/teleop_pm build --build-base /home/pimpmobile/ros2_ws/build/teleop_pm/build install --record /home/pimpmobile/ros2_ws/build/teleop_pm/install.log --install-scripts $base/lib/teleop_pm --single-version-externally-managed
[9.919s] Level 1:colcon.colcon_core.environment:checking '/home/pimpmobile/ros2_ws/install/teleop_pm' for CMake module files
[9.920s] Level 1:colcon.colcon_core.environment:checking '/home/pimpmobile/ros2_ws/install/teleop_pm' for CMake config files
[9.922s] Level 1:colcon.colcon_core.environment:checking '/home/pimpmobile/ros2_ws/install/teleop_pm/lib'
[9.922s] Level 1:colcon.colcon_core.environment:checking '/home/pimpmobile/ros2_ws/install/teleop_pm/bin'
[9.922s] Level 1:colcon.colcon_core.environment:checking '/home/pimpmobile/ros2_ws/install/teleop_pm/lib/pkgconfig/teleop_pm.pc'
[9.923s] Level 1:colcon.colcon_core.environment:checking '/home/pimpmobile/ros2_ws/install/teleop_pm/lib/python3.8/site-packages'
[9.923s] Level 1:colcon.colcon_core.shell:create_environment_hook('teleop_pm', 'pythonpath')
[9.951s] INFO:colcon.colcon_core.shell:Creating environment hook '/home/pimpmobile/ros2_ws/install/teleop_pm/share/teleop_pm/hook/pythonpath.ps1'
[9.952s] INFO:colcon.colcon_core.shell:Creating environment descriptor '/home/pimpmobile/ros2_ws/install/teleop_pm/share/teleop_pm/hook/pythonpath.dsv'
[9.953s] INFO:colcon.colcon_core.shell:Creating environment hook '/home/pimpmobile/ros2_ws/install/teleop_pm/share/teleop_pm/hook/pythonpath.sh'
[9.954s] Level 1:colcon.colcon_core.environment:checking '/home/pimpmobile/ros2_ws/install/teleop_pm/bin'
[9.954s] Level 1:colcon.colcon_core.environment:create_environment_scripts_only(teleop_pm)
[9.982s] INFO:colcon.colcon_core.shell:Creating package script '/home/pimpmobile/ros2_ws/install/teleop_pm/share/teleop_pm/package.ps1'
[9.984s] INFO:colcon.colcon_core.shell:Creating package descriptor '/home/pimpmobile/ros2_ws/install/teleop_pm/share/teleop_pm/package.dsv'
[9.985s] INFO:colcon.colcon_core.shell:Creating package script '/home/pimpmobile/ros2_ws/install/teleop_pm/share/teleop_pm/package.sh'
[9.986s] INFO:colcon.colcon_core.shell:Creating package script '/home/pimpmobile/ros2_ws/install/teleop_pm/share/teleop_pm/package.bash'
[9.988s] INFO:colcon.colcon_core.shell:Creating package script '/home/pimpmobile/ros2_ws/install/teleop_pm/share/teleop_pm/package.zsh'
[9.989s] Level 1:colcon.colcon_core.environment:create_file_with_runtime_dependencies(/home/pimpmobile/ros2_ws/install/teleop_pm/share/colcon-core/packages/teleop_pm)
[9.990s] DEBUG:colcon.colcon_parallel_executor.executor.parallel:closing loop
[9.991s] DEBUG:colcon.colcon_parallel_executor.executor.parallel:loop closed
[9.991s] DEBUG:colcon.colcon_parallel_executor.executor.parallel:run_until_complete finished with '0'
[9.991s] DEBUG:colcon.colcon_core.event_reactor:joining thread
[10.029s] INFO:colcon.colcon_core.plugin_system:Skipping extension 'colcon_notification.desktop_notification.terminal_notifier': Not used on non-Darwin systems
[10.029s] INFO:colcon.colcon_core.plugin_system:Skipping extension 'colcon_notification.desktop_notification.win32': Not used on non-Windows systems
[10.029s] INFO:colcon.colcon_notification.desktop_notification:Sending desktop notification using 'notify2'
[10.079s] DEBUG:colcon.colcon_core.event_reactor:joined thread
[10.109s] INFO:colcon.colcon_core.shell:Creating prefix script '/home/pimpmobile/ros2_ws/install/local_setup.ps1'
[10.111s] INFO:colcon.colcon_core.shell:Creating prefix util module '/home/pimpmobile/ros2_ws/install/_local_setup_util_ps1.py'
[10.113s] INFO:colcon.colcon_core.shell:Creating prefix chain script '/home/pimpmobile/ros2_ws/install/setup.ps1'
[10.143s] INFO:colcon.colcon_core.shell:Creating prefix script '/home/pimpmobile/ros2_ws/install/local_setup.sh'
[10.144s] INFO:colcon.colcon_core.shell:Creating prefix util module '/home/pimpmobile/ros2_ws/install/_local_setup_util_sh.py'
[10.145s] INFO:colcon.colcon_core.shell:Creating prefix chain script '/home/pimpmobile/ros2_ws/install/setup.sh'
[10.175s] INFO:colcon.colcon_core.shell:Creating prefix script '/home/pimpmobile/ros2_ws/install/local_setup.bash'
[10.176s] INFO:colcon.colcon_core.shell:Creating prefix chain script '/home/pimpmobile/ros2_ws/install/setup.bash'
[10.206s] INFO:colcon.colcon_core.shell:Creating prefix script '/home/pimpmobile/ros2_ws/install/local_setup.zsh'
[10.207s] INFO:colcon.colcon_core.shell:Creating prefix chain script '/home/pimpmobile/ros2_ws/install/setup.zsh'
