[2.471s] Invoking command in '/home/pimpmobile/ros2_ws/build/turtlesim': CMAKE_PREFIX_PATH=${CMAKE_PREFIX_PATH}:/home/pimpmobile/ros2_ws/install/teleop_pm:/home/pimpmobile/ros2_ws/install/lidar:/home/pimpmobile/ros2_ws/install/gps_publisher:/opt/ros/foxy /usr/bin/cmake --build /home/pimpmobile/ros2_ws/build/turtlesim -- -j6 -l6
[2.602s] [  2%] Built target turtlesim__cpp
[2.602s] [ 11%] Built target turtlesim__rosidl_generator_c
[2.656s] [ 31%] Built target turtlesim__rosidl_typesupport_introspection_c
[2.657s] [ 31%] Built target turtlesim__rosidl_typesupport_introspection_cpp
[2.660s] [ 41%] Built target turtlesim__rosidl_typesupport_cpp
[2.666s] [ 51%] Built target turtlesim__rosidl_typesupport_fastrtps_cpp
[2.708s] [ 61%] Built target turtlesim__rosidl_typesupport_c
[2.729s] [ 71%] Built target turtlesim__rosidl_typesupport_fastrtps_c
[2.772s] [ 71%] Built target turtlesim
[2.831s] [ 72%] Built target turtlesim__py
[2.851s] [ 74%] Built target mimic
[2.859s] [ 76%] Built target draw_square
[2.866s] [ 78%] Built target turtle_teleop_key
[2.890s] [ 84%] Built target turtlesim_node
[2.904s] [ 93%] Built target turtlesim__python
[2.962s] [100%] Built target turtlesim__rosidl_typesupport_c__pyext
[2.962s] [100%] Built target turtlesim__rosidl_typesupport_introspection_c__pyext
[2.962s] [100%] Built target turtlesim__rosidl_typesupport_fastrtps_c__pyext
[2.991s] Invoked command in '/home/pimpmobile/ros2_ws/build/turtlesim' returned '0': CMAKE_PREFIX_PATH=${CMAKE_PREFIX_PATH}:/home/pimpmobile/ros2_ws/install/teleop_pm:/home/pimpmobile/ros2_ws/install/lidar:/home/pimpmobile/ros2_ws/install/gps_publisher:/opt/ros/foxy /usr/bin/cmake --build /home/pimpmobile/ros2_ws/build/turtlesim -- -j6 -l6
[3.360s] Invoking command in '/home/pimpmobile/ros2_ws/build/turtlesim': CMAKE_PREFIX_PATH=${CMAKE_PREFIX_PATH}:/home/pimpmobile/ros2_ws/install/teleop_pm:/home/pimpmobile/ros2_ws/install/lidar:/home/pimpmobile/ros2_ws/install/gps_publisher:/opt/ros/foxy /usr/bin/cmake --install /home/pimpmobile/ros2_ws/build/turtlesim
[3.382s] -- Install configuration: ""
[3.383s] -- Up-to-date: /home/pimpmobile/ros2_ws/install/turtlesim/share/ament_index/resource_index/rosidl_interfaces/turtlesim
[3.383s] -- Up-to-date: /home/pimpmobile/ros2_ws/install/turtlesim/include/turtlesim
[3.383s] -- Up-to-date: /home/pimpmobile/ros2_ws/install/turtlesim/include/turtlesim/msg
[3.384s] -- Up-to-date: /home/pimpmobile/ros2_ws/install/turtlesim/include/turtlesim/msg/rosidl_generator_c__visibility_control.h
[3.384s] -- Up-to-date: /home/pimpmobile/ros2_ws/install/turtlesim/include/turtlesim/msg/pose.h
[3.384s] -- Up-to-date: /home/pimpmobile/ros2_ws/install/turtlesim/include/turtlesim/msg/color.h
[3.385s] -- Up-to-date: /home/pimpmobile/ros2_ws/install/turtlesim/include/turtlesim/msg/detail
[3.385s] -- Up-to-date: /home/pimpmobile/ros2_ws/install/turtlesim/include/turtlesim/msg/detail/color__struct.h
[3.385s] -- Up-to-date: /home/pimpmobile/ros2_ws/install/turtlesim/include/turtlesim/msg/detail/pose__type_support.h
[3.385s] -- Up-to-date: /home/pimpmobile/ros2_ws/install/turtlesim/include/turtlesim/msg/detail/pose__functions.c
[3.385s] -- Up-to-date: /home/pimpmobile/ros2_ws/install/turtlesim/include/turtlesim/msg/detail/color__type_support.h
[3.385s] -- Up-to-date: /home/pimpmobile/ros2_ws/install/turtlesim/include/turtlesim/msg/detail/color__functions.h
[3.386s] -- Up-to-date: /home/pimpmobile/ros2_ws/install/turtlesim/include/turtlesim/msg/detail/pose__struct.h
[3.386s] -- Up-to-date: /home/pimpmobile/ros2_ws/install/turtlesim/include/turtlesim/msg/detail/pose__functions.h
[3.387s] -- Up-to-date: /home/pimpmobile/ros2_ws/install/turtlesim/include/turtlesim/msg/detail/color__functions.c
[3.387s] -- Up-to-date: /home/pimpmobile/ros2_ws/install/turtlesim/include/turtlesim/srv
[3.387s] -- Up-to-date: /home/pimpmobile/ros2_ws/install/turtlesim/include/turtlesim/srv/kill.h
[3.387s] -- Up-to-date: /home/pimpmobile/ros2_ws/install/turtlesim/include/turtlesim/srv/teleport_relative.h
[3.387s] -- Up-to-date: /home/pimpmobile/ros2_ws/install/turtlesim/include/turtlesim/srv/detail
[3.387s] -- Up-to-date: /home/pimpmobile/ros2_ws/install/turtlesim/include/turtlesim/srv/detail/teleport_relative__type_support.h
[3.388s] -- Up-to-date: /home/pimpmobile/ros2_ws/install/turtlesim/include/turtlesim/srv/detail/spawn__functions.h
[3.388s] -- Up-to-date: /home/pimpmobile/ros2_ws/install/turtlesim/include/turtlesim/srv/detail/spawn__struct.h
[3.388s] -- Up-to-date: /home/pimpmobile/ros2_ws/install/turtlesim/include/turtlesim/srv/detail/spawn__type_support.h
[3.389s] -- Up-to-date: /home/pimpmobile/ros2_ws/install/turtlesim/include/turtlesim/srv/detail/teleport_relative__functions.c
[3.389s] -- Up-to-date: /home/pimpmobile/ros2_ws/install/turtlesim/include/turtlesim/srv/detail/teleport_relative__functions.h
[3.389s] -- Up-to-date: /home/pimpmobile/ros2_ws/install/turtlesim/include/turtlesim/srv/detail/teleport_absolute__type_support.h
[3.389s] -- Up-to-date: /home/pimpmobile/ros2_ws/install/turtlesim/include/turtlesim/srv/detail/kill__functions.c
[3.389s] -- Up-to-date: /home/pimpmobile/ros2_ws/install/turtlesim/include/turtlesim/srv/detail/teleport_absolute__functions.c
[3.391s] -- Up-to-date: /home/pimpmobile/ros2_ws/install/turtlesim/include/turtlesim/srv/detail/kill__functions.h
[3.391s] -- Up-to-date: /home/pimpmobile/ros2_ws/install/turtlesim/include/turtlesim/srv/detail/spawn__functions.c
[3.391s] -- Up-to-date: /home/pimpmobile/ros2_ws/install/turtlesim/include/turtlesim/srv/detail/kill__struct.h
[3.392s] -- Up-to-date: /home/pimpmobile/ros2_ws/install/turtlesim/include/turtlesim/srv/detail/set_pen__functions.c
[3.392s] -- Up-to-date: /home/pimpmobile/ros2_ws/install/turtlesim/include/turtlesim/srv/detail/teleport_absolute__struct.h
[3.392s] -- Up-to-date: /home/pimpmobile/ros2_ws/install/turtlesim/include/turtlesim/srv/detail/teleport_absolute__functions.h
[3.393s] -- Up-to-date: /home/pimpmobile/ros2_ws/install/turtlesim/include/turtlesim/srv/detail/set_pen__functions.h
[3.393s] -- Up-to-date: /home/pimpmobile/ros2_ws/install/turtlesim/include/turtlesim/srv/detail/set_pen__struct.h
[3.393s] -- Up-to-date: /home/pimpmobile/ros2_ws/install/turtlesim/include/turtlesim/srv/detail/set_pen__type_support.h
[3.394s] -- Up-to-date: /home/pimpmobile/ros2_ws/install/turtlesim/include/turtlesim/srv/detail/teleport_relative__struct.h
[3.394s] -- Up-to-date: /home/pimpmobile/ros2_ws/install/turtlesim/include/turtlesim/srv/detail/kill__type_support.h
[3.394s] -- Up-to-date: /home/pimpmobile/ros2_ws/install/turtlesim/include/turtlesim/srv/spawn.h
[3.395s] -- Up-to-date: /home/pimpmobile/ros2_ws/install/turtlesim/include/turtlesim/srv/teleport_absolute.h
[3.395s] -- Up-to-date: /home/pimpmobile/ros2_ws/install/turtlesim/include/turtlesim/srv/set_pen.h
[3.395s] -- Up-to-date: /home/pimpmobile/ros2_ws/install/turtlesim/include/turtlesim/action
[3.396s] -- Up-to-date: /home/pimpmobile/ros2_ws/install/turtlesim/include/turtlesim/action/rotate_absolute.h
[3.396s] -- Up-to-date: /home/pimpmobile/ros2_ws/install/turtlesim/include/turtlesim/action/detail
[3.396s] -- Up-to-date: /home/pimpmobile/ros2_ws/install/turtlesim/include/turtlesim/action/detail/rotate_absolute__functions.h
[3.396s] -- Up-to-date: /home/pimpmobile/ros2_ws/install/turtlesim/include/turtlesim/action/detail/rotate_absolute__functions.c
[3.396s] -- Up-to-date: /home/pimpmobile/ros2_ws/install/turtlesim/include/turtlesim/action/detail/rotate_absolute__struct.h
[3.396s] -- Up-to-date: /home/pimpmobile/ros2_ws/install/turtlesim/include/turtlesim/action/detail/rotate_absolute__type_support.h
[3.397s] -- Up-to-date: /home/pimpmobile/ros2_ws/install/turtlesim/share/turtlesim/environment/library_path.sh
[3.397s] -- Up-to-date: /home/pimpmobile/ros2_ws/install/turtlesim/share/turtlesim/environment/library_path.dsv
[3.397s] -- Up-to-date: /home/pimpmobile/ros2_ws/install/turtlesim/lib/libturtlesim__rosidl_generator_c.so
[3.397s] -- Up-to-date: /home/pimpmobile/ros2_ws/install/turtlesim/include/turtlesim
[3.397s] -- Up-to-date: /home/pimpmobile/ros2_ws/install/turtlesim/include/turtlesim/msg
[3.398s] -- Up-to-date: /home/pimpmobile/ros2_ws/install/turtlesim/include/turtlesim/msg/rosidl_typesupport_fastrtps_c__visibility_control.h
[3.398s] -- Up-to-date: /home/pimpmobile/ros2_ws/install/turtlesim/include/turtlesim/msg/detail
[3.398s] -- Up-to-date: /home/pimpmobile/ros2_ws/install/turtlesim/include/turtlesim/msg/detail/color__rosidl_typesupport_fastrtps_c.h
[3.398s] -- Up-to-date: /home/pimpmobile/ros2_ws/install/turtlesim/include/turtlesim/msg/detail/pose__rosidl_typesupport_fastrtps_c.h
[3.398s] -- Up-to-date: /home/pimpmobile/ros2_ws/install/turtlesim/include/turtlesim/srv
[3.399s] -- Up-to-date: /home/pimpmobile/ros2_ws/install/turtlesim/include/turtlesim/srv/detail
[3.399s] -- Up-to-date: /home/pimpmobile/ros2_ws/install/turtlesim/include/turtlesim/srv/detail/set_pen__rosidl_typesupport_fastrtps_c.h
[3.399s] -- Up-to-date: /home/pimpmobile/ros2_ws/install/turtlesim/include/turtlesim/srv/detail/kill__rosidl_typesupport_fastrtps_c.h
[3.399s] -- Up-to-date: /home/pimpmobile/ros2_ws/install/turtlesim/include/turtlesim/srv/detail/teleport_absolute__rosidl_typesupport_fastrtps_c.h
[3.399s] -- Up-to-date: /home/pimpmobile/ros2_ws/install/turtlesim/include/turtlesim/srv/detail/teleport_relative__rosidl_typesupport_fastrtps_c.h
[3.399s] -- Up-to-date: /home/pimpmobile/ros2_ws/install/turtlesim/include/turtlesim/srv/detail/spawn__rosidl_typesupport_fastrtps_c.h
[3.400s] -- Up-to-date: /home/pimpmobile/ros2_ws/install/turtlesim/include/turtlesim/action
[3.400s] -- Up-to-date: /home/pimpmobile/ros2_ws/install/turtlesim/include/turtlesim/action/detail
[3.400s] -- Up-to-date: /home/pimpmobile/ros2_ws/install/turtlesim/include/turtlesim/action/detail/rotate_absolute__rosidl_typesupport_fastrtps_c.h
[3.400s] -- Up-to-date: /home/pimpmobile/ros2_ws/install/turtlesim/lib/libturtlesim__rosidl_typesupport_fastrtps_c.so
[3.401s] -- Up-to-date: /home/pimpmobile/ros2_ws/install/turtlesim/include/turtlesim
[3.401s] -- Up-to-date: /home/pimpmobile/ros2_ws/install/turtlesim/include/turtlesim/msg
[3.401s] -- Up-to-date: /home/pimpmobile/ros2_ws/install/turtlesim/include/turtlesim/msg/rosidl_typesupport_fastrtps_cpp__visibility_control.h
[3.401s] -- Up-to-date: /home/pimpmobile/ros2_ws/install/turtlesim/include/turtlesim/msg/detail
[3.401s] -- Up-to-date: /home/pimpmobile/ros2_ws/install/turtlesim/include/turtlesim/msg/detail/dds_fastrtps
[3.402s] -- Up-to-date: /home/pimpmobile/ros2_ws/install/turtlesim/include/turtlesim/msg/detail/pose__rosidl_typesupport_fastrtps_cpp.hpp
[3.402s] -- Up-to-date: /home/pimpmobile/ros2_ws/install/turtlesim/include/turtlesim/msg/detail/color__rosidl_typesupport_fastrtps_cpp.hpp
[3.402s] -- Up-to-date: /home/pimpmobile/ros2_ws/install/turtlesim/include/turtlesim/srv
[3.402s] -- Up-to-date: /home/pimpmobile/ros2_ws/install/turtlesim/include/turtlesim/srv/detail
[3.402s] -- Up-to-date: /home/pimpmobile/ros2_ws/install/turtlesim/include/turtlesim/srv/detail/dds_fastrtps
[3.402s] -- Up-to-date: /home/pimpmobile/ros2_ws/install/turtlesim/include/turtlesim/srv/detail/teleport_relative__rosidl_typesupport_fastrtps_cpp.hpp
[3.403s] -- Up-to-date: /home/pimpmobile/ros2_ws/install/turtlesim/include/turtlesim/srv/detail/set_pen__rosidl_typesupport_fastrtps_cpp.hpp
[3.403s] -- Up-to-date: /home/pimpmobile/ros2_ws/install/turtlesim/include/turtlesim/srv/detail/kill__rosidl_typesupport_fastrtps_cpp.hpp
[3.403s] -- Up-to-date: /home/pimpmobile/ros2_ws/install/turtlesim/include/turtlesim/srv/detail/teleport_absolute__rosidl_typesupport_fastrtps_cpp.hpp
[3.403s] -- Up-to-date: /home/pimpmobile/ros2_ws/install/turtlesim/include/turtlesim/srv/detail/spawn__rosidl_typesupport_fastrtps_cpp.hpp
[3.403s] -- Up-to-date: /home/pimpmobile/ros2_ws/install/turtlesim/include/turtlesim/action
[3.404s] -- Up-to-date: /home/pimpmobile/ros2_ws/install/turtlesim/include/turtlesim/action/detail
[3.404s] -- Up-to-date: /home/pimpmobile/ros2_ws/install/turtlesim/include/turtlesim/action/detail/rotate_absolute__rosidl_typesupport_fastrtps_cpp.hpp
[3.404s] -- Up-to-date: /home/pimpmobile/ros2_ws/install/turtlesim/include/turtlesim/action/detail/dds_fastrtps
[3.404s] -- Up-to-date: /home/pimpmobile/ros2_ws/install/turtlesim/lib/libturtlesim__rosidl_typesupport_fastrtps_cpp.so
[3.404s] -- Up-to-date: /home/pimpmobile/ros2_ws/install/turtlesim/include/turtlesim
[3.404s] -- Up-to-date: /home/pimpmobile/ros2_ws/install/turtlesim/include/turtlesim/msg
[3.405s] -- Up-to-date: /home/pimpmobile/ros2_ws/install/turtlesim/include/turtlesim/msg/rosidl_typesupport_introspection_c__visibility_control.h
[3.405s] -- Up-to-date: /home/pimpmobile/ros2_ws/install/turtlesim/include/turtlesim/msg/detail
[3.405s] -- Up-to-date: /home/pimpmobile/ros2_ws/install/turtlesim/include/turtlesim/msg/detail/color__rosidl_typesupport_introspection_c.h
[3.405s] -- Up-to-date: /home/pimpmobile/ros2_ws/install/turtlesim/include/turtlesim/msg/detail/color__type_support.c
[3.405s] -- Up-to-date: /home/pimpmobile/ros2_ws/install/turtlesim/include/turtlesim/msg/detail/pose__rosidl_typesupport_introspection_c.h
[3.406s] -- Up-to-date: /home/pimpmobile/ros2_ws/install/turtlesim/include/turtlesim/msg/detail/pose__type_support.c
[3.406s] -- Up-to-date: /home/pimpmobile/ros2_ws/install/turtlesim/include/turtlesim/srv
[3.406s] -- Up-to-date: /home/pimpmobile/ros2_ws/install/turtlesim/include/turtlesim/srv/detail
[3.406s] -- Up-to-date: /home/pimpmobile/ros2_ws/install/turtlesim/include/turtlesim/srv/detail/teleport_relative__rosidl_typesupport_introspection_c.h
[3.406s] -- Up-to-date: /home/pimpmobile/ros2_ws/install/turtlesim/include/turtlesim/srv/detail/kill__rosidl_typesupport_introspection_c.h
[3.406s] -- Up-to-date: /home/pimpmobile/ros2_ws/install/turtlesim/include/turtlesim/srv/detail/set_pen__rosidl_typesupport_introspection_c.h
[3.407s] -- Up-to-date: /home/pimpmobile/ros2_ws/install/turtlesim/include/turtlesim/srv/detail/spawn__type_support.c
[3.407s] -- Up-to-date: /home/pimpmobile/ros2_ws/install/turtlesim/include/turtlesim/srv/detail/kill__type_support.c
[3.407s] -- Up-to-date: /home/pimpmobile/ros2_ws/install/turtlesim/include/turtlesim/srv/detail/teleport_relative__type_support.c
[3.407s] -- Up-to-date: /home/pimpmobile/ros2_ws/install/turtlesim/include/turtlesim/srv/detail/spawn__rosidl_typesupport_introspection_c.h
[3.407s] -- Up-to-date: /home/pimpmobile/ros2_ws/install/turtlesim/include/turtlesim/srv/detail/set_pen__type_support.c
[3.408s] -- Up-to-date: /home/pimpmobile/ros2_ws/install/turtlesim/include/turtlesim/srv/detail/teleport_absolute__rosidl_typesupport_introspection_c.h
[3.408s] -- Up-to-date: /home/pimpmobile/ros2_ws/install/turtlesim/include/turtlesim/srv/detail/teleport_absolute__type_support.c
[3.408s] -- Up-to-date: /home/pimpmobile/ros2_ws/install/turtlesim/include/turtlesim/action
[3.408s] -- Up-to-date: /home/pimpmobile/ros2_ws/install/turtlesim/include/turtlesim/action/detail
[3.408s] -- Up-to-date: /home/pimpmobile/ros2_ws/install/turtlesim/include/turtlesim/action/detail/rotate_absolute__type_support.c
[3.408s] -- Up-to-date: /home/pimpmobile/ros2_ws/install/turtlesim/include/turtlesim/action/detail/rotate_absolute__rosidl_typesupport_introspection_c.h
[3.409s] -- Up-to-date: /home/pimpmobile/ros2_ws/install/turtlesim/lib/libturtlesim__rosidl_typesupport_introspection_c.so
[3.409s] -- Up-to-date: /home/pimpmobile/ros2_ws/install/turtlesim/lib/libturtlesim__rosidl_typesupport_c.so
[3.409s] -- Up-to-date: /home/pimpmobile/ros2_ws/install/turtlesim/include/turtlesim
[3.409s] -- Up-to-date: /home/pimpmobile/ros2_ws/install/turtlesim/include/turtlesim/msg
[3.409s] -- Up-to-date: /home/pimpmobile/ros2_ws/install/turtlesim/include/turtlesim/msg/color.hpp
[3.410s] -- Up-to-date: /home/pimpmobile/ros2_ws/install/turtlesim/include/turtlesim/msg/detail
[3.410s] -- Up-to-date: /home/pimpmobile/ros2_ws/install/turtlesim/include/turtlesim/msg/detail/pose__struct.hpp
[3.410s] -- Up-to-date: /home/pimpmobile/ros2_ws/install/turtlesim/include/turtlesim/msg/detail/color__traits.hpp
[3.410s] -- Up-to-date: /home/pimpmobile/ros2_ws/install/turtlesim/include/turtlesim/msg/detail/pose__builder.hpp
[3.410s] -- Up-to-date: /home/pimpmobile/ros2_ws/install/turtlesim/include/turtlesim/msg/detail/color__type_support.hpp
[3.410s] -- Up-to-date: /home/pimpmobile/ros2_ws/install/turtlesim/include/turtlesim/msg/detail/pose__type_support.hpp
[3.410s] -- Up-to-date: /home/pimpmobile/ros2_ws/install/turtlesim/include/turtlesim/msg/detail/color__struct.hpp
[3.411s] -- Up-to-date: /home/pimpmobile/ros2_ws/install/turtlesim/include/turtlesim/msg/detail/color__builder.hpp
[3.411s] -- Up-to-date: /home/pimpmobile/ros2_ws/install/turtlesim/include/turtlesim/msg/detail/pose__traits.hpp
[3.411s] -- Up-to-date: /home/pimpmobile/ros2_ws/install/turtlesim/include/turtlesim/msg/rosidl_generator_cpp__visibility_control.hpp
[3.411s] -- Up-to-date: /home/pimpmobile/ros2_ws/install/turtlesim/include/turtlesim/msg/pose.hpp
[3.411s] -- Up-to-date: /home/pimpmobile/ros2_ws/install/turtlesim/include/turtlesim/srv
[3.411s] -- Up-to-date: /home/pimpmobile/ros2_ws/install/turtlesim/include/turtlesim/srv/set_pen.hpp
[3.412s] -- Up-to-date: /home/pimpmobile/ros2_ws/install/turtlesim/include/turtlesim/srv/kill.hpp
[3.412s] -- Up-to-date: /home/pimpmobile/ros2_ws/install/turtlesim/include/turtlesim/srv/spawn.hpp
[3.412s] -- Up-to-date: /home/pimpmobile/ros2_ws/install/turtlesim/include/turtlesim/srv/teleport_relative.hpp
[3.412s] -- Up-to-date: /home/pimpmobile/ros2_ws/install/turtlesim/include/turtlesim/srv/detail
[3.412s] -- Up-to-date: /home/pimpmobile/ros2_ws/install/turtlesim/include/turtlesim/srv/detail/spawn__struct.hpp
[3.412s] -- Up-to-date: /home/pimpmobile/ros2_ws/install/turtlesim/include/turtlesim/srv/detail/spawn__traits.hpp
[3.413s] -- Up-to-date: /home/pimpmobile/ros2_ws/install/turtlesim/include/turtlesim/srv/detail/set_pen__traits.hpp
[3.413s] -- Up-to-date: /home/pimpmobile/ros2_ws/install/turtlesim/include/turtlesim/srv/detail/teleport_absolute__builder.hpp
[3.413s] -- Up-to-date: /home/pimpmobile/ros2_ws/install/turtlesim/include/turtlesim/srv/detail/spawn__builder.hpp
[3.413s] -- Up-to-date: /home/pimpmobile/ros2_ws/install/turtlesim/include/turtlesim/srv/detail/kill__struct.hpp
[3.413s] -- Up-to-date: /home/pimpmobile/ros2_ws/install/turtlesim/include/turtlesim/srv/detail/set_pen__type_support.hpp
[3.413s] -- Up-to-date: /home/pimpmobile/ros2_ws/install/turtlesim/include/turtlesim/srv/detail/teleport_absolute__struct.hpp
[3.414s] -- Up-to-date: /home/pimpmobile/ros2_ws/install/turtlesim/include/turtlesim/srv/detail/spawn__type_support.hpp
[3.414s] -- Up-to-date: /home/pimpmobile/ros2_ws/install/turtlesim/include/turtlesim/srv/detail/kill__builder.hpp
[3.414s] -- Up-to-date: /home/pimpmobile/ros2_ws/install/turtlesim/include/turtlesim/srv/detail/teleport_relative__traits.hpp
[3.414s] -- Up-to-date: /home/pimpmobile/ros2_ws/install/turtlesim/include/turtlesim/srv/detail/set_pen__struct.hpp
[3.414s] -- Up-to-date: /home/pimpmobile/ros2_ws/install/turtlesim/include/turtlesim/srv/detail/teleport_absolute__traits.hpp
[3.414s] -- Up-to-date: /home/pimpmobile/ros2_ws/install/turtlesim/include/turtlesim/srv/detail/teleport_absolute__type_support.hpp
[3.414s] -- Up-to-date: /home/pimpmobile/ros2_ws/install/turtlesim/include/turtlesim/srv/detail/teleport_relative__struct.hpp
[3.415s] -- Up-to-date: /home/pimpmobile/ros2_ws/install/turtlesim/include/turtlesim/srv/detail/kill__type_support.hpp
[3.415s] -- Up-to-date: /home/pimpmobile/ros2_ws/install/turtlesim/include/turtlesim/srv/detail/set_pen__builder.hpp
[3.415s] -- Up-to-date: /home/pimpmobile/ros2_ws/install/turtlesim/include/turtlesim/srv/detail/kill__traits.hpp
[3.415s] -- Up-to-date: /home/pimpmobile/ros2_ws/install/turtlesim/include/turtlesim/srv/detail/teleport_relative__builder.hpp
[3.415s] -- Up-to-date: /home/pimpmobile/ros2_ws/install/turtlesim/include/turtlesim/srv/detail/teleport_relative__type_support.hpp
[3.415s] -- Up-to-date: /home/pimpmobile/ros2_ws/install/turtlesim/include/turtlesim/srv/teleport_absolute.hpp
[3.415s] -- Up-to-date: /home/pimpmobile/ros2_ws/install/turtlesim/include/turtlesim/action
[3.416s] -- Up-to-date: /home/pimpmobile/ros2_ws/install/turtlesim/include/turtlesim/action/rotate_absolute.hpp
[3.416s] -- Up-to-date: /home/pimpmobile/ros2_ws/install/turtlesim/include/turtlesim/action/detail
[3.416s] -- Up-to-date: /home/pimpmobile/ros2_ws/install/turtlesim/include/turtlesim/action/detail/rotate_absolute__traits.hpp
[3.416s] -- Up-to-date: /home/pimpmobile/ros2_ws/install/turtlesim/include/turtlesim/action/detail/rotate_absolute__builder.hpp
[3.416s] -- Up-to-date: /home/pimpmobile/ros2_ws/install/turtlesim/include/turtlesim/action/detail/rotate_absolute__type_support.hpp
[3.416s] -- Up-to-date: /home/pimpmobile/ros2_ws/install/turtlesim/include/turtlesim/action/detail/rotate_absolute__struct.hpp
[3.417s] -- Up-to-date: /home/pimpmobile/ros2_ws/install/turtlesim/include/turtlesim
[3.417s] -- Up-to-date: /home/pimpmobile/ros2_ws/install/turtlesim/include/turtlesim/msg
[3.417s] -- Up-to-date: /home/pimpmobile/ros2_ws/install/turtlesim/include/turtlesim/msg/detail
[3.417s] -- Up-to-date: /home/pimpmobile/ros2_ws/install/turtlesim/include/turtlesim/msg/detail/color__rosidl_typesupport_introspection_cpp.hpp
[3.417s] -- Up-to-date: /home/pimpmobile/ros2_ws/install/turtlesim/include/turtlesim/msg/detail/color__type_support.cpp
[3.417s] -- Up-to-date: /home/pimpmobile/ros2_ws/install/turtlesim/include/turtlesim/msg/detail/pose__rosidl_typesupport_introspection_cpp.hpp
[3.417s] -- Up-to-date: /home/pimpmobile/ros2_ws/install/turtlesim/include/turtlesim/msg/detail/pose__type_support.cpp
[3.418s] -- Up-to-date: /home/pimpmobile/ros2_ws/install/turtlesim/include/turtlesim/srv
[3.418s] -- Up-to-date: /home/pimpmobile/ros2_ws/install/turtlesim/include/turtlesim/srv/detail
[3.418s] -- Up-to-date: /home/pimpmobile/ros2_ws/install/turtlesim/include/turtlesim/srv/detail/teleport_absolute__type_support.cpp
[3.418s] -- Up-to-date: /home/pimpmobile/ros2_ws/install/turtlesim/include/turtlesim/srv/detail/kill__rosidl_typesupport_introspection_cpp.hpp
[3.418s] -- Up-to-date: /home/pimpmobile/ros2_ws/install/turtlesim/include/turtlesim/srv/detail/teleport_absolute__rosidl_typesupport_introspection_cpp.hpp
[3.418s] -- Up-to-date: /home/pimpmobile/ros2_ws/install/turtlesim/include/turtlesim/srv/detail/spawn__rosidl_typesupport_introspection_cpp.hpp
[3.418s] -- Up-to-date: /home/pimpmobile/ros2_ws/install/turtlesim/include/turtlesim/srv/detail/set_pen__rosidl_typesupport_introspection_cpp.hpp
[3.419s] -- Up-to-date: /home/pimpmobile/ros2_ws/install/turtlesim/include/turtlesim/srv/detail/teleport_relative__type_support.cpp
[3.419s] -- Up-to-date: /home/pimpmobile/ros2_ws/install/turtlesim/include/turtlesim/srv/detail/set_pen__type_support.cpp
[3.419s] -- Up-to-date: /home/pimpmobile/ros2_ws/install/turtlesim/include/turtlesim/srv/detail/kill__type_support.cpp
[3.419s] -- Up-to-date: /home/pimpmobile/ros2_ws/install/turtlesim/include/turtlesim/srv/detail/spawn__type_support.cpp
[3.419s] -- Up-to-date: /home/pimpmobile/ros2_ws/install/turtlesim/include/turtlesim/srv/detail/teleport_relative__rosidl_typesupport_introspection_cpp.hpp
[3.419s] -- Up-to-date: /home/pimpmobile/ros2_ws/install/turtlesim/include/turtlesim/action
[3.419s] -- Up-to-date: /home/pimpmobile/ros2_ws/install/turtlesim/include/turtlesim/action/detail
[3.420s] -- Up-to-date: /home/pimpmobile/ros2_ws/install/turtlesim/include/turtlesim/action/detail/rotate_absolute__type_support.cpp
[3.420s] -- Up-to-date: /home/pimpmobile/ros2_ws/install/turtlesim/include/turtlesim/action/detail/rotate_absolute__rosidl_typesupport_introspection_cpp.hpp
[3.420s] -- Up-to-date: /home/pimpmobile/ros2_ws/install/turtlesim/lib/libturtlesim__rosidl_typesupport_introspection_cpp.so
[3.420s] -- Up-to-date: /home/pimpmobile/ros2_ws/install/turtlesim/lib/libturtlesim__rosidl_typesupport_cpp.so
[3.420s] -- Up-to-date: /home/pimpmobile/ros2_ws/install/turtlesim/share/turtlesim/environment/pythonpath.sh
[3.420s] -- Up-to-date: /home/pimpmobile/ros2_ws/install/turtlesim/share/turtlesim/environment/pythonpath.dsv
[3.420s] -- Up-to-date: /home/pimpmobile/ros2_ws/install/turtlesim/lib/python3.8/site-packages/turtlesim/__init__.py
[3.480s] -- Up-to-date: /home/pimpmobile/ros2_ws/install/turtlesim/lib/python3.8/site-packages/turtlesim/action
[3.480s] -- Up-to-date: /home/pimpmobile/ros2_ws/install/turtlesim/lib/python3.8/site-packages/turtlesim/action/_rotate_absolute_s.c
[3.481s] -- Up-to-date: /home/pimpmobile/ros2_ws/install/turtlesim/lib/python3.8/site-packages/turtlesim/action/__init__.py
[3.481s] -- Up-to-date: /home/pimpmobile/ros2_ws/install/turtlesim/lib/python3.8/site-packages/turtlesim/action/_rotate_absolute.py
[3.481s] -- Up-to-date: /home/pimpmobile/ros2_ws/install/turtlesim/lib/python3.8/site-packages/turtlesim/msg
[3.481s] -- Up-to-date: /home/pimpmobile/ros2_ws/install/turtlesim/lib/python3.8/site-packages/turtlesim/msg/_pose.py
[3.481s] -- Up-to-date: /home/pimpmobile/ros2_ws/install/turtlesim/lib/python3.8/site-packages/turtlesim/msg/__init__.py
[3.482s] -- Up-to-date: /home/pimpmobile/ros2_ws/install/turtlesim/lib/python3.8/site-packages/turtlesim/msg/_color.py
[3.482s] -- Up-to-date: /home/pimpmobile/ros2_ws/install/turtlesim/lib/python3.8/site-packages/turtlesim/msg/_pose_s.c
[3.482s] -- Up-to-date: /home/pimpmobile/ros2_ws/install/turtlesim/lib/python3.8/site-packages/turtlesim/msg/_color_s.c
[3.482s] -- Up-to-date: /home/pimpmobile/ros2_ws/install/turtlesim/lib/python3.8/site-packages/turtlesim/srv
[3.482s] -- Up-to-date: /home/pimpmobile/ros2_ws/install/turtlesim/lib/python3.8/site-packages/turtlesim/srv/_set_pen_s.c
[3.482s] -- Up-to-date: /home/pimpmobile/ros2_ws/install/turtlesim/lib/python3.8/site-packages/turtlesim/srv/_teleport_absolute_s.c
[3.483s] -- Up-to-date: /home/pimpmobile/ros2_ws/install/turtlesim/lib/python3.8/site-packages/turtlesim/srv/_teleport_relative.py
[3.483s] -- Up-to-date: /home/pimpmobile/ros2_ws/install/turtlesim/lib/python3.8/site-packages/turtlesim/srv/_set_pen.py
[3.483s] -- Up-to-date: /home/pimpmobile/ros2_ws/install/turtlesim/lib/python3.8/site-packages/turtlesim/srv/__init__.py
[3.484s] -- Up-to-date: /home/pimpmobile/ros2_ws/install/turtlesim/lib/python3.8/site-packages/turtlesim/srv/_kill.py
[3.484s] -- Up-to-date: /home/pimpmobile/ros2_ws/install/turtlesim/lib/python3.8/site-packages/turtlesim/srv/_spawn.py
[3.484s] -- Up-to-date: /home/pimpmobile/ros2_ws/install/turtlesim/lib/python3.8/site-packages/turtlesim/srv/_kill_s.c
[3.484s] -- Up-to-date: /home/pimpmobile/ros2_ws/install/turtlesim/lib/python3.8/site-packages/turtlesim/srv/_spawn_s.c
[3.485s] -- Up-to-date: /home/pimpmobile/ros2_ws/install/turtlesim/lib/python3.8/site-packages/turtlesim/srv/_teleport_absolute.py
[3.485s] -- Up-to-date: /home/pimpmobile/ros2_ws/install/turtlesim/lib/python3.8/site-packages/turtlesim/srv/_teleport_relative_s.c
[3.485s] -- Up-to-date: /home/pimpmobile/ros2_ws/install/turtlesim/lib/python3.8/site-packages/turtlesim/turtlesim_s__rosidl_typesupport_fastrtps_c.cpython-38-aarch64-linux-gnu.so
[3.486s] -- Up-to-date: /home/pimpmobile/ros2_ws/install/turtlesim/lib/python3.8/site-packages/turtlesim/turtlesim_s__rosidl_typesupport_introspection_c.cpython-38-aarch64-linux-gnu.so
[3.486s] -- Up-to-date: /home/pimpmobile/ros2_ws/install/turtlesim/lib/python3.8/site-packages/turtlesim/turtlesim_s__rosidl_typesupport_c.cpython-38-aarch64-linux-gnu.so
[3.487s] -- Up-to-date: /home/pimpmobile/ros2_ws/install/turtlesim/lib/libturtlesim__python.so
[3.487s] -- Up-to-date: /home/pimpmobile/ros2_ws/install/turtlesim/share/turtlesim/action/RotateAbsolute.idl
[3.487s] -- Up-to-date: /home/pimpmobile/ros2_ws/install/turtlesim/share/turtlesim/msg/Color.idl
[3.488s] -- Up-to-date: /home/pimpmobile/ros2_ws/install/turtlesim/share/turtlesim/msg/Pose.idl
[3.488s] -- Up-to-date: /home/pimpmobile/ros2_ws/install/turtlesim/share/turtlesim/srv/Kill.idl
[3.488s] -- Up-to-date: /home/pimpmobile/ros2_ws/install/turtlesim/share/turtlesim/srv/SetPen.idl
[3.489s] -- Up-to-date: /home/pimpmobile/ros2_ws/install/turtlesim/share/turtlesim/srv/Spawn.idl
[3.489s] -- Up-to-date: /home/pimpmobile/ros2_ws/install/turtlesim/share/turtlesim/srv/TeleportAbsolute.idl
[3.489s] -- Up-to-date: /home/pimpmobile/ros2_ws/install/turtlesim/share/turtlesim/srv/TeleportRelative.idl
[3.489s] -- Up-to-date: /home/pimpmobile/ros2_ws/install/turtlesim/share/turtlesim/action/RotateAbsolute.action
[3.490s] -- Up-to-date: /home/pimpmobile/ros2_ws/install/turtlesim/share/turtlesim/msg/Color.msg
[3.490s] -- Up-to-date: /home/pimpmobile/ros2_ws/install/turtlesim/share/turtlesim/msg/Pose.msg
[3.490s] -- Up-to-date: /home/pimpmobile/ros2_ws/install/turtlesim/share/turtlesim/srv/Kill.srv
[3.491s] -- Up-to-date: /home/pimpmobile/ros2_ws/install/turtlesim/share/turtlesim/srv/Kill_Request.msg
[3.491s] -- Up-to-date: /home/pimpmobile/ros2_ws/install/turtlesim/share/turtlesim/srv/Kill_Response.msg
[3.491s] -- Up-to-date: /home/pimpmobile/ros2_ws/install/turtlesim/share/turtlesim/srv/SetPen.srv
[3.492s] -- Up-to-date: /home/pimpmobile/ros2_ws/install/turtlesim/share/turtlesim/srv/SetPen_Request.msg
[3.492s] -- Up-to-date: /home/pimpmobile/ros2_ws/install/turtlesim/share/turtlesim/srv/SetPen_Response.msg
[3.492s] -- Up-to-date: /home/pimpmobile/ros2_ws/install/turtlesim/share/turtlesim/srv/Spawn.srv
[3.493s] -- Up-to-date: /home/pimpmobile/ros2_ws/install/turtlesim/share/turtlesim/srv/Spawn_Request.msg
[3.493s] -- Up-to-date: /home/pimpmobile/ros2_ws/install/turtlesim/share/turtlesim/srv/Spawn_Response.msg
[3.493s] -- Up-to-date: /home/pimpmobile/ros2_ws/install/turtlesim/share/turtlesim/srv/TeleportAbsolute.srv
[3.494s] -- Up-to-date: /home/pimpmobile/ros2_ws/install/turtlesim/share/turtlesim/srv/TeleportAbsolute_Request.msg
[3.494s] -- Up-to-date: /home/pimpmobile/ros2_ws/install/turtlesim/share/turtlesim/srv/TeleportAbsolute_Response.msg
[3.494s] -- Up-to-date: /home/pimpmobile/ros2_ws/install/turtlesim/share/turtlesim/srv/TeleportRelative.srv
[3.495s] -- Up-to-date: /home/pimpmobile/ros2_ws/install/turtlesim/share/turtlesim/srv/TeleportRelative_Request.msg
[3.495s] -- Up-to-date: /home/pimpmobile/ros2_ws/install/turtlesim/share/turtlesim/srv/TeleportRelative_Response.msg
[3.495s] -- Up-to-date: /home/pimpmobile/ros2_ws/install/turtlesim/lib/turtlesim/turtlesim_node
[3.496s] -- Up-to-date: /home/pimpmobile/ros2_ws/install/turtlesim/lib/turtlesim/turtle_teleop_key
[3.496s] -- Up-to-date: /home/pimpmobile/ros2_ws/install/turtlesim/lib/turtlesim/draw_square
[3.496s] -- Up-to-date: /home/pimpmobile/ros2_ws/install/turtlesim/lib/turtlesim/mimic
[3.497s] -- Up-to-date: /home/pimpmobile/ros2_ws/install/turtlesim/share/turtlesim/images
[3.497s] -- Up-to-date: /home/pimpmobile/ros2_ws/install/turtlesim/share/turtlesim/images/eloquent.png
[3.497s] -- Up-to-date: /home/pimpmobile/ros2_ws/install/turtlesim/share/turtlesim/images/ardent.png
[3.497s] -- Up-to-date: /home/pimpmobile/ros2_ws/install/turtlesim/share/turtlesim/images/dashing.png
[3.498s] -- Up-to-date: /home/pimpmobile/ros2_ws/install/turtlesim/share/turtlesim/images/crystal.png
[3.498s] -- Up-to-date: /home/pimpmobile/ros2_ws/install/turtlesim/share/turtlesim/images/foxy.png
[3.498s] -- Up-to-date: /home/pimpmobile/ros2_ws/install/turtlesim/share/turtlesim/images/bouncy.png
[3.498s] -- Up-to-date: /home/pimpmobile/ros2_ws/install/turtlesim/share/turtlesim/launch
[3.498s] -- Up-to-date: /home/pimpmobile/ros2_ws/install/turtlesim/share/turtlesim/launch/multisim.launch.py
[3.499s] -- Up-to-date: /home/pimpmobile/ros2_ws/install/turtlesim/share/ament_index/resource_index/package_run_dependencies/turtlesim
[3.499s] -- Up-to-date: /home/pimpmobile/ros2_ws/install/turtlesim/share/ament_index/resource_index/parent_prefix_path/turtlesim
[3.499s] -- Up-to-date: /home/pimpmobile/ros2_ws/install/turtlesim/share/turtlesim/environment/ament_prefix_path.sh
[3.499s] -- Up-to-date: /home/pimpmobile/ros2_ws/install/turtlesim/share/turtlesim/environment/ament_prefix_path.dsv
[3.500s] -- Up-to-date: /home/pimpmobile/ros2_ws/install/turtlesim/share/turtlesim/environment/path.sh
[3.500s] -- Up-to-date: /home/pimpmobile/ros2_ws/install/turtlesim/share/turtlesim/environment/path.dsv
[3.500s] -- Up-to-date: /home/pimpmobile/ros2_ws/install/turtlesim/share/turtlesim/local_setup.bash
[3.501s] -- Up-to-date: /home/pimpmobile/ros2_ws/install/turtlesim/share/turtlesim/local_setup.sh
[3.502s] -- Up-to-date: /home/pimpmobile/ros2_ws/install/turtlesim/share/turtlesim/local_setup.zsh
[3.503s] -- Up-to-date: /home/pimpmobile/ros2_ws/install/turtlesim/share/turtlesim/local_setup.dsv
[3.504s] -- Installing: /home/pimpmobile/ros2_ws/install/turtlesim/share/turtlesim/package.dsv
[3.504s] -- Up-to-date: /home/pimpmobile/ros2_ws/install/turtlesim/share/ament_index/resource_index/packages/turtlesim
[3.504s] -- Up-to-date: /home/pimpmobile/ros2_ws/install/turtlesim/share/turtlesim/cmake/turtlesim__rosidl_generator_cExport.cmake
[3.504s] -- Up-to-date: /home/pimpmobile/ros2_ws/install/turtlesim/share/turtlesim/cmake/turtlesim__rosidl_generator_cExport-noconfig.cmake
[3.504s] -- Up-to-date: /home/pimpmobile/ros2_ws/install/turtlesim/share/turtlesim/cmake/turtlesim__rosidl_typesupport_introspection_cExport.cmake
[3.505s] -- Up-to-date: /home/pimpmobile/ros2_ws/install/turtlesim/share/turtlesim/cmake/turtlesim__rosidl_typesupport_introspection_cExport-noconfig.cmake
[3.505s] -- Up-to-date: /home/pimpmobile/ros2_ws/install/turtlesim/share/turtlesim/cmake/turtlesim__rosidl_typesupport_cExport.cmake
[3.505s] -- Up-to-date: /home/pimpmobile/ros2_ws/install/turtlesim/share/turtlesim/cmake/turtlesim__rosidl_typesupport_cExport-noconfig.cmake
[3.505s] -- Up-to-date: /home/pimpmobile/ros2_ws/install/turtlesim/share/turtlesim/cmake/turtlesim__rosidl_generator_cppExport.cmake
[3.506s] -- Up-to-date: /home/pimpmobile/ros2_ws/install/turtlesim/share/turtlesim/cmake/turtlesim__rosidl_typesupport_introspection_cppExport.cmake
[3.506s] -- Up-to-date: /home/pimpmobile/ros2_ws/install/turtlesim/share/turtlesim/cmake/turtlesim__rosidl_typesupport_introspection_cppExport-noconfig.cmake
[3.506s] -- Up-to-date: /home/pimpmobile/ros2_ws/install/turtlesim/share/turtlesim/cmake/turtlesim__rosidl_typesupport_cppExport.cmake
[3.507s] -- Up-to-date: /home/pimpmobile/ros2_ws/install/turtlesim/share/turtlesim/cmake/turtlesim__rosidl_typesupport_cppExport-noconfig.cmake
[3.507s] -- Up-to-date: /home/pimpmobile/ros2_ws/install/turtlesim/share/turtlesim/cmake/rosidl_cmake-extras.cmake
[3.507s] -- Up-to-date: /home/pimpmobile/ros2_ws/install/turtlesim/share/turtlesim/cmake/ament_cmake_export_dependencies-extras.cmake
[3.507s] -- Up-to-date: /home/pimpmobile/ros2_ws/install/turtlesim/share/turtlesim/cmake/ament_cmake_export_libraries-extras.cmake
[3.508s] -- Up-to-date: /home/pimpmobile/ros2_ws/install/turtlesim/share/turtlesim/cmake/ament_cmake_export_targets-extras.cmake
[3.508s] -- Up-to-date: /home/pimpmobile/ros2_ws/install/turtlesim/share/turtlesim/cmake/ament_cmake_export_include_directories-extras.cmake
[3.508s] -- Up-to-date: /home/pimpmobile/ros2_ws/install/turtlesim/share/turtlesim/cmake/rosidl_cmake_export_typesupport_libraries-extras.cmake
[3.509s] -- Up-to-date: /home/pimpmobile/ros2_ws/install/turtlesim/share/turtlesim/cmake/rosidl_cmake_export_typesupport_targets-extras.cmake
[3.509s] -- Up-to-date: /home/pimpmobile/ros2_ws/install/turtlesim/share/turtlesim/cmake/turtlesimConfig.cmake
[3.509s] -- Up-to-date: /home/pimpmobile/ros2_ws/install/turtlesim/share/turtlesim/cmake/turtlesimConfig-version.cmake
[3.509s] -- Up-to-date: /home/pimpmobile/ros2_ws/install/turtlesim/share/turtlesim/package.xml
[3.510s] Invoked command in '/home/pimpmobile/ros2_ws/build/turtlesim' returned '0': CMAKE_PREFIX_PATH=${CMAKE_PREFIX_PATH}:/home/pimpmobile/ros2_ws/install/teleop_pm:/home/pimpmobile/ros2_ws/install/lidar:/home/pimpmobile/ros2_ws/install/gps_publisher:/opt/ros/foxy /usr/bin/cmake --install /home/pimpmobile/ros2_ws/build/turtlesim
