[14.149s] Invoking command in '/home/pimpmobile/ros2_ws/src/gps_publisher': PYTHONPATH=/home/pimpmobile/ros2_ws/build/gps_publisher/prefix_override:/home/pimpmobile/ros2_ws/install/gps_publisher/lib/python3.8/site-packages:${PYTHONPATH} /usr/bin/python3 setup.py egg_info --egg-base ../../build/gps_publisher build --build-base /home/pimpmobile/ros2_ws/build/gps_publisher/build install --record /home/pimpmobile/ros2_ws/build/gps_publisher/install.log --install-scripts $base/lib/gps_publisher --single-version-externally-managed
[14.441s] /home/pimpmobile/.local/lib/python3.8/site-packages/setuptools/dist.py:472: SetuptoolsDeprecationWarning: Invalid dash-separated options
[14.441s] !!
[14.442s] 
[14.442s]         ********************************************************************************
[14.442s]         Usage of dash-separated 'script-dir' will not be supported in future
[14.442s]         versions. Please use the underscore name 'script_dir' instead.
[14.442s] 
[14.442s]         By 2024-Sep-26, you need to update your project and remove deprecated calls
[14.442s]         or your builds will no longer be supported.
[14.442s] 
[14.442s]         See https://setuptools.pypa.io/en/latest/userguide/declarative_config.html for details.
[14.443s]         ********************************************************************************
[14.443s] 
[14.443s] !!
[14.443s]   opt = self.warn_dash_deprecation(opt, section)
[14.667s] running egg_info
[14.702s] writing ../../build/gps_publisher/gps_publisher.egg-info/PKG-INFO
[14.705s] writing dependency_links to ../../build/gps_publisher/gps_publisher.egg-info/dependency_links.txt
[14.706s] writing entry points to ../../build/gps_publisher/gps_publisher.egg-info/entry_points.txt
[14.706s] writing requirements to ../../build/gps_publisher/gps_publisher.egg-info/requires.txt
[14.707s] writing top-level names to ../../build/gps_publisher/gps_publisher.egg-info/top_level.txt
[14.995s] reading manifest file '../../build/gps_publisher/gps_publisher.egg-info/SOURCES.txt'
[14.997s] writing manifest file '../../build/gps_publisher/gps_publisher.egg-info/SOURCES.txt'
[14.997s] running build
[14.998s] running build_py
[14.998s] copying gps_publisher/__init__.py -> /home/pimpmobile/ros2_ws/build/gps_publisher/build/lib/gps_publisher
[14.998s] copying gps_publisher/gps.py -> /home/pimpmobile/ros2_ws/build/gps_publisher/build/lib/gps_publisher
[14.998s] running install
[14.998s] /home/pimpmobile/.local/lib/python3.8/site-packages/setuptools/_distutils/cmd.py:66: SetuptoolsDeprecationWarning: setup.py install is deprecated.
[14.999s] !!
[14.999s] 
[14.999s]         ********************************************************************************
[14.999s]         Please avoid running ``setup.py`` directly.
[14.999s]         Instead, use pypa/build, pypa/installer or other
[14.999s]         standards-based tools.
[14.999s] 
[14.999s]         See https://blog.ganssle.io/articles/2021/10/setup-py-deprecated.html for details.
[15.000s]         ********************************************************************************
[15.000s] 
[15.000s] !!
[15.000s]   self.initialize_options()
[15.011s] running install_lib
[15.051s] running install_data
[15.085s] copying resource/gps_publisher -> /home/pimpmobile/ros2_ws/install/gps_publisher/share/ament_index/resource_index/packages
[15.085s] copying package.xml -> /home/pimpmobile/ros2_ws/install/gps_publisher/share/gps_publisher
[15.085s] running install_egg_info
[15.123s] removing '/home/pimpmobile/ros2_ws/install/gps_publisher/lib/python3.8/site-packages/gps_publisher-0.0.0-py3.8.egg-info' (and everything under it)
[15.125s] Copying ../../build/gps_publisher/gps_publisher.egg-info to /home/pimpmobile/ros2_ws/install/gps_publisher/lib/python3.8/site-packages/gps_publisher-0.0.0-py3.8.egg-info
[15.126s] running install_scripts
[15.239s] Installing gps script to /home/pimpmobile/ros2_ws/install/gps_publisher/lib/gps_publisher
[15.239s] writing list of installed files to '/home/pimpmobile/ros2_ws/build/gps_publisher/install.log'
[16.646s] Invoked command in '/home/pimpmobile/ros2_ws/src/gps_publisher' returned '0': PYTHONPATH=/home/pimpmobile/ros2_ws/build/gps_publisher/prefix_override:/home/pimpmobile/ros2_ws/install/gps_publisher/lib/python3.8/site-packages:${PYTHONPATH} /usr/bin/python3 setup.py egg_info --egg-base ../../build/gps_publisher build --build-base /home/pimpmobile/ros2_ws/build/gps_publisher/build install --record /home/pimpmobile/ros2_ws/build/gps_publisher/install.log --install-scripts $base/lib/gps_publisher --single-version-externally-managed
