[1.388s] Invoking command in '/home/pimpmobile/ros2_ws/src/gps_publisher': PYTHONPATH=/home/pimpmobile/ros2_ws/build/gps_publisher/prefix_override:/usr/lib/python3/dist-packages/colcon_core/task/python/colcon_distutils_commands:/home/pimpmobile/ros2_ws/install/gps_publisher/lib/python3.10/site-packages:${PYTHONPATH} /usr/bin/python3 -W ignore:setup.py install is deprecated setup.py egg_info --egg-base ../../build/gps_publisher build --build-base /home/pimpmobile/ros2_ws/build/gps_publisher/build install --record /home/pimpmobile/ros2_ws/build/gps_publisher/install.log --install-scripts $base/lib/gps_publisher --single-version-externally-managed install_data
[1.861s] /usr/lib/python3/dist-packages/setuptools/dist.py:723: UserWarning: Usage of dash-separated 'script-dir' will not be supported in future versions. Please use the underscore name 'script_dir' instead
[1.862s]   warnings.warn(
[1.879s] running egg_info
[1.880s] writing ../../build/gps_publisher/gps_publisher.egg-info/PKG-INFO
[1.881s] writing dependency_links to ../../build/gps_publisher/gps_publisher.egg-info/dependency_links.txt
[1.881s] writing entry points to ../../build/gps_publisher/gps_publisher.egg-info/entry_points.txt
[1.881s] writing requirements to ../../build/gps_publisher/gps_publisher.egg-info/requires.txt
[1.882s] writing top-level names to ../../build/gps_publisher/gps_publisher.egg-info/top_level.txt
[1.885s] reading manifest file '../../build/gps_publisher/gps_publisher.egg-info/SOURCES.txt'
[1.887s] writing manifest file '../../build/gps_publisher/gps_publisher.egg-info/SOURCES.txt'
[1.888s] running build
[1.888s] running build_py
[1.888s] copying gps_publisher/gps.py -> /home/pimpmobile/ros2_ws/build/gps_publisher/build/lib/gps_publisher
[1.888s] running install
[1.889s] running install_lib
[1.891s] copying /home/pimpmobile/ros2_ws/build/gps_publisher/build/lib/gps_publisher/gps.py -> /home/pimpmobile/ros2_ws/install/gps_publisher/lib/python3.10/site-packages/gps_publisher
[1.892s] byte-compiling /home/pimpmobile/ros2_ws/install/gps_publisher/lib/python3.10/site-packages/gps_publisher/gps.py to gps.cpython-310.pyc
[1.894s] running install_data
[1.895s] running install_egg_info
[1.898s] removing '/home/pimpmobile/ros2_ws/install/gps_publisher/lib/python3.10/site-packages/gps_publisher-0.0.0-py3.10.egg-info' (and everything under it)
[1.899s] Copying ../../build/gps_publisher/gps_publisher.egg-info to /home/pimpmobile/ros2_ws/install/gps_publisher/lib/python3.10/site-packages/gps_publisher-0.0.0-py3.10.egg-info
[1.901s] running install_scripts
[1.946s] Installing gps script to /home/pimpmobile/ros2_ws/install/gps_publisher/lib/gps_publisher
[1.947s] Installing gps_log script to /home/pimpmobile/ros2_ws/install/gps_publisher/lib/gps_publisher
[1.948s] writing list of installed files to '/home/pimpmobile/ros2_ws/build/gps_publisher/install.log'
[2.013s] Invoked command in '/home/pimpmobile/ros2_ws/src/gps_publisher' returned '0': PYTHONPATH=/home/pimpmobile/ros2_ws/build/gps_publisher/prefix_override:/usr/lib/python3/dist-packages/colcon_core/task/python/colcon_distutils_commands:/home/pimpmobile/ros2_ws/install/gps_publisher/lib/python3.10/site-packages:${PYTHONPATH} /usr/bin/python3 -W ignore:setup.py install is deprecated setup.py egg_info --egg-base ../../build/gps_publisher build --build-base /home/pimpmobile/ros2_ws/build/gps_publisher/build install --record /home/pimpmobile/ros2_ws/build/gps_publisher/install.log --install-scripts $base/lib/gps_publisher --single-version-externally-managed install_data
