[16.140s] Invoking command in '/home/pimpmobile/ros2_ws/src/master': PYTHONPATH=/home/pimpmobile/ros2_ws/build/master/prefix_override:/home/pimpmobile/ros2_ws/install/master/lib/python3.8/site-packages:${PYTHONPATH} /usr/bin/python3 setup.py egg_info --egg-base ../../build/master build --build-base /home/pimpmobile/ros2_ws/build/master/build install --record /home/pimpmobile/ros2_ws/build/master/install.log --install-scripts $base/lib/master --single-version-externally-managed
[16.446s] /home/pimpmobile/.local/lib/python3.8/site-packages/setuptools/dist.py:472: SetuptoolsDeprecationWarning: Invalid dash-separated options
[16.446s] !!
[16.446s] 
[16.446s]         ********************************************************************************
[16.446s]         Usage of dash-separated 'script-dir' will not be supported in future
[16.447s]         versions. Please use the underscore name 'script_dir' instead.
[16.447s] 
[16.447s]         By 2024-Sep-26, you need to update your project and remove deprecated calls
[16.447s]         or your builds will no longer be supported.
[16.447s] 
[16.447s]         See https://setuptools.pypa.io/en/latest/userguide/declarative_config.html for details.
[16.447s]         ********************************************************************************
[16.447s] 
[16.448s] !!
[16.448s]   opt = self.warn_dash_deprecation(opt, section)
[16.691s] running egg_info
[16.728s] writing ../../build/master/master.egg-info/PKG-INFO
[16.729s] writing dependency_links to ../../build/master/master.egg-info/dependency_links.txt
[16.730s] writing entry points to ../../build/master/master.egg-info/entry_points.txt
[16.730s] writing requirements to ../../build/master/master.egg-info/requires.txt
[16.734s] writing top-level names to ../../build/master/master.egg-info/top_level.txt
[17.045s] reading manifest file '../../build/master/master.egg-info/SOURCES.txt'
[17.047s] writing manifest file '../../build/master/master.egg-info/SOURCES.txt'
[17.047s] running build
[17.048s] running build_py
[17.048s] copying master/__init__.py -> /home/pimpmobile/ros2_ws/build/master/build/lib/master
[17.049s] copying master/master_code.py -> /home/pimpmobile/ros2_ws/build/master/build/lib/master
[17.049s] copying master/odometry.py -> /home/pimpmobile/ros2_ws/build/master/build/lib/master
[17.050s] running install
[17.050s] /home/pimpmobile/.local/lib/python3.8/site-packages/setuptools/_distutils/cmd.py:66: SetuptoolsDeprecationWarning: setup.py install is deprecated.
[17.051s] !!
[17.051s] 
[17.051s]         ********************************************************************************
[17.051s]         Please avoid running ``setup.py`` directly.
[17.051s]         Instead, use pypa/build, pypa/installer or other
[17.051s]         standards-based tools.
[17.052s] 
[17.052s]         See https://blog.ganssle.io/articles/2021/10/setup-py-deprecated.html for details.
[17.052s]         ********************************************************************************
[17.052s] 
[17.052s] !!
[17.052s]   self.initialize_options()
[17.063s] running install_lib
[17.103s] copying /home/pimpmobile/ros2_ws/build/master/build/lib/master/master_code.py -> /home/pimpmobile/ros2_ws/install/master/lib/python3.8/site-packages/master
[17.103s] copying /home/pimpmobile/ros2_ws/build/master/build/lib/master/odometry.py -> /home/pimpmobile/ros2_ws/install/master/lib/python3.8/site-packages/master
[17.104s] byte-compiling /home/pimpmobile/ros2_ws/install/master/lib/python3.8/site-packages/master/master_code.py to master_code.cpython-38.pyc
[17.106s] byte-compiling /home/pimpmobile/ros2_ws/install/master/lib/python3.8/site-packages/master/odometry.py to odometry.cpython-38.pyc
[17.108s] running install_data
[17.146s] copying resource/master -> /home/pimpmobile/ros2_ws/install/master/share/ament_index/resource_index/packages
[17.146s] copying package.xml -> /home/pimpmobile/ros2_ws/install/master/share/master
[17.147s] running install_egg_info
[17.187s] removing '/home/pimpmobile/ros2_ws/install/master/lib/python3.8/site-packages/master-0.0.0-py3.8.egg-info' (and everything under it)
[17.189s] Copying ../../build/master/master.egg-info to /home/pimpmobile/ros2_ws/install/master/lib/python3.8/site-packages/master-0.0.0-py3.8.egg-info
[17.191s] running install_scripts
[17.309s] Installing master script to /home/pimpmobile/ros2_ws/install/master/lib/master
[17.311s] writing list of installed files to '/home/pimpmobile/ros2_ws/build/master/install.log'
[19.448s] Invoked command in '/home/pimpmobile/ros2_ws/src/master' returned '0': PYTHONPATH=/home/pimpmobile/ros2_ws/build/master/prefix_override:/home/pimpmobile/ros2_ws/install/master/lib/python3.8/site-packages:${PYTHONPATH} /usr/bin/python3 setup.py egg_info --egg-base ../../build/master build --build-base /home/pimpmobile/ros2_ws/build/master/build install --record /home/pimpmobile/ros2_ws/build/master/install.log --install-scripts $base/lib/master --single-version-externally-managed
